C:\Users\gary\.conda\envs\AirSim-Drone-VAE-PY3\python.exe C:/code_repo/AirSim-Drone-Racing-VAE-Imitation/cmvae/train_cmvae.py
Starting dataset
Going to read file list
Done. Starting sorting.
Done. Before images_np init
Done. Going to read images.
image idx = 0
Going to read csv file.
Average gate values: [ 4.57474203  0.00769665  1.65970415 -1.55699019]
Median  gate values: [ 4.30977264  0.02828825  1.67909716 -1.52680423]
STD of  gate values: [2.86316518 0.38624688 0.39770329 0.88579095]
Max of  gate values: [ 9.99167228e+00  6.67494586e-01  2.34999213e+00 -6.04632541e-04]
Min of  gate values: [ 0.10483376 -0.66752213  0.81904673 -3.13815565]
2020-10-30 13:17:24.136241: I tensorflow/stream_executor/platform/default/dso_loader.cc:42] Successfully opened dynamic library nvcuda.dll
2020-10-30 13:17:24.167775: I tensorflow/core/common_runtime/gpu/gpu_device.cc:1640] Found device 0 with properties: 
name: GeForce GTX 1050 Ti with Max-Q Design major: 6 minor: 1 memoryClockRate(GHz): 1.2905
pciBusID: 0000:01:00.0
2020-10-30 13:17:24.168174: I tensorflow/stream_executor/platform/default/dlopen_checker_stub.cc:25] GPU libraries are statically linked, skip dlopen check.
2020-10-30 13:17:24.169080: I tensorflow/core/common_runtime/gpu/gpu_device.cc:1763] Adding visible gpu devices: 0
2020-10-30 13:17:24.169596: I tensorflow/core/platform/cpu_feature_guard.cc:142] Your CPU supports instructions that this TensorFlow binary was not compiled to use: AVX2
2020-10-30 13:17:24.173373: I tensorflow/core/common_runtime/gpu/gpu_device.cc:1640] Found device 0 with properties: 
name: GeForce GTX 1050 Ti with Max-Q Design major: 6 minor: 1 memoryClockRate(GHz): 1.2905
pciBusID: 0000:01:00.0
2020-10-30 13:17:24.174156: I tensorflow/stream_executor/platform/default/dlopen_checker_stub.cc:25] GPU libraries are statically linked, skip dlopen check.
2020-10-30 13:17:24.175202: I tensorflow/core/common_runtime/gpu/gpu_device.cc:1763] Adding visible gpu devices: 0
2020-10-30 13:17:24.804873: I tensorflow/core/common_runtime/gpu/gpu_device.cc:1181] Device interconnect StreamExecutor with strength 1 edge matrix:
2020-10-30 13:17:24.805126: I tensorflow/core/common_runtime/gpu/gpu_device.cc:1187]      0 
2020-10-30 13:17:24.805275: I tensorflow/core/common_runtime/gpu/gpu_device.cc:1200] 0:   N 
2020-10-30 13:17:24.806170: W tensorflow/core/common_runtime/gpu/gpu_bfc_allocator.cc:39] Overriding allow_growth setting because the TF_FORCE_GPU_ALLOW_GROWTH environment variable is set. Original config value was 0.
2020-10-30 13:17:24.806548: I tensorflow/core/common_runtime/gpu/gpu_device.cc:1326] Created TensorFlow device (/job:localhost/replica:0/task:0/device:GPU:0 with 3000 MB memory) -> physical GPU (device: 0, name: GeForce GTX 1050 Ti with Max-Q Design, pci bus id: 0000:01:00.0, compute capability: 6.1)
Done with dataset
[Dronet] Starting dronet
[Dronet] Done with dronet
[ImgDecoder] Starting create_model
[ImgDecoder] Done with create_model
[NonLinearTransformer] Starting create_model
[NonLinearTransformer] Done with create_model
[NonLinearTransformer] Starting create_model
[NonLinearTransformer] Done with create_model
[NonLinearTransformer] Starting create_model
[NonLinearTransformer] Done with create_model
[NonLinearTransformer] Starting create_model
[NonLinearTransformer] Done with create_model
Start training ...
==============img.shape: (32, 64, 64, 3)
WARNING:tensorflow:From C:\Users\gary\.conda\envs\AirSim-Drone-VAE-PY3\lib\site-packages\tensorflow\python\ops\math_grad.py:1205: add_dispatch_support.<locals>.wrapper (from tensorflow.python.ops.array_ops) is deprecated and will be removed in a future version.
Instructions for updating:
Use tf.where in 2.0, which has the same broadcast rule as np.where
Model: "cmvae_direct"
_________________________________________________________________
Layer (type)                 Output Shape              Param #   
=================================================================
dronet (Dronet)              multiple                  7058004   
_________________________________________________________________
img_decoder (ImgDecoder)     multiple                  2526707   
_________________________________________________________________
non_linear_transformer (NonL multiple                  2241      
_________________________________________________________________
non_linear_transformer_1 (No multiple                  2241      
_________________________________________________________________
non_linear_transformer_2 (No multiple                  2241      
_________________________________________________________________
non_linear_transformer_3 (No multiple                  2241      
_________________________________________________________________
lambda (Lambda)              multiple                  0         
_________________________________________________________________
lambda_1 (Lambda)            multiple                  0         
_________________________________________________________________
lambda_2 (Lambda)            multiple                  0         
_________________________________________________________________
lambda_3 (Lambda)            multiple                  0         
_________________________________________________________________
lambda_4 (Lambda)            multiple                  0         
_________________________________________________________________
lambda_5 (Lambda)            multiple                  0         
=================================================================
Total params: 9,593,675
Trainable params: 9,510,027
Non-trainable params: 83,648
_________________________________________________________________
==============img.shape: (32, 64, 64, 3)
==============img.shape: (32, 64, 64, 3)
==============img.shape: (32, 64, 64, 3)
==============img.shape: (32, 64, 64, 3)
==============img.shape: (32, 64, 64, 3)
==============img.shape: (32, 64, 64, 3)
==============img.shape: (32, 64, 64, 3)
==============img.shape: (32, 64, 64, 3)
==============img.shape: (32, 64, 64, 3)
==============img.shape: (32, 64, 64, 3)
==============img.shape: (32, 64, 64, 3)
==============img.shape: (32, 64, 64, 3)
==============img.shape: (32, 64, 64, 3)
==============img.shape: (32, 64, 64, 3)
==============img.shape: (32, 64, 64, 3)
==============img.shape: (32, 64, 64, 3)
==============img.shape: (32, 64, 64, 3)
==============img.shape: (32, 64, 64, 3)
==============img.shape: (32, 64, 64, 3)
==============img.shape: (32, 64, 64, 3)
==============img.shape: (32, 64, 64, 3)
==============img.shape: (32, 64, 64, 3)
==============img.shape: (32, 64, 64, 3)
==============img.shape: (32, 64, 64, 3)
=====training completed
==============img.shape: (32, 64, 64, 3)
==============img.shape: (32, 64, 64, 3)
==============img.shape: (32, 64, 64, 3)
==============img.shape: (32, 64, 64, 3)
==============img.shape: (32, 64, 64, 3)
==============img.shape: (32, 64, 64, 3)
==============img.shape: (8, 64, 64, 3)
=====test completed
2020-10-30 13:17:50 Epoch 0 | TRAIN: L_img: 3.882025718688965, L_gate: 0.4207848608493805, L_kl: 3.691551923751831, L_tot: 7.994362831115723 | TEST: L_img: 3.5833115577697754, L_gate: 0.3724459111690521, L_kl: 3.643665313720703, L_tot: 7.599422454833984
==============img.shape: (32, 64, 64, 3)
==============img.shape: (32, 64, 64, 3)
==============img.shape: (32, 64, 64, 3)
==============img.shape: (32, 64, 64, 3)
==============img.shape: (32, 64, 64, 3)
==============img.shape: (32, 64, 64, 3)
==============img.shape: (32, 64, 64, 3)
==============img.shape: (32, 64, 64, 3)
==============img.shape: (32, 64, 64, 3)
==============img.shape: (32, 64, 64, 3)
==============img.shape: (32, 64, 64, 3)
==============img.shape: (32, 64, 64, 3)
==============img.shape: (32, 64, 64, 3)
==============img.shape: (32, 64, 64, 3)
==============img.shape: (32, 64, 64, 3)
==============img.shape: (32, 64, 64, 3)
==============img.shape: (32, 64, 64, 3)
==============img.shape: (32, 64, 64, 3)
==============img.shape: (32, 64, 64, 3)
==============img.shape: (32, 64, 64, 3)
==============img.shape: (32, 64, 64, 3)
==============img.shape: (32, 64, 64, 3)
==============img.shape: (32, 64, 64, 3)
==============img.shape: (32, 64, 64, 3)
==============img.shape: (32, 64, 64, 3)
=====training completed
==============img.shape: (32, 64, 64, 3)
==============img.shape: (32, 64, 64, 3)
==============img.shape: (32, 64, 64, 3)
==============img.shape: (32, 64, 64, 3)
==============img.shape: (32, 64, 64, 3)
==============img.shape: (32, 64, 64, 3)
==============img.shape: (8, 64, 64, 3)
=====test completed
2020-10-30 13:18:05 Epoch 1 | TRAIN: L_img: 2.5627310276031494, L_gate: 0.3851793706417084, L_kl: 3.642055034637451, L_tot: 6.589965343475342 | TEST: L_img: 1.7565606832504272, L_gate: 0.3658520579338074, L_kl: 3.6415960788726807, L_tot: 5.764008522033691
==============img.shape: (32, 64, 64, 3)
==============img.shape: (32, 64, 64, 3)
==============img.shape: (32, 64, 64, 3)
==============img.shape: (32, 64, 64, 3)
==============img.shape: (32, 64, 64, 3)
==============img.shape: (32, 64, 64, 3)
==============img.shape: (32, 64, 64, 3)
==============img.shape: (32, 64, 64, 3)
==============img.shape: (32, 64, 64, 3)
==============img.shape: (32, 64, 64, 3)
==============img.shape: (32, 64, 64, 3)
==============img.shape: (32, 64, 64, 3)
==============img.shape: (32, 64, 64, 3)
==============img.shape: (32, 64, 64, 3)
==============img.shape: (32, 64, 64, 3)
==============img.shape: (32, 64, 64, 3)
==============img.shape: (32, 64, 64, 3)
==============img.shape: (32, 64, 64, 3)
==============img.shape: (32, 64, 64, 3)
==============img.shape: (32, 64, 64, 3)
==============img.shape: (32, 64, 64, 3)
==============img.shape: (32, 64, 64, 3)
==============img.shape: (32, 64, 64, 3)
==============img.shape: (32, 64, 64, 3)
==============img.shape: (32, 64, 64, 3)
=====training completed
==============img.shape: (32, 64, 64, 3)
==============img.shape: (32, 64, 64, 3)
==============img.shape: (32, 64, 64, 3)
==============img.shape: (32, 64, 64, 3)
==============img.shape: (32, 64, 64, 3)
==============img.shape: (32, 64, 64, 3)
==============img.shape: (8, 64, 64, 3)
=====test completed
2020-10-30 13:18:21 Epoch 2 | TRAIN: L_img: 1.5198032855987549, L_gate: 0.36921992897987366, L_kl: 3.641467332839966, L_tot: 5.530490398406982 | TEST: L_img: 1.350250482559204, L_gate: 0.34176573157310486, L_kl: 3.6414294242858887, L_tot: 5.3334455490112305
==============img.shape: (32, 64, 64, 3)
==============img.shape: (32, 64, 64, 3)
==============img.shape: (32, 64, 64, 3)
==============img.shape: (32, 64, 64, 3)
==============img.shape: (32, 64, 64, 3)
==============img.shape: (32, 64, 64, 3)
==============img.shape: (32, 64, 64, 3)
==============img.shape: (32, 64, 64, 3)
==============img.shape: (32, 64, 64, 3)
==============img.shape: (32, 64, 64, 3)
==============img.shape: (32, 64, 64, 3)
==============img.shape: (32, 64, 64, 3)
==============img.shape: (32, 64, 64, 3)
==============img.shape: (32, 64, 64, 3)
==============img.shape: (32, 64, 64, 3)
==============img.shape: (32, 64, 64, 3)
==============img.shape: (32, 64, 64, 3)
==============img.shape: (32, 64, 64, 3)
==============img.shape: (32, 64, 64, 3)
==============img.shape: (32, 64, 64, 3)
==============img.shape: (32, 64, 64, 3)
==============img.shape: (32, 64, 64, 3)
==============img.shape: (32, 64, 64, 3)
==============img.shape: (32, 64, 64, 3)
==============img.shape: (32, 64, 64, 3)
=====training completed
==============img.shape: (32, 64, 64, 3)
==============img.shape: (32, 64, 64, 3)
==============img.shape: (32, 64, 64, 3)
==============img.shape: (32, 64, 64, 3)
==============img.shape: (32, 64, 64, 3)
==============img.shape: (32, 64, 64, 3)
==============img.shape: (8, 64, 64, 3)
=====test completed
2020-10-30 13:18:37 Epoch 3 | TRAIN: L_img: 1.2672053575515747, L_gate: 0.3448845148086548, L_kl: 3.6414217948913574, L_tot: 5.253511428833008 | TEST: L_img: 1.1871554851531982, L_gate: 0.3280778229236603, L_kl: 3.641416549682617, L_tot: 5.156649589538574
==============img.shape: (32, 64, 64, 3)
==============img.shape: (32, 64, 64, 3)
==============img.shape: (32, 64, 64, 3)
==============img.shape: (32, 64, 64, 3)
==============img.shape: (32, 64, 64, 3)
==============img.shape: (32, 64, 64, 3)
==============img.shape: (32, 64, 64, 3)
==============img.shape: (32, 64, 64, 3)
==============img.shape: (32, 64, 64, 3)
==============img.shape: (32, 64, 64, 3)
==============img.shape: (32, 64, 64, 3)
==============img.shape: (32, 64, 64, 3)
==============img.shape: (32, 64, 64, 3)
==============img.shape: (32, 64, 64, 3)
==============img.shape: (32, 64, 64, 3)
==============img.shape: (32, 64, 64, 3)
==============img.shape: (32, 64, 64, 3)
==============img.shape: (32, 64, 64, 3)
==============img.shape: (32, 64, 64, 3)
==============img.shape: (32, 64, 64, 3)
==============img.shape: (32, 64, 64, 3)
==============img.shape: (32, 64, 64, 3)
==============img.shape: (32, 64, 64, 3)
==============img.shape: (32, 64, 64, 3)
==============img.shape: (32, 64, 64, 3)
=====training completed
==============img.shape: (32, 64, 64, 3)
==============img.shape: (32, 64, 64, 3)
==============img.shape: (32, 64, 64, 3)
==============img.shape: (32, 64, 64, 3)
==============img.shape: (32, 64, 64, 3)
==============img.shape: (32, 64, 64, 3)
==============img.shape: (8, 64, 64, 3)
=====test completed
2020-10-30 13:18:53 Epoch 4 | TRAIN: L_img: 1.1383891105651855, L_gate: 0.3356567621231079, L_kl: 3.6414151191711426, L_tot: 5.1154608726501465 | TEST: L_img: 1.0981460809707642, L_gate: 0.31267791986465454, L_kl: 3.641417980194092, L_tot: 5.052242279052734
==============img.shape: (32, 64, 64, 3)
==============img.shape: (32, 64, 64, 3)
==============img.shape: (32, 64, 64, 3)
==============img.shape: (32, 64, 64, 3)
==============img.shape: (32, 64, 64, 3)
==============img.shape: (32, 64, 64, 3)
==============img.shape: (32, 64, 64, 3)
==============img.shape: (32, 64, 64, 3)
==============img.shape: (32, 64, 64, 3)
==============img.shape: (32, 64, 64, 3)
==============img.shape: (32, 64, 64, 3)
==============img.shape: (32, 64, 64, 3)
==============img.shape: (32, 64, 64, 3)
==============img.shape: (32, 64, 64, 3)
==============img.shape: (32, 64, 64, 3)
==============img.shape: (32, 64, 64, 3)
==============img.shape: (32, 64, 64, 3)
==============img.shape: (32, 64, 64, 3)
==============img.shape: (32, 64, 64, 3)
==============img.shape: (32, 64, 64, 3)
==============img.shape: (32, 64, 64, 3)
==============img.shape: (32, 64, 64, 3)
==============img.shape: (32, 64, 64, 3)
==============img.shape: (32, 64, 64, 3)
==============img.shape: (32, 64, 64, 3)
=====training completed
==============img.shape: (32, 64, 64, 3)
==============img.shape: (32, 64, 64, 3)
==============img.shape: (32, 64, 64, 3)
==============img.shape: (32, 64, 64, 3)
==============img.shape: (32, 64, 64, 3)
==============img.shape: (32, 64, 64, 3)
==============img.shape: (8, 64, 64, 3)
=====test completed
2020-10-30 13:19:10 Epoch 5 | TRAIN: L_img: 1.074286699295044, L_gate: 0.323333203792572, L_kl: 3.6414127349853516, L_tot: 5.039032936096191 | TEST: L_img: 1.0545647144317627, L_gate: 0.30234798789024353, L_kl: 3.641411066055298, L_tot: 4.998323917388916
Saving weights to C:/tools/Drone_Racing_Files_v1/zz_model_outputs/cmvae_con_1k
==============img.shape: (32, 64, 64, 3)
==============img.shape: (32, 64, 64, 3)
==============img.shape: (32, 64, 64, 3)
==============img.shape: (32, 64, 64, 3)
==============img.shape: (32, 64, 64, 3)
==============img.shape: (32, 64, 64, 3)
==============img.shape: (32, 64, 64, 3)
==============img.shape: (32, 64, 64, 3)
==============img.shape: (32, 64, 64, 3)
==============img.shape: (32, 64, 64, 3)
==============img.shape: (32, 64, 64, 3)
==============img.shape: (32, 64, 64, 3)
==============img.shape: (32, 64, 64, 3)
==============img.shape: (32, 64, 64, 3)
==============img.shape: (32, 64, 64, 3)
==============img.shape: (32, 64, 64, 3)
==============img.shape: (32, 64, 64, 3)
==============img.shape: (32, 64, 64, 3)
==============img.shape: (32, 64, 64, 3)
==============img.shape: (32, 64, 64, 3)
==============img.shape: (32, 64, 64, 3)
==============img.shape: (32, 64, 64, 3)
==============img.shape: (32, 64, 64, 3)
==============img.shape: (32, 64, 64, 3)
==============img.shape: (32, 64, 64, 3)
=====training completed
==============img.shape: (32, 64, 64, 3)
==============img.shape: (32, 64, 64, 3)
==============img.shape: (32, 64, 64, 3)
==============img.shape: (32, 64, 64, 3)
==============img.shape: (32, 64, 64, 3)
==============img.shape: (32, 64, 64, 3)
==============img.shape: (8, 64, 64, 3)
=====test completed
2020-10-30 13:19:27 Epoch 6 | TRAIN: L_img: 1.0428738594055176, L_gate: 0.3132927119731903, L_kl: 3.641411542892456, L_tot: 4.997578144073486 | TEST: L_img: 1.0339486598968506, L_gate: 0.299381285905838, L_kl: 3.6414146423339844, L_tot: 4.97474479675293
==============img.shape: (32, 64, 64, 3)
==============img.shape: (32, 64, 64, 3)
==============img.shape: (32, 64, 64, 3)
==============img.shape: (32, 64, 64, 3)
==============img.shape: (32, 64, 64, 3)
==============img.shape: (32, 64, 64, 3)
==============img.shape: (32, 64, 64, 3)
==============img.shape: (32, 64, 64, 3)
==============img.shape: (32, 64, 64, 3)
==============img.shape: (32, 64, 64, 3)
==============img.shape: (32, 64, 64, 3)
==============img.shape: (32, 64, 64, 3)
==============img.shape: (32, 64, 64, 3)
==============img.shape: (32, 64, 64, 3)
==============img.shape: (32, 64, 64, 3)
==============img.shape: (32, 64, 64, 3)
==============img.shape: (32, 64, 64, 3)
==============img.shape: (32, 64, 64, 3)
==============img.shape: (32, 64, 64, 3)
==============img.shape: (32, 64, 64, 3)
==============img.shape: (32, 64, 64, 3)
==============img.shape: (32, 64, 64, 3)
==============img.shape: (32, 64, 64, 3)
==============img.shape: (32, 64, 64, 3)
==============img.shape: (32, 64, 64, 3)
=====training completed
==============img.shape: (32, 64, 64, 3)
==============img.shape: (32, 64, 64, 3)
==============img.shape: (32, 64, 64, 3)
==============img.shape: (32, 64, 64, 3)
==============img.shape: (32, 64, 64, 3)
==============img.shape: (32, 64, 64, 3)
==============img.shape: (8, 64, 64, 3)
=====test completed
2020-10-30 13:19:44 Epoch 7 | TRAIN: L_img: 1.0258276462554932, L_gate: 0.3044932186603546, L_kl: 3.6414144039154053, L_tot: 4.971735000610352 | TEST: L_img: 1.020376443862915, L_gate: 0.28714045882225037, L_kl: 3.6414124965667725, L_tot: 4.948929309844971
==============img.shape: (32, 64, 64, 3)
==============img.shape: (32, 64, 64, 3)
==============img.shape: (32, 64, 64, 3)
==============img.shape: (32, 64, 64, 3)
==============img.shape: (32, 64, 64, 3)
==============img.shape: (32, 64, 64, 3)
==============img.shape: (32, 64, 64, 3)
==============img.shape: (32, 64, 64, 3)
==============img.shape: (32, 64, 64, 3)
==============img.shape: (32, 64, 64, 3)
==============img.shape: (32, 64, 64, 3)
==============img.shape: (32, 64, 64, 3)
==============img.shape: (32, 64, 64, 3)
==============img.shape: (32, 64, 64, 3)
==============img.shape: (32, 64, 64, 3)
==============img.shape: (32, 64, 64, 3)
==============img.shape: (32, 64, 64, 3)
==============img.shape: (32, 64, 64, 3)
==============img.shape: (32, 64, 64, 3)
==============img.shape: (32, 64, 64, 3)
==============img.shape: (32, 64, 64, 3)
==============img.shape: (32, 64, 64, 3)
==============img.shape: (32, 64, 64, 3)
==============img.shape: (32, 64, 64, 3)
==============img.shape: (32, 64, 64, 3)
=====training completed
==============img.shape: (32, 64, 64, 3)
==============img.shape: (32, 64, 64, 3)
==============img.shape: (32, 64, 64, 3)
==============img.shape: (32, 64, 64, 3)
==============img.shape: (32, 64, 64, 3)
==============img.shape: (32, 64, 64, 3)
==============img.shape: (8, 64, 64, 3)
=====test completed
2020-10-30 13:20:01 Epoch 8 | TRAIN: L_img: 1.0166317224502563, L_gate: 0.2998426556587219, L_kl: 3.6414120197296143, L_tot: 4.957886695861816 | TEST: L_img: 1.0120751857757568, L_gate: 0.28150445222854614, L_kl: 3.641414165496826, L_tot: 4.934993743896484
==============img.shape: (32, 64, 64, 3)
==============img.shape: (32, 64, 64, 3)
==============img.shape: (32, 64, 64, 3)
==============img.shape: (32, 64, 64, 3)
==============img.shape: (32, 64, 64, 3)
==============img.shape: (32, 64, 64, 3)
==============img.shape: (32, 64, 64, 3)
==============img.shape: (32, 64, 64, 3)
==============img.shape: (32, 64, 64, 3)
==============img.shape: (32, 64, 64, 3)
==============img.shape: (32, 64, 64, 3)
==============img.shape: (32, 64, 64, 3)
==============img.shape: (32, 64, 64, 3)
==============img.shape: (32, 64, 64, 3)
==============img.shape: (32, 64, 64, 3)
==============img.shape: (32, 64, 64, 3)
==============img.shape: (32, 64, 64, 3)
==============img.shape: (32, 64, 64, 3)
==============img.shape: (32, 64, 64, 3)
==============img.shape: (32, 64, 64, 3)
==============img.shape: (32, 64, 64, 3)
==============img.shape: (32, 64, 64, 3)
==============img.shape: (32, 64, 64, 3)
==============img.shape: (32, 64, 64, 3)
==============img.shape: (32, 64, 64, 3)
=====training completed
==============img.shape: (32, 64, 64, 3)
==============img.shape: (32, 64, 64, 3)
==============img.shape: (32, 64, 64, 3)
==============img.shape: (32, 64, 64, 3)
==============img.shape: (32, 64, 64, 3)
==============img.shape: (32, 64, 64, 3)
==============img.shape: (8, 64, 64, 3)
=====test completed
2020-10-30 13:20:18 Epoch 9 | TRAIN: L_img: 1.0108343362808228, L_gate: 0.2966216802597046, L_kl: 3.641411781311035, L_tot: 4.9488677978515625 | TEST: L_img: 1.0087140798568726, L_gate: 0.2819186747074127, L_kl: 3.641411304473877, L_tot: 4.93204402923584
==============img.shape: (32, 64, 64, 3)
==============img.shape: (32, 64, 64, 3)
==============img.shape: (32, 64, 64, 3)
==============img.shape: (32, 64, 64, 3)
==============img.shape: (32, 64, 64, 3)
==============img.shape: (32, 64, 64, 3)
==============img.shape: (32, 64, 64, 3)
==============img.shape: (32, 64, 64, 3)
==============img.shape: (32, 64, 64, 3)
==============img.shape: (32, 64, 64, 3)
==============img.shape: (32, 64, 64, 3)
==============img.shape: (32, 64, 64, 3)
==============img.shape: (32, 64, 64, 3)
==============img.shape: (32, 64, 64, 3)
==============img.shape: (32, 64, 64, 3)
==============img.shape: (32, 64, 64, 3)
==============img.shape: (32, 64, 64, 3)
==============img.shape: (32, 64, 64, 3)
==============img.shape: (32, 64, 64, 3)
==============img.shape: (32, 64, 64, 3)
==============img.shape: (32, 64, 64, 3)
==============img.shape: (32, 64, 64, 3)
==============img.shape: (32, 64, 64, 3)
==============img.shape: (32, 64, 64, 3)
==============img.shape: (32, 64, 64, 3)
=====training completed
==============img.shape: (32, 64, 64, 3)
==============img.shape: (32, 64, 64, 3)
==============img.shape: (32, 64, 64, 3)
==============img.shape: (32, 64, 64, 3)
==============img.shape: (32, 64, 64, 3)
==============img.shape: (32, 64, 64, 3)
==============img.shape: (8, 64, 64, 3)
=====test completed
2020-10-30 13:20:35 Epoch 10 | TRAIN: L_img: 1.007148265838623, L_gate: 0.2935221195220947, L_kl: 3.6414148807525635, L_tot: 4.942085266113281 | TEST: L_img: 1.0054965019226074, L_gate: 0.28235429525375366, L_kl: 3.64141845703125, L_tot: 4.929269313812256
Saving weights to C:/tools/Drone_Racing_Files_v1/zz_model_outputs/cmvae_con_1k
==============img.shape: (32, 64, 64, 3)
==============img.shape: (32, 64, 64, 3)
==============img.shape: (32, 64, 64, 3)
==============img.shape: (32, 64, 64, 3)
==============img.shape: (32, 64, 64, 3)
==============img.shape: (32, 64, 64, 3)
==============img.shape: (32, 64, 64, 3)
==============img.shape: (32, 64, 64, 3)
==============img.shape: (32, 64, 64, 3)
==============img.shape: (32, 64, 64, 3)
==============img.shape: (32, 64, 64, 3)
==============img.shape: (32, 64, 64, 3)
==============img.shape: (32, 64, 64, 3)
==============img.shape: (32, 64, 64, 3)
==============img.shape: (32, 64, 64, 3)
==============img.shape: (32, 64, 64, 3)
==============img.shape: (32, 64, 64, 3)
==============img.shape: (32, 64, 64, 3)
==============img.shape: (32, 64, 64, 3)
==============img.shape: (32, 64, 64, 3)
==============img.shape: (32, 64, 64, 3)
==============img.shape: (32, 64, 64, 3)
==============img.shape: (32, 64, 64, 3)
==============img.shape: (32, 64, 64, 3)
==============img.shape: (32, 64, 64, 3)
=====training completed
==============img.shape: (32, 64, 64, 3)
==============img.shape: (32, 64, 64, 3)
==============img.shape: (32, 64, 64, 3)
==============img.shape: (32, 64, 64, 3)
==============img.shape: (32, 64, 64, 3)
==============img.shape: (32, 64, 64, 3)
==============img.shape: (8, 64, 64, 3)
=====test completed
2020-10-30 13:20:53 Epoch 11 | TRAIN: L_img: 1.0039358139038086, L_gate: 0.2902144193649292, L_kl: 3.641414165496826, L_tot: 4.9355645179748535 | TEST: L_img: 1.002484917640686, L_gate: 0.275936096906662, L_kl: 3.641414165496826, L_tot: 4.919835090637207
==============img.shape: (32, 64, 64, 3)
==============img.shape: (32, 64, 64, 3)
==============img.shape: (32, 64, 64, 3)
==============img.shape: (32, 64, 64, 3)
==============img.shape: (32, 64, 64, 3)
==============img.shape: (32, 64, 64, 3)
==============img.shape: (32, 64, 64, 3)
==============img.shape: (32, 64, 64, 3)
==============img.shape: (32, 64, 64, 3)
==============img.shape: (32, 64, 64, 3)
==============img.shape: (32, 64, 64, 3)
==============img.shape: (32, 64, 64, 3)
==============img.shape: (32, 64, 64, 3)
==============img.shape: (32, 64, 64, 3)
==============img.shape: (32, 64, 64, 3)
==============img.shape: (32, 64, 64, 3)
==============img.shape: (32, 64, 64, 3)
==============img.shape: (32, 64, 64, 3)
==============img.shape: (32, 64, 64, 3)
==============img.shape: (32, 64, 64, 3)
==============img.shape: (32, 64, 64, 3)
==============img.shape: (32, 64, 64, 3)
==============img.shape: (32, 64, 64, 3)
==============img.shape: (32, 64, 64, 3)
==============img.shape: (32, 64, 64, 3)
=====training completed
==============img.shape: (32, 64, 64, 3)
==============img.shape: (32, 64, 64, 3)
==============img.shape: (32, 64, 64, 3)
==============img.shape: (32, 64, 64, 3)
==============img.shape: (32, 64, 64, 3)
==============img.shape: (32, 64, 64, 3)
==============img.shape: (8, 64, 64, 3)
=====test completed
2020-10-30 13:21:10 Epoch 12 | TRAIN: L_img: 1.0012742280960083, L_gate: 0.2878261208534241, L_kl: 3.6414153575897217, L_tot: 4.930515766143799 | TEST: L_img: 1.0009381771087646, L_gate: 0.2741073966026306, L_kl: 3.6414222717285156, L_tot: 4.916467666625977
==============img.shape: (32, 64, 64, 3)
==============img.shape: (32, 64, 64, 3)
==============img.shape: (32, 64, 64, 3)
==============img.shape: (32, 64, 64, 3)
==============img.shape: (32, 64, 64, 3)
==============img.shape: (32, 64, 64, 3)
==============img.shape: (32, 64, 64, 3)
==============img.shape: (32, 64, 64, 3)
==============img.shape: (32, 64, 64, 3)
==============img.shape: (32, 64, 64, 3)
==============img.shape: (32, 64, 64, 3)
==============img.shape: (32, 64, 64, 3)
==============img.shape: (32, 64, 64, 3)
==============img.shape: (32, 64, 64, 3)
==============img.shape: (32, 64, 64, 3)
==============img.shape: (32, 64, 64, 3)
==============img.shape: (32, 64, 64, 3)
==============img.shape: (32, 64, 64, 3)
==============img.shape: (32, 64, 64, 3)
==============img.shape: (32, 64, 64, 3)
==============img.shape: (32, 64, 64, 3)
==============img.shape: (32, 64, 64, 3)
==============img.shape: (32, 64, 64, 3)
==============img.shape: (32, 64, 64, 3)
==============img.shape: (32, 64, 64, 3)
=====training completed
==============img.shape: (32, 64, 64, 3)
==============img.shape: (32, 64, 64, 3)
==============img.shape: (32, 64, 64, 3)
==============img.shape: (32, 64, 64, 3)
==============img.shape: (32, 64, 64, 3)
==============img.shape: (32, 64, 64, 3)
==============img.shape: (8, 64, 64, 3)
=====test completed
2020-10-30 13:21:28 Epoch 13 | TRAIN: L_img: 0.9995161294937134, L_gate: 0.2875650227069855, L_kl: 3.641416549682617, L_tot: 4.928497791290283 | TEST: L_img: 0.9986697435379028, L_gate: 0.26937785744667053, L_kl: 3.6414220333099365, L_tot: 4.9094696044921875
==============img.shape: (32, 64, 64, 3)
==============img.shape: (32, 64, 64, 3)
==============img.shape: (32, 64, 64, 3)
==============img.shape: (32, 64, 64, 3)
==============img.shape: (32, 64, 64, 3)
==============img.shape: (32, 64, 64, 3)
==============img.shape: (32, 64, 64, 3)
==============img.shape: (32, 64, 64, 3)
==============img.shape: (32, 64, 64, 3)
==============img.shape: (32, 64, 64, 3)
==============img.shape: (32, 64, 64, 3)
==============img.shape: (32, 64, 64, 3)
==============img.shape: (32, 64, 64, 3)
==============img.shape: (32, 64, 64, 3)
==============img.shape: (32, 64, 64, 3)
==============img.shape: (32, 64, 64, 3)
==============img.shape: (32, 64, 64, 3)
==============img.shape: (32, 64, 64, 3)
==============img.shape: (32, 64, 64, 3)
==============img.shape: (32, 64, 64, 3)
==============img.shape: (32, 64, 64, 3)
==============img.shape: (32, 64, 64, 3)
==============img.shape: (32, 64, 64, 3)
==============img.shape: (32, 64, 64, 3)
==============img.shape: (32, 64, 64, 3)
=====training completed
==============img.shape: (32, 64, 64, 3)
==============img.shape: (32, 64, 64, 3)
==============img.shape: (32, 64, 64, 3)
==============img.shape: (32, 64, 64, 3)
==============img.shape: (32, 64, 64, 3)
==============img.shape: (32, 64, 64, 3)
==============img.shape: (8, 64, 64, 3)
=====test completed
2020-10-30 13:21:46 Epoch 14 | TRAIN: L_img: 0.9978280067443848, L_gate: 0.286697119474411, L_kl: 3.641423225402832, L_tot: 4.925948143005371 | TEST: L_img: 0.9970192313194275, L_gate: 0.2673335075378418, L_kl: 3.6414172649383545, L_tot: 4.905770301818848
==============img.shape: (32, 64, 64, 3)
==============img.shape: (32, 64, 64, 3)
==============img.shape: (32, 64, 64, 3)
==============img.shape: (32, 64, 64, 3)
==============img.shape: (32, 64, 64, 3)
==============img.shape: (32, 64, 64, 3)
==============img.shape: (32, 64, 64, 3)
==============img.shape: (32, 64, 64, 3)
==============img.shape: (32, 64, 64, 3)
==============img.shape: (32, 64, 64, 3)
==============img.shape: (32, 64, 64, 3)
==============img.shape: (32, 64, 64, 3)
==============img.shape: (32, 64, 64, 3)
==============img.shape: (32, 64, 64, 3)
==============img.shape: (32, 64, 64, 3)
==============img.shape: (32, 64, 64, 3)
==============img.shape: (32, 64, 64, 3)
==============img.shape: (32, 64, 64, 3)
==============img.shape: (32, 64, 64, 3)
==============img.shape: (32, 64, 64, 3)
==============img.shape: (32, 64, 64, 3)
==============img.shape: (32, 64, 64, 3)
==============img.shape: (32, 64, 64, 3)
==============img.shape: (32, 64, 64, 3)
==============img.shape: (32, 64, 64, 3)
=====training completed
==============img.shape: (32, 64, 64, 3)
==============img.shape: (32, 64, 64, 3)
==============img.shape: (32, 64, 64, 3)
==============img.shape: (32, 64, 64, 3)
==============img.shape: (32, 64, 64, 3)
==============img.shape: (32, 64, 64, 3)
==============img.shape: (8, 64, 64, 3)
=====test completed
2020-10-30 13:22:04 Epoch 15 | TRAIN: L_img: 0.9967027902603149, L_gate: 0.2851642072200775, L_kl: 3.6414177417755127, L_tot: 4.923284530639648 | TEST: L_img: 0.9966005682945251, L_gate: 0.2735990583896637, L_kl: 3.6414146423339844, L_tot: 4.911614418029785
Saving weights to C:/tools/Drone_Racing_Files_v1/zz_model_outputs/cmvae_con_1k
==============img.shape: (32, 64, 64, 3)
==============img.shape: (32, 64, 64, 3)
==============img.shape: (32, 64, 64, 3)
==============img.shape: (32, 64, 64, 3)
==============img.shape: (32, 64, 64, 3)
==============img.shape: (32, 64, 64, 3)
==============img.shape: (32, 64, 64, 3)
==============img.shape: (32, 64, 64, 3)
==============img.shape: (32, 64, 64, 3)
==============img.shape: (32, 64, 64, 3)
==============img.shape: (32, 64, 64, 3)
==============img.shape: (32, 64, 64, 3)
==============img.shape: (32, 64, 64, 3)
==============img.shape: (32, 64, 64, 3)
==============img.shape: (32, 64, 64, 3)
==============img.shape: (32, 64, 64, 3)
==============img.shape: (32, 64, 64, 3)
==============img.shape: (32, 64, 64, 3)
==============img.shape: (32, 64, 64, 3)
==============img.shape: (32, 64, 64, 3)
==============img.shape: (32, 64, 64, 3)
==============img.shape: (32, 64, 64, 3)
==============img.shape: (32, 64, 64, 3)
==============img.shape: (32, 64, 64, 3)
==============img.shape: (32, 64, 64, 3)
=====training completed
==============img.shape: (32, 64, 64, 3)
==============img.shape: (32, 64, 64, 3)
==============img.shape: (32, 64, 64, 3)
==============img.shape: (32, 64, 64, 3)
==============img.shape: (32, 64, 64, 3)
==============img.shape: (32, 64, 64, 3)
==============img.shape: (8, 64, 64, 3)
=====test completed
2020-10-30 13:22:22 Epoch 16 | TRAIN: L_img: 0.9955779910087585, L_gate: 0.282405287027359, L_kl: 3.6414194107055664, L_tot: 4.919402599334717 | TEST: L_img: 0.9952360391616821, L_gate: 0.2676711678504944, L_kl: 3.64141845703125, L_tot: 4.904325485229492
==============img.shape: (32, 64, 64, 3)
==============img.shape: (32, 64, 64, 3)
==============img.shape: (32, 64, 64, 3)
==============img.shape: (32, 64, 64, 3)
==============img.shape: (32, 64, 64, 3)
==============img.shape: (32, 64, 64, 3)
==============img.shape: (32, 64, 64, 3)
==============img.shape: (32, 64, 64, 3)
==============img.shape: (32, 64, 64, 3)
==============img.shape: (32, 64, 64, 3)
==============img.shape: (32, 64, 64, 3)
==============img.shape: (32, 64, 64, 3)
==============img.shape: (32, 64, 64, 3)
==============img.shape: (32, 64, 64, 3)
==============img.shape: (32, 64, 64, 3)
==============img.shape: (32, 64, 64, 3)
==============img.shape: (32, 64, 64, 3)
==============img.shape: (32, 64, 64, 3)
==============img.shape: (32, 64, 64, 3)
==============img.shape: (32, 64, 64, 3)
==============img.shape: (32, 64, 64, 3)
==============img.shape: (32, 64, 64, 3)
==============img.shape: (32, 64, 64, 3)
==============img.shape: (32, 64, 64, 3)
==============img.shape: (32, 64, 64, 3)
=====training completed
==============img.shape: (32, 64, 64, 3)
==============img.shape: (32, 64, 64, 3)
==============img.shape: (32, 64, 64, 3)
==============img.shape: (32, 64, 64, 3)
==============img.shape: (32, 64, 64, 3)
==============img.shape: (32, 64, 64, 3)
==============img.shape: (8, 64, 64, 3)
=====test completed
2020-10-30 13:22:41 Epoch 17 | TRAIN: L_img: 0.9945957660675049, L_gate: 0.28219568729400635, L_kl: 3.6414170265197754, L_tot: 4.918208599090576 | TEST: L_img: 0.9943299889564514, L_gate: 0.2726213335990906, L_kl: 3.641420364379883, L_tot: 4.908371925354004
==============img.shape: (32, 64, 64, 3)
==============img.shape: (32, 64, 64, 3)
==============img.shape: (32, 64, 64, 3)
==============img.shape: (32, 64, 64, 3)
==============img.shape: (32, 64, 64, 3)
==============img.shape: (32, 64, 64, 3)
==============img.shape: (32, 64, 64, 3)
==============img.shape: (32, 64, 64, 3)
==============img.shape: (32, 64, 64, 3)
==============img.shape: (32, 64, 64, 3)
==============img.shape: (32, 64, 64, 3)
==============img.shape: (32, 64, 64, 3)
==============img.shape: (32, 64, 64, 3)
==============img.shape: (32, 64, 64, 3)
==============img.shape: (32, 64, 64, 3)
==============img.shape: (32, 64, 64, 3)
==============img.shape: (32, 64, 64, 3)
==============img.shape: (32, 64, 64, 3)
==============img.shape: (32, 64, 64, 3)
==============img.shape: (32, 64, 64, 3)
==============img.shape: (32, 64, 64, 3)
==============img.shape: (32, 64, 64, 3)
==============img.shape: (32, 64, 64, 3)
==============img.shape: (32, 64, 64, 3)
==============img.shape: (32, 64, 64, 3)
=====training completed
==============img.shape: (32, 64, 64, 3)
==============img.shape: (32, 64, 64, 3)
==============img.shape: (32, 64, 64, 3)
==============img.shape: (32, 64, 64, 3)
==============img.shape: (32, 64, 64, 3)
==============img.shape: (32, 64, 64, 3)
==============img.shape: (8, 64, 64, 3)
=====test completed
2020-10-30 13:22:59 Epoch 18 | TRAIN: L_img: 0.9938499331474304, L_gate: 0.2824349105358124, L_kl: 3.6414241790771484, L_tot: 4.917708873748779 | TEST: L_img: 0.9937011003494263, L_gate: 0.26839736104011536, L_kl: 3.641416311264038, L_tot: 4.903514862060547
==============img.shape: (32, 64, 64, 3)
==============img.shape: (32, 64, 64, 3)
==============img.shape: (32, 64, 64, 3)
==============img.shape: (32, 64, 64, 3)
==============img.shape: (32, 64, 64, 3)
==============img.shape: (32, 64, 64, 3)
==============img.shape: (32, 64, 64, 3)
==============img.shape: (32, 64, 64, 3)
==============img.shape: (32, 64, 64, 3)
==============img.shape: (32, 64, 64, 3)
==============img.shape: (32, 64, 64, 3)
==============img.shape: (32, 64, 64, 3)
==============img.shape: (32, 64, 64, 3)
==============img.shape: (32, 64, 64, 3)
==============img.shape: (32, 64, 64, 3)
==============img.shape: (32, 64, 64, 3)
==============img.shape: (32, 64, 64, 3)
==============img.shape: (32, 64, 64, 3)
==============img.shape: (32, 64, 64, 3)
==============img.shape: (32, 64, 64, 3)
==============img.shape: (32, 64, 64, 3)
==============img.shape: (32, 64, 64, 3)
==============img.shape: (32, 64, 64, 3)
==============img.shape: (32, 64, 64, 3)
==============img.shape: (32, 64, 64, 3)
=====training completed
==============img.shape: (32, 64, 64, 3)
==============img.shape: (32, 64, 64, 3)
==============img.shape: (32, 64, 64, 3)
==============img.shape: (32, 64, 64, 3)
==============img.shape: (32, 64, 64, 3)
==============img.shape: (32, 64, 64, 3)
==============img.shape: (8, 64, 64, 3)
=====test completed
2020-10-30 13:23:16 Epoch 19 | TRAIN: L_img: 0.993277370929718, L_gate: 0.2816562056541443, L_kl: 3.6414153575897217, L_tot: 4.916348934173584 | TEST: L_img: 0.9928795099258423, L_gate: 0.2688533365726471, L_kl: 3.6414129734039307, L_tot: 4.903145790100098
==============img.shape: (32, 64, 64, 3)
==============img.shape: (32, 64, 64, 3)
==============img.shape: (32, 64, 64, 3)
==============img.shape: (32, 64, 64, 3)
==============img.shape: (32, 64, 64, 3)
==============img.shape: (32, 64, 64, 3)
==============img.shape: (32, 64, 64, 3)
==============img.shape: (32, 64, 64, 3)
==============img.shape: (32, 64, 64, 3)
==============img.shape: (32, 64, 64, 3)
==============img.shape: (32, 64, 64, 3)
==============img.shape: (32, 64, 64, 3)
==============img.shape: (32, 64, 64, 3)
==============img.shape: (32, 64, 64, 3)
==============img.shape: (32, 64, 64, 3)
==============img.shape: (32, 64, 64, 3)
==============img.shape: (32, 64, 64, 3)
==============img.shape: (32, 64, 64, 3)
==============img.shape: (32, 64, 64, 3)
==============img.shape: (32, 64, 64, 3)
==============img.shape: (32, 64, 64, 3)
==============img.shape: (32, 64, 64, 3)
==============img.shape: (32, 64, 64, 3)
==============img.shape: (32, 64, 64, 3)
==============img.shape: (32, 64, 64, 3)
=====training completed
==============img.shape: (32, 64, 64, 3)
==============img.shape: (32, 64, 64, 3)
==============img.shape: (32, 64, 64, 3)
==============img.shape: (32, 64, 64, 3)
==============img.shape: (32, 64, 64, 3)
==============img.shape: (32, 64, 64, 3)
==============img.shape: (8, 64, 64, 3)
=====test completed
2020-10-30 13:23:34 Epoch 20 | TRAIN: L_img: 0.9926773309707642, L_gate: 0.2801600396633148, L_kl: 3.641413927078247, L_tot: 4.914251327514648 | TEST: L_img: 0.9930540919303894, L_gate: 0.26791825890541077, L_kl: 3.6414146423339844, L_tot: 4.9023871421813965
Saving weights to C:/tools/Drone_Racing_Files_v1/zz_model_outputs/cmvae_con_1k
==============img.shape: (32, 64, 64, 3)
==============img.shape: (32, 64, 64, 3)
==============img.shape: (32, 64, 64, 3)
==============img.shape: (32, 64, 64, 3)
==============img.shape: (32, 64, 64, 3)
==============img.shape: (32, 64, 64, 3)
==============img.shape: (32, 64, 64, 3)
==============img.shape: (32, 64, 64, 3)
==============img.shape: (32, 64, 64, 3)
==============img.shape: (32, 64, 64, 3)
==============img.shape: (32, 64, 64, 3)
==============img.shape: (32, 64, 64, 3)
==============img.shape: (32, 64, 64, 3)
==============img.shape: (32, 64, 64, 3)
==============img.shape: (32, 64, 64, 3)
==============img.shape: (32, 64, 64, 3)
==============img.shape: (32, 64, 64, 3)
==============img.shape: (32, 64, 64, 3)
==============img.shape: (32, 64, 64, 3)
==============img.shape: (32, 64, 64, 3)
==============img.shape: (32, 64, 64, 3)
==============img.shape: (32, 64, 64, 3)
==============img.shape: (32, 64, 64, 3)
==============img.shape: (32, 64, 64, 3)
==============img.shape: (32, 64, 64, 3)
=====training completed
==============img.shape: (32, 64, 64, 3)
==============img.shape: (32, 64, 64, 3)
==============img.shape: (32, 64, 64, 3)
==============img.shape: (32, 64, 64, 3)
==============img.shape: (32, 64, 64, 3)
==============img.shape: (32, 64, 64, 3)
==============img.shape: (8, 64, 64, 3)
=====test completed
2020-10-30 13:23:51 Epoch 21 | TRAIN: L_img: 0.992214024066925, L_gate: 0.28188106417655945, L_kl: 3.641411781311035, L_tot: 4.915506839752197 | TEST: L_img: 0.9918816685676575, L_gate: 0.2664552330970764, L_kl: 3.6414105892181396, L_tot: 4.899747371673584
==============img.shape: (32, 64, 64, 3)
==============img.shape: (32, 64, 64, 3)
==============img.shape: (32, 64, 64, 3)
==============img.shape: (32, 64, 64, 3)
==============img.shape: (32, 64, 64, 3)
==============img.shape: (32, 64, 64, 3)
==============img.shape: (32, 64, 64, 3)
==============img.shape: (32, 64, 64, 3)
==============img.shape: (32, 64, 64, 3)
==============img.shape: (32, 64, 64, 3)
==============img.shape: (32, 64, 64, 3)
==============img.shape: (32, 64, 64, 3)
==============img.shape: (32, 64, 64, 3)
==============img.shape: (32, 64, 64, 3)
==============img.shape: (32, 64, 64, 3)
==============img.shape: (32, 64, 64, 3)
==============img.shape: (32, 64, 64, 3)
==============img.shape: (32, 64, 64, 3)
==============img.shape: (32, 64, 64, 3)
==============img.shape: (32, 64, 64, 3)
==============img.shape: (32, 64, 64, 3)
==============img.shape: (32, 64, 64, 3)
==============img.shape: (32, 64, 64, 3)
==============img.shape: (32, 64, 64, 3)
==============img.shape: (32, 64, 64, 3)
=====training completed
==============img.shape: (32, 64, 64, 3)
==============img.shape: (32, 64, 64, 3)
==============img.shape: (32, 64, 64, 3)
==============img.shape: (32, 64, 64, 3)
==============img.shape: (32, 64, 64, 3)
==============img.shape: (32, 64, 64, 3)
==============img.shape: (8, 64, 64, 3)
=====test completed
2020-10-30 13:24:08 Epoch 22 | TRAIN: L_img: 0.9914902448654175, L_gate: 0.28045058250427246, L_kl: 3.641413688659668, L_tot: 4.913354396820068 | TEST: L_img: 0.9914261102676392, L_gate: 0.26776978373527527, L_kl: 3.6414129734039307, L_tot: 4.900609016418457
==============img.shape: (32, 64, 64, 3)
==============img.shape: (32, 64, 64, 3)
==============img.shape: (32, 64, 64, 3)
==============img.shape: (32, 64, 64, 3)
==============img.shape: (32, 64, 64, 3)
==============img.shape: (32, 64, 64, 3)
==============img.shape: (32, 64, 64, 3)
==============img.shape: (32, 64, 64, 3)
==============img.shape: (32, 64, 64, 3)
==============img.shape: (32, 64, 64, 3)
==============img.shape: (32, 64, 64, 3)
==============img.shape: (32, 64, 64, 3)
==============img.shape: (32, 64, 64, 3)
==============img.shape: (32, 64, 64, 3)
==============img.shape: (32, 64, 64, 3)
==============img.shape: (32, 64, 64, 3)
==============img.shape: (32, 64, 64, 3)
==============img.shape: (32, 64, 64, 3)
==============img.shape: (32, 64, 64, 3)
==============img.shape: (32, 64, 64, 3)
==============img.shape: (32, 64, 64, 3)
==============img.shape: (32, 64, 64, 3)
==============img.shape: (32, 64, 64, 3)
==============img.shape: (32, 64, 64, 3)
==============img.shape: (32, 64, 64, 3)
=====training completed
==============img.shape: (32, 64, 64, 3)
==============img.shape: (32, 64, 64, 3)
==============img.shape: (32, 64, 64, 3)
==============img.shape: (32, 64, 64, 3)
==============img.shape: (32, 64, 64, 3)
==============img.shape: (32, 64, 64, 3)
==============img.shape: (8, 64, 64, 3)
=====test completed
2020-10-30 13:24:24 Epoch 23 | TRAIN: L_img: 0.9911785125732422, L_gate: 0.2791190445423126, L_kl: 3.641415596008301, L_tot: 4.911713123321533 | TEST: L_img: 0.9912694096565247, L_gate: 0.265434205532074, L_kl: 3.64141845703125, L_tot: 4.8981218338012695
==============img.shape: (32, 64, 64, 3)
==============img.shape: (32, 64, 64, 3)
==============img.shape: (32, 64, 64, 3)
==============img.shape: (32, 64, 64, 3)
==============img.shape: (32, 64, 64, 3)
==============img.shape: (32, 64, 64, 3)
==============img.shape: (32, 64, 64, 3)
==============img.shape: (32, 64, 64, 3)
==============img.shape: (32, 64, 64, 3)
==============img.shape: (32, 64, 64, 3)
==============img.shape: (32, 64, 64, 3)
==============img.shape: (32, 64, 64, 3)
==============img.shape: (32, 64, 64, 3)
==============img.shape: (32, 64, 64, 3)
==============img.shape: (32, 64, 64, 3)
==============img.shape: (32, 64, 64, 3)
==============img.shape: (32, 64, 64, 3)
==============img.shape: (32, 64, 64, 3)
==============img.shape: (32, 64, 64, 3)
==============img.shape: (32, 64, 64, 3)
==============img.shape: (32, 64, 64, 3)
==============img.shape: (32, 64, 64, 3)
==============img.shape: (32, 64, 64, 3)
==============img.shape: (32, 64, 64, 3)
==============img.shape: (32, 64, 64, 3)
=====training completed
==============img.shape: (32, 64, 64, 3)
==============img.shape: (32, 64, 64, 3)
==============img.shape: (32, 64, 64, 3)
==============img.shape: (32, 64, 64, 3)
==============img.shape: (32, 64, 64, 3)
==============img.shape: (32, 64, 64, 3)
==============img.shape: (8, 64, 64, 3)
=====test completed
2020-10-30 13:24:42 Epoch 24 | TRAIN: L_img: 0.9907245635986328, L_gate: 0.2790621817111969, L_kl: 3.641416072845459, L_tot: 4.911202907562256 | TEST: L_img: 0.9910435080528259, L_gate: 0.2668894827365875, L_kl: 3.641411304473877, L_tot: 4.899344444274902
==============img.shape: (32, 64, 64, 3)
==============img.shape: (32, 64, 64, 3)
==============img.shape: (32, 64, 64, 3)
==============img.shape: (32, 64, 64, 3)
==============img.shape: (32, 64, 64, 3)
==============img.shape: (32, 64, 64, 3)
==============img.shape: (32, 64, 64, 3)
==============img.shape: (32, 64, 64, 3)
==============img.shape: (32, 64, 64, 3)
==============img.shape: (32, 64, 64, 3)
==============img.shape: (32, 64, 64, 3)
==============img.shape: (32, 64, 64, 3)
==============img.shape: (32, 64, 64, 3)
==============img.shape: (32, 64, 64, 3)
==============img.shape: (32, 64, 64, 3)
==============img.shape: (32, 64, 64, 3)
==============img.shape: (32, 64, 64, 3)
==============img.shape: (32, 64, 64, 3)
==============img.shape: (32, 64, 64, 3)
==============img.shape: (32, 64, 64, 3)
==============img.shape: (32, 64, 64, 3)
==============img.shape: (32, 64, 64, 3)
==============img.shape: (32, 64, 64, 3)
==============img.shape: (32, 64, 64, 3)
==============img.shape: (32, 64, 64, 3)
=====training completed
==============img.shape: (32, 64, 64, 3)
==============img.shape: (32, 64, 64, 3)
==============img.shape: (32, 64, 64, 3)
==============img.shape: (32, 64, 64, 3)
==============img.shape: (32, 64, 64, 3)
==============img.shape: (32, 64, 64, 3)
==============img.shape: (8, 64, 64, 3)
=====test completed
2020-10-30 13:24:58 Epoch 25 | TRAIN: L_img: 0.9905120134353638, L_gate: 0.27807295322418213, L_kl: 3.641413927078247, L_tot: 4.909998893737793 | TEST: L_img: 0.9906383752822876, L_gate: 0.2668408453464508, L_kl: 3.6414129734039307, L_tot: 4.898892402648926
Saving weights to C:/tools/Drone_Racing_Files_v1/zz_model_outputs/cmvae_con_1k
==============img.shape: (32, 64, 64, 3)
==============img.shape: (32, 64, 64, 3)
==============img.shape: (32, 64, 64, 3)
==============img.shape: (32, 64, 64, 3)
==============img.shape: (32, 64, 64, 3)
==============img.shape: (32, 64, 64, 3)
==============img.shape: (32, 64, 64, 3)
==============img.shape: (32, 64, 64, 3)
==============img.shape: (32, 64, 64, 3)
==============img.shape: (32, 64, 64, 3)
==============img.shape: (32, 64, 64, 3)
==============img.shape: (32, 64, 64, 3)
==============img.shape: (32, 64, 64, 3)
==============img.shape: (32, 64, 64, 3)
==============img.shape: (32, 64, 64, 3)
==============img.shape: (32, 64, 64, 3)
==============img.shape: (32, 64, 64, 3)
==============img.shape: (32, 64, 64, 3)
==============img.shape: (32, 64, 64, 3)
==============img.shape: (32, 64, 64, 3)
==============img.shape: (32, 64, 64, 3)
==============img.shape: (32, 64, 64, 3)
==============img.shape: (32, 64, 64, 3)
==============img.shape: (32, 64, 64, 3)
==============img.shape: (32, 64, 64, 3)
=====training completed
==============img.shape: (32, 64, 64, 3)
==============img.shape: (32, 64, 64, 3)
==============img.shape: (32, 64, 64, 3)
==============img.shape: (32, 64, 64, 3)
==============img.shape: (32, 64, 64, 3)
==============img.shape: (32, 64, 64, 3)
==============img.shape: (8, 64, 64, 3)
=====test completed
2020-10-30 13:25:17 Epoch 26 | TRAIN: L_img: 0.9901924729347229, L_gate: 0.27801477909088135, L_kl: 3.6414144039154053, L_tot: 4.909621715545654 | TEST: L_img: 0.9901137351989746, L_gate: 0.26661738753318787, L_kl: 3.6414201259613037, L_tot: 4.898151397705078
==============img.shape: (32, 64, 64, 3)
==============img.shape: (32, 64, 64, 3)
==============img.shape: (32, 64, 64, 3)
==============img.shape: (32, 64, 64, 3)
==============img.shape: (32, 64, 64, 3)
==============img.shape: (32, 64, 64, 3)
==============img.shape: (32, 64, 64, 3)
==============img.shape: (32, 64, 64, 3)
==============img.shape: (32, 64, 64, 3)
==============img.shape: (32, 64, 64, 3)
==============img.shape: (32, 64, 64, 3)
==============img.shape: (32, 64, 64, 3)
==============img.shape: (32, 64, 64, 3)
==============img.shape: (32, 64, 64, 3)
==============img.shape: (32, 64, 64, 3)
==============img.shape: (32, 64, 64, 3)
==============img.shape: (32, 64, 64, 3)
==============img.shape: (32, 64, 64, 3)
==============img.shape: (32, 64, 64, 3)
==============img.shape: (32, 64, 64, 3)
==============img.shape: (32, 64, 64, 3)
==============img.shape: (32, 64, 64, 3)
==============img.shape: (32, 64, 64, 3)
==============img.shape: (32, 64, 64, 3)
==============img.shape: (32, 64, 64, 3)
=====training completed
==============img.shape: (32, 64, 64, 3)
==============img.shape: (32, 64, 64, 3)
==============img.shape: (32, 64, 64, 3)
==============img.shape: (32, 64, 64, 3)
==============img.shape: (32, 64, 64, 3)
==============img.shape: (32, 64, 64, 3)
==============img.shape: (8, 64, 64, 3)
=====test completed
2020-10-30 13:25:33 Epoch 27 | TRAIN: L_img: 0.9900180697441101, L_gate: 0.2777472138404846, L_kl: 3.6414151191711426, L_tot: 4.909180641174316 | TEST: L_img: 0.9901121854782104, L_gate: 0.26410001516342163, L_kl: 3.641416311264038, L_tot: 4.895628452301025
==============img.shape: (32, 64, 64, 3)
==============img.shape: (32, 64, 64, 3)
==============img.shape: (32, 64, 64, 3)
==============img.shape: (32, 64, 64, 3)
==============img.shape: (32, 64, 64, 3)
==============img.shape: (32, 64, 64, 3)
==============img.shape: (32, 64, 64, 3)
==============img.shape: (32, 64, 64, 3)
==============img.shape: (32, 64, 64, 3)
==============img.shape: (32, 64, 64, 3)
==============img.shape: (32, 64, 64, 3)
==============img.shape: (32, 64, 64, 3)
==============img.shape: (32, 64, 64, 3)
==============img.shape: (32, 64, 64, 3)
==============img.shape: (32, 64, 64, 3)
==============img.shape: (32, 64, 64, 3)
==============img.shape: (32, 64, 64, 3)
==============img.shape: (32, 64, 64, 3)
==============img.shape: (32, 64, 64, 3)
==============img.shape: (32, 64, 64, 3)
==============img.shape: (32, 64, 64, 3)
==============img.shape: (32, 64, 64, 3)
==============img.shape: (32, 64, 64, 3)
==============img.shape: (32, 64, 64, 3)
==============img.shape: (32, 64, 64, 3)
=====training completed
==============img.shape: (32, 64, 64, 3)
==============img.shape: (32, 64, 64, 3)
==============img.shape: (32, 64, 64, 3)
==============img.shape: (32, 64, 64, 3)
==============img.shape: (32, 64, 64, 3)
==============img.shape: (32, 64, 64, 3)
==============img.shape: (8, 64, 64, 3)
=====test completed
2020-10-30 13:25:50 Epoch 28 | TRAIN: L_img: 0.9898040294647217, L_gate: 0.27631691098213196, L_kl: 3.641415596008301, L_tot: 4.907536506652832 | TEST: L_img: 0.9900388121604919, L_gate: 0.26397639513015747, L_kl: 3.6414167881011963, L_tot: 4.895431995391846
==============img.shape: (32, 64, 64, 3)
==============img.shape: (32, 64, 64, 3)
==============img.shape: (32, 64, 64, 3)
==============img.shape: (32, 64, 64, 3)
==============img.shape: (32, 64, 64, 3)
==============img.shape: (32, 64, 64, 3)
==============img.shape: (32, 64, 64, 3)
==============img.shape: (32, 64, 64, 3)
==============img.shape: (32, 64, 64, 3)
==============img.shape: (32, 64, 64, 3)
==============img.shape: (32, 64, 64, 3)
==============img.shape: (32, 64, 64, 3)
==============img.shape: (32, 64, 64, 3)
==============img.shape: (32, 64, 64, 3)
==============img.shape: (32, 64, 64, 3)
==============img.shape: (32, 64, 64, 3)
==============img.shape: (32, 64, 64, 3)
==============img.shape: (32, 64, 64, 3)
==============img.shape: (32, 64, 64, 3)
==============img.shape: (32, 64, 64, 3)
==============img.shape: (32, 64, 64, 3)
==============img.shape: (32, 64, 64, 3)
==============img.shape: (32, 64, 64, 3)
==============img.shape: (32, 64, 64, 3)
==============img.shape: (32, 64, 64, 3)
=====training completed
==============img.shape: (32, 64, 64, 3)
==============img.shape: (32, 64, 64, 3)
==============img.shape: (32, 64, 64, 3)
==============img.shape: (32, 64, 64, 3)
==============img.shape: (32, 64, 64, 3)
==============img.shape: (32, 64, 64, 3)
==============img.shape: (8, 64, 64, 3)
=====test completed
2020-10-30 13:26:07 Epoch 29 | TRAIN: L_img: 0.9895282983779907, L_gate: 0.2781015634536743, L_kl: 3.6414127349853516, L_tot: 4.9090423583984375 | TEST: L_img: 0.9897074103355408, L_gate: 0.2617272436618805, L_kl: 3.6414103507995605, L_tot: 4.892845153808594
==============img.shape: (32, 64, 64, 3)
==============img.shape: (32, 64, 64, 3)
==============img.shape: (32, 64, 64, 3)
==============img.shape: (32, 64, 64, 3)
==============img.shape: (32, 64, 64, 3)
==============img.shape: (32, 64, 64, 3)
==============img.shape: (32, 64, 64, 3)
==============img.shape: (32, 64, 64, 3)
==============img.shape: (32, 64, 64, 3)
==============img.shape: (32, 64, 64, 3)
==============img.shape: (32, 64, 64, 3)
==============img.shape: (32, 64, 64, 3)
==============img.shape: (32, 64, 64, 3)
==============img.shape: (32, 64, 64, 3)
==============img.shape: (32, 64, 64, 3)
==============img.shape: (32, 64, 64, 3)
==============img.shape: (32, 64, 64, 3)
==============img.shape: (32, 64, 64, 3)
==============img.shape: (32, 64, 64, 3)
==============img.shape: (32, 64, 64, 3)
==============img.shape: (32, 64, 64, 3)
==============img.shape: (32, 64, 64, 3)
==============img.shape: (32, 64, 64, 3)
==============img.shape: (32, 64, 64, 3)
==============img.shape: (32, 64, 64, 3)
=====training completed
==============img.shape: (32, 64, 64, 3)
==============img.shape: (32, 64, 64, 3)
==============img.shape: (32, 64, 64, 3)
==============img.shape: (32, 64, 64, 3)
==============img.shape: (32, 64, 64, 3)
==============img.shape: (32, 64, 64, 3)
==============img.shape: (8, 64, 64, 3)
=====test completed
2020-10-30 13:26:23 Epoch 30 | TRAIN: L_img: 0.9893850684165955, L_gate: 0.2771211564540863, L_kl: 3.641411542892456, L_tot: 4.9079179763793945 | TEST: L_img: 0.9895781874656677, L_gate: 0.26316386461257935, L_kl: 3.6414105892181396, L_tot: 4.894152641296387
Saving weights to C:/tools/Drone_Racing_Files_v1/zz_model_outputs/cmvae_con_1k
==============img.shape: (32, 64, 64, 3)
==============img.shape: (32, 64, 64, 3)
==============img.shape: (32, 64, 64, 3)
==============img.shape: (32, 64, 64, 3)
==============img.shape: (32, 64, 64, 3)
==============img.shape: (32, 64, 64, 3)
==============img.shape: (32, 64, 64, 3)
==============img.shape: (32, 64, 64, 3)
==============img.shape: (32, 64, 64, 3)
==============img.shape: (32, 64, 64, 3)
==============img.shape: (32, 64, 64, 3)
==============img.shape: (32, 64, 64, 3)
==============img.shape: (32, 64, 64, 3)
==============img.shape: (32, 64, 64, 3)
==============img.shape: (32, 64, 64, 3)
==============img.shape: (32, 64, 64, 3)
==============img.shape: (32, 64, 64, 3)
==============img.shape: (32, 64, 64, 3)
==============img.shape: (32, 64, 64, 3)
==============img.shape: (32, 64, 64, 3)
==============img.shape: (32, 64, 64, 3)
==============img.shape: (32, 64, 64, 3)
==============img.shape: (32, 64, 64, 3)
==============img.shape: (32, 64, 64, 3)
==============img.shape: (32, 64, 64, 3)
=====training completed
==============img.shape: (32, 64, 64, 3)
==============img.shape: (32, 64, 64, 3)
==============img.shape: (32, 64, 64, 3)
==============img.shape: (32, 64, 64, 3)
==============img.shape: (32, 64, 64, 3)
==============img.shape: (32, 64, 64, 3)
==============img.shape: (8, 64, 64, 3)
=====test completed
2020-10-30 13:26:40 Epoch 31 | TRAIN: L_img: 0.9893394708633423, L_gate: 0.27602261304855347, L_kl: 3.641413688659668, L_tot: 4.90677547454834 | TEST: L_img: 0.989475429058075, L_gate: 0.2651638686656952, L_kl: 3.6414144039154053, L_tot: 4.896053791046143
==============img.shape: (32, 64, 64, 3)
==============img.shape: (32, 64, 64, 3)
==============img.shape: (32, 64, 64, 3)
==============img.shape: (32, 64, 64, 3)
==============img.shape: (32, 64, 64, 3)
==============img.shape: (32, 64, 64, 3)
==============img.shape: (32, 64, 64, 3)
==============img.shape: (32, 64, 64, 3)
==============img.shape: (32, 64, 64, 3)
==============img.shape: (32, 64, 64, 3)
==============img.shape: (32, 64, 64, 3)
==============img.shape: (32, 64, 64, 3)
==============img.shape: (32, 64, 64, 3)
==============img.shape: (32, 64, 64, 3)
==============img.shape: (32, 64, 64, 3)
==============img.shape: (32, 64, 64, 3)
==============img.shape: (32, 64, 64, 3)
==============img.shape: (32, 64, 64, 3)
==============img.shape: (32, 64, 64, 3)
==============img.shape: (32, 64, 64, 3)
==============img.shape: (32, 64, 64, 3)
==============img.shape: (32, 64, 64, 3)
==============img.shape: (32, 64, 64, 3)
==============img.shape: (32, 64, 64, 3)
==============img.shape: (32, 64, 64, 3)
=====training completed
==============img.shape: (32, 64, 64, 3)
==============img.shape: (32, 64, 64, 3)
==============img.shape: (32, 64, 64, 3)
==============img.shape: (32, 64, 64, 3)
==============img.shape: (32, 64, 64, 3)
==============img.shape: (32, 64, 64, 3)
==============img.shape: (8, 64, 64, 3)
=====test completed
2020-10-30 13:26:57 Epoch 32 | TRAIN: L_img: 0.9890934824943542, L_gate: 0.27600228786468506, L_kl: 3.6414122581481934, L_tot: 4.906507968902588 | TEST: L_img: 0.9892230033874512, L_gate: 0.26256904006004333, L_kl: 3.6414124965667725, L_tot: 4.893204689025879
==============img.shape: (32, 64, 64, 3)
==============img.shape: (32, 64, 64, 3)
==============img.shape: (32, 64, 64, 3)
==============img.shape: (32, 64, 64, 3)
==============img.shape: (32, 64, 64, 3)
==============img.shape: (32, 64, 64, 3)
==============img.shape: (32, 64, 64, 3)
==============img.shape: (32, 64, 64, 3)
==============img.shape: (32, 64, 64, 3)
==============img.shape: (32, 64, 64, 3)
==============img.shape: (32, 64, 64, 3)
==============img.shape: (32, 64, 64, 3)
==============img.shape: (32, 64, 64, 3)
==============img.shape: (32, 64, 64, 3)
==============img.shape: (32, 64, 64, 3)
==============img.shape: (32, 64, 64, 3)
==============img.shape: (32, 64, 64, 3)
==============img.shape: (32, 64, 64, 3)
==============img.shape: (32, 64, 64, 3)
==============img.shape: (32, 64, 64, 3)
==============img.shape: (32, 64, 64, 3)
==============img.shape: (32, 64, 64, 3)
==============img.shape: (32, 64, 64, 3)
==============img.shape: (32, 64, 64, 3)
==============img.shape: (32, 64, 64, 3)
=====training completed
==============img.shape: (32, 64, 64, 3)
==============img.shape: (32, 64, 64, 3)
==============img.shape: (32, 64, 64, 3)
==============img.shape: (32, 64, 64, 3)
==============img.shape: (32, 64, 64, 3)
==============img.shape: (32, 64, 64, 3)
==============img.shape: (8, 64, 64, 3)
=====test completed
2020-10-30 13:27:13 Epoch 33 | TRAIN: L_img: 0.9888937473297119, L_gate: 0.27554863691329956, L_kl: 3.641413688659668, L_tot: 4.905856132507324 | TEST: L_img: 0.9891850352287292, L_gate: 0.26174965500831604, L_kl: 3.6414129734039307, L_tot: 4.892347812652588
==============img.shape: (32, 64, 64, 3)
==============img.shape: (32, 64, 64, 3)
==============img.shape: (32, 64, 64, 3)
==============img.shape: (32, 64, 64, 3)
==============img.shape: (32, 64, 64, 3)
==============img.shape: (32, 64, 64, 3)
==============img.shape: (32, 64, 64, 3)
==============img.shape: (32, 64, 64, 3)
==============img.shape: (32, 64, 64, 3)
==============img.shape: (32, 64, 64, 3)
==============img.shape: (32, 64, 64, 3)
==============img.shape: (32, 64, 64, 3)
==============img.shape: (32, 64, 64, 3)
==============img.shape: (32, 64, 64, 3)
==============img.shape: (32, 64, 64, 3)
==============img.shape: (32, 64, 64, 3)
==============img.shape: (32, 64, 64, 3)
==============img.shape: (32, 64, 64, 3)
==============img.shape: (32, 64, 64, 3)
==============img.shape: (32, 64, 64, 3)
==============img.shape: (32, 64, 64, 3)
==============img.shape: (32, 64, 64, 3)
==============img.shape: (32, 64, 64, 3)
==============img.shape: (32, 64, 64, 3)
==============img.shape: (32, 64, 64, 3)
=====training completed
==============img.shape: (32, 64, 64, 3)
==============img.shape: (32, 64, 64, 3)
==============img.shape: (32, 64, 64, 3)
==============img.shape: (32, 64, 64, 3)
==============img.shape: (32, 64, 64, 3)
==============img.shape: (32, 64, 64, 3)
==============img.shape: (8, 64, 64, 3)
=====test completed
2020-10-30 13:27:30 Epoch 34 | TRAIN: L_img: 0.988788902759552, L_gate: 0.2757028341293335, L_kl: 3.6414132118225098, L_tot: 4.905904769897461 | TEST: L_img: 0.9890657067298889, L_gate: 0.262734055519104, L_kl: 3.6414148807525635, L_tot: 4.893214702606201
==============img.shape: (32, 64, 64, 3)
==============img.shape: (32, 64, 64, 3)
==============img.shape: (32, 64, 64, 3)
==============img.shape: (32, 64, 64, 3)
==============img.shape: (32, 64, 64, 3)
==============img.shape: (32, 64, 64, 3)
==============img.shape: (32, 64, 64, 3)
==============img.shape: (32, 64, 64, 3)
==============img.shape: (32, 64, 64, 3)
==============img.shape: (32, 64, 64, 3)
==============img.shape: (32, 64, 64, 3)
==============img.shape: (32, 64, 64, 3)
==============img.shape: (32, 64, 64, 3)
==============img.shape: (32, 64, 64, 3)
==============img.shape: (32, 64, 64, 3)
==============img.shape: (32, 64, 64, 3)
==============img.shape: (32, 64, 64, 3)
==============img.shape: (32, 64, 64, 3)
==============img.shape: (32, 64, 64, 3)
==============img.shape: (32, 64, 64, 3)
==============img.shape: (32, 64, 64, 3)
==============img.shape: (32, 64, 64, 3)
==============img.shape: (32, 64, 64, 3)
==============img.shape: (32, 64, 64, 3)
==============img.shape: (32, 64, 64, 3)
=====training completed
==============img.shape: (32, 64, 64, 3)
==============img.shape: (32, 64, 64, 3)
==============img.shape: (32, 64, 64, 3)
==============img.shape: (32, 64, 64, 3)
==============img.shape: (32, 64, 64, 3)
==============img.shape: (32, 64, 64, 3)
==============img.shape: (8, 64, 64, 3)
=====test completed
2020-10-30 13:27:46 Epoch 35 | TRAIN: L_img: 0.9887644052505493, L_gate: 0.2753482460975647, L_kl: 3.6414129734039307, L_tot: 4.9055256843566895 | TEST: L_img: 0.9888924956321716, L_gate: 0.26272422075271606, L_kl: 3.6414103507995605, L_tot: 4.893027305603027
Saving weights to C:/tools/Drone_Racing_Files_v1/zz_model_outputs/cmvae_con_1k
==============img.shape: (32, 64, 64, 3)
==============img.shape: (32, 64, 64, 3)
==============img.shape: (32, 64, 64, 3)
==============img.shape: (32, 64, 64, 3)
==============img.shape: (32, 64, 64, 3)
==============img.shape: (32, 64, 64, 3)
==============img.shape: (32, 64, 64, 3)
==============img.shape: (32, 64, 64, 3)
==============img.shape: (32, 64, 64, 3)
==============img.shape: (32, 64, 64, 3)
==============img.shape: (32, 64, 64, 3)
==============img.shape: (32, 64, 64, 3)
==============img.shape: (32, 64, 64, 3)
==============img.shape: (32, 64, 64, 3)
==============img.shape: (32, 64, 64, 3)
==============img.shape: (32, 64, 64, 3)
==============img.shape: (32, 64, 64, 3)
==============img.shape: (32, 64, 64, 3)
==============img.shape: (32, 64, 64, 3)
==============img.shape: (32, 64, 64, 3)
==============img.shape: (32, 64, 64, 3)
==============img.shape: (32, 64, 64, 3)
==============img.shape: (32, 64, 64, 3)
==============img.shape: (32, 64, 64, 3)
==============img.shape: (32, 64, 64, 3)
=====training completed
==============img.shape: (32, 64, 64, 3)
==============img.shape: (32, 64, 64, 3)
==============img.shape: (32, 64, 64, 3)
==============img.shape: (32, 64, 64, 3)
==============img.shape: (32, 64, 64, 3)
==============img.shape: (32, 64, 64, 3)
==============img.shape: (8, 64, 64, 3)
=====test completed
2020-10-30 13:28:03 Epoch 36 | TRAIN: L_img: 0.9886273741722107, L_gate: 0.2746555805206299, L_kl: 3.641411781311035, L_tot: 4.904694557189941 | TEST: L_img: 0.9888243675231934, L_gate: 0.2618660628795624, L_kl: 3.641416311264038, L_tot: 4.892107009887695
==============img.shape: (32, 64, 64, 3)
==============img.shape: (32, 64, 64, 3)
==============img.shape: (32, 64, 64, 3)
==============img.shape: (32, 64, 64, 3)
==============img.shape: (32, 64, 64, 3)
==============img.shape: (32, 64, 64, 3)
==============img.shape: (32, 64, 64, 3)
==============img.shape: (32, 64, 64, 3)
==============img.shape: (32, 64, 64, 3)
==============img.shape: (32, 64, 64, 3)
==============img.shape: (32, 64, 64, 3)
==============img.shape: (32, 64, 64, 3)
==============img.shape: (32, 64, 64, 3)
==============img.shape: (32, 64, 64, 3)
==============img.shape: (32, 64, 64, 3)
==============img.shape: (32, 64, 64, 3)
==============img.shape: (32, 64, 64, 3)
==============img.shape: (32, 64, 64, 3)
==============img.shape: (32, 64, 64, 3)
==============img.shape: (32, 64, 64, 3)
==============img.shape: (32, 64, 64, 3)
==============img.shape: (32, 64, 64, 3)
==============img.shape: (32, 64, 64, 3)
==============img.shape: (32, 64, 64, 3)
==============img.shape: (32, 64, 64, 3)
=====training completed
==============img.shape: (32, 64, 64, 3)
==============img.shape: (32, 64, 64, 3)
==============img.shape: (32, 64, 64, 3)
==============img.shape: (32, 64, 64, 3)
==============img.shape: (32, 64, 64, 3)
==============img.shape: (32, 64, 64, 3)
==============img.shape: (8, 64, 64, 3)
=====test completed
2020-10-30 13:28:20 Epoch 37 | TRAIN: L_img: 0.9885657429695129, L_gate: 0.2750033438205719, L_kl: 3.6414132118225098, L_tot: 4.904982566833496 | TEST: L_img: 0.9887212514877319, L_gate: 0.2616555392742157, L_kl: 3.6414127349853516, L_tot: 4.891789436340332
==============img.shape: (32, 64, 64, 3)
==============img.shape: (32, 64, 64, 3)
==============img.shape: (32, 64, 64, 3)
==============img.shape: (32, 64, 64, 3)
==============img.shape: (32, 64, 64, 3)
==============img.shape: (32, 64, 64, 3)
==============img.shape: (32, 64, 64, 3)
==============img.shape: (32, 64, 64, 3)
==============img.shape: (32, 64, 64, 3)
==============img.shape: (32, 64, 64, 3)
==============img.shape: (32, 64, 64, 3)
==============img.shape: (32, 64, 64, 3)
==============img.shape: (32, 64, 64, 3)
==============img.shape: (32, 64, 64, 3)
==============img.shape: (32, 64, 64, 3)
==============img.shape: (32, 64, 64, 3)
==============img.shape: (32, 64, 64, 3)
==============img.shape: (32, 64, 64, 3)
==============img.shape: (32, 64, 64, 3)
==============img.shape: (32, 64, 64, 3)
==============img.shape: (32, 64, 64, 3)
==============img.shape: (32, 64, 64, 3)
==============img.shape: (32, 64, 64, 3)
==============img.shape: (32, 64, 64, 3)
==============img.shape: (32, 64, 64, 3)
=====training completed
==============img.shape: (32, 64, 64, 3)
==============img.shape: (32, 64, 64, 3)
==============img.shape: (32, 64, 64, 3)
==============img.shape: (32, 64, 64, 3)
==============img.shape: (32, 64, 64, 3)
==============img.shape: (32, 64, 64, 3)
==============img.shape: (8, 64, 64, 3)
=====test completed
2020-10-30 13:28:36 Epoch 38 | TRAIN: L_img: 0.9884448051452637, L_gate: 0.2747710943222046, L_kl: 3.641413688659668, L_tot: 4.904629707336426 | TEST: L_img: 0.9886699318885803, L_gate: 0.26187482476234436, L_kl: 3.6414148807525635, L_tot: 4.8919596672058105
==============img.shape: (32, 64, 64, 3)
==============img.shape: (32, 64, 64, 3)
==============img.shape: (32, 64, 64, 3)
==============img.shape: (32, 64, 64, 3)
==============img.shape: (32, 64, 64, 3)
==============img.shape: (32, 64, 64, 3)
==============img.shape: (32, 64, 64, 3)
==============img.shape: (32, 64, 64, 3)
==============img.shape: (32, 64, 64, 3)
==============img.shape: (32, 64, 64, 3)
==============img.shape: (32, 64, 64, 3)
==============img.shape: (32, 64, 64, 3)
==============img.shape: (32, 64, 64, 3)
==============img.shape: (32, 64, 64, 3)
==============img.shape: (32, 64, 64, 3)
==============img.shape: (32, 64, 64, 3)
==============img.shape: (32, 64, 64, 3)
==============img.shape: (32, 64, 64, 3)
==============img.shape: (32, 64, 64, 3)
==============img.shape: (32, 64, 64, 3)
==============img.shape: (32, 64, 64, 3)
==============img.shape: (32, 64, 64, 3)
==============img.shape: (32, 64, 64, 3)
==============img.shape: (32, 64, 64, 3)
==============img.shape: (32, 64, 64, 3)
=====training completed
==============img.shape: (32, 64, 64, 3)
==============img.shape: (32, 64, 64, 3)
==============img.shape: (32, 64, 64, 3)
==============img.shape: (32, 64, 64, 3)
==============img.shape: (32, 64, 64, 3)
==============img.shape: (32, 64, 64, 3)
==============img.shape: (8, 64, 64, 3)
=====test completed
2020-10-30 13:28:53 Epoch 39 | TRAIN: L_img: 0.9883891344070435, L_gate: 0.2743387520313263, L_kl: 3.6414122581481934, L_tot: 4.904139995574951 | TEST: L_img: 0.9886265397071838, L_gate: 0.26214319467544556, L_kl: 3.6414105892181396, L_tot: 4.892180442810059
==============img.shape: (32, 64, 64, 3)
==============img.shape: (32, 64, 64, 3)
==============img.shape: (32, 64, 64, 3)
==============img.shape: (32, 64, 64, 3)
==============img.shape: (32, 64, 64, 3)
==============img.shape: (32, 64, 64, 3)
==============img.shape: (32, 64, 64, 3)
==============img.shape: (32, 64, 64, 3)
==============img.shape: (32, 64, 64, 3)
==============img.shape: (32, 64, 64, 3)
==============img.shape: (32, 64, 64, 3)
==============img.shape: (32, 64, 64, 3)
==============img.shape: (32, 64, 64, 3)
==============img.shape: (32, 64, 64, 3)
==============img.shape: (32, 64, 64, 3)
==============img.shape: (32, 64, 64, 3)
==============img.shape: (32, 64, 64, 3)
==============img.shape: (32, 64, 64, 3)
==============img.shape: (32, 64, 64, 3)
==============img.shape: (32, 64, 64, 3)
==============img.shape: (32, 64, 64, 3)
==============img.shape: (32, 64, 64, 3)
==============img.shape: (32, 64, 64, 3)
==============img.shape: (32, 64, 64, 3)
==============img.shape: (32, 64, 64, 3)
=====training completed
==============img.shape: (32, 64, 64, 3)
==============img.shape: (32, 64, 64, 3)
==============img.shape: (32, 64, 64, 3)
==============img.shape: (32, 64, 64, 3)
==============img.shape: (32, 64, 64, 3)
==============img.shape: (32, 64, 64, 3)
==============img.shape: (8, 64, 64, 3)
=====test completed
2020-10-30 13:29:12 Epoch 40 | TRAIN: L_img: 0.9883375763893127, L_gate: 0.274585485458374, L_kl: 3.641414165496826, L_tot: 4.904336929321289 | TEST: L_img: 0.988496720790863, L_gate: 0.2609110474586487, L_kl: 3.6414127349853516, L_tot: 4.890820503234863
Saving weights to C:/tools/Drone_Racing_Files_v1/zz_model_outputs/cmvae_con_1k
==============img.shape: (32, 64, 64, 3)
==============img.shape: (32, 64, 64, 3)
==============img.shape: (32, 64, 64, 3)
==============img.shape: (32, 64, 64, 3)
==============img.shape: (32, 64, 64, 3)
==============img.shape: (32, 64, 64, 3)
==============img.shape: (32, 64, 64, 3)
==============img.shape: (32, 64, 64, 3)
==============img.shape: (32, 64, 64, 3)
==============img.shape: (32, 64, 64, 3)
==============img.shape: (32, 64, 64, 3)
==============img.shape: (32, 64, 64, 3)
==============img.shape: (32, 64, 64, 3)
==============img.shape: (32, 64, 64, 3)
==============img.shape: (32, 64, 64, 3)
==============img.shape: (32, 64, 64, 3)
==============img.shape: (32, 64, 64, 3)
==============img.shape: (32, 64, 64, 3)
==============img.shape: (32, 64, 64, 3)
==============img.shape: (32, 64, 64, 3)
==============img.shape: (32, 64, 64, 3)
==============img.shape: (32, 64, 64, 3)
==============img.shape: (32, 64, 64, 3)
==============img.shape: (32, 64, 64, 3)
==============img.shape: (32, 64, 64, 3)
=====training completed
==============img.shape: (32, 64, 64, 3)
==============img.shape: (32, 64, 64, 3)
==============img.shape: (32, 64, 64, 3)
==============img.shape: (32, 64, 64, 3)
==============img.shape: (32, 64, 64, 3)
==============img.shape: (32, 64, 64, 3)
==============img.shape: (8, 64, 64, 3)
=====test completed
2020-10-30 13:29:29 Epoch 41 | TRAIN: L_img: 0.9882218837738037, L_gate: 0.2746201157569885, L_kl: 3.641413688659668, L_tot: 4.9042558670043945 | TEST: L_img: 0.9885990023612976, L_gate: 0.26095861196517944, L_kl: 3.6414108276367188, L_tot: 4.890968322753906
==============img.shape: (32, 64, 64, 3)
==============img.shape: (32, 64, 64, 3)
==============img.shape: (32, 64, 64, 3)
==============img.shape: (32, 64, 64, 3)
==============img.shape: (32, 64, 64, 3)
==============img.shape: (32, 64, 64, 3)
==============img.shape: (32, 64, 64, 3)
==============img.shape: (32, 64, 64, 3)
==============img.shape: (32, 64, 64, 3)
==============img.shape: (32, 64, 64, 3)
==============img.shape: (32, 64, 64, 3)
==============img.shape: (32, 64, 64, 3)
==============img.shape: (32, 64, 64, 3)
==============img.shape: (32, 64, 64, 3)
==============img.shape: (32, 64, 64, 3)
==============img.shape: (32, 64, 64, 3)
==============img.shape: (32, 64, 64, 3)
==============img.shape: (32, 64, 64, 3)
==============img.shape: (32, 64, 64, 3)
==============img.shape: (32, 64, 64, 3)
==============img.shape: (32, 64, 64, 3)
==============img.shape: (32, 64, 64, 3)
==============img.shape: (32, 64, 64, 3)
==============img.shape: (32, 64, 64, 3)
==============img.shape: (32, 64, 64, 3)
=====training completed
==============img.shape: (32, 64, 64, 3)
==============img.shape: (32, 64, 64, 3)
==============img.shape: (32, 64, 64, 3)
==============img.shape: (32, 64, 64, 3)
==============img.shape: (32, 64, 64, 3)
==============img.shape: (32, 64, 64, 3)
==============img.shape: (8, 64, 64, 3)
=====test completed
2020-10-30 13:29:47 Epoch 42 | TRAIN: L_img: 0.9881329536437988, L_gate: 0.27499282360076904, L_kl: 3.6414144039154053, L_tot: 4.904540061950684 | TEST: L_img: 0.9883776903152466, L_gate: 0.26020050048828125, L_kl: 3.6414108276367188, L_tot: 4.889988899230957
==============img.shape: (32, 64, 64, 3)
==============img.shape: (32, 64, 64, 3)
==============img.shape: (32, 64, 64, 3)
==============img.shape: (32, 64, 64, 3)
==============img.shape: (32, 64, 64, 3)
==============img.shape: (32, 64, 64, 3)
==============img.shape: (32, 64, 64, 3)
==============img.shape: (32, 64, 64, 3)
==============img.shape: (32, 64, 64, 3)
==============img.shape: (32, 64, 64, 3)
==============img.shape: (32, 64, 64, 3)
==============img.shape: (32, 64, 64, 3)
==============img.shape: (32, 64, 64, 3)
==============img.shape: (32, 64, 64, 3)
==============img.shape: (32, 64, 64, 3)
==============img.shape: (32, 64, 64, 3)
==============img.shape: (32, 64, 64, 3)
==============img.shape: (32, 64, 64, 3)
==============img.shape: (32, 64, 64, 3)
==============img.shape: (32, 64, 64, 3)
==============img.shape: (32, 64, 64, 3)
==============img.shape: (32, 64, 64, 3)
==============img.shape: (32, 64, 64, 3)
==============img.shape: (32, 64, 64, 3)
==============img.shape: (32, 64, 64, 3)
=====training completed
==============img.shape: (32, 64, 64, 3)
==============img.shape: (32, 64, 64, 3)
==============img.shape: (32, 64, 64, 3)
==============img.shape: (32, 64, 64, 3)
==============img.shape: (32, 64, 64, 3)
==============img.shape: (32, 64, 64, 3)
==============img.shape: (8, 64, 64, 3)
=====test completed
2020-10-30 13:30:04 Epoch 43 | TRAIN: L_img: 0.988109290599823, L_gate: 0.2742583751678467, L_kl: 3.6414148807525635, L_tot: 4.903782844543457 | TEST: L_img: 0.9882746934890747, L_gate: 0.26174646615982056, L_kl: 3.6414144039154053, L_tot: 4.891435623168945
==============img.shape: (32, 64, 64, 3)
==============img.shape: (32, 64, 64, 3)
==============img.shape: (32, 64, 64, 3)
==============img.shape: (32, 64, 64, 3)
==============img.shape: (32, 64, 64, 3)
==============img.shape: (32, 64, 64, 3)
==============img.shape: (32, 64, 64, 3)
==============img.shape: (32, 64, 64, 3)
==============img.shape: (32, 64, 64, 3)
==============img.shape: (32, 64, 64, 3)
==============img.shape: (32, 64, 64, 3)
==============img.shape: (32, 64, 64, 3)
==============img.shape: (32, 64, 64, 3)
==============img.shape: (32, 64, 64, 3)
==============img.shape: (32, 64, 64, 3)
==============img.shape: (32, 64, 64, 3)
==============img.shape: (32, 64, 64, 3)
==============img.shape: (32, 64, 64, 3)
==============img.shape: (32, 64, 64, 3)
==============img.shape: (32, 64, 64, 3)
==============img.shape: (32, 64, 64, 3)
==============img.shape: (32, 64, 64, 3)
==============img.shape: (32, 64, 64, 3)
==============img.shape: (32, 64, 64, 3)
==============img.shape: (32, 64, 64, 3)
=====training completed
==============img.shape: (32, 64, 64, 3)
==============img.shape: (32, 64, 64, 3)
==============img.shape: (32, 64, 64, 3)
==============img.shape: (32, 64, 64, 3)
==============img.shape: (32, 64, 64, 3)
==============img.shape: (32, 64, 64, 3)
==============img.shape: (8, 64, 64, 3)
=====test completed
2020-10-30 13:30:21 Epoch 44 | TRAIN: L_img: 0.9880586266517639, L_gate: 0.274173378944397, L_kl: 3.641414165496826, L_tot: 4.903646469116211 | TEST: L_img: 0.9882933497428894, L_gate: 0.2610119879245758, L_kl: 3.641411304473877, L_tot: 4.890716552734375
==============img.shape: (32, 64, 64, 3)
==============img.shape: (32, 64, 64, 3)
==============img.shape: (32, 64, 64, 3)
==============img.shape: (32, 64, 64, 3)
==============img.shape: (32, 64, 64, 3)
==============img.shape: (32, 64, 64, 3)
==============img.shape: (32, 64, 64, 3)
==============img.shape: (32, 64, 64, 3)
==============img.shape: (32, 64, 64, 3)
==============img.shape: (32, 64, 64, 3)
==============img.shape: (32, 64, 64, 3)
==============img.shape: (32, 64, 64, 3)
==============img.shape: (32, 64, 64, 3)
==============img.shape: (32, 64, 64, 3)
==============img.shape: (32, 64, 64, 3)
==============img.shape: (32, 64, 64, 3)
==============img.shape: (32, 64, 64, 3)
==============img.shape: (32, 64, 64, 3)
==============img.shape: (32, 64, 64, 3)
==============img.shape: (32, 64, 64, 3)
==============img.shape: (32, 64, 64, 3)
==============img.shape: (32, 64, 64, 3)
==============img.shape: (32, 64, 64, 3)
==============img.shape: (32, 64, 64, 3)
==============img.shape: (32, 64, 64, 3)
=====training completed
==============img.shape: (32, 64, 64, 3)
==============img.shape: (32, 64, 64, 3)
==============img.shape: (32, 64, 64, 3)
==============img.shape: (32, 64, 64, 3)
==============img.shape: (32, 64, 64, 3)
==============img.shape: (32, 64, 64, 3)
==============img.shape: (8, 64, 64, 3)
=====test completed
2020-10-30 13:30:39 Epoch 45 | TRAIN: L_img: 0.9880231618881226, L_gate: 0.27475506067276, L_kl: 3.641416311264038, L_tot: 4.9041948318481445 | TEST: L_img: 0.9882179498672485, L_gate: 0.2610138952732086, L_kl: 3.6414129734039307, L_tot: 4.8906450271606445
Saving weights to C:/tools/Drone_Racing_Files_v1/zz_model_outputs/cmvae_con_1k
==============img.shape: (32, 64, 64, 3)
==============img.shape: (32, 64, 64, 3)
==============img.shape: (32, 64, 64, 3)
==============img.shape: (32, 64, 64, 3)
==============img.shape: (32, 64, 64, 3)
==============img.shape: (32, 64, 64, 3)
==============img.shape: (32, 64, 64, 3)
==============img.shape: (32, 64, 64, 3)
==============img.shape: (32, 64, 64, 3)
==============img.shape: (32, 64, 64, 3)
==============img.shape: (32, 64, 64, 3)
==============img.shape: (32, 64, 64, 3)
==============img.shape: (32, 64, 64, 3)
==============img.shape: (32, 64, 64, 3)
==============img.shape: (32, 64, 64, 3)
==============img.shape: (32, 64, 64, 3)
==============img.shape: (32, 64, 64, 3)
==============img.shape: (32, 64, 64, 3)
==============img.shape: (32, 64, 64, 3)
==============img.shape: (32, 64, 64, 3)
==============img.shape: (32, 64, 64, 3)
==============img.shape: (32, 64, 64, 3)
==============img.shape: (32, 64, 64, 3)
==============img.shape: (32, 64, 64, 3)
==============img.shape: (32, 64, 64, 3)
=====training completed
==============img.shape: (32, 64, 64, 3)
==============img.shape: (32, 64, 64, 3)
==============img.shape: (32, 64, 64, 3)
==============img.shape: (32, 64, 64, 3)
==============img.shape: (32, 64, 64, 3)
==============img.shape: (32, 64, 64, 3)
==============img.shape: (8, 64, 64, 3)
=====test completed
2020-10-30 13:30:56 Epoch 46 | TRAIN: L_img: 0.9879836440086365, L_gate: 0.27386853098869324, L_kl: 3.6414120197296143, L_tot: 4.903264045715332 | TEST: L_img: 0.9881635308265686, L_gate: 0.2602292001247406, L_kl: 3.641411066055298, L_tot: 4.889803886413574
==============img.shape: (32, 64, 64, 3)
==============img.shape: (32, 64, 64, 3)
==============img.shape: (32, 64, 64, 3)
==============img.shape: (32, 64, 64, 3)
==============img.shape: (32, 64, 64, 3)
==============img.shape: (32, 64, 64, 3)
==============img.shape: (32, 64, 64, 3)
==============img.shape: (32, 64, 64, 3)
==============img.shape: (32, 64, 64, 3)
==============img.shape: (32, 64, 64, 3)
==============img.shape: (32, 64, 64, 3)
==============img.shape: (32, 64, 64, 3)
==============img.shape: (32, 64, 64, 3)
==============img.shape: (32, 64, 64, 3)
==============img.shape: (32, 64, 64, 3)
==============img.shape: (32, 64, 64, 3)
==============img.shape: (32, 64, 64, 3)
==============img.shape: (32, 64, 64, 3)
==============img.shape: (32, 64, 64, 3)
==============img.shape: (32, 64, 64, 3)
==============img.shape: (32, 64, 64, 3)
==============img.shape: (32, 64, 64, 3)
==============img.shape: (32, 64, 64, 3)
==============img.shape: (32, 64, 64, 3)
==============img.shape: (32, 64, 64, 3)
=====training completed
==============img.shape: (32, 64, 64, 3)
==============img.shape: (32, 64, 64, 3)
==============img.shape: (32, 64, 64, 3)
==============img.shape: (32, 64, 64, 3)
==============img.shape: (32, 64, 64, 3)
==============img.shape: (32, 64, 64, 3)
==============img.shape: (8, 64, 64, 3)
=====test completed
2020-10-30 13:31:13 Epoch 47 | TRAIN: L_img: 0.9879060983657837, L_gate: 0.2743121087551117, L_kl: 3.641411542892456, L_tot: 4.903629779815674 | TEST: L_img: 0.988158106803894, L_gate: 0.26120463013648987, L_kl: 3.641411066055298, L_tot: 4.890773773193359
==============img.shape: (32, 64, 64, 3)
==============img.shape: (32, 64, 64, 3)
==============img.shape: (32, 64, 64, 3)
==============img.shape: (32, 64, 64, 3)
==============img.shape: (32, 64, 64, 3)
==============img.shape: (32, 64, 64, 3)
==============img.shape: (32, 64, 64, 3)
==============img.shape: (32, 64, 64, 3)
==============img.shape: (32, 64, 64, 3)
==============img.shape: (32, 64, 64, 3)
==============img.shape: (32, 64, 64, 3)
==============img.shape: (32, 64, 64, 3)
==============img.shape: (32, 64, 64, 3)
==============img.shape: (32, 64, 64, 3)
==============img.shape: (32, 64, 64, 3)
==============img.shape: (32, 64, 64, 3)
==============img.shape: (32, 64, 64, 3)
==============img.shape: (32, 64, 64, 3)
==============img.shape: (32, 64, 64, 3)
==============img.shape: (32, 64, 64, 3)
==============img.shape: (32, 64, 64, 3)
==============img.shape: (32, 64, 64, 3)
==============img.shape: (32, 64, 64, 3)
==============img.shape: (32, 64, 64, 3)
==============img.shape: (32, 64, 64, 3)
=====training completed
==============img.shape: (32, 64, 64, 3)
==============img.shape: (32, 64, 64, 3)
==============img.shape: (32, 64, 64, 3)
==============img.shape: (32, 64, 64, 3)
==============img.shape: (32, 64, 64, 3)
==============img.shape: (32, 64, 64, 3)
==============img.shape: (8, 64, 64, 3)
=====test completed
2020-10-30 13:31:30 Epoch 48 | TRAIN: L_img: 0.9878788590431213, L_gate: 0.27397286891937256, L_kl: 3.6414127349853516, L_tot: 4.90326452255249 | TEST: L_img: 0.9881516695022583, L_gate: 0.2616488039493561, L_kl: 3.641413927078247, L_tot: 4.891214370727539
==============img.shape: (32, 64, 64, 3)
==============img.shape: (32, 64, 64, 3)
==============img.shape: (32, 64, 64, 3)
==============img.shape: (32, 64, 64, 3)
==============img.shape: (32, 64, 64, 3)
==============img.shape: (32, 64, 64, 3)
==============img.shape: (32, 64, 64, 3)
==============img.shape: (32, 64, 64, 3)
==============img.shape: (32, 64, 64, 3)
==============img.shape: (32, 64, 64, 3)
==============img.shape: (32, 64, 64, 3)
==============img.shape: (32, 64, 64, 3)
==============img.shape: (32, 64, 64, 3)
==============img.shape: (32, 64, 64, 3)
==============img.shape: (32, 64, 64, 3)
==============img.shape: (32, 64, 64, 3)
==============img.shape: (32, 64, 64, 3)
==============img.shape: (32, 64, 64, 3)
==============img.shape: (32, 64, 64, 3)
==============img.shape: (32, 64, 64, 3)
==============img.shape: (32, 64, 64, 3)
==============img.shape: (32, 64, 64, 3)
==============img.shape: (32, 64, 64, 3)
==============img.shape: (32, 64, 64, 3)
==============img.shape: (32, 64, 64, 3)
=====training completed
==============img.shape: (32, 64, 64, 3)
==============img.shape: (32, 64, 64, 3)
==============img.shape: (32, 64, 64, 3)
==============img.shape: (32, 64, 64, 3)
==============img.shape: (32, 64, 64, 3)
==============img.shape: (32, 64, 64, 3)
==============img.shape: (8, 64, 64, 3)
=====test completed
2020-10-30 13:31:46 Epoch 49 | TRAIN: L_img: 0.9878829121589661, L_gate: 0.27423298358917236, L_kl: 3.641418218612671, L_tot: 4.903533935546875 | TEST: L_img: 0.9881118535995483, L_gate: 0.2621462941169739, L_kl: 3.64141845703125, L_tot: 4.891676902770996
Saving weights to C:/tools/Drone_Racing_Files_v1/zz_model_outputs/cmvae_con_1k
End of training

Process finished with exit code 0
