C:\Users\gary\.conda\envs\AirSim-Drone-VAE-PY3\python.exe C:/code_repo/AirSim-Drone-Racing-VAE-Imitation/imitation_learning/train_bc.py
Starting dataset
Done. Going to read images.
image idx = 0 out of 4148 images
image idx = 1000 out of 4148 images
image idx = 2000 out of 4148 images
image idx = 3000 out of 4148 images
image idx = 4000 out of 4148 images
Num samples: 4148
Average vx: 1.5326639413833618
Average vy: 0.3606027662754059
Average vz: -0.005232726223766804
Average vyaw: 0.1923598200082779
Done. Going to read images.
image idx = 0 out of 4489 images
image idx = 1000 out of 4489 images
image idx = 2000 out of 4489 images
image idx = 3000 out of 4489 images
image idx = 4000 out of 4489 images
Num samples: 4489
Average vx: 1.5535471439361572
Average vy: 0.35645145177841187
Average vz: -0.007793074008077383
Average vyaw: 0.18977417051792145
Done. Going to read images.
image idx = 0 out of 4747 images
image idx = 1000 out of 4747 images
image idx = 2000 out of 4747 images
image idx = 3000 out of 4747 images
image idx = 4000 out of 4747 images
Num samples: 4747
Average vx: 1.5798687934875488
Average vy: 0.38534224033355713
Average vz: -0.002544626360759139
Average vyaw: 0.19529101252555847
Done. Going to read images.
image idx = 0 out of 4471 images
image idx = 1000 out of 4471 images
image idx = 2000 out of 4471 images
image idx = 3000 out of 4471 images
image idx = 4000 out of 4471 images
Num samples: 4471
Average vx: 2.200140953063965
Average vy: 0.5045695900917053
Average vz: -0.016868380829691887
Average vyaw: 0.19239918887615204
2020-10-28 00:01:20.517993: W tensorflow/core/common_runtime/gpu/gpu_bfc_allocator.cc:39] Overriding allow_growth setting because the TF_FORCE_GPU_ALLOW_GROWTH environment variable is set. Original config value was 0.
Done with dataset
[Dronet] Starting dronet
[Dronet] Done with dronet
[ImgDecoder] Starting create_model
[ImgDecoder] Done with create_model
[NonLinearTransformer] Starting create_model
[NonLinearTransformer] Done with create_model
[NonLinearTransformer] Starting create_model
[NonLinearTransformer] Done with create_model
[NonLinearTransformer] Starting create_model
[NonLinearTransformer] Done with create_model
[NonLinearTransformer] Starting create_model
[NonLinearTransformer] Done with create_model
[BcLatent] Starting create_model
[BcLatent] Done with create_model
Start training ...
Model: "bc_latent"
_________________________________________________________________
Layer (type)                 Output Shape              Param #
=================================================================
bc_dense (Sequential)        multiple                  6996
=================================================================
Total params: 6,996
Trainable params: 6,996
Non-trainable params: 0
_________________________________________________________________
2020-10-28 00:01:46 Epoch 0 | Train L_gate: 0.04068917781114578 | Test L_gate: 0.02930627204477787
2020-10-28 00:01:53 Epoch 1 | Train L_gate: 0.03179999813437462 | Test L_gate: 0.026702499017119408
2020-10-28 00:02:00 Epoch 2 | Train L_gate: 0.031046494841575623 | Test L_gate: 0.026733621954917908
2020-10-28 00:02:08 Epoch 3 | Train L_gate: 0.030752113088965416 | Test L_gate: 0.0266695786267519
2020-10-28 00:02:15 Epoch 4 | Train L_gate: 0.0305841863155365 | Test L_gate: 0.026619253680109978
2020-10-28 00:02:23 Epoch 5 | Train L_gate: 0.03046753816306591 | Test L_gate: 0.026580821722745895
2020-10-28 00:02:30 Epoch 6 | Train L_gate: 0.03038632869720459 | Test L_gate: 0.026554517447948456
2020-10-28 00:02:38 Epoch 7 | Train L_gate: 0.030327361077070236 | Test L_gate: 0.026544516906142235
2020-10-28 00:02:46 Epoch 8 | Train L_gate: 0.030286265537142754 | Test L_gate: 0.026531899347901344
2020-10-28 00:02:54 Epoch 9 | Train L_gate: 0.030254242941737175 | Test L_gate: 0.026523230597376823
2020-10-28 00:03:01 Epoch 10 | Train L_gate: 0.030226517468690872 | Test L_gate: 0.026517700403928757
Saving weights to C:/tools/Drone_Racing_Files_v1/zz_model_outputs/bc_on_cmvae_con_50k_dense121
2020-10-28 00:03:09 Epoch 11 | Train L_gate: 0.030204566195607185 | Test L_gate: 0.02651093527674675
2020-10-28 00:03:18 Epoch 12 | Train L_gate: 0.030186865478754044 | Test L_gate: 0.02650715410709381
2020-10-28 00:03:26 Epoch 13 | Train L_gate: 0.030171826481819153 | Test L_gate: 0.026504112407565117
2020-10-28 00:03:35 Epoch 14 | Train L_gate: 0.030158942565321922 | Test L_gate: 0.026500631123781204
2020-10-28 00:03:43 Epoch 15 | Train L_gate: 0.03014783374965191 | Test L_gate: 0.026497801765799522
2020-10-28 00:03:51 Epoch 16 | Train L_gate: 0.030137982219457626 | Test L_gate: 0.02649526856839657
2020-10-28 00:03:59 Epoch 17 | Train L_gate: 0.030129149556159973 | Test L_gate: 0.026493385434150696
2020-10-28 00:04:06 Epoch 18 | Train L_gate: 0.030121559277176857 | Test L_gate: 0.026491951197385788
2020-10-28 00:04:14 Epoch 19 | Train L_gate: 0.030114635825157166 | Test L_gate: 0.02649165876209736
2020-10-28 00:04:22 Epoch 20 | Train L_gate: 0.030107827857136726 | Test L_gate: 0.026496924459934235
Saving weights to C:/tools/Drone_Racing_Files_v1/zz_model_outputs/bc_on_cmvae_con_50k_dense121
2020-10-28 00:04:34 Epoch 21 | Train L_gate: 0.030103662982583046 | Test L_gate: 0.026499204337596893
2020-10-28 00:04:42 Epoch 22 | Train L_gate: 0.030098991468548775 | Test L_gate: 0.02649688348174095
2020-10-28 00:04:52 Epoch 23 | Train L_gate: 0.030094556510448456 | Test L_gate: 0.026495588943362236
2020-10-28 00:05:00 Epoch 24 | Train L_gate: 0.03009050339460373 | Test L_gate: 0.026494354009628296
2020-10-28 00:05:09 Epoch 25 | Train L_gate: 0.030086906626820564 | Test L_gate: 0.026492858305573463
2020-10-28 00:05:18 Epoch 26 | Train L_gate: 0.030083412304520607 | Test L_gate: 0.026491565629839897
2020-10-28 00:05:26 Epoch 27 | Train L_gate: 0.030080273747444153 | Test L_gate: 0.026490313932299614
2020-10-28 00:05:33 Epoch 28 | Train L_gate: 0.030077176168560982 | Test L_gate: 0.026489242911338806
2020-10-28 00:05:41 Epoch 29 | Train L_gate: 0.03007463924586773 | Test L_gate: 0.026488235220313072
2020-10-28 00:05:49 Epoch 30 | Train L_gate: 0.030072076246142387 | Test L_gate: 0.026487482711672783
Saving weights to C:/tools/Drone_Racing_Files_v1/zz_model_outputs/bc_on_cmvae_con_50k_dense121
2020-10-28 00:05:57 Epoch 31 | Train L_gate: 0.030069716274738312 | Test L_gate: 0.026486575603485107
2020-10-28 00:06:06 Epoch 32 | Train L_gate: 0.030067428946495056 | Test L_gate: 0.026485728099942207
2020-10-28 00:06:16 Epoch 33 | Train L_gate: 0.03006531484425068 | Test L_gate: 0.02648499235510826
2020-10-28 00:06:24 Epoch 34 | Train L_gate: 0.030063318088650703 | Test L_gate: 0.026484334841370583
2020-10-28 00:06:32 Epoch 35 | Train L_gate: 0.03006144054234028 | Test L_gate: 0.026483703404664993
2020-10-28 00:06:41 Epoch 36 | Train L_gate: 0.030059730634093285 | Test L_gate: 0.026483317837119102
2020-10-28 00:06:50 Epoch 37 | Train L_gate: 0.03005806915462017 | Test L_gate: 0.0264829583466053
2020-10-28 00:06:58 Epoch 38 | Train L_gate: 0.03005661815404892 | Test L_gate: 0.026482462882995605
2020-10-28 00:07:07 Epoch 39 | Train L_gate: 0.030055133625864983 | Test L_gate: 0.02648194134235382
2020-10-28 00:07:15 Epoch 40 | Train L_gate: 0.030053721740841866 | Test L_gate: 0.02648146264255047
Saving weights to C:/tools/Drone_Racing_Files_v1/zz_model_outputs/bc_on_cmvae_con_50k_dense121
2020-10-28 00:07:24 Epoch 41 | Train L_gate: 0.030052365735173225 | Test L_gate: 0.02648095414042473
2020-10-28 00:07:35 Epoch 42 | Train L_gate: 0.03005112335085869 | Test L_gate: 0.026480508968234062
2020-10-28 00:07:44 Epoch 43 | Train L_gate: 0.03004990704357624 | Test L_gate: 0.026480071246623993
2020-10-28 00:07:52 Epoch 44 | Train L_gate: 0.030048754066228867 | Test L_gate: 0.026479657739400864
2020-10-28 00:08:01 Epoch 45 | Train L_gate: 0.030047651380300522 | Test L_gate: 0.026479270309209824
2020-10-28 00:08:10 Epoch 46 | Train L_gate: 0.030046595260500908 | Test L_gate: 0.026478895917534828
2020-10-28 00:08:18 Epoch 47 | Train L_gate: 0.030045589432120323 | Test L_gate: 0.02647852525115013
2020-10-28 00:08:27 Epoch 48 | Train L_gate: 0.030044617131352425 | Test L_gate: 0.02647818997502327
2020-10-28 00:08:36 Epoch 49 | Train L_gate: 0.030043689534068108 | Test L_gate: 0.026477862149477005
2020-10-28 00:08:44 Epoch 50 | Train L_gate: 0.03004280850291252 | Test L_gate: 0.026477547362446785
Saving weights to C:/tools/Drone_Racing_Files_v1/zz_model_outputs/bc_on_cmvae_con_50k_dense121
2020-10-28 00:08:54 Epoch 51 | Train L_gate: 0.030041953548789024 | Test L_gate: 0.02647724561393261
2020-10-28 00:09:03 Epoch 52 | Train L_gate: 0.030041122809052467 | Test L_gate: 0.02647697553038597
2020-10-28 00:09:16 Epoch 53 | Train L_gate: 0.030040353536605835 | Test L_gate: 0.026476697996258736
2020-10-28 00:09:25 Epoch 54 | Train L_gate: 0.03003959357738495 | Test L_gate: 0.026476439088582993
2020-10-28 00:09:33 Epoch 55 | Train L_gate: 0.030038869008421898 | Test L_gate: 0.02647618018090725
2020-10-28 00:09:42 Epoch 56 | Train L_gate: 0.03003816492855549 | Test L_gate: 0.0264759324491024
2020-10-28 00:09:50 Epoch 57 | Train L_gate: 0.030037488788366318 | Test L_gate: 0.02647569216787815
2020-10-28 00:09:59 Epoch 58 | Train L_gate: 0.030036838725209236 | Test L_gate: 0.026475459337234497
2020-10-28 00:10:08 Epoch 59 | Train L_gate: 0.030036211013793945 | Test L_gate: 0.02647523581981659
2020-10-28 00:10:17 Epoch 60 | Train L_gate: 0.030035605654120445 | Test L_gate: 0.02647501975297928
Saving weights to C:/tools/Drone_Racing_Files_v1/zz_model_outputs/bc_on_cmvae_con_50k_dense121
2020-10-28 00:10:26 Epoch 61 | Train L_gate: 0.030035020783543587 | Test L_gate: 0.026474809274077415
2020-10-28 00:10:34 Epoch 62 | Train L_gate: 0.03003445640206337 | Test L_gate: 0.02647460624575615
2020-10-28 00:10:42 Epoch 63 | Train L_gate: 0.030033908784389496 | Test L_gate: 0.02647441066801548
2020-10-28 00:10:50 Epoch 64 | Train L_gate: 0.030033377930521965 | Test L_gate: 0.02647422067821026
2020-10-28 00:11:00 Epoch 65 | Train L_gate: 0.030032861977815628 | Test L_gate: 0.026474032551050186
2020-10-28 00:11:09 Epoch 66 | Train L_gate: 0.030032360926270485 | Test L_gate: 0.02647385373711586
2020-10-28 00:11:20 Epoch 67 | Train L_gate: 0.030031876638531685 | Test L_gate: 0.02647368423640728
2020-10-28 00:11:28 Epoch 68 | Train L_gate: 0.030031399801373482 | Test L_gate: 0.026473520323634148
2020-10-28 00:11:36 Epoch 69 | Train L_gate: 0.03003093972802162 | Test L_gate: 0.026473360136151314
2020-10-28 00:11:44 Epoch 70 | Train L_gate: 0.030030494555830956 | Test L_gate: 0.026473207399249077
Saving weights to C:/tools/Drone_Racing_Files_v1/zz_model_outputs/bc_on_cmvae_con_50k_dense121
2020-10-28 00:11:52 Epoch 71 | Train L_gate: 0.030030062422156334 | Test L_gate: 0.02647305652499199
2020-10-28 00:12:00 Epoch 72 | Train L_gate: 0.030029641464352608 | Test L_gate: 0.02647291123867035
2020-10-28 00:12:08 Epoch 73 | Train L_gate: 0.030029233545064926 | Test L_gate: 0.026472769677639008
2020-10-28 00:12:17 Epoch 74 | Train L_gate: 0.03002883680164814 | Test L_gate: 0.026472633704543114
2020-10-28 00:12:25 Epoch 75 | Train L_gate: 0.0300284493714571 | Test L_gate: 0.02647250145673752
2020-10-28 00:12:33 Epoch 76 | Train L_gate: 0.030028073117136955 | Test L_gate: 0.026472371071577072
2020-10-28 00:12:41 Epoch 77 | Train L_gate: 0.030027706176042557 | Test L_gate: 0.026472246274352074
2020-10-28 00:12:49 Epoch 78 | Train L_gate: 0.030027348548173904 | Test L_gate: 0.026472125202417374
2020-10-28 00:12:57 Epoch 79 | Train L_gate: 0.030027000233530998 | Test L_gate: 0.026472005993127823
2020-10-28 00:13:05 Epoch 80 | Train L_gate: 0.030026661232113838 | Test L_gate: 0.02647188864648342
Saving weights to C:/tools/Drone_Racing_Files_v1/zz_model_outputs/bc_on_cmvae_con_50k_dense121
2020-10-28 00:13:13 Epoch 81 | Train L_gate: 0.030026333406567574 | Test L_gate: 0.026471775025129318
2020-10-28 00:13:23 Epoch 82 | Train L_gate: 0.030026011168956757 | Test L_gate: 0.026471665129065514
2020-10-28 00:13:37 Epoch 83 | Train L_gate: 0.030025698244571686 | Test L_gate: 0.026471557095646858
2020-10-28 00:13:45 Epoch 84 | Train L_gate: 0.030025392770767212 | Test L_gate: 0.0264714527875185
2020-10-28 00:13:52 Epoch 85 | Train L_gate: 0.03002510778605938 | Test L_gate: 0.026471348479390144
2020-10-28 00:14:01 Epoch 86 | Train L_gate: 0.030024830251932144 | Test L_gate: 0.026471249759197235
2020-10-28 00:14:09 Epoch 87 | Train L_gate: 0.030024558305740356 | Test L_gate: 0.026471151039004326
2020-10-28 00:14:17 Epoch 88 | Train L_gate: 0.030024291947484016 | Test L_gate: 0.026471054181456566
2020-10-28 00:14:25 Epoch 89 | Train L_gate: 0.030024033039808273 | Test L_gate: 0.026470961049199104
2020-10-28 00:14:33 Epoch 90 | Train L_gate: 0.03002377785742283 | Test L_gate: 0.026470869779586792
Saving weights to C:/tools/Drone_Racing_Files_v1/zz_model_outputs/bc_on_cmvae_con_50k_dense121
2020-10-28 00:14:42 Epoch 91 | Train L_gate: 0.03002353012561798 | Test L_gate: 0.02647078037261963
2020-10-28 00:14:50 Epoch 92 | Train L_gate: 0.03002328611910343 | Test L_gate: 0.026470692828297615
2020-10-28 00:14:59 Epoch 93 | Train L_gate: 0.03002304956316948 | Test L_gate: 0.02647060714662075
2020-10-28 00:15:08 Epoch 94 | Train L_gate: 0.030022816732525826 | Test L_gate: 0.026470523327589035
2020-10-28 00:15:16 Epoch 95 | Train L_gate: 0.03002258948981762 | Test L_gate: 0.02647043950855732
2020-10-28 00:15:24 Epoch 96 | Train L_gate: 0.03002236597239971 | Test L_gate: 0.026470359414815903
2020-10-28 00:15:32 Epoch 97 | Train L_gate: 0.03002214804291725 | Test L_gate: 0.026470281183719635
2020-10-28 00:15:40 Epoch 98 | Train L_gate: 0.03002193383872509 | Test L_gate: 0.026470202952623367
2020-10-28 00:15:49 Epoch 99 | Train L_gate: 0.030021723359823227 | Test L_gate: 0.026470128446817398
2020-10-28 00:15:58 Epoch 100 | Train L_gate: 0.03002151846885681 | Test L_gate: 0.02647005394101143
Saving weights to C:/tools/Drone_Racing_Files_v1/zz_model_outputs/bc_on_cmvae_con_50k_dense121
2020-10-28 00:16:07 Epoch 101 | Train L_gate: 0.030021317303180695 | Test L_gate: 0.02646997943520546
2020-10-28 00:16:15 Epoch 102 | Train L_gate: 0.030021119862794876 | Test L_gate: 0.02646990306675434
2020-10-28 00:16:23 Epoch 103 | Train L_gate: 0.030020926147699356 | Test L_gate: 0.02646983228623867
2020-10-28 00:16:37 Epoch 104 | Train L_gate: 0.030020736157894135 | Test L_gate: 0.02646976336836815
2020-10-28 00:16:45 Epoch 105 | Train L_gate: 0.03002054989337921 | Test L_gate: 0.026469694450497627
2020-10-28 00:16:57 Epoch 106 | Train L_gate: 0.030020365491509438 | Test L_gate: 0.026469627395272255
2020-10-28 00:17:05 Epoch 107 | Train L_gate: 0.03002018667757511 | Test L_gate: 0.026469560340046883
2020-10-28 00:17:14 Epoch 108 | Train L_gate: 0.030020011588931084 | Test L_gate: 0.02646949514746666
2020-10-28 00:17:22 Epoch 109 | Train L_gate: 0.030019838362932205 | Test L_gate: 0.026469431817531586
2020-10-28 00:17:31 Epoch 110 | Train L_gate: 0.030019668862223625 | Test L_gate: 0.026469368487596512
Saving weights to C:/tools/Drone_Racing_Files_v1/zz_model_outputs/bc_on_cmvae_con_50k_dense121
2020-10-28 00:17:40 Epoch 111 | Train L_gate: 0.030019501224160194 | Test L_gate: 0.026469308882951736
2020-10-28 00:17:48 Epoch 112 | Train L_gate: 0.030019337311387062 | Test L_gate: 0.026469247415661812
2020-10-28 00:17:56 Epoch 113 | Train L_gate: 0.030019177123904228 | Test L_gate: 0.026469187811017036
2020-10-28 00:18:04 Epoch 114 | Train L_gate: 0.030019018799066544 | Test L_gate: 0.02646913006901741
2020-10-28 00:18:13 Epoch 115 | Train L_gate: 0.030018864199519157 | Test L_gate: 0.026469072327017784
2020-10-28 00:18:21 Epoch 116 | Train L_gate: 0.03001871146261692 | Test L_gate: 0.026469016447663307
2020-10-28 00:18:29 Epoch 117 | Train L_gate: 0.030018562451004982 | Test L_gate: 0.02646896243095398
2020-10-28 00:18:37 Epoch 118 | Train L_gate: 0.030018415302038193 | Test L_gate: 0.026468906551599503
2020-10-28 00:18:45 Epoch 119 | Train L_gate: 0.030018270015716553 | Test L_gate: 0.026468854397535324
2020-10-28 00:18:53 Epoch 120 | Train L_gate: 0.030018126592040062 | Test L_gate: 0.026468802243471146
Saving weights to C:/tools/Drone_Racing_Files_v1/zz_model_outputs/bc_on_cmvae_con_50k_dense121
2020-10-28 00:19:01 Epoch 121 | Train L_gate: 0.03001798689365387 | Test L_gate: 0.026468750089406967
2020-10-28 00:19:09 Epoch 122 | Train L_gate: 0.030017849057912827 | Test L_gate: 0.026468699797987938
2020-10-28 00:19:18 Epoch 123 | Train L_gate: 0.030017713084816933 | Test L_gate: 0.02646864950656891
2020-10-28 00:19:26 Epoch 124 | Train L_gate: 0.030017580837011337 | Test L_gate: 0.02646859921514988
2020-10-28 00:19:34 Epoch 125 | Train L_gate: 0.030017448589205742 | Test L_gate: 0.026468550786376
2020-10-28 00:19:43 Epoch 126 | Train L_gate: 0.030017320066690445 | Test L_gate: 0.02646850422024727
2020-10-28 00:19:51 Epoch 127 | Train L_gate: 0.030017193406820297 | Test L_gate: 0.026468457654118538
2020-10-28 00:19:59 Epoch 128 | Train L_gate: 0.03001706674695015 | Test L_gate: 0.026468411087989807
2020-10-28 00:20:07 Epoch 129 | Train L_gate: 0.0300169438123703 | Test L_gate: 0.026468366384506226
2020-10-28 00:20:24 Epoch 130 | Train L_gate: 0.0300168227404356 | Test L_gate: 0.026468321681022644
Saving weights to C:/tools/Drone_Racing_Files_v1/zz_model_outputs/bc_on_cmvae_con_50k_dense121
2020-10-28 00:20:32 Epoch 131 | Train L_gate: 0.03001670353114605 | Test L_gate: 0.026468276977539062
2020-10-28 00:20:40 Epoch 132 | Train L_gate: 0.030016586184501648 | Test L_gate: 0.02646823413670063
2020-10-28 00:20:48 Epoch 133 | Train L_gate: 0.030016470700502396 | Test L_gate: 0.026468191295862198
2020-10-28 00:20:56 Epoch 134 | Train L_gate: 0.030016355216503143 | Test L_gate: 0.026468148455023766
2020-10-28 00:21:05 Epoch 135 | Train L_gate: 0.03001624345779419 | Test L_gate: 0.026468107476830482
2020-10-28 00:21:13 Epoch 136 | Train L_gate: 0.030016131699085236 | Test L_gate: 0.0264680664986372
2020-10-28 00:21:21 Epoch 137 | Train L_gate: 0.03001602366566658 | Test L_gate: 0.026468025520443916
2020-10-28 00:21:30 Epoch 138 | Train L_gate: 0.030015915632247925 | Test L_gate: 0.026467986404895782
2020-10-28 00:21:38 Epoch 139 | Train L_gate: 0.03001580946147442 | Test L_gate: 0.02646794728934765
2020-10-28 00:21:46 Epoch 140 | Train L_gate: 0.03001570515334606 | Test L_gate: 0.026467910036444664
Saving weights to C:/tools/Drone_Racing_Files_v1/zz_model_outputs/bc_on_cmvae_con_50k_dense121
2020-10-28 00:21:54 Epoch 141 | Train L_gate: 0.030015602707862854 | Test L_gate: 0.02646787092089653
2020-10-28 00:22:02 Epoch 142 | Train L_gate: 0.030015500262379646 | Test L_gate: 0.026467833667993546
2020-10-28 00:22:11 Epoch 143 | Train L_gate: 0.030015399679541588 | Test L_gate: 0.02646779641509056
2020-10-28 00:22:20 Epoch 144 | Train L_gate: 0.03001530095934868 | Test L_gate: 0.026467761024832726
2020-10-28 00:22:29 Epoch 145 | Train L_gate: 0.03001520410180092 | Test L_gate: 0.02646772377192974
2020-10-28 00:22:38 Epoch 146 | Train L_gate: 0.03001510724425316 | Test L_gate: 0.026467688381671906
2020-10-28 00:22:46 Epoch 147 | Train L_gate: 0.030015012249350548 | Test L_gate: 0.02646765485405922
2020-10-28 00:22:55 Epoch 148 | Train L_gate: 0.030014919117093086 | Test L_gate: 0.026467619463801384
2020-10-28 00:23:03 Epoch 149 | Train L_gate: 0.030014827847480774 | Test L_gate: 0.026467585936188698
2020-10-28 00:23:12 Epoch 150 | Train L_gate: 0.03001473657786846 | Test L_gate: 0.02646755240857601
Saving weights to C:/tools/Drone_Racing_Files_v1/zz_model_outputs/bc_on_cmvae_con_50k_dense121
2020-10-28 00:23:20 Epoch 151 | Train L_gate: 0.0300146471709013 | Test L_gate: 0.026467518880963326
2020-10-28 00:23:29 Epoch 152 | Train L_gate: 0.030014557763934135 | Test L_gate: 0.02646748721599579
2020-10-28 00:23:37 Epoch 153 | Train L_gate: 0.03001447021961212 | Test L_gate: 0.026467453688383102
2020-10-28 00:23:46 Epoch 154 | Train L_gate: 0.030014384537935257 | Test L_gate: 0.026467422023415565
2020-10-28 00:23:54 Epoch 155 | Train L_gate: 0.030014298856258392 | Test L_gate: 0.02646739035844803
2020-10-28 00:24:03 Epoch 156 | Train L_gate: 0.030014215037226677 | Test L_gate: 0.02646736055612564
2020-10-28 00:24:13 Epoch 157 | Train L_gate: 0.03001413121819496 | Test L_gate: 0.026467328891158104
2020-10-28 00:24:22 Epoch 158 | Train L_gate: 0.030014049261808395 | Test L_gate: 0.026467299088835716
2020-10-28 00:24:31 Epoch 159 | Train L_gate: 0.03001396916806698 | Test L_gate: 0.02646726928651333
2020-10-28 00:24:40 Epoch 160 | Train L_gate: 0.03001388907432556 | Test L_gate: 0.02646723948419094
Saving weights to C:/tools/Drone_Racing_Files_v1/zz_model_outputs/bc_on_cmvae_con_50k_dense121
2020-10-28 00:24:49 Epoch 161 | Train L_gate: 0.030013808980584145 | Test L_gate: 0.026467211544513702
2020-10-28 00:25:15 Epoch 162 | Train L_gate: 0.030013730749487877 | Test L_gate: 0.026467181742191315
2020-10-28 00:25:24 Epoch 163 | Train L_gate: 0.03001365438103676 | Test L_gate: 0.026467153802514076
2020-10-28 00:25:32 Epoch 164 | Train L_gate: 0.03001357801258564 | Test L_gate: 0.026467125862836838
2020-10-28 00:25:41 Epoch 165 | Train L_gate: 0.03001350350677967 | Test L_gate: 0.0264670979231596
2020-10-28 00:25:49 Epoch 166 | Train L_gate: 0.0300134290009737 | Test L_gate: 0.02646706998348236
2020-10-28 00:25:58 Epoch 167 | Train L_gate: 0.03001335635781288 | Test L_gate: 0.02646704390645027
2020-10-28 00:26:06 Epoch 168 | Train L_gate: 0.030013276264071465 | Test L_gate: 0.026467015966773033
2020-10-28 00:26:15 Epoch 169 | Train L_gate: 0.0300131943076849 | Test L_gate: 0.026466989889740944
2020-10-28 00:26:23 Epoch 170 | Train L_gate: 0.030013112351298332 | Test L_gate: 0.026466963812708855
Saving weights to C:/tools/Drone_Racing_Files_v1/zz_model_outputs/bc_on_cmvae_con_50k_dense121
2020-10-28 00:26:32 Epoch 171 | Train L_gate: 0.030013032257556915 | Test L_gate: 0.026466937735676765
2020-10-28 00:26:41 Epoch 172 | Train L_gate: 0.0300129521638155 | Test L_gate: 0.026466913521289825
2020-10-28 00:26:51 Epoch 173 | Train L_gate: 0.03001287393271923 | Test L_gate: 0.026466887444257736
2020-10-28 00:26:59 Epoch 174 | Train L_gate: 0.030012795701622963 | Test L_gate: 0.026466863229870796
2020-10-28 00:27:08 Epoch 175 | Train L_gate: 0.030012719333171844 | Test L_gate: 0.026466839015483856
2020-10-28 00:27:17 Epoch 176 | Train L_gate: 0.030012644827365875 | Test L_gate: 0.026466814801096916
2020-10-28 00:27:26 Epoch 177 | Train L_gate: 0.030012568458914757 | Test L_gate: 0.026466790586709976
2020-10-28 00:27:35 Epoch 178 | Train L_gate: 0.030012495815753937 | Test L_gate: 0.026466766372323036
2020-10-28 00:27:44 Epoch 179 | Train L_gate: 0.030012421309947968 | Test L_gate: 0.026466742157936096
2020-10-28 00:27:53 Epoch 180 | Train L_gate: 0.030012348666787148 | Test L_gate: 0.026466719806194305
Saving weights to C:/tools/Drone_Racing_Files_v1/zz_model_outputs/bc_on_cmvae_con_50k_dense121
2020-10-28 00:28:02 Epoch 181 | Train L_gate: 0.030012277886271477 | Test L_gate: 0.026466695591807365
2020-10-28 00:28:10 Epoch 182 | Train L_gate: 0.030012207105755806 | Test L_gate: 0.026466673240065575
2020-10-28 00:28:19 Epoch 183 | Train L_gate: 0.030012136325240135 | Test L_gate: 0.026466650888323784
2020-10-28 00:28:28 Epoch 184 | Train L_gate: 0.030012067407369614 | Test L_gate: 0.026466628536581993
2020-10-28 00:28:37 Epoch 185 | Train L_gate: 0.030011998489499092 | Test L_gate: 0.026466606184840202
2020-10-28 00:28:47 Epoch 186 | Train L_gate: 0.03001193143427372 | Test L_gate: 0.02646658569574356
2020-10-28 00:28:56 Epoch 187 | Train L_gate: 0.030011864379048347 | Test L_gate: 0.02646656334400177
2020-10-28 00:29:05 Epoch 188 | Train L_gate: 0.030011797323822975 | Test L_gate: 0.02646654285490513
2020-10-28 00:29:14 Epoch 189 | Train L_gate: 0.030011732131242752 | Test L_gate: 0.026466520503163338
2020-10-28 00:29:23 Epoch 190 | Train L_gate: 0.03001166693866253 | Test L_gate: 0.026466500014066696
Saving weights to C:/tools/Drone_Racing_Files_v1/zz_model_outputs/bc_on_cmvae_con_50k_dense121
2020-10-28 00:29:32 Epoch 191 | Train L_gate: 0.030011601746082306 | Test L_gate: 0.026466479524970055
2020-10-28 00:29:41 Epoch 192 | Train L_gate: 0.030011538416147232 | Test L_gate: 0.026466459035873413
2020-10-28 00:29:51 Epoch 193 | Train L_gate: 0.030011475086212158 | Test L_gate: 0.02646643854677677
2020-10-28 00:30:00 Epoch 194 | Train L_gate: 0.030011413618922234 | Test L_gate: 0.02646641805768013
2020-10-28 00:30:10 Epoch 195 | Train L_gate: 0.03001135215163231 | Test L_gate: 0.026466399431228638
2020-10-28 00:30:19 Epoch 196 | Train L_gate: 0.030011290684342384 | Test L_gate: 0.026466378942131996
2020-10-28 00:30:28 Epoch 197 | Train L_gate: 0.03001122921705246 | Test L_gate: 0.026466360315680504
2020-10-28 00:30:37 Epoch 198 | Train L_gate: 0.030011169612407684 | Test L_gate: 0.026466339826583862
2020-10-28 00:30:47 Epoch 199 | Train L_gate: 0.03001111000776291 | Test L_gate: 0.02646632120013237
2020-10-28 00:30:56 Epoch 200 | Train L_gate: 0.030011052265763283 | Test L_gate: 0.026466302573680878
Saving weights to C:/tools/Drone_Racing_Files_v1/zz_model_outputs/bc_on_cmvae_con_50k_dense121
2020-10-28 00:31:50 Epoch 201 | Train L_gate: 0.030010994523763657 | Test L_gate: 0.026466283947229385
2020-10-28 00:31:59 Epoch 202 | Train L_gate: 0.03001093678176403 | Test L_gate: 0.026466265320777893
2020-10-28 00:32:07 Epoch 203 | Train L_gate: 0.030010879039764404 | Test L_gate: 0.0264662504196167
2020-10-28 00:32:16 Epoch 204 | Train L_gate: 0.030010823160409927 | Test L_gate: 0.026466235518455505
2020-10-28 00:32:25 Epoch 205 | Train L_gate: 0.03001076728105545 | Test L_gate: 0.02646622061729431
2020-10-28 00:32:34 Epoch 206 | Train L_gate: 0.030010711401700974 | Test L_gate: 0.026466205716133118
2020-10-28 00:32:43 Epoch 207 | Train L_gate: 0.030010657384991646 | Test L_gate: 0.026466190814971924
2020-10-28 00:32:53 Epoch 208 | Train L_gate: 0.030010603368282318 | Test L_gate: 0.02646617777645588
2020-10-28 00:33:04 Epoch 209 | Train L_gate: 0.03001054935157299 | Test L_gate: 0.026466162875294685
2020-10-28 00:33:16 Epoch 210 | Train L_gate: 0.030010495334863663 | Test L_gate: 0.02646614797413349
Saving weights to C:/tools/Drone_Racing_Files_v1/zz_model_outputs/bc_on_cmvae_con_50k_dense121
2020-10-28 00:33:26 Epoch 211 | Train L_gate: 0.030010443180799484 | Test L_gate: 0.026466134935617447
2020-10-28 00:33:37 Epoch 212 | Train L_gate: 0.030010391026735306 | Test L_gate: 0.026466120034456253
2020-10-28 00:33:46 Epoch 213 | Train L_gate: 0.030010338872671127 | Test L_gate: 0.02646610699594021
2020-10-28 00:33:56 Epoch 214 | Train L_gate: 0.030010288581252098 | Test L_gate: 0.026466093957424164
2020-10-28 00:34:05 Epoch 215 | Train L_gate: 0.03001023828983307 | Test L_gate: 0.02646607905626297
2020-10-28 00:34:15 Epoch 216 | Train L_gate: 0.03001018799841404 | Test L_gate: 0.026466066017746925
2020-10-28 00:34:24 Epoch 217 | Train L_gate: 0.03001013770699501 | Test L_gate: 0.02646605297923088
2020-10-28 00:34:34 Epoch 218 | Train L_gate: 0.03001008741557598 | Test L_gate: 0.026466039940714836
2020-10-28 00:34:44 Epoch 219 | Train L_gate: 0.0300100389868021 | Test L_gate: 0.02646602690219879
2020-10-28 00:34:55 Epoch 220 | Train L_gate: 0.03000999055802822 | Test L_gate: 0.026466013863682747
Saving weights to C:/tools/Drone_Racing_Files_v1/zz_model_outputs/bc_on_cmvae_con_50k_dense121
2020-10-28 00:35:05 Epoch 221 | Train L_gate: 0.03000994212925434 | Test L_gate: 0.026466000825166702
2020-10-28 00:35:14 Epoch 222 | Train L_gate: 0.03000989556312561 | Test L_gate: 0.026465989649295807
2020-10-28 00:35:24 Epoch 223 | Train L_gate: 0.03000984713435173 | Test L_gate: 0.026465976610779762
2020-10-28 00:35:33 Epoch 224 | Train L_gate: 0.030009800568223 | Test L_gate: 0.026465963572263718
2020-10-28 00:35:43 Epoch 225 | Train L_gate: 0.030009755864739418 | Test L_gate: 0.026465950533747673
2020-10-28 00:35:53 Epoch 226 | Train L_gate: 0.030009709298610687 | Test L_gate: 0.026465939357876778
2020-10-28 00:36:02 Epoch 227 | Train L_gate: 0.030009662732481956 | Test L_gate: 0.026465926319360733
2020-10-28 00:36:13 Epoch 228 | Train L_gate: 0.030009618028998375 | Test L_gate: 0.026465915143489838
2020-10-28 00:36:23 Epoch 229 | Train L_gate: 0.030009573325514793 | Test L_gate: 0.026465903967618942
2020-10-28 00:36:33 Epoch 230 | Train L_gate: 0.030009528622031212 | Test L_gate: 0.026465890929102898
Saving weights to C:/tools/Drone_Racing_Files_v1/zz_model_outputs/bc_on_cmvae_con_50k_dense121
2020-10-28 00:36:43 Epoch 231 | Train L_gate: 0.03000948578119278 | Test L_gate: 0.026465879753232002
2020-10-28 00:36:53 Epoch 232 | Train L_gate: 0.030009441077709198 | Test L_gate: 0.026465868577361107
2020-10-28 00:37:03 Epoch 233 | Train L_gate: 0.030009398236870766 | Test L_gate: 0.02646585740149021
2020-10-28 00:37:13 Epoch 234 | Train L_gate: 0.030009355396032333 | Test L_gate: 0.026465844362974167
2020-10-28 00:37:23 Epoch 235 | Train L_gate: 0.0300093125551939 | Test L_gate: 0.02646583318710327
2020-10-28 00:37:33 Epoch 236 | Train L_gate: 0.030009271577000618 | Test L_gate: 0.026465822011232376
2020-10-28 00:37:43 Epoch 237 | Train L_gate: 0.030009228736162186 | Test L_gate: 0.02646581083536148
2020-10-28 00:37:53 Epoch 238 | Train L_gate: 0.030009187757968903 | Test L_gate: 0.026465801522135735
2020-10-28 00:38:04 Epoch 239 | Train L_gate: 0.03000914677977562 | Test L_gate: 0.02646579034626484
2020-10-28 00:38:14 Epoch 240 | Train L_gate: 0.030009105801582336 | Test L_gate: 0.026465779170393944
Saving weights to C:/tools/Drone_Racing_Files_v1/zz_model_outputs/bc_on_cmvae_con_50k_dense121
2020-10-28 00:38:24 Epoch 241 | Train L_gate: 0.030009066686034203 | Test L_gate: 0.02646576799452305
2020-10-28 00:38:34 Epoch 242 | Train L_gate: 0.03000902570784092 | Test L_gate: 0.026465756818652153
2020-10-28 00:38:44 Epoch 243 | Train L_gate: 0.030008986592292786 | Test L_gate: 0.026465747505426407
2020-10-28 00:38:54 Epoch 244 | Train L_gate: 0.030008947476744652 | Test L_gate: 0.02646573632955551
2020-10-28 00:39:05 Epoch 245 | Train L_gate: 0.030008908361196518 | Test L_gate: 0.026465725153684616
2020-10-28 00:39:15 Epoch 246 | Train L_gate: 0.030008869245648384 | Test L_gate: 0.02646571584045887
2020-10-28 00:39:25 Epoch 247 | Train L_gate: 0.03000883013010025 | Test L_gate: 0.026465704664587975
2020-10-28 00:39:35 Epoch 248 | Train L_gate: 0.030008792877197266 | Test L_gate: 0.02646569535136223
2020-10-28 00:39:45 Epoch 249 | Train L_gate: 0.03000875562429428 | Test L_gate: 0.026465686038136482
2020-10-28 00:41:40 Epoch 250 | Train L_gate: 0.030008716508746147 | Test L_gate: 0.026465674862265587
Saving weights to C:/tools/Drone_Racing_Files_v1/zz_model_outputs/bc_on_cmvae_con_50k_dense121
2020-10-28 00:41:49 Epoch 251 | Train L_gate: 0.030008679255843163 | Test L_gate: 0.02646566554903984
2020-10-28 00:41:59 Epoch 252 | Train L_gate: 0.030008643865585327 | Test L_gate: 0.026465656235814095
2020-10-28 00:42:09 Epoch 253 | Train L_gate: 0.030008606612682343 | Test L_gate: 0.0264656450599432
2020-10-28 00:42:20 Epoch 254 | Train L_gate: 0.030008569359779358 | Test L_gate: 0.026465635746717453
2020-10-28 00:42:31 Epoch 255 | Train L_gate: 0.030008533969521523 | Test L_gate: 0.026465626433491707
2020-10-28 00:42:41 Epoch 256 | Train L_gate: 0.030008498579263687 | Test L_gate: 0.02646561712026596
2020-10-28 00:42:51 Epoch 257 | Train L_gate: 0.030008463189005852 | Test L_gate: 0.026465607807040215
2020-10-28 00:43:02 Epoch 258 | Train L_gate: 0.030008427798748016 | Test L_gate: 0.02646559849381447
2020-10-28 00:43:12 Epoch 259 | Train L_gate: 0.03000839240849018 | Test L_gate: 0.026465589180588722
2020-10-28 00:43:22 Epoch 260 | Train L_gate: 0.030008358880877495 | Test L_gate: 0.026465579867362976
Saving weights to C:/tools/Drone_Racing_Files_v1/zz_model_outputs/bc_on_cmvae_con_50k_dense121
2020-10-28 00:43:33 Epoch 261 | Train L_gate: 0.03000832349061966 | Test L_gate: 0.02646557055413723
2020-10-28 00:43:43 Epoch 262 | Train L_gate: 0.030008289963006973 | Test L_gate: 0.026465561240911484
2020-10-28 00:43:54 Epoch 263 | Train L_gate: 0.030008256435394287 | Test L_gate: 0.026465551927685738
2020-10-28 00:44:05 Epoch 264 | Train L_gate: 0.03000822104513645 | Test L_gate: 0.02646554447710514
2020-10-28 00:44:15 Epoch 265 | Train L_gate: 0.030008189380168915 | Test L_gate: 0.026465535163879395
2020-10-28 00:44:25 Epoch 266 | Train L_gate: 0.03000815585255623 | Test L_gate: 0.02646552585065365
2020-10-28 00:44:36 Epoch 267 | Train L_gate: 0.030008122324943542 | Test L_gate: 0.026465516537427902
2020-10-28 00:44:46 Epoch 268 | Train L_gate: 0.030008090659976006 | Test L_gate: 0.026465509086847305
2020-10-28 00:44:57 Epoch 269 | Train L_gate: 0.03000805713236332 | Test L_gate: 0.02646549977362156
2020-10-28 00:45:09 Epoch 270 | Train L_gate: 0.030008025467395782 | Test L_gate: 0.026465490460395813
Saving weights to C:/tools/Drone_Racing_Files_v1/zz_model_outputs/bc_on_cmvae_con_50k_dense121
2020-10-28 00:45:20 Epoch 271 | Train L_gate: 0.030007993802428246 | Test L_gate: 0.026465483009815216
2020-10-28 00:45:30 Epoch 272 | Train L_gate: 0.03000796213746071 | Test L_gate: 0.02646547369658947
2020-10-28 00:45:41 Epoch 273 | Train L_gate: 0.03000793047249317 | Test L_gate: 0.026465466246008873
2020-10-28 00:45:51 Epoch 274 | Train L_gate: 0.030007898807525635 | Test L_gate: 0.026465456932783127
2020-10-28 00:46:02 Epoch 275 | Train L_gate: 0.030007869005203247 | Test L_gate: 0.02646544948220253
2020-10-28 00:46:13 Epoch 276 | Train L_gate: 0.03000783734023571 | Test L_gate: 0.026465442031621933
2020-10-28 00:46:24 Epoch 277 | Train L_gate: 0.030007807537913322 | Test L_gate: 0.026465432718396187
2020-10-28 00:46:35 Epoch 278 | Train L_gate: 0.030007775872945786 | Test L_gate: 0.02646542526781559
2020-10-28 00:46:46 Epoch 279 | Train L_gate: 0.030007746070623398 | Test L_gate: 0.026465417817234993
2020-10-28 00:46:56 Epoch 280 | Train L_gate: 0.03000771626830101 | Test L_gate: 0.026465408504009247
Saving weights to C:/tools/Drone_Racing_Files_v1/zz_model_outputs/bc_on_cmvae_con_50k_dense121
2020-10-28 00:47:06 Epoch 281 | Train L_gate: 0.030007686465978622 | Test L_gate: 0.02646540105342865
2020-10-28 00:47:18 Epoch 282 | Train L_gate: 0.030007656663656235 | Test L_gate: 0.026465393602848053
2020-10-28 00:47:29 Epoch 283 | Train L_gate: 0.030007628723978996 | Test L_gate: 0.026465386152267456
2020-10-28 00:47:39 Epoch 284 | Train L_gate: 0.03000759892165661 | Test L_gate: 0.02646537870168686
2020-10-28 00:47:50 Epoch 285 | Train L_gate: 0.03000757098197937 | Test L_gate: 0.026465369388461113
2020-10-28 00:48:01 Epoch 286 | Train L_gate: 0.030007541179656982 | Test L_gate: 0.026465361937880516
2020-10-28 00:48:11 Epoch 287 | Train L_gate: 0.030007513239979744 | Test L_gate: 0.02646535448729992
2020-10-28 00:48:23 Epoch 288 | Train L_gate: 0.030007485300302505 | Test L_gate: 0.026465347036719322
2020-10-28 00:48:34 Epoch 289 | Train L_gate: 0.030007457360625267 | Test L_gate: 0.026465339586138725
2020-10-28 00:48:44 Epoch 290 | Train L_gate: 0.03000742942094803 | Test L_gate: 0.02646533213555813
Saving weights to C:/tools/Drone_Racing_Files_v1/zz_model_outputs/bc_on_cmvae_con_50k_dense121
2020-10-28 00:48:54 Epoch 291 | Train L_gate: 0.03000740148127079 | Test L_gate: 0.02646532468497753
2020-10-28 00:49:05 Epoch 292 | Train L_gate: 0.03000737354159355 | Test L_gate: 0.026465317234396935
2020-10-28 00:49:16 Epoch 293 | Train L_gate: 0.030007347464561462 | Test L_gate: 0.026465309783816338
2020-10-28 00:49:27 Epoch 294 | Train L_gate: 0.030007319524884224 | Test L_gate: 0.02646530419588089
2020-10-28 00:49:38 Epoch 295 | Train L_gate: 0.030007293447852135 | Test L_gate: 0.026465296745300293
2020-10-28 00:49:49 Epoch 296 | Train L_gate: 0.030007265508174896 | Test L_gate: 0.026465289294719696
2020-10-28 00:50:00 Epoch 297 | Train L_gate: 0.030007239431142807 | Test L_gate: 0.0264652818441391
2020-10-28 00:50:10 Epoch 298 | Train L_gate: 0.030007213354110718 | Test L_gate: 0.026465274393558502
2020-10-28 00:50:21 Epoch 299 | Train L_gate: 0.03000718727707863 | Test L_gate: 0.026465268805623055
2020-10-28 00:50:32 Epoch 300 | Train L_gate: 0.03000716120004654 | Test L_gate: 0.026465261355042458
Saving weights to C:/tools/Drone_Racing_Files_v1/zz_model_outputs/bc_on_cmvae_con_50k_dense121
2020-10-28 00:50:43 Epoch 301 | Train L_gate: 0.03000713512301445 | Test L_gate: 0.02646525390446186
2020-10-28 00:50:54 Epoch 302 | Train L_gate: 0.03000710904598236 | Test L_gate: 0.026465248316526413
2020-10-28 00:51:04 Epoch 303 | Train L_gate: 0.03000708296895027 | Test L_gate: 0.026465240865945816
2020-10-28 00:51:16 Epoch 304 | Train L_gate: 0.03000705875456333 | Test L_gate: 0.02646523341536522
2020-10-28 00:51:26 Epoch 305 | Train L_gate: 0.030007032677531242 | Test L_gate: 0.02646522782742977
2020-10-28 00:51:37 Epoch 306 | Train L_gate: 0.030007008463144302 | Test L_gate: 0.026465220376849174
2020-10-28 00:51:48 Epoch 307 | Train L_gate: 0.030006982386112213 | Test L_gate: 0.026465214788913727
2020-10-28 00:51:59 Epoch 308 | Train L_gate: 0.030006958171725273 | Test L_gate: 0.02646520733833313
2020-10-28 00:52:10 Epoch 309 | Train L_gate: 0.030006933957338333 | Test L_gate: 0.026465201750397682
2020-10-28 01:04:35 Epoch 310 | Train L_gate: 0.030006909742951393 | Test L_gate: 0.026465194299817085
Saving weights to C:/tools/Drone_Racing_Files_v1/zz_model_outputs/bc_on_cmvae_con_50k_dense121
2020-10-28 01:04:47 Epoch 311 | Train L_gate: 0.030006885528564453 | Test L_gate: 0.026465188711881638
2020-10-28 01:04:58 Epoch 312 | Train L_gate: 0.030006861314177513 | Test L_gate: 0.02646518126130104
2020-10-28 01:05:09 Epoch 313 | Train L_gate: 0.030006837099790573 | Test L_gate: 0.026465175673365593
2020-10-28 01:05:20 Epoch 314 | Train L_gate: 0.030006812885403633 | Test L_gate: 0.026465168222784996
2020-10-28 01:05:31 Epoch 315 | Train L_gate: 0.030006790533661842 | Test L_gate: 0.02646516263484955
2020-10-28 01:05:42 Epoch 316 | Train L_gate: 0.030006766319274902 | Test L_gate: 0.0264651570469141
2020-10-28 01:05:54 Epoch 317 | Train L_gate: 0.03000674396753311 | Test L_gate: 0.026465149596333504
2020-10-28 01:06:05 Epoch 318 | Train L_gate: 0.03000671975314617 | Test L_gate: 0.026465144008398056
2020-10-28 01:06:16 Epoch 319 | Train L_gate: 0.03000669740140438 | Test L_gate: 0.02646513842046261
2020-10-28 01:06:28 Epoch 320 | Train L_gate: 0.03000667504966259 | Test L_gate: 0.02646513096988201
Saving weights to C:/tools/Drone_Racing_Files_v1/zz_model_outputs/bc_on_cmvae_con_50k_dense121
2020-10-28 01:06:40 Epoch 321 | Train L_gate: 0.03000665083527565 | Test L_gate: 0.026465125381946564
2020-10-28 01:06:51 Epoch 322 | Train L_gate: 0.03000662848353386 | Test L_gate: 0.026465119794011116
2020-10-28 01:07:01 Epoch 323 | Train L_gate: 0.03000660613179207 | Test L_gate: 0.02646511420607567
2020-10-28 01:07:12 Epoch 324 | Train L_gate: 0.030006583780050278 | Test L_gate: 0.02646510861814022
2020-10-28 01:07:24 Epoch 325 | Train L_gate: 0.030006561428308487 | Test L_gate: 0.026465101167559624
2020-10-28 01:07:36 Epoch 326 | Train L_gate: 0.030006539076566696 | Test L_gate: 0.026465095579624176
2020-10-28 01:07:48 Epoch 327 | Train L_gate: 0.030006518587470055 | Test L_gate: 0.02646508999168873
2020-10-28 01:07:59 Epoch 328 | Train L_gate: 0.030006496235728264 | Test L_gate: 0.02646508440375328
2020-10-28 01:08:10 Epoch 329 | Train L_gate: 0.030006473883986473 | Test L_gate: 0.026465078815817833
2020-10-28 01:08:21 Epoch 330 | Train L_gate: 0.03000645339488983 | Test L_gate: 0.026465073227882385
Saving weights to C:/tools/Drone_Racing_Files_v1/zz_model_outputs/bc_on_cmvae_con_50k_dense121
2020-10-28 01:08:32 Epoch 331 | Train L_gate: 0.03000643104314804 | Test L_gate: 0.026465067639946938
2020-10-28 01:08:43 Epoch 332 | Train L_gate: 0.0300064105540514 | Test L_gate: 0.02646506205201149
2020-10-28 01:08:55 Epoch 333 | Train L_gate: 0.030006390064954758 | Test L_gate: 0.026465056464076042
2020-10-28 01:09:07 Epoch 334 | Train L_gate: 0.030006367713212967 | Test L_gate: 0.026465050876140594
2020-10-28 01:09:18 Epoch 335 | Train L_gate: 0.030006343498826027 | Test L_gate: 0.026465045288205147
2020-10-28 01:09:30 Epoch 336 | Train L_gate: 0.030006330460309982 | Test L_gate: 0.0264650397002697
2020-10-28 01:09:40 Epoch 337 | Train L_gate: 0.030006317421793938 | Test L_gate: 0.02646503411233425
2020-10-28 01:09:52 Epoch 338 | Train L_gate: 0.030006302520632744 | Test L_gate: 0.026465028524398804
2020-10-28 01:10:03 Epoch 339 | Train L_gate: 0.0300062894821167 | Test L_gate: 0.026465022936463356
2020-10-28 01:10:16 Epoch 340 | Train L_gate: 0.030006276443600655 | Test L_gate: 0.02646501734852791
Saving weights to C:/tools/Drone_Racing_Files_v1/zz_model_outputs/bc_on_cmvae_con_50k_dense121
2020-10-28 01:10:28 Epoch 341 | Train L_gate: 0.03000626340508461 | Test L_gate: 0.02646501176059246
2020-10-28 01:10:40 Epoch 342 | Train L_gate: 0.030006250366568565 | Test L_gate: 0.026465006172657013
2020-10-28 01:10:52 Epoch 343 | Train L_gate: 0.03000623732805252 | Test L_gate: 0.026465002447366714
2020-10-28 01:11:03 Epoch 344 | Train L_gate: 0.030006224289536476 | Test L_gate: 0.026464996859431267
2020-10-28 01:11:14 Epoch 345 | Train L_gate: 0.03000621125102043 | Test L_gate: 0.02646499127149582
2020-10-28 01:11:25 Epoch 346 | Train L_gate: 0.030006198212504387 | Test L_gate: 0.02646498568356037
2020-10-28 01:11:37 Epoch 347 | Train L_gate: 0.030006185173988342 | Test L_gate: 0.026464980095624924
2020-10-28 01:11:49 Epoch 348 | Train L_gate: 0.030006173998117447 | Test L_gate: 0.026464976370334625
2020-10-28 01:12:01 Epoch 349 | Train L_gate: 0.030006160959601402 | Test L_gate: 0.026464970782399178
2020-10-28 01:12:13 Epoch 350 | Train L_gate: 0.030006147921085358 | Test L_gate: 0.02646496519446373
Saving weights to C:/tools/Drone_Racing_Files_v1/zz_model_outputs/bc_on_cmvae_con_50k_dense121
2020-10-28 01:12:24 Epoch 351 | Train L_gate: 0.030006134882569313 | Test L_gate: 0.026464959606528282
2020-10-28 01:12:35 Epoch 352 | Train L_gate: 0.030006123706698418 | Test L_gate: 0.026464955881237984
2020-10-28 01:12:47 Epoch 353 | Train L_gate: 0.030006110668182373 | Test L_gate: 0.026464950293302536
2020-10-28 01:12:58 Epoch 354 | Train L_gate: 0.03000609762966633 | Test L_gate: 0.02646494470536709
2020-10-28 01:13:10 Epoch 355 | Train L_gate: 0.030006086453795433 | Test L_gate: 0.02646494098007679
2020-10-28 01:13:22 Epoch 356 | Train L_gate: 0.03000607341527939 | Test L_gate: 0.026464935392141342
2020-10-28 01:13:34 Epoch 357 | Train L_gate: 0.030006062239408493 | Test L_gate: 0.026464929804205894
2020-10-28 01:13:45 Epoch 358 | Train L_gate: 0.030006051063537598 | Test L_gate: 0.026464926078915596
2020-10-28 01:13:57 Epoch 359 | Train L_gate: 0.030006038025021553 | Test L_gate: 0.02646492049098015
2020-10-28 01:14:09 Epoch 360 | Train L_gate: 0.030006026849150658 | Test L_gate: 0.02646491676568985
Saving weights to C:/tools/Drone_Racing_Files_v1/zz_model_outputs/bc_on_cmvae_con_50k_dense121
2020-10-28 01:14:20 Epoch 361 | Train L_gate: 0.030006013810634613 | Test L_gate: 0.026464911177754402
2020-10-28 01:14:32 Epoch 362 | Train L_gate: 0.030006002634763718 | Test L_gate: 0.026464907452464104
2020-10-28 01:14:44 Epoch 363 | Train L_gate: 0.030005991458892822 | Test L_gate: 0.026464901864528656
2020-10-28 01:14:56 Epoch 364 | Train L_gate: 0.030005980283021927 | Test L_gate: 0.02646489627659321
2020-10-28 01:15:08 Epoch 365 | Train L_gate: 0.030005967244505882 | Test L_gate: 0.02646489255130291
2020-10-28 01:15:20 Epoch 366 | Train L_gate: 0.030005956068634987 | Test L_gate: 0.026464886963367462
2020-10-28 01:15:32 Epoch 367 | Train L_gate: 0.03000594489276409 | Test L_gate: 0.026464883238077164
2020-10-28 01:15:44 Epoch 368 | Train L_gate: 0.030005933716893196 | Test L_gate: 0.026464879512786865
2020-10-28 01:15:56 Epoch 369 | Train L_gate: 0.0300059225410223 | Test L_gate: 0.026464873924851418
2020-10-28 01:16:08 Epoch 370 | Train L_gate: 0.030005911365151405 | Test L_gate: 0.02646487019956112
Saving weights to C:/tools/Drone_Racing_Files_v1/zz_model_outputs/bc_on_cmvae_con_50k_dense121
2020-10-28 01:16:20 Epoch 371 | Train L_gate: 0.03000590018928051 | Test L_gate: 0.02646486461162567
2020-10-28 01:16:31 Epoch 372 | Train L_gate: 0.030005889013409615 | Test L_gate: 0.026464860886335373
2020-10-28 01:16:43 Epoch 373 | Train L_gate: 0.03000587783753872 | Test L_gate: 0.026464855298399925
2020-10-28 01:16:55 Epoch 374 | Train L_gate: 0.030005866661667824 | Test L_gate: 0.026464851573109627
2020-10-28 01:17:08 Epoch 375 | Train L_gate: 0.03000585548579693 | Test L_gate: 0.02646484784781933
2020-10-28 01:17:20 Epoch 376 | Train L_gate: 0.030005846172571182 | Test L_gate: 0.02646484225988388
2020-10-28 01:17:32 Epoch 377 | Train L_gate: 0.030005834996700287 | Test L_gate: 0.026464838534593582
2020-10-28 01:17:43 Epoch 378 | Train L_gate: 0.03000582382082939 | Test L_gate: 0.026464834809303284
2020-10-28 01:17:55 Epoch 379 | Train L_gate: 0.030005812644958496 | Test L_gate: 0.026464829221367836
2020-10-28 01:18:06 Epoch 380 | Train L_gate: 0.03000580333173275 | Test L_gate: 0.026464825496077538
Saving weights to C:/tools/Drone_Racing_Files_v1/zz_model_outputs/bc_on_cmvae_con_50k_dense121
2020-10-28 01:18:18 Epoch 381 | Train L_gate: 0.030005792155861855 | Test L_gate: 0.02646482177078724
2020-10-28 01:18:31 Epoch 382 | Train L_gate: 0.03000578097999096 | Test L_gate: 0.02646481618285179

Process finished with exit code -1073741819 (0xC0000005)
