C:\Users\gary\.conda\envs\AirSim-Drone-VAE-PY3\python.exe C:/code_repo/AirSim-Drone-Racing-VAE-Imitation/imitation_learning/train_bc.py
Starting dataset
Done. Going to read images.
image idx = 0 out of 4148 images
image idx = 1000 out of 4148 images
image idx = 2000 out of 4148 images
image idx = 3000 out of 4148 images
image idx = 4000 out of 4148 images
Num samples: 4148
Average vx: 1.5326639413833618
Average vy: 0.3606027662754059
Average vz: -0.005232726223766804
Average vyaw: 0.1923598200082779
Done. Going to read images.
image idx = 0 out of 4489 images
image idx = 1000 out of 4489 images
image idx = 2000 out of 4489 images
image idx = 3000 out of 4489 images
image idx = 4000 out of 4489 images
Num samples: 4489
Average vx: 1.5535471439361572
Average vy: 0.35645145177841187
Average vz: -0.007793074008077383
Average vyaw: 0.18977417051792145
Done. Going to read images.
image idx = 0 out of 4747 images
image idx = 1000 out of 4747 images
image idx = 2000 out of 4747 images
image idx = 3000 out of 4747 images
image idx = 4000 out of 4747 images
Num samples: 4747
Average vx: 1.5798687934875488
Average vy: 0.38534224033355713
Average vz: -0.002544626360759139
Average vyaw: 0.19529101252555847
Done. Going to read images.
image idx = 0 out of 4471 images
image idx = 1000 out of 4471 images
image idx = 2000 out of 4471 images
image idx = 3000 out of 4471 images
image idx = 4000 out of 4471 images
Num samples: 4471
Average vx: 2.200140953063965
Average vy: 0.5045695900917053
Average vz: -0.016868380829691887
Average vyaw: 0.19239918887615204
2020-10-28 07:42:30.662493: W tensorflow/core/common_runtime/gpu/gpu_bfc_allocator.cc:39] Overriding allow_growth setting because the TF_FORCE_GPU_ALLOW_GROWTH environment variable is set. Original config value was 0.
Done with dataset
[Dronet] Starting dronet
[Dronet] Done with dronet
[ImgDecoder] Starting create_model
[ImgDecoder] Done with create_model
[NonLinearTransformer] Starting create_model
[NonLinearTransformer] Done with create_model
[NonLinearTransformer] Starting create_model
[NonLinearTransformer] Done with create_model
[NonLinearTransformer] Starting create_model
[NonLinearTransformer] Done with create_model
[NonLinearTransformer] Starting create_model
[NonLinearTransformer] Done with create_model
[BcLatent-Improve] Starting create_model
[BcLatent-Improve] Done with create_model
Start training ...
Model: "bc_latent"
_________________________________________________________________
Layer (type)                 Output Shape              Param #   
=================================================================
bc_dense (Sequential)        multiple                  20372     
=================================================================
Total params: 20,372
Trainable params: 20,372
Non-trainable params: 0
_________________________________________________________________
2020-10-28 07:42:37 Epoch 0 | Train L_gate: 0.030678877606987953 | Test L_gate: 0.022634463384747505
2020-10-28 07:42:38 Epoch 1 | Train L_gate: 0.022890374064445496 | Test L_gate: 0.016645364463329315
2020-10-28 07:42:39 Epoch 2 | Train L_gate: 0.021028460934758186 | Test L_gate: 0.016826001927256584
2020-10-28 07:42:40 Epoch 3 | Train L_gate: 0.019996780902147293 | Test L_gate: 0.016420358791947365
2020-10-28 07:42:41 Epoch 4 | Train L_gate: 0.019274722784757614 | Test L_gate: 0.01594458520412445
2020-10-28 07:42:42 Epoch 5 | Train L_gate: 0.018710896372795105 | Test L_gate: 0.015701107680797577
2020-10-28 07:42:43 Epoch 6 | Train L_gate: 0.01829584315419197 | Test L_gate: 0.015379339456558228
2020-10-28 07:42:45 Epoch 7 | Train L_gate: 0.01791781187057495 | Test L_gate: 0.01522005070000887
2020-10-28 07:42:46 Epoch 8 | Train L_gate: 0.017585260793566704 | Test L_gate: 0.014978629536926746
2020-10-28 07:42:47 Epoch 9 | Train L_gate: 0.01731121353805065 | Test L_gate: 0.014776380732655525
2020-10-28 07:42:48 Epoch 10 | Train L_gate: 0.017071453854441643 | Test L_gate: 0.014690360054373741
Saving weights to C:/tools/Drone_Racing_Files_v1/zz_model_outputs/bc_improve_on_cmvae_con_50k_deeperResNet
2020-10-28 07:42:49 Epoch 11 | Train L_gate: 0.016852322965860367 | Test L_gate: 0.014613276347517967
2020-10-28 07:42:50 Epoch 12 | Train L_gate: 0.01664719358086586 | Test L_gate: 0.014475438743829727
2020-10-28 07:42:51 Epoch 13 | Train L_gate: 0.016486207023262978 | Test L_gate: 0.014429324306547642
2020-10-28 07:42:53 Epoch 14 | Train L_gate: 0.016327789053320885 | Test L_gate: 0.014319203794002533
2020-10-28 07:42:54 Epoch 15 | Train L_gate: 0.016175856813788414 | Test L_gate: 0.014233872294425964
2020-10-28 07:42:55 Epoch 16 | Train L_gate: 0.01602652296423912 | Test L_gate: 0.014155861921608448
2020-10-28 07:42:56 Epoch 17 | Train L_gate: 0.01589011773467064 | Test L_gate: 0.014096994884312153
2020-10-28 07:42:57 Epoch 18 | Train L_gate: 0.01576152630150318 | Test L_gate: 0.014041079208254814
2020-10-28 07:42:58 Epoch 19 | Train L_gate: 0.015627214685082436 | Test L_gate: 0.014009187929332256
2020-10-28 07:42:59 Epoch 20 | Train L_gate: 0.015496530570089817 | Test L_gate: 0.013931692577898502
Saving weights to C:/tools/Drone_Racing_Files_v1/zz_model_outputs/bc_improve_on_cmvae_con_50k_deeperResNet
2020-10-28 07:43:01 Epoch 21 | Train L_gate: 0.015379389747977257 | Test L_gate: 0.013916333205997944
2020-10-28 07:43:02 Epoch 22 | Train L_gate: 0.015288637019693851 | Test L_gate: 0.013833853416144848
2020-10-28 07:43:03 Epoch 23 | Train L_gate: 0.01518186740577221 | Test L_gate: 0.01374988816678524
2020-10-28 07:43:04 Epoch 24 | Train L_gate: 0.015091576613485813 | Test L_gate: 0.013714760541915894
2020-10-28 07:43:06 Epoch 25 | Train L_gate: 0.015007823705673218 | Test L_gate: 0.013676231727004051
2020-10-28 07:43:07 Epoch 26 | Train L_gate: 0.01491994597017765 | Test L_gate: 0.013635048642754555
2020-10-28 07:43:08 Epoch 27 | Train L_gate: 0.014843345619738102 | Test L_gate: 0.01360326074063778
2020-10-28 07:43:09 Epoch 28 | Train L_gate: 0.014769203960895538 | Test L_gate: 0.013559961691498756
2020-10-28 07:43:10 Epoch 29 | Train L_gate: 0.014698215760290623 | Test L_gate: 0.013520726002752781
2020-10-28 07:43:11 Epoch 30 | Train L_gate: 0.014629123732447624 | Test L_gate: 0.01349509134888649
Saving weights to C:/tools/Drone_Racing_Files_v1/zz_model_outputs/bc_improve_on_cmvae_con_50k_deeperResNet
2020-10-28 07:43:12 Epoch 31 | Train L_gate: 0.014555363915860653 | Test L_gate: 0.013449243269860744
2020-10-28 07:43:14 Epoch 32 | Train L_gate: 0.014482279308140278 | Test L_gate: 0.013405566103756428
2020-10-28 07:43:15 Epoch 33 | Train L_gate: 0.014421101659536362 | Test L_gate: 0.013375877402722836
2020-10-28 07:43:16 Epoch 34 | Train L_gate: 0.0143519202247262 | Test L_gate: 0.013333214446902275
2020-10-28 07:43:17 Epoch 35 | Train L_gate: 0.01429335679858923 | Test L_gate: 0.013300796039402485
2020-10-28 07:43:18 Epoch 36 | Train L_gate: 0.014235682785511017 | Test L_gate: 0.013261394575238228
2020-10-28 07:43:19 Epoch 37 | Train L_gate: 0.01417454518377781 | Test L_gate: 0.013225378468632698
2020-10-28 07:43:20 Epoch 38 | Train L_gate: 0.0141123216599226 | Test L_gate: 0.013204175047576427
2020-10-28 07:43:22 Epoch 39 | Train L_gate: 0.014057574793696404 | Test L_gate: 0.013196930289268494
2020-10-28 07:43:23 Epoch 40 | Train L_gate: 0.013996181078255177 | Test L_gate: 0.01317588146775961
Saving weights to C:/tools/Drone_Racing_Files_v1/zz_model_outputs/bc_improve_on_cmvae_con_50k_deeperResNet
2020-10-28 07:43:24 Epoch 41 | Train L_gate: 0.013939392752945423 | Test L_gate: 0.013157892040908337
2020-10-28 07:43:25 Epoch 42 | Train L_gate: 0.013875583186745644 | Test L_gate: 0.013128101825714111
2020-10-28 07:43:26 Epoch 43 | Train L_gate: 0.013812605291604996 | Test L_gate: 0.013099170289933681
2020-10-28 07:43:28 Epoch 44 | Train L_gate: 0.013751563616096973 | Test L_gate: 0.013084311038255692
2020-10-28 07:43:29 Epoch 45 | Train L_gate: 0.013695006258785725 | Test L_gate: 0.013050599955022335
2020-10-28 07:43:30 Epoch 46 | Train L_gate: 0.013633952476084232 | Test L_gate: 0.013027475215494633
2020-10-28 07:43:31 Epoch 47 | Train L_gate: 0.013577059842646122 | Test L_gate: 0.013006642460823059
2020-10-28 07:43:32 Epoch 48 | Train L_gate: 0.013521897606551647 | Test L_gate: 0.012984087690711021
2020-10-28 07:43:33 Epoch 49 | Train L_gate: 0.013469952158629894 | Test L_gate: 0.012959083542227745
2020-10-28 07:43:35 Epoch 50 | Train L_gate: 0.01341621670871973 | Test L_gate: 0.01295849122107029
Saving weights to C:/tools/Drone_Racing_Files_v1/zz_model_outputs/bc_improve_on_cmvae_con_50k_deeperResNet
2020-10-28 07:43:36 Epoch 51 | Train L_gate: 0.0133654261007905 | Test L_gate: 0.012930094264447689
2020-10-28 07:43:37 Epoch 52 | Train L_gate: 0.013315253891050816 | Test L_gate: 0.012926728464663029
2020-10-28 07:43:38 Epoch 53 | Train L_gate: 0.013264594599604607 | Test L_gate: 0.012920435518026352
2020-10-28 07:43:39 Epoch 54 | Train L_gate: 0.013217463158071041 | Test L_gate: 0.012905635870993137
2020-10-28 07:43:40 Epoch 55 | Train L_gate: 0.013172420673072338 | Test L_gate: 0.012899409048259258
2020-10-28 07:43:41 Epoch 56 | Train L_gate: 0.013123871758580208 | Test L_gate: 0.012883920222520828
2020-10-28 07:43:43 Epoch 57 | Train L_gate: 0.013079175725579262 | Test L_gate: 0.012876498512923717
2020-10-28 07:43:44 Epoch 58 | Train L_gate: 0.01303268875926733 | Test L_gate: 0.012857075780630112
2020-10-28 07:43:45 Epoch 59 | Train L_gate: 0.012983952648937702 | Test L_gate: 0.012841964140534401
2020-10-28 07:43:46 Epoch 60 | Train L_gate: 0.012941310182213783 | Test L_gate: 0.012831304222345352
Saving weights to C:/tools/Drone_Racing_Files_v1/zz_model_outputs/bc_improve_on_cmvae_con_50k_deeperResNet
2020-10-28 07:43:47 Epoch 61 | Train L_gate: 0.012897703796625137 | Test L_gate: 0.0128239206969738
2020-10-28 07:43:48 Epoch 62 | Train L_gate: 0.012862530536949635 | Test L_gate: 0.01282814797013998
2020-10-28 07:43:50 Epoch 63 | Train L_gate: 0.01282322034239769 | Test L_gate: 0.012816205620765686
2020-10-28 07:43:51 Epoch 64 | Train L_gate: 0.012786369770765305 | Test L_gate: 0.01280530821532011
2020-10-28 07:43:52 Epoch 65 | Train L_gate: 0.012760376557707787 | Test L_gate: 0.012799856252968311
2020-10-28 07:43:53 Epoch 66 | Train L_gate: 0.01274827215820551 | Test L_gate: 0.012779646553099155
2020-10-28 07:43:55 Epoch 67 | Train L_gate: 0.012721769511699677 | Test L_gate: 0.012765666469931602
2020-10-28 07:43:56 Epoch 68 | Train L_gate: 0.012694263830780983 | Test L_gate: 0.012750093825161457
2020-10-28 07:43:57 Epoch 69 | Train L_gate: 0.012653992511332035 | Test L_gate: 0.01274081040173769
2020-10-28 07:43:58 Epoch 70 | Train L_gate: 0.012615692801773548 | Test L_gate: 0.01272750087082386
Saving weights to C:/tools/Drone_Racing_Files_v1/zz_model_outputs/bc_improve_on_cmvae_con_50k_deeperResNet
2020-10-28 07:43:59 Epoch 71 | Train L_gate: 0.01257510855793953 | Test L_gate: 0.01271839253604412
2020-10-28 07:44:00 Epoch 72 | Train L_gate: 0.012538442388176918 | Test L_gate: 0.01271730288863182
2020-10-28 07:44:01 Epoch 73 | Train L_gate: 0.012507992796599865 | Test L_gate: 0.012709534727036953
2020-10-28 07:44:03 Epoch 74 | Train L_gate: 0.01247541792690754 | Test L_gate: 0.012704976834356785
2020-10-28 07:44:04 Epoch 75 | Train L_gate: 0.012438276782631874 | Test L_gate: 0.012695642188191414
2020-10-28 07:44:05 Epoch 76 | Train L_gate: 0.012402351014316082 | Test L_gate: 0.012690351344645023
2020-10-28 07:44:06 Epoch 77 | Train L_gate: 0.012368867173790932 | Test L_gate: 0.0126859862357378
2020-10-28 07:44:07 Epoch 78 | Train L_gate: 0.01233583502471447 | Test L_gate: 0.012677766382694244
2020-10-28 07:44:09 Epoch 79 | Train L_gate: 0.012302758172154427 | Test L_gate: 0.01267055980861187
2020-10-28 07:44:10 Epoch 80 | Train L_gate: 0.012270434759557247 | Test L_gate: 0.012666226364672184
Saving weights to C:/tools/Drone_Racing_Files_v1/zz_model_outputs/bc_improve_on_cmvae_con_50k_deeperResNet
2020-10-28 07:44:12 Epoch 81 | Train L_gate: 0.012238718569278717 | Test L_gate: 0.01265659648925066
2020-10-28 07:44:13 Epoch 82 | Train L_gate: 0.012204018421471119 | Test L_gate: 0.01265178993344307
2020-10-28 07:44:14 Epoch 83 | Train L_gate: 0.012177527882158756 | Test L_gate: 0.012644288130104542
2020-10-28 07:44:16 Epoch 84 | Train L_gate: 0.012148818001151085 | Test L_gate: 0.01263908389955759
2020-10-28 07:44:17 Epoch 85 | Train L_gate: 0.01212227251380682 | Test L_gate: 0.012630151584744453
2020-10-28 07:44:18 Epoch 86 | Train L_gate: 0.012091503478586674 | Test L_gate: 0.012619566172361374
2020-10-28 07:44:20 Epoch 87 | Train L_gate: 0.012063453905284405 | Test L_gate: 0.01260700635612011
2020-10-28 07:44:21 Epoch 88 | Train L_gate: 0.012036515399813652 | Test L_gate: 0.012600155547261238
2020-10-28 07:44:22 Epoch 89 | Train L_gate: 0.012006668373942375 | Test L_gate: 0.012599621899425983
2020-10-28 07:44:23 Epoch 90 | Train L_gate: 0.01197768747806549 | Test L_gate: 0.01259539183229208
Saving weights to C:/tools/Drone_Racing_Files_v1/zz_model_outputs/bc_improve_on_cmvae_con_50k_deeperResNet
2020-10-28 07:44:25 Epoch 91 | Train L_gate: 0.011946520768105984 | Test L_gate: 0.01259267795830965
2020-10-28 07:44:26 Epoch 92 | Train L_gate: 0.011917314492166042 | Test L_gate: 0.0125863803550601
2020-10-28 07:44:27 Epoch 93 | Train L_gate: 0.011889854446053505 | Test L_gate: 0.012574396096169949
2020-10-28 07:44:29 Epoch 94 | Train L_gate: 0.011861339211463928 | Test L_gate: 0.012568224221467972
2020-10-28 07:44:30 Epoch 95 | Train L_gate: 0.01183575764298439 | Test L_gate: 0.01256257202476263
2020-10-28 07:44:32 Epoch 96 | Train L_gate: 0.011817147955298424 | Test L_gate: 0.012568128295242786
2020-10-28 07:44:33 Epoch 97 | Train L_gate: 0.011796989478170872 | Test L_gate: 0.012565880082547665
2020-10-28 07:44:34 Epoch 98 | Train L_gate: 0.011774687096476555 | Test L_gate: 0.012556133791804314
2020-10-28 07:44:36 Epoch 99 | Train L_gate: 0.011749551631510258 | Test L_gate: 0.012555573135614395
2020-10-28 07:44:38 Epoch 100 | Train L_gate: 0.011725484393537045 | Test L_gate: 0.012549160979688168
Saving weights to C:/tools/Drone_Racing_Files_v1/zz_model_outputs/bc_improve_on_cmvae_con_50k_deeperResNet
2020-10-28 07:44:39 Epoch 101 | Train L_gate: 0.01170128770172596 | Test L_gate: 0.012551043182611465
2020-10-28 07:44:41 Epoch 102 | Train L_gate: 0.011677960865199566 | Test L_gate: 0.012561043724417686
2020-10-28 07:44:42 Epoch 103 | Train L_gate: 0.01165189128369093 | Test L_gate: 0.012554606422781944
2020-10-28 07:44:44 Epoch 104 | Train L_gate: 0.011629900895059109 | Test L_gate: 0.012553408741950989
2020-10-28 07:44:45 Epoch 105 | Train L_gate: 0.011605460196733475 | Test L_gate: 0.012561638839542866
2020-10-28 07:44:46 Epoch 106 | Train L_gate: 0.011586821638047695 | Test L_gate: 0.012551373802125454
2020-10-28 07:44:48 Epoch 107 | Train L_gate: 0.011565787717700005 | Test L_gate: 0.012544593773782253
2020-10-28 07:44:49 Epoch 108 | Train L_gate: 0.011550704017281532 | Test L_gate: 0.012550047598779202
2020-10-28 07:44:50 Epoch 109 | Train L_gate: 0.01153657492250204 | Test L_gate: 0.012551339343190193
2020-10-28 07:44:52 Epoch 110 | Train L_gate: 0.01152283139526844 | Test L_gate: 0.012558626011013985
Saving weights to C:/tools/Drone_Racing_Files_v1/zz_model_outputs/bc_improve_on_cmvae_con_50k_deeperResNet
2020-10-28 07:44:53 Epoch 111 | Train L_gate: 0.01150366198271513 | Test L_gate: 0.012559360824525356
2020-10-28 07:44:55 Epoch 112 | Train L_gate: 0.01148407906293869 | Test L_gate: 0.012573967687785625
2020-10-28 07:44:56 Epoch 113 | Train L_gate: 0.011470360681414604 | Test L_gate: 0.012578563764691353
2020-10-28 07:44:57 Epoch 114 | Train L_gate: 0.011458320543169975 | Test L_gate: 0.012584121897816658
2020-10-28 07:44:59 Epoch 115 | Train L_gate: 0.011441793292760849 | Test L_gate: 0.012586265802383423
2020-10-28 07:45:00 Epoch 116 | Train L_gate: 0.011422049254179 | Test L_gate: 0.012593219056725502
2020-10-28 07:45:02 Epoch 117 | Train L_gate: 0.01140828337520361 | Test L_gate: 0.012599539943039417
2020-10-28 07:45:03 Epoch 118 | Train L_gate: 0.011394447647035122 | Test L_gate: 0.01261128019541502
2020-10-28 07:45:04 Epoch 119 | Train L_gate: 0.01137737836688757 | Test L_gate: 0.012603295966982841
2020-10-28 07:45:05 Epoch 120 | Train L_gate: 0.011356736533343792 | Test L_gate: 0.01260205265134573
Saving weights to C:/tools/Drone_Racing_Files_v1/zz_model_outputs/bc_improve_on_cmvae_con_50k_deeperResNet
2020-10-28 07:45:07 Epoch 121 | Train L_gate: 0.011335753835737705 | Test L_gate: 0.012598114088177681
2020-10-28 07:45:08 Epoch 122 | Train L_gate: 0.011316648684442043 | Test L_gate: 0.012594709172844887
2020-10-28 07:45:09 Epoch 123 | Train L_gate: 0.011296567507088184 | Test L_gate: 0.012590311467647552
2020-10-28 07:45:10 Epoch 124 | Train L_gate: 0.011281158775091171 | Test L_gate: 0.012584652751684189
2020-10-28 07:45:12 Epoch 125 | Train L_gate: 0.011258745566010475 | Test L_gate: 0.01258072629570961
2020-10-28 07:45:14 Epoch 126 | Train L_gate: 0.01123738382011652 | Test L_gate: 0.012589063495397568
2020-10-28 07:45:15 Epoch 127 | Train L_gate: 0.01121793407946825 | Test L_gate: 0.012592490762472153
2020-10-28 07:45:16 Epoch 128 | Train L_gate: 0.0111969243735075 | Test L_gate: 0.012590666301548481
2020-10-28 07:45:18 Epoch 129 | Train L_gate: 0.011176628060638905 | Test L_gate: 0.012586554512381554
2020-10-28 07:45:19 Epoch 130 | Train L_gate: 0.011160879395902157 | Test L_gate: 0.01258762925863266
Saving weights to C:/tools/Drone_Racing_Files_v1/zz_model_outputs/bc_improve_on_cmvae_con_50k_deeperResNet
2020-10-28 07:45:20 Epoch 131 | Train L_gate: 0.011146274395287037 | Test L_gate: 0.012587947770953178
2020-10-28 07:45:21 Epoch 132 | Train L_gate: 0.011128242127597332 | Test L_gate: 0.012589671649038792
2020-10-28 07:45:22 Epoch 133 | Train L_gate: 0.01111397985368967 | Test L_gate: 0.012592517770826817
2020-10-28 07:45:24 Epoch 134 | Train L_gate: 0.011099174618721008 | Test L_gate: 0.012584054842591286
2020-10-28 07:45:25 Epoch 135 | Train L_gate: 0.011082914657890797 | Test L_gate: 0.012579846195876598
2020-10-28 07:45:26 Epoch 136 | Train L_gate: 0.011068844236433506 | Test L_gate: 0.012579717673361301
2020-10-28 07:45:27 Epoch 137 | Train L_gate: 0.011050799861550331 | Test L_gate: 0.012576245702803135
2020-10-28 07:45:29 Epoch 138 | Train L_gate: 0.011038449592888355 | Test L_gate: 0.012577218934893608
2020-10-28 07:45:30 Epoch 139 | Train L_gate: 0.011018111370503902 | Test L_gate: 0.012577692978084087
2020-10-28 07:45:31 Epoch 140 | Train L_gate: 0.010999556630849838 | Test L_gate: 0.012576139532029629
Saving weights to C:/tools/Drone_Racing_Files_v1/zz_model_outputs/bc_improve_on_cmvae_con_50k_deeperResNet
2020-10-28 07:45:32 Epoch 141 | Train L_gate: 0.01098211295902729 | Test L_gate: 0.01257129106670618
2020-10-28 07:45:34 Epoch 142 | Train L_gate: 0.010965417139232159 | Test L_gate: 0.012576565146446228
2020-10-28 07:45:35 Epoch 143 | Train L_gate: 0.010950534604489803 | Test L_gate: 0.012564106844365597
2020-10-28 07:45:36 Epoch 144 | Train L_gate: 0.010934112593531609 | Test L_gate: 0.012556801550090313
2020-10-28 07:45:37 Epoch 145 | Train L_gate: 0.010914761573076248 | Test L_gate: 0.012549328617751598
2020-10-28 07:45:39 Epoch 146 | Train L_gate: 0.010895509272813797 | Test L_gate: 0.012540741823613644
2020-10-28 07:45:40 Epoch 147 | Train L_gate: 0.010880987159907818 | Test L_gate: 0.01253662258386612
2020-10-28 07:45:41 Epoch 148 | Train L_gate: 0.010860743001103401 | Test L_gate: 0.012532257474958897
2020-10-28 07:45:43 Epoch 149 | Train L_gate: 0.010842433199286461 | Test L_gate: 0.012524480931460857
2020-10-28 07:45:44 Epoch 150 | Train L_gate: 0.010827264748513699 | Test L_gate: 0.012518076226115227
Saving weights to C:/tools/Drone_Racing_Files_v1/zz_model_outputs/bc_improve_on_cmvae_con_50k_deeperResNet
2020-10-28 07:45:45 Epoch 151 | Train L_gate: 0.01080977264791727 | Test L_gate: 0.012512654066085815
2020-10-28 07:45:47 Epoch 152 | Train L_gate: 0.010792532004415989 | Test L_gate: 0.012515722773969173
2020-10-28 07:45:48 Epoch 153 | Train L_gate: 0.010777066461741924 | Test L_gate: 0.01251622661948204
2020-10-28 07:45:49 Epoch 154 | Train L_gate: 0.010761307552456856 | Test L_gate: 0.01251005195081234
2020-10-28 07:45:51 Epoch 155 | Train L_gate: 0.010748679749667645 | Test L_gate: 0.012501565739512444
2020-10-28 07:45:52 Epoch 156 | Train L_gate: 0.010735969059169292 | Test L_gate: 0.012499592266976833
2020-10-28 07:45:54 Epoch 157 | Train L_gate: 0.010719875805079937 | Test L_gate: 0.012495801784098148
2020-10-28 07:45:56 Epoch 158 | Train L_gate: 0.010704525746405125 | Test L_gate: 0.012485452927649021
2020-10-28 07:45:57 Epoch 159 | Train L_gate: 0.010687497444450855 | Test L_gate: 0.012478995136916637
2020-10-28 07:45:58 Epoch 160 | Train L_gate: 0.010673411190509796 | Test L_gate: 0.012477307580411434
Saving weights to C:/tools/Drone_Racing_Files_v1/zz_model_outputs/bc_improve_on_cmvae_con_50k_deeperResNet
2020-10-28 07:45:59 Epoch 161 | Train L_gate: 0.010657324455678463 | Test L_gate: 0.012478118762373924
2020-10-28 07:46:01 Epoch 162 | Train L_gate: 0.010640362277626991 | Test L_gate: 0.0124775106087327
2020-10-28 07:46:02 Epoch 163 | Train L_gate: 0.010625057853758335 | Test L_gate: 0.012482862919569016
2020-10-28 07:46:03 Epoch 164 | Train L_gate: 0.010616225190460682 | Test L_gate: 0.012484483420848846
2020-10-28 07:46:05 Epoch 165 | Train L_gate: 0.010606040246784687 | Test L_gate: 0.012480596080422401
2020-10-28 07:46:06 Epoch 166 | Train L_gate: 0.010592984966933727 | Test L_gate: 0.012469520792365074
2020-10-28 07:46:07 Epoch 167 | Train L_gate: 0.010576664470136166 | Test L_gate: 0.012468420900404453
2020-10-28 07:46:08 Epoch 168 | Train L_gate: 0.01056321058422327 | Test L_gate: 0.012460908852517605
2020-10-28 07:46:10 Epoch 169 | Train L_gate: 0.010548370890319347 | Test L_gate: 0.012454639188945293
2020-10-28 07:46:11 Epoch 170 | Train L_gate: 0.010530977509915829 | Test L_gate: 0.012451041489839554
Saving weights to C:/tools/Drone_Racing_Files_v1/zz_model_outputs/bc_improve_on_cmvae_con_50k_deeperResNet
2020-10-28 07:46:12 Epoch 171 | Train L_gate: 0.01051709521561861 | Test L_gate: 0.012450059875845909
2020-10-28 07:46:13 Epoch 172 | Train L_gate: 0.010499926283955574 | Test L_gate: 0.012448327615857124
2020-10-28 07:46:15 Epoch 173 | Train L_gate: 0.01048479974269867 | Test L_gate: 0.01244334876537323
2020-10-28 07:46:16 Epoch 174 | Train L_gate: 0.010469015687704086 | Test L_gate: 0.012434913776814938
2020-10-28 07:46:18 Epoch 175 | Train L_gate: 0.010453961789608002 | Test L_gate: 0.01243741437792778
2020-10-28 07:46:19 Epoch 176 | Train L_gate: 0.010440305806696415 | Test L_gate: 0.012432287447154522
2020-10-28 07:46:21 Epoch 177 | Train L_gate: 0.010426725260913372 | Test L_gate: 0.012421323917806149
2020-10-28 07:46:22 Epoch 178 | Train L_gate: 0.010411116294562817 | Test L_gate: 0.01241037156432867
2020-10-28 07:46:24 Epoch 179 | Train L_gate: 0.010395062156021595 | Test L_gate: 0.012405858375132084
2020-10-28 07:46:26 Epoch 180 | Train L_gate: 0.010378150269389153 | Test L_gate: 0.01239624060690403
Saving weights to C:/tools/Drone_Racing_Files_v1/zz_model_outputs/bc_improve_on_cmvae_con_50k_deeperResNet
2020-10-28 07:46:27 Epoch 181 | Train L_gate: 0.01036333292722702 | Test L_gate: 0.012391701340675354
2020-10-28 07:46:28 Epoch 182 | Train L_gate: 0.010350733995437622 | Test L_gate: 0.012381460517644882
2020-10-28 07:46:30 Epoch 183 | Train L_gate: 0.010340983979403973 | Test L_gate: 0.01238061673939228
2020-10-28 07:46:31 Epoch 184 | Train L_gate: 0.010330269113183022 | Test L_gate: 0.012379087507724762
2020-10-28 07:46:32 Epoch 185 | Train L_gate: 0.010316957719624043 | Test L_gate: 0.01238826010376215
2020-10-28 07:46:34 Epoch 186 | Train L_gate: 0.010307295247912407 | Test L_gate: 0.012389114126563072
2020-10-28 07:46:35 Epoch 187 | Train L_gate: 0.01029784232378006 | Test L_gate: 0.0123864421620965
2020-10-28 07:46:36 Epoch 188 | Train L_gate: 0.010284686461091042 | Test L_gate: 0.012386530637741089
2020-10-28 07:46:37 Epoch 189 | Train L_gate: 0.010270079597830772 | Test L_gate: 0.012379899621009827
2020-10-28 07:46:39 Epoch 190 | Train L_gate: 0.010255268774926662 | Test L_gate: 0.0123780257999897
Saving weights to C:/tools/Drone_Racing_Files_v1/zz_model_outputs/bc_improve_on_cmvae_con_50k_deeperResNet
2020-10-28 07:46:40 Epoch 191 | Train L_gate: 0.01024205144494772 | Test L_gate: 0.012377617880702019
2020-10-28 07:46:41 Epoch 192 | Train L_gate: 0.010227730497717857 | Test L_gate: 0.012375405989587307
2020-10-28 07:46:43 Epoch 193 | Train L_gate: 0.010212711989879608 | Test L_gate: 0.012375476770102978
2020-10-28 07:46:44 Epoch 194 | Train L_gate: 0.010196608491241932 | Test L_gate: 0.012372829020023346
2020-10-28 07:46:45 Epoch 195 | Train L_gate: 0.010182061232626438 | Test L_gate: 0.01236625388264656
2020-10-28 07:46:48 Epoch 196 | Train L_gate: 0.01016667578369379 | Test L_gate: 0.012362438254058361
2020-10-28 07:46:49 Epoch 197 | Train L_gate: 0.010150738060474396 | Test L_gate: 0.012360074557363987
2020-10-28 07:46:50 Epoch 198 | Train L_gate: 0.010137333534657955 | Test L_gate: 0.012356461957097054
2020-10-28 07:46:52 Epoch 199 | Train L_gate: 0.010125001892447472 | Test L_gate: 0.01235351525247097
2020-10-28 07:46:53 Epoch 200 | Train L_gate: 0.010112129151821136 | Test L_gate: 0.012355475686490536
Saving weights to C:/tools/Drone_Racing_Files_v1/zz_model_outputs/bc_improve_on_cmvae_con_50k_deeperResNet
2020-10-28 07:46:54 Epoch 201 | Train L_gate: 0.010097329504787922 | Test L_gate: 0.01234564371407032
2020-10-28 07:46:55 Epoch 202 | Train L_gate: 0.010082892142236233 | Test L_gate: 0.012338750064373016
2020-10-28 07:46:57 Epoch 203 | Train L_gate: 0.010068255476653576 | Test L_gate: 0.012335863895714283
2020-10-28 07:46:58 Epoch 204 | Train L_gate: 0.01005400437861681 | Test L_gate: 0.012328746728599072
2020-10-28 07:46:59 Epoch 205 | Train L_gate: 0.010039858520030975 | Test L_gate: 0.01232109870761633
2020-10-28 07:47:00 Epoch 206 | Train L_gate: 0.010025432333350182 | Test L_gate: 0.012315608561038971
2020-10-28 07:47:02 Epoch 207 | Train L_gate: 0.010012131184339523 | Test L_gate: 0.012320009060204029
2020-10-28 07:47:03 Epoch 208 | Train L_gate: 0.01000266708433628 | Test L_gate: 0.01231391541659832
2020-10-28 07:47:04 Epoch 209 | Train L_gate: 0.009990416467189789 | Test L_gate: 0.012314872816205025
2020-10-28 07:47:07 Epoch 210 | Train L_gate: 0.009979845955967903 | Test L_gate: 0.012309516780078411
Saving weights to C:/tools/Drone_Racing_Files_v1/zz_model_outputs/bc_improve_on_cmvae_con_50k_deeperResNet
2020-10-28 07:47:08 Epoch 211 | Train L_gate: 0.009965872392058372 | Test L_gate: 0.012307487428188324
2020-10-28 07:47:10 Epoch 212 | Train L_gate: 0.009952659718692303 | Test L_gate: 0.012300902977585793
2020-10-28 07:47:11 Epoch 213 | Train L_gate: 0.009938046336174011 | Test L_gate: 0.012296660803258419
2020-10-28 07:47:13 Epoch 214 | Train L_gate: 0.009925578720867634 | Test L_gate: 0.012292030267417431
2020-10-28 07:47:14 Epoch 215 | Train L_gate: 0.009914948605000973 | Test L_gate: 0.012291552498936653
2020-10-28 07:47:16 Epoch 216 | Train L_gate: 0.009905189275741577 | Test L_gate: 0.012288890779018402
2020-10-28 07:47:18 Epoch 217 | Train L_gate: 0.009891388937830925 | Test L_gate: 0.01228572428226471
2020-10-28 07:47:19 Epoch 218 | Train L_gate: 0.009877912700176239 | Test L_gate: 0.012282663024961948
2020-10-28 07:47:21 Epoch 219 | Train L_gate: 0.009864970110356808 | Test L_gate: 0.012282204814255238
2020-10-28 07:47:23 Epoch 220 | Train L_gate: 0.00985061563551426 | Test L_gate: 0.012279628776013851
Saving weights to C:/tools/Drone_Racing_Files_v1/zz_model_outputs/bc_improve_on_cmvae_con_50k_deeperResNet
2020-10-28 07:47:24 Epoch 221 | Train L_gate: 0.00983720738440752 | Test L_gate: 0.01227736845612526
2020-10-28 07:47:26 Epoch 222 | Train L_gate: 0.009822957217693329 | Test L_gate: 0.012272690422832966
2020-10-28 07:47:27 Epoch 223 | Train L_gate: 0.009810204617679119 | Test L_gate: 0.012269306927919388
2020-10-28 07:47:29 Epoch 224 | Train L_gate: 0.009805185720324516 | Test L_gate: 0.012269223108887672
2020-10-28 07:47:31 Epoch 225 | Train L_gate: 0.009797840379178524 | Test L_gate: 0.012271094135940075
2020-10-28 07:47:32 Epoch 226 | Train L_gate: 0.00979053694754839 | Test L_gate: 0.012277553789317608
2020-10-28 07:47:34 Epoch 227 | Train L_gate: 0.00977991335093975 | Test L_gate: 0.012274403125047684
2020-10-28 07:47:36 Epoch 228 | Train L_gate: 0.009767462499439716 | Test L_gate: 0.012271218933165073
2020-10-28 07:47:38 Epoch 229 | Train L_gate: 0.009754038415849209 | Test L_gate: 0.012268065474927425
2020-10-28 07:47:40 Epoch 230 | Train L_gate: 0.009741016663610935 | Test L_gate: 0.012262463569641113
Saving weights to C:/tools/Drone_Racing_Files_v1/zz_model_outputs/bc_improve_on_cmvae_con_50k_deeperResNet
2020-10-28 07:47:42 Epoch 231 | Train L_gate: 0.009728165343403816 | Test L_gate: 0.012254377827048302
2020-10-28 07:47:44 Epoch 232 | Train L_gate: 0.009716449305415154 | Test L_gate: 0.012248399667441845
2020-10-28 07:47:46 Epoch 233 | Train L_gate: 0.00970498938113451 | Test L_gate: 0.012247164733707905
2020-10-28 07:47:48 Epoch 234 | Train L_gate: 0.009694341570138931 | Test L_gate: 0.012244988232851028
2020-10-28 07:47:50 Epoch 235 | Train L_gate: 0.009684276767075062 | Test L_gate: 0.01224492397159338
2020-10-28 07:47:52 Epoch 236 | Train L_gate: 0.0096724983304739 | Test L_gate: 0.012240626849234104
2020-10-28 07:47:54 Epoch 237 | Train L_gate: 0.009661488234996796 | Test L_gate: 0.01223763357847929
2020-10-28 07:47:56 Epoch 238 | Train L_gate: 0.009649503976106644 | Test L_gate: 0.012240763753652573
2020-10-28 07:47:57 Epoch 239 | Train L_gate: 0.00963771715760231 | Test L_gate: 0.012241600081324577
2020-10-28 07:47:59 Epoch 240 | Train L_gate: 0.009627430699765682 | Test L_gate: 0.01223519816994667
Saving weights to C:/tools/Drone_Racing_Files_v1/zz_model_outputs/bc_improve_on_cmvae_con_50k_deeperResNet
2020-10-28 07:48:00 Epoch 241 | Train L_gate: 0.009617114439606667 | Test L_gate: 0.012235866859555244
2020-10-28 07:48:02 Epoch 242 | Train L_gate: 0.00960581749677658 | Test L_gate: 0.012232240289449692
2020-10-28 07:48:05 Epoch 243 | Train L_gate: 0.009594913572072983 | Test L_gate: 0.01223030686378479
2020-10-28 07:48:06 Epoch 244 | Train L_gate: 0.009583333507180214 | Test L_gate: 0.012222670018672943
2020-10-28 07:48:08 Epoch 245 | Train L_gate: 0.009572367183864117 | Test L_gate: 0.012217594310641289
2020-10-28 07:48:09 Epoch 246 | Train L_gate: 0.00956116896122694 | Test L_gate: 0.0122127840295434
2020-10-28 07:48:10 Epoch 247 | Train L_gate: 0.00954923965036869 | Test L_gate: 0.01220996305346489
2020-10-28 07:48:11 Epoch 248 | Train L_gate: 0.009538077749311924 | Test L_gate: 0.01220566313713789
2020-10-28 07:48:13 Epoch 249 | Train L_gate: 0.009527242742478848 | Test L_gate: 0.012200074270367622
2020-10-28 07:48:14 Epoch 250 | Train L_gate: 0.00951684545725584 | Test L_gate: 0.012195083312690258
Saving weights to C:/tools/Drone_Racing_Files_v1/zz_model_outputs/bc_improve_on_cmvae_con_50k_deeperResNet
2020-10-28 07:48:15 Epoch 251 | Train L_gate: 0.009505554102361202 | Test L_gate: 0.012191107496619225
2020-10-28 07:48:17 Epoch 252 | Train L_gate: 0.009495656937360764 | Test L_gate: 0.01218585204333067
2020-10-28 07:48:18 Epoch 253 | Train L_gate: 0.009485602378845215 | Test L_gate: 0.012180503457784653
2020-10-28 07:48:19 Epoch 254 | Train L_gate: 0.009476604871451855 | Test L_gate: 0.01217909436672926
2020-10-28 07:48:20 Epoch 255 | Train L_gate: 0.009466897696256638 | Test L_gate: 0.012175538577139378
2020-10-28 07:48:22 Epoch 256 | Train L_gate: 0.009457518346607685 | Test L_gate: 0.0121742719784379
2020-10-28 07:48:23 Epoch 257 | Train L_gate: 0.009446671232581139 | Test L_gate: 0.012169060297310352
2020-10-28 07:48:24 Epoch 258 | Train L_gate: 0.009435443207621574 | Test L_gate: 0.012165118008852005
2020-10-28 07:48:25 Epoch 259 | Train L_gate: 0.009424612857401371 | Test L_gate: 0.012160508893430233
2020-10-28 07:48:27 Epoch 260 | Train L_gate: 0.009417736902832985 | Test L_gate: 0.012157514691352844
Saving weights to C:/tools/Drone_Racing_Files_v1/zz_model_outputs/bc_improve_on_cmvae_con_50k_deeperResNet
2020-10-28 07:48:28 Epoch 261 | Train L_gate: 0.009409218095242977 | Test L_gate: 0.012151673436164856
2020-10-28 07:48:29 Epoch 262 | Train L_gate: 0.0093982620164752 | Test L_gate: 0.01215088926255703
2020-10-28 07:48:30 Epoch 263 | Train L_gate: 0.009387313388288021 | Test L_gate: 0.012145341373980045
2020-10-28 07:48:31 Epoch 264 | Train L_gate: 0.009377015754580498 | Test L_gate: 0.012139198370277882
2020-10-28 07:48:33 Epoch 265 | Train L_gate: 0.00936624500900507 | Test L_gate: 0.012136795558035374
2020-10-28 07:48:34 Epoch 266 | Train L_gate: 0.009355493821203709 | Test L_gate: 0.01213060226291418
2020-10-28 07:48:35 Epoch 267 | Train L_gate: 0.009345612488687038 | Test L_gate: 0.012125374749302864
2020-10-28 07:48:37 Epoch 268 | Train L_gate: 0.009334529750049114 | Test L_gate: 0.012128263711929321
2020-10-28 07:48:38 Epoch 269 | Train L_gate: 0.00932513177394867 | Test L_gate: 0.012124544009566307
2020-10-28 07:48:39 Epoch 270 | Train L_gate: 0.009316745214164257 | Test L_gate: 0.012120434083044529
Saving weights to C:/tools/Drone_Racing_Files_v1/zz_model_outputs/bc_improve_on_cmvae_con_50k_deeperResNet
2020-10-28 07:48:40 Epoch 271 | Train L_gate: 0.009306634776294231 | Test L_gate: 0.012116260826587677
2020-10-28 07:48:42 Epoch 272 | Train L_gate: 0.00929672084748745 | Test L_gate: 0.01211168710142374
2020-10-28 07:48:43 Epoch 273 | Train L_gate: 0.0092868497595191 | Test L_gate: 0.012106972746551037
2020-10-28 07:48:44 Epoch 274 | Train L_gate: 0.009277229197323322 | Test L_gate: 0.012103615328669548
2020-10-28 07:48:45 Epoch 275 | Train L_gate: 0.009266451932489872 | Test L_gate: 0.01209927536547184
2020-10-28 07:48:47 Epoch 276 | Train L_gate: 0.009255620650947094 | Test L_gate: 0.012094578705728054
2020-10-28 07:48:48 Epoch 277 | Train L_gate: 0.009245749562978745 | Test L_gate: 0.01208860706537962
2020-10-28 07:48:49 Epoch 278 | Train L_gate: 0.009235636331140995 | Test L_gate: 0.012084330432116985
2020-10-28 07:48:51 Epoch 279 | Train L_gate: 0.009225358255207539 | Test L_gate: 0.012077794410288334
2020-10-28 07:48:52 Epoch 280 | Train L_gate: 0.00921458750963211 | Test L_gate: 0.012075184844434261
Saving weights to C:/tools/Drone_Racing_Files_v1/zz_model_outputs/bc_improve_on_cmvae_con_50k_deeperResNet
2020-10-28 07:48:53 Epoch 281 | Train L_gate: 0.009204945527017117 | Test L_gate: 0.012070917524397373
2020-10-28 07:48:55 Epoch 282 | Train L_gate: 0.009194997139275074 | Test L_gate: 0.01206715777516365
2020-10-28 07:48:56 Epoch 283 | Train L_gate: 0.009184461086988449 | Test L_gate: 0.012065265327692032
2020-10-28 07:48:57 Epoch 284 | Train L_gate: 0.009174691513180733 | Test L_gate: 0.012060796841979027
2020-10-28 07:48:59 Epoch 285 | Train L_gate: 0.009165892377495766 | Test L_gate: 0.012060537934303284
2020-10-28 07:49:00 Epoch 286 | Train L_gate: 0.00915834866464138 | Test L_gate: 0.012057965621352196
2020-10-28 07:49:02 Epoch 287 | Train L_gate: 0.009150738827884197 | Test L_gate: 0.012054983526468277
2020-10-28 07:49:03 Epoch 288 | Train L_gate: 0.009142245166003704 | Test L_gate: 0.012050271965563297
2020-10-28 07:49:04 Epoch 289 | Train L_gate: 0.009133020415902138 | Test L_gate: 0.012045850045979023
2020-10-28 07:49:06 Epoch 290 | Train L_gate: 0.009123326279222965 | Test L_gate: 0.012041712179780006
Saving weights to C:/tools/Drone_Racing_Files_v1/zz_model_outputs/bc_improve_on_cmvae_con_50k_deeperResNet
2020-10-28 07:49:07 Epoch 291 | Train L_gate: 0.009115117602050304 | Test L_gate: 0.012040271423757076
2020-10-28 07:49:09 Epoch 292 | Train L_gate: 0.009107043035328388 | Test L_gate: 0.012038393877446651
2020-10-28 07:49:10 Epoch 293 | Train L_gate: 0.009097502566874027 | Test L_gate: 0.012035883031785488
2020-10-28 07:49:11 Epoch 294 | Train L_gate: 0.009088097140192986 | Test L_gate: 0.01203431747853756
2020-10-28 07:49:13 Epoch 295 | Train L_gate: 0.00907912477850914 | Test L_gate: 0.012031042017042637
2020-10-28 07:49:14 Epoch 296 | Train L_gate: 0.00907185673713684 | Test L_gate: 0.012032363563776016
2020-10-28 07:49:15 Epoch 297 | Train L_gate: 0.009062965400516987 | Test L_gate: 0.012028416618704796
2020-10-28 07:49:17 Epoch 298 | Train L_gate: 0.009054187685251236 | Test L_gate: 0.01202763058245182
2020-10-28 07:49:18 Epoch 299 | Train L_gate: 0.009045562706887722 | Test L_gate: 0.012027092278003693
2020-10-28 07:49:19 Epoch 300 | Train L_gate: 0.009036418050527573 | Test L_gate: 0.012022579088807106
Saving weights to C:/tools/Drone_Racing_Files_v1/zz_model_outputs/bc_improve_on_cmvae_con_50k_deeperResNet
2020-10-28 07:49:21 Epoch 301 | Train L_gate: 0.009027894586324692 | Test L_gate: 0.012019428424537182
2020-10-28 07:49:22 Epoch 302 | Train L_gate: 0.009023882448673248 | Test L_gate: 0.01201644167304039
2020-10-28 07:49:25 Epoch 303 | Train L_gate: 0.009020519442856312 | Test L_gate: 0.012013064697384834
2020-10-28 07:49:27 Epoch 304 | Train L_gate: 0.009015480056405067 | Test L_gate: 0.012011258862912655
2020-10-28 07:49:28 Epoch 305 | Train L_gate: 0.00900987721979618 | Test L_gate: 0.012007065117359161
2020-10-28 07:49:29 Epoch 306 | Train L_gate: 0.009002255275845528 | Test L_gate: 0.012000614777207375
2020-10-28 07:49:31 Epoch 307 | Train L_gate: 0.008994628675282001 | Test L_gate: 0.011998001486063004
2020-10-28 07:49:32 Epoch 308 | Train L_gate: 0.00898618996143341 | Test L_gate: 0.011993488296866417
2020-10-28 07:49:33 Epoch 309 | Train L_gate: 0.008978020399808884 | Test L_gate: 0.011990971863269806
2020-10-28 07:49:34 Epoch 310 | Train L_gate: 0.008971896022558212 | Test L_gate: 0.011988479644060135
Saving weights to C:/tools/Drone_Racing_Files_v1/zz_model_outputs/bc_improve_on_cmvae_con_50k_deeperResNet
2020-10-28 07:49:36 Epoch 311 | Train L_gate: 0.008964822627604008 | Test L_gate: 0.011985093355178833
2020-10-28 07:49:37 Epoch 312 | Train L_gate: 0.008956478908658028 | Test L_gate: 0.011979237198829651
2020-10-28 07:49:38 Epoch 313 | Train L_gate: 0.008947922848165035 | Test L_gate: 0.011975814588367939
2020-10-28 07:49:39 Epoch 314 | Train L_gate: 0.008940308354794979 | Test L_gate: 0.011973856948316097
2020-10-28 07:49:41 Epoch 315 | Train L_gate: 0.008931952528655529 | Test L_gate: 0.011970221996307373
2020-10-28 07:49:42 Epoch 316 | Train L_gate: 0.008923848159611225 | Test L_gate: 0.011964550241827965
2020-10-28 07:49:43 Epoch 317 | Train L_gate: 0.008916070684790611 | Test L_gate: 0.011962061747908592
2020-10-28 07:49:45 Epoch 318 | Train L_gate: 0.008909724652767181 | Test L_gate: 0.011958220973610878
2020-10-28 07:49:46 Epoch 319 | Train L_gate: 0.008901633322238922 | Test L_gate: 0.011957022361457348
2020-10-28 07:49:47 Epoch 320 | Train L_gate: 0.008894491009414196 | Test L_gate: 0.011954556219279766
Saving weights to C:/tools/Drone_Racing_Files_v1/zz_model_outputs/bc_improve_on_cmvae_con_50k_deeperResNet
2020-10-28 07:49:49 Epoch 321 | Train L_gate: 0.008888732641935349 | Test L_gate: 0.01195282582193613
2020-10-28 07:49:50 Epoch 322 | Train L_gate: 0.008882636204361916 | Test L_gate: 0.011951101943850517
2020-10-28 07:49:51 Epoch 323 | Train L_gate: 0.008875200524926186 | Test L_gate: 0.011946327053010464
2020-10-28 07:49:53 Epoch 324 | Train L_gate: 0.008867300115525723 | Test L_gate: 0.011944613419473171
2020-10-28 07:49:54 Epoch 325 | Train L_gate: 0.008860010653734207 | Test L_gate: 0.011940531432628632
2020-10-28 07:49:55 Epoch 326 | Train L_gate: 0.008851597085595131 | Test L_gate: 0.011938435956835747
2020-10-28 07:49:57 Epoch 327 | Train L_gate: 0.008844918571412563 | Test L_gate: 0.01193416677415371
2020-10-28 07:49:58 Epoch 328 | Train L_gate: 0.008838975802063942 | Test L_gate: 0.011929898522794247
2020-10-28 07:49:59 Epoch 329 | Train L_gate: 0.008832006715238094 | Test L_gate: 0.011932051740586758
2020-10-28 07:50:01 Epoch 330 | Train L_gate: 0.008825027383863926 | Test L_gate: 0.011929181404411793
Saving weights to C:/tools/Drone_Racing_Files_v1/zz_model_outputs/bc_improve_on_cmvae_con_50k_deeperResNet
2020-10-28 07:50:02 Epoch 331 | Train L_gate: 0.008816936053335667 | Test L_gate: 0.011924858205020428
2020-10-28 07:50:04 Epoch 332 | Train L_gate: 0.008808553218841553 | Test L_gate: 0.011921236291527748
2020-10-28 07:50:05 Epoch 333 | Train L_gate: 0.008800720795989037 | Test L_gate: 0.011919321492314339
2020-10-28 07:50:06 Epoch 334 | Train L_gate: 0.008794608525931835 | Test L_gate: 0.011916681192815304
2020-10-28 07:50:08 Epoch 335 | Train L_gate: 0.008787013590335846 | Test L_gate: 0.01191253587603569
2020-10-28 07:50:09 Epoch 336 | Train L_gate: 0.008779109455645084 | Test L_gate: 0.011908413842320442
2020-10-28 07:50:10 Epoch 337 | Train L_gate: 0.008771839551627636 | Test L_gate: 0.011906013824045658
2020-10-28 07:50:12 Epoch 338 | Train L_gate: 0.008764085359871387 | Test L_gate: 0.011906403116881847
2020-10-28 07:50:13 Epoch 339 | Train L_gate: 0.00875641405582428 | Test L_gate: 0.011904004029929638
2020-10-28 07:50:14 Epoch 340 | Train L_gate: 0.008748947642743587 | Test L_gate: 0.011899583972990513
Saving weights to C:/tools/Drone_Racing_Files_v1/zz_model_outputs/bc_improve_on_cmvae_con_50k_deeperResNet
2020-10-28 07:50:16 Epoch 341 | Train L_gate: 0.008740854449570179 | Test L_gate: 0.011893766932189465
2020-10-28 07:50:17 Epoch 342 | Train L_gate: 0.00873345136642456 | Test L_gate: 0.011891978792846203
2020-10-28 07:50:18 Epoch 343 | Train L_gate: 0.008726056665182114 | Test L_gate: 0.011891931295394897
2020-10-28 07:50:20 Epoch 344 | Train L_gate: 0.008718017488718033 | Test L_gate: 0.011889486573636532
2020-10-28 07:50:21 Epoch 345 | Train L_gate: 0.008710083551704884 | Test L_gate: 0.011886170133948326
2020-10-28 07:50:22 Epoch 346 | Train L_gate: 0.008702216669917107 | Test L_gate: 0.011883915401995182
2020-10-28 07:50:24 Epoch 347 | Train L_gate: 0.008693649433553219 | Test L_gate: 0.01188234705477953
2020-10-28 07:50:25 Epoch 348 | Train L_gate: 0.008685683831572533 | Test L_gate: 0.01187882199883461
2020-10-28 07:50:26 Epoch 349 | Train L_gate: 0.008677814155817032 | Test L_gate: 0.011876561678946018
2020-10-28 07:50:27 Epoch 350 | Train L_gate: 0.008670450188219547 | Test L_gate: 0.011872750706970692
Saving weights to C:/tools/Drone_Racing_Files_v1/zz_model_outputs/bc_improve_on_cmvae_con_50k_deeperResNet
2020-10-28 07:50:29 Epoch 351 | Train L_gate: 0.008663332089781761 | Test L_gate: 0.011872489005327225
2020-10-28 07:50:30 Epoch 352 | Train L_gate: 0.00865712109953165 | Test L_gate: 0.011872158385813236
2020-10-28 07:50:31 Epoch 353 | Train L_gate: 0.008650194853544235 | Test L_gate: 0.011871523223817348
2020-10-28 07:50:32 Epoch 354 | Train L_gate: 0.008645196445286274 | Test L_gate: 0.011867672204971313
2020-10-28 07:50:34 Epoch 355 | Train L_gate: 0.008638136088848114 | Test L_gate: 0.011865627020597458
2020-10-28 07:50:35 Epoch 356 | Train L_gate: 0.008635003119707108 | Test L_gate: 0.01186226774007082
2020-10-28 07:50:37 Epoch 357 | Train L_gate: 0.008630231954157352 | Test L_gate: 0.011864661239087582
2020-10-28 07:50:38 Epoch 358 | Train L_gate: 0.008627389557659626 | Test L_gate: 0.011864077299833298
2020-10-28 07:50:39 Epoch 359 | Train L_gate: 0.008621354587376118 | Test L_gate: 0.011857651174068451
2020-10-28 07:50:40 Epoch 360 | Train L_gate: 0.008616527542471886 | Test L_gate: 0.011858256533741951
Saving weights to C:/tools/Drone_Racing_Files_v1/zz_model_outputs/bc_improve_on_cmvae_con_50k_deeperResNet
2020-10-28 07:50:42 Epoch 361 | Train L_gate: 0.008611693978309631 | Test L_gate: 0.011855880729854107
2020-10-28 07:50:43 Epoch 362 | Train L_gate: 0.008608758449554443 | Test L_gate: 0.011856427416205406
2020-10-28 07:50:44 Epoch 363 | Train L_gate: 0.008604037575423717 | Test L_gate: 0.01185446698218584
2020-10-28 07:50:45 Epoch 364 | Train L_gate: 0.008598818443715572 | Test L_gate: 0.011849746108055115
2020-10-28 07:50:47 Epoch 365 | Train L_gate: 0.008593308739364147 | Test L_gate: 0.011847599409520626
2020-10-28 07:50:48 Epoch 366 | Train L_gate: 0.008586482144892216 | Test L_gate: 0.011845063418149948
2020-10-28 07:50:49 Epoch 367 | Train L_gate: 0.008579987101256847 | Test L_gate: 0.011843306943774223
2020-10-28 07:50:51 Epoch 368 | Train L_gate: 0.008572734892368317 | Test L_gate: 0.01183977909386158
2020-10-28 07:50:53 Epoch 369 | Train L_gate: 0.00856589525938034 | Test L_gate: 0.011839297600090504
2020-10-28 07:50:54 Epoch 370 | Train L_gate: 0.008559527806937695 | Test L_gate: 0.011836234480142593
Saving weights to C:/tools/Drone_Racing_Files_v1/zz_model_outputs/bc_improve_on_cmvae_con_50k_deeperResNet
2020-10-28 07:50:56 Epoch 371 | Train L_gate: 0.008551949635148048 | Test L_gate: 0.011833729222416878
2020-10-28 07:50:57 Epoch 372 | Train L_gate: 0.008545123971998692 | Test L_gate: 0.011830785311758518
2020-10-28 07:50:59 Epoch 373 | Train L_gate: 0.008537662215530872 | Test L_gate: 0.011829021386802197
2020-10-28 07:51:01 Epoch 374 | Train L_gate: 0.00853082537651062 | Test L_gate: 0.011825242079794407
2020-10-28 07:51:02 Epoch 375 | Train L_gate: 0.008528204634785652 | Test L_gate: 0.011824415065348148
2020-10-28 07:51:07 Epoch 376 | Train L_gate: 0.00852212868630886 | Test L_gate: 0.011823306791484356
2020-10-28 07:51:08 Epoch 377 | Train L_gate: 0.00851526577025652 | Test L_gate: 0.011821508407592773
2020-10-28 07:51:09 Epoch 378 | Train L_gate: 0.008508595637977123 | Test L_gate: 0.011820588260889053
2020-10-28 07:51:11 Epoch 379 | Train L_gate: 0.008501600474119186 | Test L_gate: 0.01181669533252716
2020-10-28 07:51:12 Epoch 380 | Train L_gate: 0.008494064211845398 | Test L_gate: 0.011814260855317116
Saving weights to C:/tools/Drone_Racing_Files_v1/zz_model_outputs/bc_improve_on_cmvae_con_50k_deeperResNet
2020-10-28 07:51:14 Epoch 381 | Train L_gate: 0.008486916311085224 | Test L_gate: 0.011812994256615639
2020-10-28 07:51:15 Epoch 382 | Train L_gate: 0.008480111137032509 | Test L_gate: 0.011811552569270134
2020-10-28 07:51:17 Epoch 383 | Train L_gate: 0.008472810499370098 | Test L_gate: 0.011809620074927807
2020-10-28 07:51:18 Epoch 384 | Train L_gate: 0.008466046303510666 | Test L_gate: 0.011807816103100777
2020-10-28 07:51:19 Epoch 385 | Train L_gate: 0.008460036478936672 | Test L_gate: 0.011807712726294994
2020-10-28 07:51:21 Epoch 386 | Train L_gate: 0.00845444854348898 | Test L_gate: 0.011808359064161777
2020-10-28 07:51:22 Epoch 387 | Train L_gate: 0.008447635918855667 | Test L_gate: 0.011808187700808048
2020-10-28 07:51:24 Epoch 388 | Train L_gate: 0.008441651239991188 | Test L_gate: 0.011807098984718323
2020-10-28 07:51:25 Epoch 389 | Train L_gate: 0.008438240736722946 | Test L_gate: 0.011805981397628784
2020-10-28 07:51:26 Epoch 390 | Train L_gate: 0.00843518041074276 | Test L_gate: 0.011806316673755646
Saving weights to C:/tools/Drone_Racing_Files_v1/zz_model_outputs/bc_improve_on_cmvae_con_50k_deeperResNet
2020-10-28 07:51:28 Epoch 391 | Train L_gate: 0.00843024905771017 | Test L_gate: 0.011804640293121338
2020-10-28 07:51:29 Epoch 392 | Train L_gate: 0.008425555191934109 | Test L_gate: 0.011804086156189442
2020-10-28 07:51:30 Epoch 393 | Train L_gate: 0.00842017401009798 | Test L_gate: 0.011802174150943756
2020-10-28 07:51:32 Epoch 394 | Train L_gate: 0.008414085023105145 | Test L_gate: 0.011801785789430141
2020-10-28 07:51:33 Epoch 395 | Train L_gate: 0.008407636545598507 | Test L_gate: 0.011799400672316551
2020-10-28 07:51:34 Epoch 396 | Train L_gate: 0.008400710299611092 | Test L_gate: 0.01179674081504345
2020-10-28 07:51:36 Epoch 397 | Train L_gate: 0.008394197560846806 | Test L_gate: 0.011795293539762497
2020-10-28 07:51:37 Epoch 398 | Train L_gate: 0.008387832902371883 | Test L_gate: 0.011795258149504662
2020-10-28 07:51:38 Epoch 399 | Train L_gate: 0.008381234481930733 | Test L_gate: 0.011794274672865868
Saving weights to C:/tools/Drone_Racing_Files_v1/zz_model_outputs/bc_improve_on_cmvae_con_50k_deeperResNet
bla

Process finished with exit code 0
