C:\Users\gary\.conda\envs\AirSim-Drone-VAE-PY3\python.exe C:/code_repo/AirSim-Drone-Racing-VAE-Imitation/imitation_learning/train_bc.py
Starting dataset
Done. Going to read images.
image idx = 0 out of 4148 images
image idx = 1000 out of 4148 images
image idx = 2000 out of 4148 images
image idx = 3000 out of 4148 images
image idx = 4000 out of 4148 images
Num samples: 4148
Average vx: 1.5326639413833618
Average vy: 0.3606027662754059
Average vz: -0.005232726223766804
Average vyaw: 0.1923598200082779
Done. Going to read images.
image idx = 0 out of 4489 images
image idx = 1000 out of 4489 images
image idx = 2000 out of 4489 images
image idx = 3000 out of 4489 images
image idx = 4000 out of 4489 images
Num samples: 4489
Average vx: 1.5535471439361572
Average vy: 0.35645145177841187
Average vz: -0.007793074008077383
Average vyaw: 0.18977417051792145
Done. Going to read images.
image idx = 0 out of 4747 images
image idx = 1000 out of 4747 images
image idx = 2000 out of 4747 images
image idx = 3000 out of 4747 images
image idx = 4000 out of 4747 images
Num samples: 4747
Average vx: 1.5798687934875488
Average vy: 0.38534224033355713
Average vz: -0.002544626360759139
Average vyaw: 0.19529101252555847
Done. Going to read images.
image idx = 0 out of 4471 images
image idx = 1000 out of 4471 images
image idx = 2000 out of 4471 images
image idx = 3000 out of 4471 images
image idx = 4000 out of 4471 images
Num samples: 4471
Average vx: 2.200140953063965
Average vy: 0.5045695900917053
Average vz: -0.016868380829691887
Average vyaw: 0.19239918887615204
2020-11-03 02:53:14.290918: W tensorflow/core/common_runtime/gpu/gpu_bfc_allocator.cc:39] Overriding allow_growth setting because the TF_FORCE_GPU_ALLOW_GROWTH environment variable is set. Original config value was 0.
Done with dataset
[Dronet] Starting dronet
[Dronet] Done with dronet
[ImgDecoder] Starting create_model
[ImgDecoder] Done with create_model
[NonLinearTransformer] Starting create_model
[NonLinearTransformer] Done with create_model
[NonLinearTransformer] Starting create_model
[NonLinearTransformer] Done with create_model
[NonLinearTransformer] Starting create_model
[NonLinearTransformer] Done with create_model
[NonLinearTransformer] Starting create_model
[NonLinearTransformer] Done with create_model
[BcLatent] Starting create_model
[BcLatent] Done with create_model
Start training ...
Model: "bc_latent"
_________________________________________________________________
Layer (type)                 Output Shape              Param #
=================================================================
bc_dense (Sequential)        multiple                  6996
=================================================================
Total params: 6,996
Trainable params: 6,996
Non-trainable params: 0
_________________________________________________________________
2020-11-03 02:53:17 Epoch 0 | Train L_gate: 0.04486891254782677 | Test L_gate: 0.02714630402624607
2020-11-03 02:53:18 Epoch 1 | Train L_gate: 0.030700022354722023 | Test L_gate: 0.026600727811455727
2020-11-03 02:53:19 Epoch 2 | Train L_gate: 0.03049161657691002 | Test L_gate: 0.026566632091999054
2020-11-03 02:53:20 Epoch 3 | Train L_gate: 0.030382748693227768 | Test L_gate: 0.026514483615756035
2020-11-03 02:53:21 Epoch 4 | Train L_gate: 0.03030756674706936 | Test L_gate: 0.026518799364566803
2020-11-03 02:53:22 Epoch 5 | Train L_gate: 0.030247505754232407 | Test L_gate: 0.026510825380682945
2020-11-03 02:53:23 Epoch 6 | Train L_gate: 0.0302053801715374 | Test L_gate: 0.026497233659029007
2020-11-03 02:53:24 Epoch 7 | Train L_gate: 0.030173486098647118 | Test L_gate: 0.026492539793252945
2020-11-03 02:53:25 Epoch 8 | Train L_gate: 0.03014964982867241 | Test L_gate: 0.026488179340958595
2020-11-03 02:53:26 Epoch 9 | Train L_gate: 0.030130846425890923 | Test L_gate: 0.026485024020075798
2020-11-03 02:53:27 Epoch 10 | Train L_gate: 0.030114954337477684 | Test L_gate: 0.0264801774173975
Saving weights to C:/tools/Drone_Racing_Files_v1/zz_model_outputs/bc_on_cmvae_con_50k/
2020-11-03 02:53:28 Epoch 11 | Train L_gate: 0.030103880912065506 | Test L_gate: 0.0264811422675848
2020-11-03 02:53:29 Epoch 12 | Train L_gate: 0.030093900859355927 | Test L_gate: 0.026478368788957596
2020-11-03 02:53:30 Epoch 13 | Train L_gate: 0.030088428407907486 | Test L_gate: 0.02647668495774269
2020-11-03 02:53:31 Epoch 14 | Train L_gate: 0.030081147328019142 | Test L_gate: 0.026475023478269577
2020-11-03 02:53:32 Epoch 15 | Train L_gate: 0.030074015259742737 | Test L_gate: 0.02647457644343376
2020-11-03 02:53:33 Epoch 16 | Train L_gate: 0.030070321634411812 | Test L_gate: 0.026473505422472954
2020-11-03 02:53:34 Epoch 17 | Train L_gate: 0.030065298080444336 | Test L_gate: 0.02647310309112072
2020-11-03 02:53:35 Epoch 18 | Train L_gate: 0.030061103403568268 | Test L_gate: 0.026472344994544983
2020-11-03 02:53:35 Epoch 19 | Train L_gate: 0.030057629570364952 | Test L_gate: 0.026471305638551712
2020-11-03 02:53:36 Epoch 20 | Train L_gate: 0.03005385585129261 | Test L_gate: 0.02647332288324833
Saving weights to C:/tools/Drone_Racing_Files_v1/zz_model_outputs/bc_on_cmvae_con_50k/
2020-11-03 02:53:37 Epoch 21 | Train L_gate: 0.030049815773963928 | Test L_gate: 0.02647041529417038
2020-11-03 02:53:38 Epoch 22 | Train L_gate: 0.03004787489771843 | Test L_gate: 0.02647280879318714
2020-11-03 02:53:39 Epoch 23 | Train L_gate: 0.030046839267015457 | Test L_gate: 0.026472030207514763
2020-11-03 02:53:40 Epoch 24 | Train L_gate: 0.030044084414839745 | Test L_gate: 0.026475690305233
2020-11-03 02:53:41 Epoch 25 | Train L_gate: 0.030043145641684532 | Test L_gate: 0.0264755692332983
2020-11-03 02:53:42 Epoch 26 | Train L_gate: 0.03004125878214836 | Test L_gate: 0.026475878432393074
2020-11-03 02:53:43 Epoch 27 | Train L_gate: 0.030039502307772636 | Test L_gate: 0.026475338265299797
2020-11-03 02:53:44 Epoch 28 | Train L_gate: 0.03003796562552452 | Test L_gate: 0.02647474780678749
2020-11-03 02:53:45 Epoch 29 | Train L_gate: 0.030036525800824165 | Test L_gate: 0.026476895436644554
2020-11-03 02:53:46 Epoch 30 | Train L_gate: 0.030035333707928658 | Test L_gate: 0.026476087048649788
Saving weights to C:/tools/Drone_Racing_Files_v1/zz_model_outputs/bc_on_cmvae_con_50k/
2020-11-03 02:53:47 Epoch 31 | Train L_gate: 0.030034098774194717 | Test L_gate: 0.026475414633750916
2020-11-03 02:53:48 Epoch 32 | Train L_gate: 0.030032947659492493 | Test L_gate: 0.026474999263882637
2020-11-03 02:53:49 Epoch 33 | Train L_gate: 0.030031848698854446 | Test L_gate: 0.026474609971046448
2020-11-03 02:53:50 Epoch 34 | Train L_gate: 0.030030813068151474 | Test L_gate: 0.026474246755242348
2020-11-03 02:53:51 Epoch 35 | Train L_gate: 0.030029859393835068 | Test L_gate: 0.026473889127373695
2020-11-03 02:53:52 Epoch 36 | Train L_gate: 0.03002895973622799 | Test L_gate: 0.02647356688976288
2020-11-03 02:53:53 Epoch 37 | Train L_gate: 0.03002811037003994 | Test L_gate: 0.026473261415958405
2020-11-03 02:53:54 Epoch 38 | Train L_gate: 0.030027322471141815 | Test L_gate: 0.026472967118024826
2020-11-03 02:53:55 Epoch 39 | Train L_gate: 0.03002655692398548 | Test L_gate: 0.026472697034478188
2020-11-03 02:53:56 Epoch 40 | Train L_gate: 0.030025841668248177 | Test L_gate: 0.026472438126802444
Saving weights to C:/tools/Drone_Racing_Files_v1/zz_model_outputs/bc_on_cmvae_con_50k/
2020-11-03 02:53:57 Epoch 41 | Train L_gate: 0.030025174841284752 | Test L_gate: 0.026472188532352448
2020-11-03 02:53:58 Epoch 42 | Train L_gate: 0.030024537816643715 | Test L_gate: 0.026471955701708794
2020-11-03 02:53:59 Epoch 43 | Train L_gate: 0.030023932456970215 | Test L_gate: 0.026471734046936035
2020-11-03 02:54:00 Epoch 44 | Train L_gate: 0.030023356899619102 | Test L_gate: 0.026471523568034172
2020-11-03 02:54:01 Epoch 45 | Train L_gate: 0.03002280369400978 | Test L_gate: 0.026471320539712906
2020-11-03 02:54:01 Epoch 46 | Train L_gate: 0.030022285878658295 | Test L_gate: 0.026471126824617386
2020-11-03 02:54:02 Epoch 47 | Train L_gate: 0.03002178855240345 | Test L_gate: 0.02647094428539276
2020-11-03 02:54:03 Epoch 48 | Train L_gate: 0.03002127818763256 | Test L_gate: 0.02647080086171627
2020-11-03 02:54:04 Epoch 49 | Train L_gate: 0.030020851641893387 | Test L_gate: 0.026470553129911423
2020-11-03 02:54:05 Epoch 50 | Train L_gate: 0.03002043440937996 | Test L_gate: 0.026470478624105453
Saving weights to C:/tools/Drone_Racing_Files_v1/zz_model_outputs/bc_on_cmvae_con_50k/
2020-11-03 02:54:06 Epoch 51 | Train L_gate: 0.030020015314221382 | Test L_gate: 0.026470324024558067
2020-11-03 02:54:07 Epoch 52 | Train L_gate: 0.030019639059901237 | Test L_gate: 0.02647016942501068
2020-11-03 02:54:08 Epoch 53 | Train L_gate: 0.030019240453839302 | Test L_gate: 0.026470031589269638
2020-11-03 02:54:09 Epoch 54 | Train L_gate: 0.030018910765647888 | Test L_gate: 0.026469886302947998
2020-11-03 02:54:10 Epoch 55 | Train L_gate: 0.030018555000424385 | Test L_gate: 0.026469748467206955
2020-11-03 02:54:11 Epoch 56 | Train L_gate: 0.030018215999007225 | Test L_gate: 0.02646961435675621
2020-11-03 02:54:12 Epoch 57 | Train L_gate: 0.03001788817346096 | Test L_gate: 0.026469483971595764
2020-11-03 02:54:13 Epoch 58 | Train L_gate: 0.03001757338643074 | Test L_gate: 0.026469364762306213
2020-11-03 02:54:14 Epoch 59 | Train L_gate: 0.030017266049981117 | Test L_gate: 0.02646924927830696
2020-11-03 02:54:15 Epoch 60 | Train L_gate: 0.03001696802675724 | Test L_gate: 0.026469137519598007
Saving weights to C:/tools/Drone_Racing_Files_v1/zz_model_outputs/bc_on_cmvae_con_50k/
2020-11-03 02:54:16 Epoch 61 | Train L_gate: 0.03001668117940426 | Test L_gate: 0.026469029486179352
2020-11-03 02:54:17 Epoch 62 | Train L_gate: 0.030016405507922173 | Test L_gate: 0.026468925178050995
2020-11-03 02:54:17 Epoch 63 | Train L_gate: 0.030016137287020683 | Test L_gate: 0.026468824595212936
2020-11-03 02:54:19 Epoch 64 | Train L_gate: 0.03001587465405464 | Test L_gate: 0.026468725875020027
2020-11-03 02:54:20 Epoch 65 | Train L_gate: 0.030015623196959496 | Test L_gate: 0.026468630880117416
2020-11-03 02:54:21 Epoch 66 | Train L_gate: 0.030015379190444946 | Test L_gate: 0.026468539610505104
2020-11-03 02:54:22 Epoch 67 | Train L_gate: 0.030015142634510994 | Test L_gate: 0.02646845020353794
2020-11-03 02:54:22 Epoch 68 | Train L_gate: 0.03001491352915764 | Test L_gate: 0.026468362659215927
2020-11-03 02:54:23 Epoch 69 | Train L_gate: 0.03001469001173973 | Test L_gate: 0.02646827884018421
2020-11-03 02:54:24 Epoch 70 | Train L_gate: 0.03001447394490242 | Test L_gate: 0.026468196883797646
Saving weights to C:/tools/Drone_Racing_Files_v1/zz_model_outputs/bc_on_cmvae_con_50k/
2020-11-03 02:54:25 Epoch 71 | Train L_gate: 0.030014263466000557 | Test L_gate: 0.026468118652701378
2020-11-03 02:54:26 Epoch 72 | Train L_gate: 0.03001406043767929 | Test L_gate: 0.02646804042160511
2020-11-03 02:54:27 Epoch 73 | Train L_gate: 0.030013862997293472 | Test L_gate: 0.02646796591579914
2020-11-03 02:54:28 Epoch 74 | Train L_gate: 0.03001367300748825 | Test L_gate: 0.02646789327263832
2020-11-03 02:54:29 Epoch 75 | Train L_gate: 0.03001348488032818 | Test L_gate: 0.0264678206294775
2020-11-03 02:54:30 Epoch 76 | Train L_gate: 0.030013304203748703 | Test L_gate: 0.02646775171160698
2020-11-03 02:54:31 Epoch 77 | Train L_gate: 0.030013129115104675 | Test L_gate: 0.026467686519026756
2020-11-03 02:54:32 Epoch 78 | Train L_gate: 0.030012957751750946 | Test L_gate: 0.026467623189091682
2020-11-03 02:54:33 Epoch 79 | Train L_gate: 0.030012791976332664 | Test L_gate: 0.02646755985915661
2020-11-03 02:54:34 Epoch 80 | Train L_gate: 0.03001263178884983 | Test L_gate: 0.026467500254511833
Saving weights to C:/tools/Drone_Racing_Files_v1/zz_model_outputs/bc_on_cmvae_con_50k/
2020-11-03 02:54:35 Epoch 81 | Train L_gate: 0.030012475326657295 | Test L_gate: 0.026467440649867058
2020-11-03 02:54:36 Epoch 82 | Train L_gate: 0.03001232258975506 | Test L_gate: 0.02646738290786743
2020-11-03 02:54:37 Epoch 83 | Train L_gate: 0.03001217357814312 | Test L_gate: 0.026467327028512955
2020-11-03 02:54:38 Epoch 84 | Train L_gate: 0.03001202642917633 | Test L_gate: 0.026467273011803627
2020-11-03 02:54:39 Epoch 85 | Train L_gate: 0.030011897906661034 | Test L_gate: 0.0264672189950943
2020-11-03 02:54:40 Epoch 86 | Train L_gate: 0.030011773109436035 | Test L_gate: 0.02646716684103012
2020-11-03 02:54:41 Epoch 87 | Train L_gate: 0.030011652037501335 | Test L_gate: 0.026467114686965942
2020-11-03 02:54:42 Epoch 88 | Train L_gate: 0.030011532828211784 | Test L_gate: 0.026467064395546913
2020-11-03 02:54:43 Epoch 89 | Train L_gate: 0.030011415481567383 | Test L_gate: 0.026467015966773033
2020-11-03 02:54:44 Epoch 90 | Train L_gate: 0.03001130186021328 | Test L_gate: 0.026466967537999153
Saving weights to C:/tools/Drone_Racing_Files_v1/zz_model_outputs/bc_on_cmvae_con_50k/
2020-11-03 02:54:45 Epoch 91 | Train L_gate: 0.030011190101504326 | Test L_gate: 0.026466920971870422
2020-11-03 02:54:46 Epoch 92 | Train L_gate: 0.03001108206808567 | Test L_gate: 0.02646687626838684
2020-11-03 02:54:47 Epoch 93 | Train L_gate: 0.030010975897312164 | Test L_gate: 0.02646683156490326
2020-11-03 02:54:48 Epoch 94 | Train L_gate: 0.030010871589183807 | Test L_gate: 0.026466786861419678
2020-11-03 02:54:49 Epoch 95 | Train L_gate: 0.0300107691437006 | Test L_gate: 0.026466744020581245
2020-11-03 02:54:50 Epoch 96 | Train L_gate: 0.03001066856086254 | Test L_gate: 0.026466703042387962
2020-11-03 02:54:51 Epoch 97 | Train L_gate: 0.03001057170331478 | Test L_gate: 0.02646666206419468
2020-11-03 02:54:52 Epoch 98 | Train L_gate: 0.03001047484576702 | Test L_gate: 0.026466621086001396
2020-11-03 02:54:54 Epoch 99 | Train L_gate: 0.03001038171350956 | Test L_gate: 0.026466581970453262
2020-11-03 02:54:55 Epoch 100 | Train L_gate: 0.030010288581252098 | Test L_gate: 0.02646654285490513
Saving weights to C:/tools/Drone_Racing_Files_v1/zz_model_outputs/bc_on_cmvae_con_50k/
2020-11-03 02:54:56 Epoch 101 | Train L_gate: 0.030010199174284935 | Test L_gate: 0.026466505602002144
2020-11-03 02:54:57 Epoch 102 | Train L_gate: 0.030010109767317772 | Test L_gate: 0.02646646648645401
2020-11-03 02:54:58 Epoch 103 | Train L_gate: 0.030010024085640907 | Test L_gate: 0.026466427370905876
2020-11-03 02:55:00 Epoch 104 | Train L_gate: 0.030009938403964043 | Test L_gate: 0.02646639011800289
2020-11-03 02:55:01 Epoch 105 | Train L_gate: 0.030009854584932327 | Test L_gate: 0.026466354727745056
2020-11-03 02:55:02 Epoch 106 | Train L_gate: 0.03000977262854576 | Test L_gate: 0.02646631933748722
2020-11-03 02:55:03 Epoch 107 | Train L_gate: 0.030009692534804344 | Test L_gate: 0.026466283947229385
2020-11-03 02:55:04 Epoch 108 | Train L_gate: 0.030009614303708076 | Test L_gate: 0.02646624855697155
2020-11-03 02:55:05 Epoch 109 | Train L_gate: 0.03000953607261181 | Test L_gate: 0.026466215029358864
2020-11-03 02:55:06 Epoch 110 | Train L_gate: 0.03000945970416069 | Test L_gate: 0.026466181501746178
Saving weights to C:/tools/Drone_Racing_Files_v1/zz_model_outputs/bc_on_cmvae_con_50k/
2020-11-03 02:55:07 Epoch 111 | Train L_gate: 0.03000938519835472 | Test L_gate: 0.02646614983677864
2020-11-03 02:55:09 Epoch 112 | Train L_gate: 0.0300093125551939 | Test L_gate: 0.026466116309165955
2020-11-03 02:55:10 Epoch 113 | Train L_gate: 0.03000923991203308 | Test L_gate: 0.026466084644198418
2020-11-03 02:55:11 Epoch 114 | Train L_gate: 0.03000916913151741 | Test L_gate: 0.02646605484187603
2020-11-03 02:55:12 Epoch 115 | Train L_gate: 0.03000910021364689 | Test L_gate: 0.026466023176908493
2020-11-03 02:55:13 Epoch 116 | Train L_gate: 0.030009031295776367 | Test L_gate: 0.026465993374586105
2020-11-03 02:55:14 Epoch 117 | Train L_gate: 0.030008964240550995 | Test L_gate: 0.026465965434908867
2020-11-03 02:55:15 Epoch 118 | Train L_gate: 0.030008899047970772 | Test L_gate: 0.02646593563258648
2020-11-03 02:55:17 Epoch 119 | Train L_gate: 0.03000883385539055 | Test L_gate: 0.02646590769290924
2020-11-03 02:55:18 Epoch 120 | Train L_gate: 0.030008770525455475 | Test L_gate: 0.026465879753232002
Saving weights to C:/tools/Drone_Racing_Files_v1/zz_model_outputs/bc_on_cmvae_con_50k/
2020-11-03 02:55:19 Epoch 121 | Train L_gate: 0.0300087071955204 | Test L_gate: 0.026465851813554764
2020-11-03 02:55:20 Epoch 122 | Train L_gate: 0.030008645728230476 | Test L_gate: 0.026465825736522675
2020-11-03 02:55:21 Epoch 123 | Train L_gate: 0.030008584260940552 | Test L_gate: 0.026465797796845436
2020-11-03 02:55:22 Epoch 124 | Train L_gate: 0.030008524656295776 | Test L_gate: 0.026465771719813347
2020-11-03 02:55:23 Epoch 125 | Train L_gate: 0.030008465051651 | Test L_gate: 0.026465745642781258
2020-11-03 02:55:25 Epoch 126 | Train L_gate: 0.030008407309651375 | Test L_gate: 0.026465721428394318
2020-11-03 02:55:26 Epoch 127 | Train L_gate: 0.030008351430296898 | Test L_gate: 0.026465697214007378
2020-11-03 02:55:28 Epoch 128 | Train L_gate: 0.03000829555094242 | Test L_gate: 0.02646567113697529
2020-11-03 02:55:29 Epoch 129 | Train L_gate: 0.030008239671587944 | Test L_gate: 0.02646564692258835
2020-11-03 02:55:30 Epoch 130 | Train L_gate: 0.030008185654878616 | Test L_gate: 0.026465624570846558
Saving weights to C:/tools/Drone_Racing_Files_v1/zz_model_outputs/bc_on_cmvae_con_50k/
2020-11-03 02:55:31 Epoch 131 | Train L_gate: 0.03000813163816929 | Test L_gate: 0.026465600356459618
2020-11-03 02:55:32 Epoch 132 | Train L_gate: 0.03000807948410511 | Test L_gate: 0.026465578004717827
2020-11-03 02:55:33 Epoch 133 | Train L_gate: 0.03000802733004093 | Test L_gate: 0.026465553790330887
2020-11-03 02:55:34 Epoch 134 | Train L_gate: 0.030007975175976753 | Test L_gate: 0.026465531438589096
2020-11-03 02:55:35 Epoch 135 | Train L_gate: 0.030007924884557724 | Test L_gate: 0.026465510949492455
2020-11-03 02:55:36 Epoch 136 | Train L_gate: 0.030007876455783844 | Test L_gate: 0.026465488597750664
2020-11-03 02:55:37 Epoch 137 | Train L_gate: 0.030007828027009964 | Test L_gate: 0.026465466246008873
2020-11-03 02:55:38 Epoch 138 | Train L_gate: 0.030007779598236084 | Test L_gate: 0.02646544575691223
2020-11-03 02:55:39 Epoch 139 | Train L_gate: 0.030007731169462204 | Test L_gate: 0.02646542526781559
2020-11-03 02:55:41 Epoch 140 | Train L_gate: 0.030007684603333473 | Test L_gate: 0.02646540477871895
Saving weights to C:/tools/Drone_Racing_Files_v1/zz_model_outputs/bc_on_cmvae_con_50k/
2020-11-03 02:55:42 Epoch 141 | Train L_gate: 0.030007638037204742 | Test L_gate: 0.026465384289622307
2020-11-03 02:55:43 Epoch 142 | Train L_gate: 0.03000759333372116 | Test L_gate: 0.026465363800525665
2020-11-03 02:55:44 Epoch 143 | Train L_gate: 0.03000754863023758 | Test L_gate: 0.026465345174074173
2020-11-03 02:55:45 Epoch 144 | Train L_gate: 0.030007503926753998 | Test L_gate: 0.02646532468497753
2020-11-03 02:55:46 Epoch 145 | Train L_gate: 0.030007459223270416 | Test L_gate: 0.02646530605852604
2020-11-03 02:55:47 Epoch 146 | Train L_gate: 0.030007416382431984 | Test L_gate: 0.026465287432074547
2020-11-03 02:55:48 Epoch 147 | Train L_gate: 0.03000737354159355 | Test L_gate: 0.026465268805623055
2020-11-03 02:55:49 Epoch 148 | Train L_gate: 0.03000733256340027 | Test L_gate: 0.026465250179171562
2020-11-03 02:55:50 Epoch 149 | Train L_gate: 0.030007291585206985 | Test L_gate: 0.02646523155272007
2020-11-03 02:55:51 Epoch 150 | Train L_gate: 0.030007250607013702 | Test L_gate: 0.026465214788913727
Saving weights to C:/tools/Drone_Racing_Files_v1/zz_model_outputs/bc_on_cmvae_con_50k/
2020-11-03 02:55:52 Epoch 151 | Train L_gate: 0.03000720962882042 | Test L_gate: 0.026465196162462234
2020-11-03 02:55:53 Epoch 152 | Train L_gate: 0.030007170513272285 | Test L_gate: 0.02646517939865589
2020-11-03 02:55:54 Epoch 153 | Train L_gate: 0.03000713139772415 | Test L_gate: 0.02646516263484955
2020-11-03 02:55:55 Epoch 154 | Train L_gate: 0.030007092282176018 | Test L_gate: 0.026465145871043205
2020-11-03 02:55:56 Epoch 155 | Train L_gate: 0.030007055029273033 | Test L_gate: 0.026465129107236862
2020-11-03 02:55:57 Epoch 156 | Train L_gate: 0.0300070159137249 | Test L_gate: 0.02646511234343052
2020-11-03 02:55:58 Epoch 157 | Train L_gate: 0.030006978660821915 | Test L_gate: 0.026465095579624176
2020-11-03 02:55:59 Epoch 158 | Train L_gate: 0.03000694327056408 | Test L_gate: 0.026465080678462982
2020-11-03 02:56:01 Epoch 159 | Train L_gate: 0.030006906017661095 | Test L_gate: 0.02646506391465664
2020-11-03 02:56:02 Epoch 160 | Train L_gate: 0.03000687062740326 | Test L_gate: 0.026465049013495445
Saving weights to C:/tools/Drone_Racing_Files_v1/zz_model_outputs/bc_on_cmvae_con_50k/
2020-11-03 02:56:03 Epoch 161 | Train L_gate: 0.030006835237145424 | Test L_gate: 0.026465032249689102
2020-11-03 02:56:05 Epoch 162 | Train L_gate: 0.03000679984688759 | Test L_gate: 0.02646501734852791
2020-11-03 02:56:06 Epoch 163 | Train L_gate: 0.030006766319274902 | Test L_gate: 0.026465002447366714
2020-11-03 02:56:07 Epoch 164 | Train L_gate: 0.030006730929017067 | Test L_gate: 0.02646498754620552
2020-11-03 02:56:08 Epoch 165 | Train L_gate: 0.03000669740140438 | Test L_gate: 0.026464972645044327
2020-11-03 02:56:09 Epoch 166 | Train L_gate: 0.030006663873791695 | Test L_gate: 0.026464957743883133
2020-11-03 02:56:10 Epoch 167 | Train L_gate: 0.030006632208824158 | Test L_gate: 0.02646494470536709
2020-11-03 02:56:11 Epoch 168 | Train L_gate: 0.030006593093276024 | Test L_gate: 0.026464929804205894
2020-11-03 02:56:12 Epoch 169 | Train L_gate: 0.03000655211508274 | Test L_gate: 0.0264649149030447
2020-11-03 02:56:13 Epoch 170 | Train L_gate: 0.03000650927424431 | Test L_gate: 0.026464901864528656
Saving weights to C:/tools/Drone_Racing_Files_v1/zz_model_outputs/bc_on_cmvae_con_50k/
2020-11-03 02:56:14 Epoch 171 | Train L_gate: 0.030006466433405876 | Test L_gate: 0.02646488882601261
2020-11-03 02:56:15 Epoch 172 | Train L_gate: 0.030006425455212593 | Test L_gate: 0.026464873924851418
2020-11-03 02:56:17 Epoch 173 | Train L_gate: 0.03000638447701931 | Test L_gate: 0.026464860886335373
2020-11-03 02:56:18 Epoch 174 | Train L_gate: 0.030006345361471176 | Test L_gate: 0.02646484784781933
2020-11-03 02:56:19 Epoch 175 | Train L_gate: 0.030006304383277893 | Test L_gate: 0.026464834809303284
2020-11-03 02:56:20 Epoch 176 | Train L_gate: 0.03000626526772976 | Test L_gate: 0.02646482177078724
2020-11-03 02:56:21 Epoch 177 | Train L_gate: 0.030006226152181625 | Test L_gate: 0.026464808732271194
2020-11-03 02:56:22 Epoch 178 | Train L_gate: 0.03000618889927864 | Test L_gate: 0.02646479569375515
2020-11-03 02:56:23 Epoch 179 | Train L_gate: 0.030006149783730507 | Test L_gate: 0.026464784517884254
2020-11-03 02:56:24 Epoch 180 | Train L_gate: 0.030006112530827522 | Test L_gate: 0.02646477147936821
Saving weights to C:/tools/Drone_Racing_Files_v1/zz_model_outputs/bc_on_cmvae_con_50k/
2020-11-03 02:56:25 Epoch 181 | Train L_gate: 0.030006075277924538 | Test L_gate: 0.026464758440852165
2020-11-03 02:56:26 Epoch 182 | Train L_gate: 0.030006038025021553 | Test L_gate: 0.02646474726498127
2020-11-03 02:56:27 Epoch 183 | Train L_gate: 0.030006002634763718 | Test L_gate: 0.026464734226465225
2020-11-03 02:56:28 Epoch 184 | Train L_gate: 0.030005967244505882 | Test L_gate: 0.02646472305059433
2020-11-03 02:56:29 Epoch 185 | Train L_gate: 0.030005929991602898 | Test L_gate: 0.026464711874723434
2020-11-03 02:56:30 Epoch 186 | Train L_gate: 0.03000589646399021 | Test L_gate: 0.02646470069885254
2020-11-03 02:56:31 Epoch 187 | Train L_gate: 0.030005861073732376 | Test L_gate: 0.026464687660336494
2020-11-03 02:56:33 Epoch 188 | Train L_gate: 0.03000582568347454 | Test L_gate: 0.0264646764844656
2020-11-03 02:56:34 Epoch 189 | Train L_gate: 0.030005792155861855 | Test L_gate: 0.026464665308594704
2020-11-03 02:56:35 Epoch 190 | Train L_gate: 0.03000575862824917 | Test L_gate: 0.02646465413272381
Saving weights to C:/tools/Drone_Racing_Files_v1/zz_model_outputs/bc_on_cmvae_con_50k/
2020-11-03 02:56:36 Epoch 191 | Train L_gate: 0.030005725100636482 | Test L_gate: 0.026464642956852913
2020-11-03 02:56:37 Epoch 192 | Train L_gate: 0.030005691573023796 | Test L_gate: 0.026464633643627167
2020-11-03 02:56:38 Epoch 193 | Train L_gate: 0.03000565990805626 | Test L_gate: 0.02646462246775627
2020-11-03 02:56:39 Epoch 194 | Train L_gate: 0.030005626380443573 | Test L_gate: 0.026464611291885376
2020-11-03 02:56:40 Epoch 195 | Train L_gate: 0.030005594715476036 | Test L_gate: 0.02646460011601448
2020-11-03 02:56:41 Epoch 196 | Train L_gate: 0.0300055630505085 | Test L_gate: 0.026464590802788734
2020-11-03 02:56:42 Epoch 197 | Train L_gate: 0.030005531385540962 | Test L_gate: 0.02646457962691784
2020-11-03 02:56:45 Epoch 198 | Train L_gate: 0.030005499720573425 | Test L_gate: 0.026464570313692093
2020-11-03 02:56:46 Epoch 199 | Train L_gate: 0.030005469918251038 | Test L_gate: 0.026464559137821198
2020-11-03 02:56:47 Epoch 200 | Train L_gate: 0.03000544011592865 | Test L_gate: 0.02646454982459545
Saving weights to C:/tools/Drone_Racing_Files_v1/zz_model_outputs/bc_on_cmvae_con_50k/
2020-11-03 02:56:48 Epoch 201 | Train L_gate: 0.030005408450961113 | Test L_gate: 0.026464540511369705
2020-11-03 02:56:49 Epoch 202 | Train L_gate: 0.030005378648638725 | Test L_gate: 0.02646453119814396
2020-11-03 02:56:50 Epoch 203 | Train L_gate: 0.030005348846316338 | Test L_gate: 0.02646452561020851
2020-11-03 02:56:51 Epoch 204 | Train L_gate: 0.0300053209066391 | Test L_gate: 0.026464518159627914
2020-11-03 02:56:52 Epoch 205 | Train L_gate: 0.03000529110431671 | Test L_gate: 0.026464512571692467
2020-11-03 02:56:53 Epoch 206 | Train L_gate: 0.030005263164639473 | Test L_gate: 0.02646450512111187
2020-11-03 02:56:54 Epoch 207 | Train L_gate: 0.030005235224962234 | Test L_gate: 0.026464499533176422
2020-11-03 02:56:55 Epoch 208 | Train L_gate: 0.030005205422639847 | Test L_gate: 0.026464492082595825
2020-11-03 02:56:56 Epoch 209 | Train L_gate: 0.03000517748296261 | Test L_gate: 0.026464486494660378
2020-11-03 02:56:57 Epoch 210 | Train L_gate: 0.03000515140593052 | Test L_gate: 0.02646448090672493
Saving weights to C:/tools/Drone_Racing_Files_v1/zz_model_outputs/bc_on_cmvae_con_50k/
2020-11-03 02:56:58 Epoch 211 | Train L_gate: 0.03000512346625328 | Test L_gate: 0.026464473456144333
2020-11-03 02:56:59 Epoch 212 | Train L_gate: 0.030005095526576042 | Test L_gate: 0.026464467868208885
2020-11-03 02:57:00 Epoch 213 | Train L_gate: 0.030005069449543953 | Test L_gate: 0.026464462280273438
2020-11-03 02:57:01 Epoch 214 | Train L_gate: 0.030005043372511864 | Test L_gate: 0.02646445669233799
2020-11-03 02:57:02 Epoch 215 | Train L_gate: 0.030005017295479774 | Test L_gate: 0.026464451104402542
2020-11-03 02:57:03 Epoch 216 | Train L_gate: 0.030004991218447685 | Test L_gate: 0.026464445516467094
2020-11-03 02:57:05 Epoch 217 | Train L_gate: 0.030004965141415596 | Test L_gate: 0.026464438065886497
2020-11-03 02:57:06 Epoch 218 | Train L_gate: 0.030004939064383507 | Test L_gate: 0.02646443247795105
2020-11-03 02:57:07 Epoch 219 | Train L_gate: 0.030004912987351418 | Test L_gate: 0.026464426890015602
2020-11-03 02:57:08 Epoch 220 | Train L_gate: 0.030004888772964478 | Test L_gate: 0.026464421302080154
Saving weights to C:/tools/Drone_Racing_Files_v1/zz_model_outputs/bc_on_cmvae_con_50k/
2020-11-03 02:57:09 Epoch 221 | Train L_gate: 0.03000486269593239 | Test L_gate: 0.026464415714144707
2020-11-03 02:57:10 Epoch 222 | Train L_gate: 0.03000483848154545 | Test L_gate: 0.02646441012620926
2020-11-03 02:57:11 Epoch 223 | Train L_gate: 0.03000481426715851 | Test L_gate: 0.02646440453827381
2020-11-03 02:57:12 Epoch 224 | Train L_gate: 0.03000479005277157 | Test L_gate: 0.026464398950338364
2020-11-03 02:57:13 Epoch 225 | Train L_gate: 0.03000476583838463 | Test L_gate: 0.026464395225048065
2020-11-03 02:57:14 Epoch 226 | Train L_gate: 0.03000474162399769 | Test L_gate: 0.026464389637112617
2020-11-03 02:57:16 Epoch 227 | Train L_gate: 0.03000471740961075 | Test L_gate: 0.02646438404917717
2020-11-03 02:57:17 Epoch 228 | Train L_gate: 0.030004695057868958 | Test L_gate: 0.026464378461241722
2020-11-03 02:57:18 Epoch 229 | Train L_gate: 0.030004670843482018 | Test L_gate: 0.026464372873306274
2020-11-03 02:57:19 Epoch 230 | Train L_gate: 0.030004648491740227 | Test L_gate: 0.026464369148015976
Saving weights to C:/tools/Drone_Racing_Files_v1/zz_model_outputs/bc_on_cmvae_con_50k/
2020-11-03 02:57:20 Epoch 231 | Train L_gate: 0.030004626139998436 | Test L_gate: 0.026464363560080528
2020-11-03 02:57:21 Epoch 232 | Train L_gate: 0.030004603788256645 | Test L_gate: 0.02646435797214508
2020-11-03 02:57:22 Epoch 233 | Train L_gate: 0.030004581436514854 | Test L_gate: 0.026464352384209633
2020-11-03 02:57:23 Epoch 234 | Train L_gate: 0.030004559084773064 | Test L_gate: 0.026464348658919334
2020-11-03 02:57:25 Epoch 235 | Train L_gate: 0.030004536733031273 | Test L_gate: 0.026464343070983887
2020-11-03 02:57:26 Epoch 236 | Train L_gate: 0.030004514381289482 | Test L_gate: 0.02646433748304844
2020-11-03 02:57:27 Epoch 237 | Train L_gate: 0.03000449389219284 | Test L_gate: 0.02646433375775814
2020-11-03 02:57:28 Epoch 238 | Train L_gate: 0.03000447154045105 | Test L_gate: 0.026464328169822693
2020-11-03 02:57:29 Epoch 239 | Train L_gate: 0.030004451051354408 | Test L_gate: 0.026464324444532394
2020-11-03 02:57:30 Epoch 240 | Train L_gate: 0.030004428699612617 | Test L_gate: 0.026464318856596947
Saving weights to C:/tools/Drone_Racing_Files_v1/zz_model_outputs/bc_on_cmvae_con_50k/
2020-11-03 02:57:31 Epoch 241 | Train L_gate: 0.030004408210515976 | Test L_gate: 0.026464315131306648
2020-11-03 02:57:32 Epoch 242 | Train L_gate: 0.030004387721419334 | Test L_gate: 0.0264643095433712
2020-11-03 02:57:33 Epoch 243 | Train L_gate: 0.030004367232322693 | Test L_gate: 0.026464305818080902
2020-11-03 02:57:34 Epoch 244 | Train L_gate: 0.03000434674322605 | Test L_gate: 0.026464300230145454
2020-11-03 02:57:35 Epoch 245 | Train L_gate: 0.03000432625412941 | Test L_gate: 0.026464296504855156
2020-11-03 02:57:36 Epoch 246 | Train L_gate: 0.030004305765032768 | Test L_gate: 0.026464290916919708
2020-11-03 02:57:39 Epoch 247 | Train L_gate: 0.030004285275936127 | Test L_gate: 0.02646428719162941
2020-11-03 02:57:40 Epoch 248 | Train L_gate: 0.030004266649484634 | Test L_gate: 0.02646428346633911
2020-11-03 02:57:41 Epoch 249 | Train L_gate: 0.030004246160387993 | Test L_gate: 0.026464277878403664
2020-11-03 02:57:42 Epoch 250 | Train L_gate: 0.0300042275339365 | Test L_gate: 0.026464274153113365
Saving weights to C:/tools/Drone_Racing_Files_v1/zz_model_outputs/bc_on_cmvae_con_50k/
2020-11-03 02:57:43 Epoch 251 | Train L_gate: 0.03000420704483986 | Test L_gate: 0.026464270427823067
2020-11-03 02:57:44 Epoch 252 | Train L_gate: 0.030004188418388367 | Test L_gate: 0.02646426483988762
2020-11-03 02:57:46 Epoch 253 | Train L_gate: 0.030004169791936874 | Test L_gate: 0.02646426111459732
2020-11-03 02:57:47 Epoch 254 | Train L_gate: 0.030004151165485382 | Test L_gate: 0.026464257389307022
2020-11-03 02:57:48 Epoch 255 | Train L_gate: 0.03000413253903389 | Test L_gate: 0.026464253664016724
2020-11-03 02:57:49 Epoch 256 | Train L_gate: 0.030004113912582397 | Test L_gate: 0.026464248076081276
2020-11-03 02:57:51 Epoch 257 | Train L_gate: 0.030004095286130905 | Test L_gate: 0.026464244350790977
2020-11-03 02:57:53 Epoch 258 | Train L_gate: 0.030004076659679413 | Test L_gate: 0.02646424062550068
2020-11-03 02:57:55 Epoch 259 | Train L_gate: 0.03000405803322792 | Test L_gate: 0.02646423690021038
2020-11-03 02:57:57 Epoch 260 | Train L_gate: 0.030004041269421577 | Test L_gate: 0.026464233174920082
Saving weights to C:/tools/Drone_Racing_Files_v1/zz_model_outputs/bc_on_cmvae_con_50k/
2020-11-03 02:57:58 Epoch 261 | Train L_gate: 0.030004022642970085 | Test L_gate: 0.026464227586984634
2020-11-03 02:58:00 Epoch 262 | Train L_gate: 0.030004004016518593 | Test L_gate: 0.026464223861694336
2020-11-03 02:58:01 Epoch 263 | Train L_gate: 0.03000398725271225 | Test L_gate: 0.026464220136404037
2020-11-03 02:58:03 Epoch 264 | Train L_gate: 0.030003970488905907 | Test L_gate: 0.02646421641111374
2020-11-03 02:58:05 Epoch 265 | Train L_gate: 0.030003951862454414 | Test L_gate: 0.02646421268582344
2020-11-03 02:58:07 Epoch 266 | Train L_gate: 0.03000393509864807 | Test L_gate: 0.026464208960533142
2020-11-03 02:58:09 Epoch 267 | Train L_gate: 0.030003918334841728 | Test L_gate: 0.026464205235242844
2020-11-03 02:58:10 Epoch 268 | Train L_gate: 0.030003901571035385 | Test L_gate: 0.026464201509952545
2020-11-03 02:58:12 Epoch 269 | Train L_gate: 0.030003884807229042 | Test L_gate: 0.026464197784662247
2020-11-03 02:58:13 Epoch 270 | Train L_gate: 0.0300038680434227 | Test L_gate: 0.026464194059371948
Saving weights to C:/tools/Drone_Racing_Files_v1/zz_model_outputs/bc_on_cmvae_con_50k/
2020-11-03 02:58:15 Epoch 271 | Train L_gate: 0.030003851279616356 | Test L_gate: 0.02646419033408165
2020-11-03 02:58:16 Epoch 272 | Train L_gate: 0.030003834515810013 | Test L_gate: 0.02646418660879135
2020-11-03 02:58:18 Epoch 273 | Train L_gate: 0.03000381775200367 | Test L_gate: 0.026464182883501053
2020-11-03 02:58:19 Epoch 274 | Train L_gate: 0.030003802850842476 | Test L_gate: 0.026464179158210754
2020-11-03 02:58:21 Epoch 275 | Train L_gate: 0.030003786087036133 | Test L_gate: 0.026464175432920456
2020-11-03 02:58:23 Epoch 276 | Train L_gate: 0.03000376932322979 | Test L_gate: 0.026464171707630157
2020-11-03 02:58:25 Epoch 277 | Train L_gate: 0.030003754422068596 | Test L_gate: 0.02646416798233986
2020-11-03 02:58:27 Epoch 278 | Train L_gate: 0.030003737658262253 | Test L_gate: 0.02646416425704956
2020-11-03 02:58:29 Epoch 279 | Train L_gate: 0.03000372275710106 | Test L_gate: 0.02646416239440441
2020-11-03 02:58:31 Epoch 280 | Train L_gate: 0.030003707855939865 | Test L_gate: 0.026464158669114113
Saving weights to C:/tools/Drone_Racing_Files_v1/zz_model_outputs/bc_on_cmvae_con_50k/
2020-11-03 02:58:32 Epoch 281 | Train L_gate: 0.030003691092133522 | Test L_gate: 0.026464154943823814
2020-11-03 02:58:34 Epoch 282 | Train L_gate: 0.030003676190972328 | Test L_gate: 0.026464151218533516
2020-11-03 02:58:36 Epoch 283 | Train L_gate: 0.030003661289811134 | Test L_gate: 0.026464147493243217
2020-11-03 02:58:38 Epoch 284 | Train L_gate: 0.03000364638864994 | Test L_gate: 0.02646414376795292
2020-11-03 02:58:39 Epoch 285 | Train L_gate: 0.030003631487488747 | Test L_gate: 0.02646414190530777
2020-11-03 02:58:41 Epoch 286 | Train L_gate: 0.030003616586327553 | Test L_gate: 0.02646413818001747
2020-11-03 02:58:42 Epoch 287 | Train L_gate: 0.03000360168516636 | Test L_gate: 0.026464134454727173
2020-11-03 02:58:44 Epoch 288 | Train L_gate: 0.030003586784005165 | Test L_gate: 0.026464130729436874
2020-11-03 02:58:46 Epoch 289 | Train L_gate: 0.03000357188284397 | Test L_gate: 0.026464127004146576
2020-11-03 02:58:48 Epoch 290 | Train L_gate: 0.030003558844327927 | Test L_gate: 0.026464125141501427
Saving weights to C:/tools/Drone_Racing_Files_v1/zz_model_outputs/bc_on_cmvae_con_50k/
2020-11-03 02:58:50 Epoch 291 | Train L_gate: 0.030003543943166733 | Test L_gate: 0.026464121416211128
2020-11-03 02:58:52 Epoch 292 | Train L_gate: 0.03000352904200554 | Test L_gate: 0.02646411769092083
2020-11-03 02:58:53 Epoch 293 | Train L_gate: 0.030003516003489494 | Test L_gate: 0.02646411582827568
2020-11-03 02:58:55 Epoch 294 | Train L_gate: 0.0300035011023283 | Test L_gate: 0.026464112102985382
2020-11-03 02:58:57 Epoch 295 | Train L_gate: 0.030003488063812256 | Test L_gate: 0.026464108377695084
2020-11-03 02:58:58 Epoch 296 | Train L_gate: 0.030003473162651062 | Test L_gate: 0.026464106515049934
2020-11-03 02:59:00 Epoch 297 | Train L_gate: 0.030003460124135017 | Test L_gate: 0.026464102789759636
2020-11-03 02:59:01 Epoch 298 | Train L_gate: 0.030003445222973824 | Test L_gate: 0.026464099064469337
2020-11-03 02:59:03 Epoch 299 | Train L_gate: 0.03000343218445778 | Test L_gate: 0.026464097201824188
2020-11-03 02:59:04 Epoch 300 | Train L_gate: 0.030003419145941734 | Test L_gate: 0.02646409347653389
Saving weights to C:/tools/Drone_Racing_Files_v1/zz_model_outputs/bc_on_cmvae_con_50k/
2020-11-03 02:59:05 Epoch 301 | Train L_gate: 0.03000340610742569 | Test L_gate: 0.02646408975124359
2020-11-03 02:59:06 Epoch 302 | Train L_gate: 0.030003391206264496 | Test L_gate: 0.026464087888598442
2020-11-03 02:59:07 Epoch 303 | Train L_gate: 0.03000337816774845 | Test L_gate: 0.026464084163308144
2020-11-03 02:59:08 Epoch 304 | Train L_gate: 0.030003365129232407 | Test L_gate: 0.026464082300662994
2020-11-03 02:59:09 Epoch 305 | Train L_gate: 0.030003352090716362 | Test L_gate: 0.026464078575372696
2020-11-03 02:59:10 Epoch 306 | Train L_gate: 0.030003339052200317 | Test L_gate: 0.026464076712727547
2020-11-03 02:59:14 Epoch 307 | Train L_gate: 0.030003326013684273 | Test L_gate: 0.026464072987437248
2020-11-03 02:59:15 Epoch 308 | Train L_gate: 0.030003312975168228 | Test L_gate: 0.02646406926214695
2020-11-03 02:59:17 Epoch 309 | Train L_gate: 0.030003301799297333 | Test L_gate: 0.0264640673995018
2020-11-03 02:59:18 Epoch 310 | Train L_gate: 0.030003288760781288 | Test L_gate: 0.026464063674211502
Saving weights to C:/tools/Drone_Racing_Files_v1/zz_model_outputs/bc_on_cmvae_con_50k/
2020-11-03 02:59:19 Epoch 311 | Train L_gate: 0.030003275722265244 | Test L_gate: 0.026464061811566353
2020-11-03 02:59:20 Epoch 312 | Train L_gate: 0.0300032626837492 | Test L_gate: 0.026464058086276054
2020-11-03 02:59:21 Epoch 313 | Train L_gate: 0.030003251507878304 | Test L_gate: 0.026464056223630905
2020-11-03 02:59:22 Epoch 314 | Train L_gate: 0.03000323846936226 | Test L_gate: 0.026464052498340607
2020-11-03 02:59:23 Epoch 315 | Train L_gate: 0.030003225430846214 | Test L_gate: 0.026464050635695457
2020-11-03 02:59:24 Epoch 316 | Train L_gate: 0.03000321425497532 | Test L_gate: 0.02646404691040516
2020-11-03 02:59:25 Epoch 317 | Train L_gate: 0.030003201216459274 | Test L_gate: 0.02646404504776001
2020-11-03 02:59:26 Epoch 318 | Train L_gate: 0.03000319004058838 | Test L_gate: 0.02646404318511486
2020-11-03 02:59:28 Epoch 319 | Train L_gate: 0.030003178864717484 | Test L_gate: 0.026464039459824562
2020-11-03 02:59:29 Epoch 320 | Train L_gate: 0.03000316582620144 | Test L_gate: 0.026464037597179413
Saving weights to C:/tools/Drone_Racing_Files_v1/zz_model_outputs/bc_on_cmvae_con_50k/
2020-11-03 02:59:30 Epoch 321 | Train L_gate: 0.030003154650330544 | Test L_gate: 0.026464033871889114
2020-11-03 02:59:31 Epoch 322 | Train L_gate: 0.030003143474459648 | Test L_gate: 0.026464032009243965
2020-11-03 02:59:32 Epoch 323 | Train L_gate: 0.030003130435943604 | Test L_gate: 0.026464030146598816
2020-11-03 02:59:33 Epoch 324 | Train L_gate: 0.030003119260072708 | Test L_gate: 0.026464026421308517
2020-11-03 02:59:34 Epoch 325 | Train L_gate: 0.030003108084201813 | Test L_gate: 0.026464024558663368
2020-11-03 02:59:35 Epoch 326 | Train L_gate: 0.030003096908330917 | Test L_gate: 0.02646402083337307
2020-11-03 02:59:36 Epoch 327 | Train L_gate: 0.030003085732460022 | Test L_gate: 0.02646401897072792
2020-11-03 02:59:37 Epoch 328 | Train L_gate: 0.030003074556589127 | Test L_gate: 0.02646401710808277
2020-11-03 02:59:38 Epoch 329 | Train L_gate: 0.03000306338071823 | Test L_gate: 0.026464013382792473
2020-11-03 02:59:40 Epoch 330 | Train L_gate: 0.030003052204847336 | Test L_gate: 0.026464011520147324
Saving weights to C:/tools/Drone_Racing_Files_v1/zz_model_outputs/bc_on_cmvae_con_50k/
2020-11-03 02:59:41 Epoch 331 | Train L_gate: 0.03000304102897644 | Test L_gate: 0.026464009657502174
2020-11-03 02:59:42 Epoch 332 | Train L_gate: 0.030003029853105545 | Test L_gate: 0.026464005932211876
2020-11-03 02:59:43 Epoch 333 | Train L_gate: 0.03000301867723465 | Test L_gate: 0.026464004069566727
2020-11-03 02:59:44 Epoch 334 | Train L_gate: 0.030003007501363754 | Test L_gate: 0.026464002206921577
2020-11-03 02:59:45 Epoch 335 | Train L_gate: 0.03000299260020256 | Test L_gate: 0.02646399848163128
2020-11-03 02:59:46 Epoch 336 | Train L_gate: 0.030002988874912262 | Test L_gate: 0.02646399661898613
2020-11-03 02:59:47 Epoch 337 | Train L_gate: 0.030002985149621964 | Test L_gate: 0.02646399475634098
2020-11-03 02:59:48 Epoch 338 | Train L_gate: 0.030002981424331665 | Test L_gate: 0.02646399289369583
2020-11-03 02:59:50 Epoch 339 | Train L_gate: 0.030002977699041367 | Test L_gate: 0.026463989168405533
2020-11-03 02:59:51 Epoch 340 | Train L_gate: 0.030002975836396217 | Test L_gate: 0.026463987305760384
Saving weights to C:/tools/Drone_Racing_Files_v1/zz_model_outputs/bc_on_cmvae_con_50k/
2020-11-03 02:59:52 Epoch 341 | Train L_gate: 0.03000297211110592 | Test L_gate: 0.026463985443115234
2020-11-03 02:59:53 Epoch 342 | Train L_gate: 0.03000296838581562 | Test L_gate: 0.026463983580470085
2020-11-03 02:59:54 Epoch 343 | Train L_gate: 0.030002964660525322 | Test L_gate: 0.026463979855179787
2020-11-03 02:59:56 Epoch 344 | Train L_gate: 0.030002960935235023 | Test L_gate: 0.026463977992534637
2020-11-03 02:59:57 Epoch 345 | Train L_gate: 0.030002957209944725 | Test L_gate: 0.026463976129889488
2020-11-03 02:59:58 Epoch 346 | Train L_gate: 0.030002953484654427 | Test L_gate: 0.02646397426724434
2020-11-03 03:00:00 Epoch 347 | Train L_gate: 0.030002951622009277 | Test L_gate: 0.02646397054195404
2020-11-03 03:00:01 Epoch 348 | Train L_gate: 0.03000294789671898 | Test L_gate: 0.02646396867930889
2020-11-03 03:00:02 Epoch 349 | Train L_gate: 0.03000294417142868 | Test L_gate: 0.026463966816663742
2020-11-03 03:00:03 Epoch 350 | Train L_gate: 0.030002940446138382 | Test L_gate: 0.026463964954018593
Saving weights to C:/tools/Drone_Racing_Files_v1/zz_model_outputs/bc_on_cmvae_con_50k/
2020-11-03 03:00:04 Epoch 351 | Train L_gate: 0.030002936720848083 | Test L_gate: 0.026463963091373444
2020-11-03 03:00:05 Epoch 352 | Train L_gate: 0.030002934858202934 | Test L_gate: 0.026463959366083145
2020-11-03 03:00:06 Epoch 353 | Train L_gate: 0.030002931132912636 | Test L_gate: 0.026463957503437996
2020-11-03 03:00:08 Epoch 354 | Train L_gate: 0.030002927407622337 | Test L_gate: 0.026463955640792847
2020-11-03 03:00:09 Epoch 355 | Train L_gate: 0.03000292368233204 | Test L_gate: 0.026463953778147697
2020-11-03 03:00:10 Epoch 356 | Train L_gate: 0.03000292181968689 | Test L_gate: 0.026463951915502548
2020-11-03 03:00:11 Epoch 357 | Train L_gate: 0.03000291809439659 | Test L_gate: 0.0264639500528574
2020-11-03 03:00:12 Epoch 358 | Train L_gate: 0.030002914369106293 | Test L_gate: 0.02646394819021225
2020-11-03 03:00:13 Epoch 359 | Train L_gate: 0.030002910643815994 | Test L_gate: 0.02646394446492195
2020-11-03 03:00:15 Epoch 360 | Train L_gate: 0.030002908781170845 | Test L_gate: 0.026463942602276802
Saving weights to C:/tools/Drone_Racing_Files_v1/zz_model_outputs/bc_on_cmvae_con_50k/
2020-11-03 03:00:16 Epoch 361 | Train L_gate: 0.030002905055880547 | Test L_gate: 0.026463940739631653
2020-11-03 03:00:17 Epoch 362 | Train L_gate: 0.030002901330590248 | Test L_gate: 0.026463938876986504
2020-11-03 03:00:18 Epoch 363 | Train L_gate: 0.0300028994679451 | Test L_gate: 0.026463937014341354
2020-11-03 03:00:20 Epoch 364 | Train L_gate: 0.0300028957426548 | Test L_gate: 0.026463935151696205
2020-11-03 03:00:21 Epoch 365 | Train L_gate: 0.030002892017364502 | Test L_gate: 0.026463933289051056
2020-11-03 03:00:22 Epoch 366 | Train L_gate: 0.030002890154719353 | Test L_gate: 0.026463931426405907
2020-11-03 03:00:23 Epoch 367 | Train L_gate: 0.030002886429429054 | Test L_gate: 0.026463929563760757
2020-11-03 03:00:24 Epoch 368 | Train L_gate: 0.030002882704138756 | Test L_gate: 0.02646392583847046
2020-11-03 03:00:25 Epoch 369 | Train L_gate: 0.030002880841493607 | Test L_gate: 0.02646392397582531
2020-11-03 03:00:26 Epoch 370 | Train L_gate: 0.030002877116203308 | Test L_gate: 0.02646392211318016
Saving weights to C:/tools/Drone_Racing_Files_v1/zz_model_outputs/bc_on_cmvae_con_50k/
2020-11-03 03:00:27 Epoch 371 | Train L_gate: 0.03000287525355816 | Test L_gate: 0.02646392025053501
2020-11-03 03:00:28 Epoch 372 | Train L_gate: 0.03000287152826786 | Test L_gate: 0.026463918387889862
2020-11-03 03:00:30 Epoch 373 | Train L_gate: 0.030002867802977562 | Test L_gate: 0.026463916525244713
2020-11-03 03:00:31 Epoch 374 | Train L_gate: 0.030002865940332413 | Test L_gate: 0.026463914662599564
2020-11-03 03:00:32 Epoch 375 | Train L_gate: 0.030002862215042114 | Test L_gate: 0.026463912799954414
2020-11-03 03:00:33 Epoch 376 | Train L_gate: 0.030002860352396965 | Test L_gate: 0.026463910937309265
2020-11-03 03:00:34 Epoch 377 | Train L_gate: 0.030002856627106667 | Test L_gate: 0.026463909074664116
2020-11-03 03:00:35 Epoch 378 | Train L_gate: 0.030002854764461517 | Test L_gate: 0.026463907212018967
2020-11-03 03:00:36 Epoch 379 | Train L_gate: 0.03000285103917122 | Test L_gate: 0.026463905349373817
2020-11-03 03:00:37 Epoch 380 | Train L_gate: 0.03000284917652607 | Test L_gate: 0.026463903486728668
Saving weights to C:/tools/Drone_Racing_Files_v1/zz_model_outputs/bc_on_cmvae_con_50k/
2020-11-03 03:00:41 Epoch 381 | Train L_gate: 0.03000284545123577 | Test L_gate: 0.02646390162408352
2020-11-03 03:00:42 Epoch 382 | Train L_gate: 0.030002843588590622 | Test L_gate: 0.02646389976143837
2020-11-03 03:00:43 Epoch 383 | Train L_gate: 0.030002839863300323 | Test L_gate: 0.02646389789879322
2020-11-03 03:00:44 Epoch 384 | Train L_gate: 0.030002838000655174 | Test L_gate: 0.02646389603614807
2020-11-03 03:00:45 Epoch 385 | Train L_gate: 0.030002834275364876 | Test L_gate: 0.026463894173502922
2020-11-03 03:00:46 Epoch 386 | Train L_gate: 0.030002832412719727 | Test L_gate: 0.026463892310857773
2020-11-03 03:00:47 Epoch 387 | Train L_gate: 0.030002828687429428 | Test L_gate: 0.026463890448212624
2020-11-03 03:00:49 Epoch 388 | Train L_gate: 0.03000282682478428 | Test L_gate: 0.026463888585567474
2020-11-03 03:00:50 Epoch 389 | Train L_gate: 0.03000282309949398 | Test L_gate: 0.026463886722922325
2020-11-03 03:00:51 Epoch 390 | Train L_gate: 0.03000282123684883 | Test L_gate: 0.026463884860277176
Saving weights to C:/tools/Drone_Racing_Files_v1/zz_model_outputs/bc_on_cmvae_con_50k/
2020-11-03 03:00:52 Epoch 391 | Train L_gate: 0.030002817511558533 | Test L_gate: 0.026463882997632027
2020-11-03 03:00:53 Epoch 392 | Train L_gate: 0.030002815648913383 | Test L_gate: 0.026463881134986877
2020-11-03 03:00:55 Epoch 393 | Train L_gate: 0.030002811923623085 | Test L_gate: 0.026463879272341728
2020-11-03 03:00:56 Epoch 394 | Train L_gate: 0.030002810060977936 | Test L_gate: 0.02646387740969658
2020-11-03 03:00:57 Epoch 395 | Train L_gate: 0.030002808198332787 | Test L_gate: 0.02646387554705143
2020-11-03 03:00:58 Epoch 396 | Train L_gate: 0.030002804473042488 | Test L_gate: 0.02646387554705143
2020-11-03 03:00:59 Epoch 397 | Train L_gate: 0.03000280261039734 | Test L_gate: 0.02646387368440628
2020-11-03 03:01:00 Epoch 398 | Train L_gate: 0.03000279888510704 | Test L_gate: 0.02646387182176113
2020-11-03 03:01:02 Epoch 399 | Train L_gate: 0.03000279702246189 | Test L_gate: 0.026463869959115982
2020-11-03 03:01:03 Epoch 400 | Train L_gate: 0.030002795159816742 | Test L_gate: 0.026463868096470833
Saving weights to C:/tools/Drone_Racing_Files_v1/zz_model_outputs/bc_on_cmvae_con_50k/
bla

Process finished with exit code 0
