C:\Users\gary\.conda\envs\AirSim-Drone-VAE-PY3\python.exe C:/code_repo/AirSim-Drone-Racing-VAE-Imitation/imitation_learning/train_bc.py
Starting dataset
Done. Going to read images.
image idx = 0 out of 4148 images
image idx = 1000 out of 4148 images
image idx = 2000 out of 4148 images
image idx = 3000 out of 4148 images
image idx = 4000 out of 4148 images
Num samples: 4148
Average vx: 1.5326639413833618
Average vy: 0.3606027662754059
Average vz: -0.005232726223766804
Average vyaw: 0.1923598200082779
Done. Going to read images.
image idx = 0 out of 4489 images
image idx = 1000 out of 4489 images
image idx = 2000 out of 4489 images
image idx = 3000 out of 4489 images
image idx = 4000 out of 4489 images
Num samples: 4489
Average vx: 1.5535471439361572
Average vy: 0.35645145177841187
Average vz: -0.007793074008077383
Average vyaw: 0.18977417051792145
Done. Going to read images.
image idx = 0 out of 4747 images
image idx = 1000 out of 4747 images
image idx = 2000 out of 4747 images
image idx = 3000 out of 4747 images
image idx = 4000 out of 4747 images
Num samples: 4747
Average vx: 1.5798687934875488
Average vy: 0.38534224033355713
Average vz: -0.002544626360759139
Average vyaw: 0.19529101252555847
Done. Going to read images.
image idx = 0 out of 4471 images
image idx = 1000 out of 4471 images
image idx = 2000 out of 4471 images
image idx = 3000 out of 4471 images
image idx = 4000 out of 4471 images
Num samples: 4471
Average vx: 2.200140953063965
Average vy: 0.5045695900917053
Average vz: -0.016868380829691887
Average vyaw: 0.19239918887615204
2020-10-28 06:43:55.075579: W tensorflow/core/common_runtime/gpu/gpu_bfc_allocator.cc:39] Overriding allow_growth setting because the TF_FORCE_GPU_ALLOW_GROWTH environment variable is set. Original config value was 0.
Done with dataset
[Dronet] Starting dronet
[Dronet] Done with dronet
[ImgDecoder] Starting create_model
[ImgDecoder] Done with create_model
[NonLinearTransformer] Starting create_model
[NonLinearTransformer] Done with create_model
[NonLinearTransformer] Starting create_model
[NonLinearTransformer] Done with create_model
[NonLinearTransformer] Starting create_model
[NonLinearTransformer] Done with create_model
[NonLinearTransformer] Starting create_model
[NonLinearTransformer] Done with create_model
[BcLatent-Improve] Starting create_model
[BcLatent-Improve] Done with create_model
Start training ...
Model: "bc_latent"
_________________________________________________________________
Layer (type)                 Output Shape              Param #
=================================================================
bc_dense (Sequential)        multiple                  46748
=================================================================
Total params: 46,748
Trainable params: 46,748
Non-trainable params: 0
_________________________________________________________________
2020-10-28 06:44:02 Epoch 0 | Train L_gate: 0.03282855823636055 | Test L_gate: 0.026325495913624763
2020-10-28 06:44:03 Epoch 1 | Train L_gate: 0.028144700452685356 | Test L_gate: 0.019986027851700783
2020-10-28 06:44:05 Epoch 2 | Train L_gate: 0.025785431265830994 | Test L_gate: 0.01907479763031006
2020-10-28 06:44:06 Epoch 3 | Train L_gate: 0.02417866513133049 | Test L_gate: 0.018425412476062775
2020-10-28 06:44:07 Epoch 4 | Train L_gate: 0.02315668575465679 | Test L_gate: 0.017946476116776466
2020-10-28 06:44:09 Epoch 5 | Train L_gate: 0.022402998059988022 | Test L_gate: 0.017577068880200386
2020-10-28 06:44:11 Epoch 6 | Train L_gate: 0.021850820630788803 | Test L_gate: 0.017382724210619926
2020-10-28 06:44:12 Epoch 7 | Train L_gate: 0.021438226103782654 | Test L_gate: 0.017219772562384605
2020-10-28 06:44:14 Epoch 8 | Train L_gate: 0.021041197702288628 | Test L_gate: 0.01711942069232464
2020-10-28 06:44:15 Epoch 9 | Train L_gate: 0.02069322019815445 | Test L_gate: 0.016943397000432014
2020-10-28 06:44:16 Epoch 10 | Train L_gate: 0.020410582423210144 | Test L_gate: 0.016842180863022804
Saving weights to C:/tools/Drone_Racing_Files_v1/zz_model_outputs/bc_improve_on_cmvae_con_50k_deeperResNet
2020-10-28 06:44:18 Epoch 11 | Train L_gate: 0.020158058032393456 | Test L_gate: 0.01670089364051819
2020-10-28 06:44:19 Epoch 12 | Train L_gate: 0.019934477284550667 | Test L_gate: 0.016661735251545906
2020-10-28 06:44:21 Epoch 13 | Train L_gate: 0.01974819414317608 | Test L_gate: 0.01657607965171337
2020-10-28 06:44:22 Epoch 14 | Train L_gate: 0.019585657864809036 | Test L_gate: 0.016508052125573158
2020-10-28 06:44:24 Epoch 15 | Train L_gate: 0.019439691677689552 | Test L_gate: 0.016413865610957146
2020-10-28 06:44:25 Epoch 16 | Train L_gate: 0.01930500753223896 | Test L_gate: 0.016316812485456467
2020-10-28 06:44:27 Epoch 17 | Train L_gate: 0.019178446382284164 | Test L_gate: 0.01625780202448368
2020-10-28 06:44:28 Epoch 18 | Train L_gate: 0.019059211015701294 | Test L_gate: 0.016168484464287758
2020-10-28 06:44:29 Epoch 19 | Train L_gate: 0.018939362838864326 | Test L_gate: 0.01611083187162876
2020-10-28 06:44:31 Epoch 20 | Train L_gate: 0.018837716430425644 | Test L_gate: 0.01602957583963871
Saving weights to C:/tools/Drone_Racing_Files_v1/zz_model_outputs/bc_improve_on_cmvae_con_50k_deeperResNet
2020-10-28 06:44:32 Epoch 21 | Train L_gate: 0.018732324242591858 | Test L_gate: 0.01597507856786251
2020-10-28 06:44:34 Epoch 22 | Train L_gate: 0.018627328798174858 | Test L_gate: 0.01592695713043213
2020-10-28 06:44:35 Epoch 23 | Train L_gate: 0.018547752872109413 | Test L_gate: 0.015867773443460464
2020-10-28 06:44:36 Epoch 24 | Train L_gate: 0.018470434471964836 | Test L_gate: 0.015842288732528687
2020-10-28 06:44:38 Epoch 25 | Train L_gate: 0.01838858239352703 | Test L_gate: 0.015798259526491165
2020-10-28 06:44:39 Epoch 26 | Train L_gate: 0.018306855112314224 | Test L_gate: 0.015762606635689735
2020-10-28 06:44:41 Epoch 27 | Train L_gate: 0.018226370215415955 | Test L_gate: 0.015730924904346466
2020-10-28 06:44:42 Epoch 28 | Train L_gate: 0.01815352402627468 | Test L_gate: 0.01573674939572811
2020-10-28 06:44:43 Epoch 29 | Train L_gate: 0.018086204305291176 | Test L_gate: 0.015717962756752968
2020-10-28 06:44:45 Epoch 30 | Train L_gate: 0.018024874851107597 | Test L_gate: 0.01565389707684517
Saving weights to C:/tools/Drone_Racing_Files_v1/zz_model_outputs/bc_improve_on_cmvae_con_50k_deeperResNet
2020-10-28 06:44:46 Epoch 31 | Train L_gate: 0.017962969839572906 | Test L_gate: 0.015624492429196835
2020-10-28 06:44:48 Epoch 32 | Train L_gate: 0.017883483320474625 | Test L_gate: 0.015573346056044102
2020-10-28 06:44:49 Epoch 33 | Train L_gate: 0.017807487398386 | Test L_gate: 0.015528540126979351
2020-10-28 06:44:51 Epoch 34 | Train L_gate: 0.017723627388477325 | Test L_gate: 0.015487057156860828
2020-10-28 06:44:52 Epoch 35 | Train L_gate: 0.017646951600909233 | Test L_gate: 0.015450209379196167
2020-10-28 06:44:53 Epoch 36 | Train L_gate: 0.017575440928339958 | Test L_gate: 0.015399161726236343
2020-10-28 06:44:55 Epoch 37 | Train L_gate: 0.017492007464170456 | Test L_gate: 0.015359879471361637
2020-10-28 06:44:56 Epoch 38 | Train L_gate: 0.01740531623363495 | Test L_gate: 0.015323469415307045
2020-10-28 06:44:57 Epoch 39 | Train L_gate: 0.01731862686574459 | Test L_gate: 0.015295177698135376
2020-10-28 06:44:59 Epoch 40 | Train L_gate: 0.01723199151456356 | Test L_gate: 0.015273099765181541
Saving weights to C:/tools/Drone_Racing_Files_v1/zz_model_outputs/bc_improve_on_cmvae_con_50k_deeperResNet
2020-10-28 06:45:01 Epoch 41 | Train L_gate: 0.01715434342622757 | Test L_gate: 0.015241586603224277
2020-10-28 06:45:02 Epoch 42 | Train L_gate: 0.017080135643482208 | Test L_gate: 0.01519606914371252
2020-10-28 06:45:04 Epoch 43 | Train L_gate: 0.01700613461434841 | Test L_gate: 0.015162105672061443
2020-10-28 06:45:06 Epoch 44 | Train L_gate: 0.016931971535086632 | Test L_gate: 0.01512871589511633
2020-10-28 06:45:07 Epoch 45 | Train L_gate: 0.016851842403411865 | Test L_gate: 0.01509605348110199
2020-10-28 06:45:09 Epoch 46 | Train L_gate: 0.016780339181423187 | Test L_gate: 0.015063662081956863
2020-10-28 06:45:10 Epoch 47 | Train L_gate: 0.01671387255191803 | Test L_gate: 0.015043414197862148
2020-10-28 06:45:12 Epoch 48 | Train L_gate: 0.016655271872878075 | Test L_gate: 0.015005282126367092
2020-10-28 06:45:13 Epoch 49 | Train L_gate: 0.016594581305980682 | Test L_gate: 0.0149768628180027
2020-10-28 06:45:15 Epoch 50 | Train L_gate: 0.016535913571715355 | Test L_gate: 0.01493915542960167
Saving weights to C:/tools/Drone_Racing_Files_v1/zz_model_outputs/bc_improve_on_cmvae_con_50k_deeperResNet
2020-10-28 06:45:16 Epoch 51 | Train L_gate: 0.016475200653076172 | Test L_gate: 0.01491626724600792
2020-10-28 06:45:18 Epoch 52 | Train L_gate: 0.01641835831105709 | Test L_gate: 0.014882643707096577
2020-10-28 06:45:20 Epoch 53 | Train L_gate: 0.016366278752684593 | Test L_gate: 0.014867634512484074
2020-10-28 06:45:22 Epoch 54 | Train L_gate: 0.01630506105720997 | Test L_gate: 0.014854023233056068
2020-10-28 06:45:23 Epoch 55 | Train L_gate: 0.016247132793068886 | Test L_gate: 0.014821773394942284
2020-10-28 06:45:25 Epoch 56 | Train L_gate: 0.016186779364943504 | Test L_gate: 0.014784655533730984
2020-10-28 06:45:26 Epoch 57 | Train L_gate: 0.016151301562786102 | Test L_gate: 0.014761557802557945
2020-10-28 06:45:28 Epoch 58 | Train L_gate: 0.01610604114830494 | Test L_gate: 0.014728196896612644
2020-10-28 06:45:30 Epoch 59 | Train L_gate: 0.016059808433055878 | Test L_gate: 0.014705127105116844
2020-10-28 06:45:31 Epoch 60 | Train L_gate: 0.016014331951737404 | Test L_gate: 0.014674841426312923
Saving weights to C:/tools/Drone_Racing_Files_v1/zz_model_outputs/bc_improve_on_cmvae_con_50k_deeperResNet
2020-10-28 06:45:33 Epoch 61 | Train L_gate: 0.015962742269039154 | Test L_gate: 0.014654908329248428
2020-10-28 06:45:35 Epoch 62 | Train L_gate: 0.015918517485260963 | Test L_gate: 0.014650138095021248
2020-10-28 06:45:37 Epoch 63 | Train L_gate: 0.015882184728980064 | Test L_gate: 0.014630349352955818
2020-10-28 06:45:39 Epoch 64 | Train L_gate: 0.015858130529522896 | Test L_gate: 0.01460265088826418
2020-10-28 06:45:41 Epoch 65 | Train L_gate: 0.015828069299459457 | Test L_gate: 0.014595280401408672
2020-10-28 06:45:42 Epoch 66 | Train L_gate: 0.01579924486577511 | Test L_gate: 0.014572049491107464
2020-10-28 06:45:44 Epoch 67 | Train L_gate: 0.015762485563755035 | Test L_gate: 0.014556474052369595
2020-10-28 06:45:46 Epoch 68 | Train L_gate: 0.01572437211871147 | Test L_gate: 0.014555968344211578
2020-10-28 06:45:47 Epoch 69 | Train L_gate: 0.015686996281147003 | Test L_gate: 0.014542147517204285
2020-10-28 06:45:49 Epoch 70 | Train L_gate: 0.0156441330909729 | Test L_gate: 0.014515106566250324
Saving weights to C:/tools/Drone_Racing_Files_v1/zz_model_outputs/bc_improve_on_cmvae_con_50k_deeperResNet
2020-10-28 06:45:51 Epoch 71 | Train L_gate: 0.015609252266585827 | Test L_gate: 0.014490120112895966
2020-10-28 06:45:52 Epoch 72 | Train L_gate: 0.015603174455463886 | Test L_gate: 0.014465455897152424
2020-10-28 06:45:54 Epoch 73 | Train L_gate: 0.015581736341118813 | Test L_gate: 0.014452332630753517
2020-10-28 06:45:55 Epoch 74 | Train L_gate: 0.015557887963950634 | Test L_gate: 0.014431134797632694
2020-10-28 06:45:57 Epoch 75 | Train L_gate: 0.015531348995864391 | Test L_gate: 0.014412823133170605
2020-10-28 06:45:59 Epoch 76 | Train L_gate: 0.015496932901442051 | Test L_gate: 0.014388149604201317
2020-10-28 06:46:01 Epoch 77 | Train L_gate: 0.0154645387083292 | Test L_gate: 0.014369906857609749
2020-10-28 06:46:02 Epoch 78 | Train L_gate: 0.015432239510118961 | Test L_gate: 0.014349362812936306
2020-10-28 06:46:04 Epoch 79 | Train L_gate: 0.015396784991025925 | Test L_gate: 0.01432871725410223
2020-10-28 06:46:05 Epoch 80 | Train L_gate: 0.015365801751613617 | Test L_gate: 0.014313331805169582
Saving weights to C:/tools/Drone_Racing_Files_v1/zz_model_outputs/bc_improve_on_cmvae_con_50k_deeperResNet
2020-10-28 06:46:07 Epoch 81 | Train L_gate: 0.015354256145656109 | Test L_gate: 0.014291996136307716
2020-10-28 06:46:09 Epoch 82 | Train L_gate: 0.015323932282626629 | Test L_gate: 0.014268075115978718
2020-10-28 06:46:11 Epoch 83 | Train L_gate: 0.015299603343009949 | Test L_gate: 0.014246218837797642
2020-10-28 06:46:12 Epoch 84 | Train L_gate: 0.01527081523090601 | Test L_gate: 0.014224684797227383
2020-10-28 06:46:14 Epoch 85 | Train L_gate: 0.01524592749774456 | Test L_gate: 0.014202740974724293
2020-10-28 06:46:15 Epoch 86 | Train L_gate: 0.015220323577523232 | Test L_gate: 0.014184574596583843
2020-10-28 06:46:17 Epoch 87 | Train L_gate: 0.015190813690423965 | Test L_gate: 0.014159543439745903
2020-10-28 06:46:19 Epoch 88 | Train L_gate: 0.015163176693022251 | Test L_gate: 0.014134461060166359
2020-10-28 06:46:21 Epoch 89 | Train L_gate: 0.015134135261178017 | Test L_gate: 0.014109822921454906
2020-10-28 06:46:22 Epoch 90 | Train L_gate: 0.015115387737751007 | Test L_gate: 0.01408848911523819
Saving weights to C:/tools/Drone_Racing_Files_v1/zz_model_outputs/bc_improve_on_cmvae_con_50k_deeperResNet
2020-10-28 06:46:24 Epoch 91 | Train L_gate: 0.015094992704689503 | Test L_gate: 0.01406270731240511
2020-10-28 06:46:25 Epoch 92 | Train L_gate: 0.015069041401147842 | Test L_gate: 0.014038127847015858
2020-10-28 06:46:27 Epoch 93 | Train L_gate: 0.015046951361000538 | Test L_gate: 0.014016981236636639
2020-10-28 06:46:28 Epoch 94 | Train L_gate: 0.015020165592432022 | Test L_gate: 0.013997597619891167
2020-10-28 06:46:30 Epoch 95 | Train L_gate: 0.014999753795564175 | Test L_gate: 0.013981938362121582
2020-10-28 06:46:31 Epoch 96 | Train L_gate: 0.014979466795921326 | Test L_gate: 0.013960178010165691
2020-10-28 06:46:33 Epoch 97 | Train L_gate: 0.014953991398215294 | Test L_gate: 0.013934851624071598
2020-10-28 06:46:35 Epoch 98 | Train L_gate: 0.014927827753126621 | Test L_gate: 0.01391549501568079
2020-10-28 06:46:36 Epoch 99 | Train L_gate: 0.014905177056789398 | Test L_gate: 0.013894090428948402
2020-10-28 06:46:38 Epoch 100 | Train L_gate: 0.01488402858376503 | Test L_gate: 0.013878602534532547
Saving weights to C:/tools/Drone_Racing_Files_v1/zz_model_outputs/bc_improve_on_cmvae_con_50k_deeperResNet
2020-10-28 06:46:40 Epoch 101 | Train L_gate: 0.014863403514027596 | Test L_gate: 0.013857884332537651
2020-10-28 06:46:41 Epoch 102 | Train L_gate: 0.014839249663054943 | Test L_gate: 0.013842538930475712
2020-10-28 06:46:44 Epoch 103 | Train L_gate: 0.014813919551670551 | Test L_gate: 0.013822047971189022
2020-10-28 06:46:46 Epoch 104 | Train L_gate: 0.014796465635299683 | Test L_gate: 0.013805079273879528
2020-10-28 06:46:50 Epoch 105 | Train L_gate: 0.014776595868170261 | Test L_gate: 0.01378658227622509
2020-10-28 06:46:53 Epoch 106 | Train L_gate: 0.014755823649466038 | Test L_gate: 0.013769523240625858
2020-10-28 06:46:57 Epoch 107 | Train L_gate: 0.014730498194694519 | Test L_gate: 0.013753611594438553
2020-10-28 06:47:00 Epoch 108 | Train L_gate: 0.014706920832395554 | Test L_gate: 0.013731694780290127
2020-10-28 06:47:02 Epoch 109 | Train L_gate: 0.014685368165373802 | Test L_gate: 0.01371676940470934
2020-10-28 06:47:04 Epoch 110 | Train L_gate: 0.01466465461999178 | Test L_gate: 0.013700026087462902
Saving weights to C:/tools/Drone_Racing_Files_v1/zz_model_outputs/bc_improve_on_cmvae_con_50k_deeperResNet
2020-10-28 06:47:06 Epoch 111 | Train L_gate: 0.01464424841105938 | Test L_gate: 0.013683212921023369
2020-10-28 06:47:08 Epoch 112 | Train L_gate: 0.014636710286140442 | Test L_gate: 0.013664280995726585
2020-10-28 06:47:10 Epoch 113 | Train L_gate: 0.01461803074926138 | Test L_gate: 0.013652610592544079
2020-10-28 06:47:12 Epoch 114 | Train L_gate: 0.014600836671888828 | Test L_gate: 0.013636715710163116
2020-10-28 06:47:13 Epoch 115 | Train L_gate: 0.014582101255655289 | Test L_gate: 0.013622415252029896
2020-10-28 06:47:15 Epoch 116 | Train L_gate: 0.014560649171471596 | Test L_gate: 0.013609210960566998
2020-10-28 06:47:17 Epoch 117 | Train L_gate: 0.01453806646168232 | Test L_gate: 0.01359498593956232
2020-10-28 06:47:19 Epoch 118 | Train L_gate: 0.014517512172460556 | Test L_gate: 0.013581709936261177
2020-10-28 06:47:20 Epoch 119 | Train L_gate: 0.014498360455036163 | Test L_gate: 0.013565927743911743
2020-10-28 06:47:22 Epoch 120 | Train L_gate: 0.014478171244263649 | Test L_gate: 0.013549074530601501
Saving weights to C:/tools/Drone_Racing_Files_v1/zz_model_outputs/bc_improve_on_cmvae_con_50k_deeperResNet
2020-10-28 06:47:24 Epoch 121 | Train L_gate: 0.014536515809595585 | Test L_gate: 0.013559453189373016
2020-10-28 06:47:26 Epoch 122 | Train L_gate: 0.014550228603184223 | Test L_gate: 0.013561819680035114
2020-10-28 06:47:27 Epoch 123 | Train L_gate: 0.014555100351572037 | Test L_gate: 0.013560387305915356
2020-10-28 06:47:29 Epoch 124 | Train L_gate: 0.014557349495589733 | Test L_gate: 0.013558724895119667
2020-10-28 06:47:31 Epoch 125 | Train L_gate: 0.01455538161098957 | Test L_gate: 0.013555540703237057
2020-10-28 06:47:32 Epoch 126 | Train L_gate: 0.01455018762499094 | Test L_gate: 0.013551282696425915
2020-10-28 06:47:34 Epoch 127 | Train L_gate: 0.014544798992574215 | Test L_gate: 0.013548871502280235
2020-10-28 06:47:36 Epoch 128 | Train L_gate: 0.01453913003206253 | Test L_gate: 0.013547261245548725
2020-10-28 06:47:39 Epoch 129 | Train L_gate: 0.014534754678606987 | Test L_gate: 0.013542510569095612
2020-10-28 06:47:40 Epoch 130 | Train L_gate: 0.01452943030744791 | Test L_gate: 0.013536801561713219
Saving weights to C:/tools/Drone_Racing_Files_v1/zz_model_outputs/bc_improve_on_cmvae_con_50k_deeperResNet
2020-10-28 06:47:42 Epoch 131 | Train L_gate: 0.014519859105348587 | Test L_gate: 0.01352821197360754
2020-10-28 06:47:44 Epoch 132 | Train L_gate: 0.014509164728224277 | Test L_gate: 0.013522847555577755
2020-10-28 06:47:46 Epoch 133 | Train L_gate: 0.01449791993945837 | Test L_gate: 0.013516783714294434
2020-10-28 06:47:47 Epoch 134 | Train L_gate: 0.014486320316791534 | Test L_gate: 0.013512098230421543
2020-10-28 06:47:49 Epoch 135 | Train L_gate: 0.014473608694970608 | Test L_gate: 0.013506144285202026
2020-10-28 06:47:51 Epoch 136 | Train L_gate: 0.014459812082350254 | Test L_gate: 0.013502041809260845
2020-10-28 06:47:52 Epoch 137 | Train L_gate: 0.014446086250245571 | Test L_gate: 0.013496038503944874
2020-10-28 06:47:54 Epoch 138 | Train L_gate: 0.014432049356400967 | Test L_gate: 0.013488519936800003
2020-10-28 06:47:56 Epoch 139 | Train L_gate: 0.014418061822652817 | Test L_gate: 0.013481797650456429
2020-10-28 06:47:58 Epoch 140 | Train L_gate: 0.014404534362256527 | Test L_gate: 0.013475445099174976
Saving weights to C:/tools/Drone_Racing_Files_v1/zz_model_outputs/bc_improve_on_cmvae_con_50k_deeperResNet
2020-10-28 06:48:00 Epoch 141 | Train L_gate: 0.014390143565833569 | Test L_gate: 0.013469158671796322
2020-10-28 06:48:01 Epoch 142 | Train L_gate: 0.01437570434063673 | Test L_gate: 0.013463718816637993
2020-10-28 06:48:03 Epoch 143 | Train L_gate: 0.014361616224050522 | Test L_gate: 0.013459833338856697
2020-10-28 06:48:05 Epoch 144 | Train L_gate: 0.014347895048558712 | Test L_gate: 0.013455615378916264
2020-10-28 06:48:07 Epoch 145 | Train L_gate: 0.014332761988043785 | Test L_gate: 0.013451430015265942
2020-10-28 06:48:09 Epoch 146 | Train L_gate: 0.014317929744720459 | Test L_gate: 0.01344778761267662
2020-10-28 06:48:11 Epoch 147 | Train L_gate: 0.014303695410490036 | Test L_gate: 0.013444597832858562
2020-10-28 06:48:12 Epoch 148 | Train L_gate: 0.014289404265582561 | Test L_gate: 0.013442929834127426
2020-10-28 06:48:14 Epoch 149 | Train L_gate: 0.014275284484028816 | Test L_gate: 0.013438486494123936
2020-10-28 06:48:16 Epoch 150 | Train L_gate: 0.014264251105487347 | Test L_gate: 0.013437235727906227
Saving weights to C:/tools/Drone_Racing_Files_v1/zz_model_outputs/bc_improve_on_cmvae_con_50k_deeperResNet
2020-10-28 06:48:18 Epoch 151 | Train L_gate: 0.0142555246129632 | Test L_gate: 0.01343605387955904
2020-10-28 06:48:20 Epoch 152 | Train L_gate: 0.014243652112782001 | Test L_gate: 0.013431522995233536
2020-10-28 06:48:22 Epoch 153 | Train L_gate: 0.01423057820647955 | Test L_gate: 0.013426365330815315
2020-10-28 06:48:23 Epoch 154 | Train L_gate: 0.014217643067240715 | Test L_gate: 0.013423672877252102
2020-10-28 06:48:25 Epoch 155 | Train L_gate: 0.01420406624674797 | Test L_gate: 0.013421486131846905
2020-10-28 06:48:27 Epoch 156 | Train L_gate: 0.014191005378961563 | Test L_gate: 0.013418660499155521
2020-10-28 06:48:29 Epoch 157 | Train L_gate: 0.014177478849887848 | Test L_gate: 0.013417325913906097
2020-10-28 06:48:31 Epoch 158 | Train L_gate: 0.014164772816002369 | Test L_gate: 0.013414373621344566
2020-10-28 06:48:32 Epoch 159 | Train L_gate: 0.01415260136127472 | Test L_gate: 0.013411330990493298
2020-10-28 06:48:36 Epoch 160 | Train L_gate: 0.014138858765363693 | Test L_gate: 0.013409698382019997
Saving weights to C:/tools/Drone_Racing_Files_v1/zz_model_outputs/bc_improve_on_cmvae_con_50k_deeperResNet
2020-10-28 06:48:38 Epoch 161 | Train L_gate: 0.014125838875770569 | Test L_gate: 0.013407083228230476
2020-10-28 06:48:39 Epoch 162 | Train L_gate: 0.014118274673819542 | Test L_gate: 0.013406282290816307
2020-10-28 06:48:41 Epoch 163 | Train L_gate: 0.014105921611189842 | Test L_gate: 0.013404789380729198
2020-10-28 06:48:43 Epoch 164 | Train L_gate: 0.014092805795371532 | Test L_gate: 0.013401486910879612
2020-10-28 06:48:44 Epoch 165 | Train L_gate: 0.014079238288104534 | Test L_gate: 0.013396035879850388
2020-10-28 06:48:46 Epoch 166 | Train L_gate: 0.014066779986023903 | Test L_gate: 0.013390578329563141
2020-10-28 06:48:48 Epoch 167 | Train L_gate: 0.014065164141356945 | Test L_gate: 0.013391552492976189
2020-10-28 06:48:50 Epoch 168 | Train L_gate: 0.014063546434044838 | Test L_gate: 0.013383949175477028
2020-10-28 06:48:51 Epoch 169 | Train L_gate: 0.01405777782201767 | Test L_gate: 0.013378951698541641
2020-10-28 06:48:53 Epoch 170 | Train L_gate: 0.014045420102775097 | Test L_gate: 0.013372018933296204
Saving weights to C:/tools/Drone_Racing_Files_v1/zz_model_outputs/bc_improve_on_cmvae_con_50k_deeperResNet
2020-10-28 06:48:55 Epoch 171 | Train L_gate: 0.014029053039848804 | Test L_gate: 0.013366438448429108
2020-10-28 06:48:56 Epoch 172 | Train L_gate: 0.014013237319886684 | Test L_gate: 0.013364305719733238
2020-10-28 06:48:58 Epoch 173 | Train L_gate: 0.014003877528011799 | Test L_gate: 0.013359330594539642
2020-10-28 06:49:00 Epoch 174 | Train L_gate: 0.01399917434900999 | Test L_gate: 0.01335981860756874
2020-10-28 06:49:02 Epoch 175 | Train L_gate: 0.013991503976285458 | Test L_gate: 0.013352516107261181
2020-10-28 06:49:03 Epoch 176 | Train L_gate: 0.013982203789055347 | Test L_gate: 0.013352117501199245
2020-10-28 06:49:05 Epoch 177 | Train L_gate: 0.013973320834338665 | Test L_gate: 0.013347549363970757
2020-10-28 06:49:07 Epoch 178 | Train L_gate: 0.01396248023957014 | Test L_gate: 0.013343026861548424
2020-10-28 06:49:09 Epoch 179 | Train L_gate: 0.013956146314740181 | Test L_gate: 0.013338394463062286
2020-10-28 06:49:11 Epoch 180 | Train L_gate: 0.013948825187981129 | Test L_gate: 0.013335973024368286
Saving weights to C:/tools/Drone_Racing_Files_v1/zz_model_outputs/bc_improve_on_cmvae_con_50k_deeperResNet
2020-10-28 06:49:13 Epoch 181 | Train L_gate: 0.013934413902461529 | Test L_gate: 0.013331293128430843
2020-10-28 06:49:15 Epoch 182 | Train L_gate: 0.013931269757449627 | Test L_gate: 0.013331923633813858
2020-10-28 06:49:18 Epoch 183 | Train L_gate: 0.01392593327909708 | Test L_gate: 0.013326904736459255
2020-10-28 06:49:20 Epoch 184 | Train L_gate: 0.013913480564951897 | Test L_gate: 0.013324451632797718
2020-10-28 06:49:22 Epoch 185 | Train L_gate: 0.013901924714446068 | Test L_gate: 0.013320261612534523
2020-10-28 06:49:24 Epoch 186 | Train L_gate: 0.013890235684812069 | Test L_gate: 0.013317673467099667
2020-10-28 06:49:26 Epoch 187 | Train L_gate: 0.013876061886548996 | Test L_gate: 0.013315955176949501
2020-10-28 06:49:28 Epoch 188 | Train L_gate: 0.013865665532648563 | Test L_gate: 0.013318480923771858
2020-10-28 06:49:30 Epoch 189 | Train L_gate: 0.013854878023266792 | Test L_gate: 0.013316422700881958
2020-10-28 06:49:32 Epoch 190 | Train L_gate: 0.013842001557350159 | Test L_gate: 0.013313259929418564
Saving weights to C:/tools/Drone_Racing_Files_v1/zz_model_outputs/bc_improve_on_cmvae_con_50k_deeperResNet
2020-10-28 06:49:34 Epoch 191 | Train L_gate: 0.013832392171025276 | Test L_gate: 0.013308822177350521
2020-10-28 06:49:36 Epoch 192 | Train L_gate: 0.01381705142557621 | Test L_gate: 0.013307135552167892
2020-10-28 06:49:38 Epoch 193 | Train L_gate: 0.013802357949316502 | Test L_gate: 0.013299981132149696
2020-10-28 06:49:39 Epoch 194 | Train L_gate: 0.013790863566100597 | Test L_gate: 0.013299109414219856
2020-10-28 06:49:41 Epoch 195 | Train L_gate: 0.013778755441308022 | Test L_gate: 0.013300782069563866
2020-10-28 06:49:43 Epoch 196 | Train L_gate: 0.01376643218100071 | Test L_gate: 0.013295810669660568
2020-10-28 06:49:45 Epoch 197 | Train L_gate: 0.01375351008027792 | Test L_gate: 0.01329123042523861
2020-10-28 06:49:47 Epoch 198 | Train L_gate: 0.013738980516791344 | Test L_gate: 0.013288047164678574
2020-10-28 06:49:49 Epoch 199 | Train L_gate: 0.013731138780713081 | Test L_gate: 0.013283972628414631
2020-10-28 06:49:53 Epoch 200 | Train L_gate: 0.013718584552407265 | Test L_gate: 0.013278184458613396
Saving weights to C:/tools/Drone_Racing_Files_v1/zz_model_outputs/bc_improve_on_cmvae_con_50k_deeperResNet
2020-10-28 06:49:54 Epoch 201 | Train L_gate: 0.013711105100810528 | Test L_gate: 0.013270724564790726
2020-10-28 06:49:56 Epoch 202 | Train L_gate: 0.013699201866984367 | Test L_gate: 0.013268685899674892
2020-10-28 06:49:58 Epoch 203 | Train L_gate: 0.013687437400221825 | Test L_gate: 0.013267009519040585
2020-10-28 06:50:00 Epoch 204 | Train L_gate: 0.013674904592335224 | Test L_gate: 0.013267748057842255
2020-10-28 06:50:01 Epoch 205 | Train L_gate: 0.01366328727453947 | Test L_gate: 0.013266297057271004
2020-10-28 06:50:04 Epoch 206 | Train L_gate: 0.013651636429131031 | Test L_gate: 0.013267737813293934
2020-10-28 06:50:06 Epoch 207 | Train L_gate: 0.013641114346683025 | Test L_gate: 0.013270175084471703
2020-10-28 06:50:08 Epoch 208 | Train L_gate: 0.013632346875965595 | Test L_gate: 0.013267376460134983
2020-10-28 06:50:09 Epoch 209 | Train L_gate: 0.013622607104480267 | Test L_gate: 0.013266488909721375
2020-10-28 06:50:11 Epoch 210 | Train L_gate: 0.01361745223402977 | Test L_gate: 0.013265768997371197
Saving weights to C:/tools/Drone_Racing_Files_v1/zz_model_outputs/bc_improve_on_cmvae_con_50k_deeperResNet
2020-10-28 06:50:13 Epoch 211 | Train L_gate: 0.013607942499220371 | Test L_gate: 0.013266777619719505
2020-10-28 06:50:14 Epoch 212 | Train L_gate: 0.013596841134130955 | Test L_gate: 0.013264596462249756
2020-10-28 06:50:16 Epoch 213 | Train L_gate: 0.013584578409790993 | Test L_gate: 0.013261492364108562
2020-10-28 06:50:17 Epoch 214 | Train L_gate: 0.013573763892054558 | Test L_gate: 0.01325964368879795
2020-10-28 06:50:19 Epoch 215 | Train L_gate: 0.013561374507844448 | Test L_gate: 0.01325935497879982
2020-10-28 06:50:21 Epoch 216 | Train L_gate: 0.01354862842708826 | Test L_gate: 0.013258795253932476
2020-10-28 06:50:22 Epoch 217 | Train L_gate: 0.01353493332862854 | Test L_gate: 0.013258414342999458
2020-10-28 06:50:24 Epoch 218 | Train L_gate: 0.013521423563361168 | Test L_gate: 0.013261138461530209
2020-10-28 06:50:25 Epoch 219 | Train L_gate: 0.013509786687791348 | Test L_gate: 0.01325976848602295
2020-10-28 06:50:27 Epoch 220 | Train L_gate: 0.01349719986319542 | Test L_gate: 0.01325977686792612
Saving weights to C:/tools/Drone_Racing_Files_v1/zz_model_outputs/bc_improve_on_cmvae_con_50k_deeperResNet
2020-10-28 06:50:28 Epoch 221 | Train L_gate: 0.013489548116922379 | Test L_gate: 0.013259653002023697
2020-10-28 06:50:30 Epoch 222 | Train L_gate: 0.013491169549524784 | Test L_gate: 0.01325747650116682
2020-10-28 06:50:32 Epoch 223 | Train L_gate: 0.013501540757715702 | Test L_gate: 0.013255035504698753
2020-10-28 06:50:33 Epoch 224 | Train L_gate: 0.013499966822564602 | Test L_gate: 0.01325380802154541
2020-10-28 06:50:35 Epoch 225 | Train L_gate: 0.01349649764597416 | Test L_gate: 0.013251985423266888
2020-10-28 06:50:37 Epoch 226 | Train L_gate: 0.013492340222001076 | Test L_gate: 0.013247395865619183
2020-10-28 06:50:38 Epoch 227 | Train L_gate: 0.013486525043845177 | Test L_gate: 0.013244676403701305
2020-10-28 06:50:40 Epoch 228 | Train L_gate: 0.013481181114912033 | Test L_gate: 0.01324188057333231
2020-10-28 06:50:42 Epoch 229 | Train L_gate: 0.013476465828716755 | Test L_gate: 0.01323794387280941
2020-10-28 06:50:43 Epoch 230 | Train L_gate: 0.013472582213580608 | Test L_gate: 0.013239390216767788
Saving weights to C:/tools/Drone_Racing_Files_v1/zz_model_outputs/bc_improve_on_cmvae_con_50k_deeperResNet
2020-10-28 06:50:45 Epoch 231 | Train L_gate: 0.013468945398926735 | Test L_gate: 0.013239284977316856
2020-10-28 06:50:47 Epoch 232 | Train L_gate: 0.013464796356856823 | Test L_gate: 0.013237644918262959
2020-10-28 06:50:48 Epoch 233 | Train L_gate: 0.013459054753184319 | Test L_gate: 0.01323535293340683
2020-10-28 06:50:50 Epoch 234 | Train L_gate: 0.013453190214931965 | Test L_gate: 0.013232332654297352
2020-10-28 06:50:51 Epoch 235 | Train L_gate: 0.013446440920233727 | Test L_gate: 0.013231185264885426
2020-10-28 06:50:53 Epoch 236 | Train L_gate: 0.013439273461699486 | Test L_gate: 0.01323002576828003
2020-10-28 06:50:55 Epoch 237 | Train L_gate: 0.013432311825454235 | Test L_gate: 0.01322864182293415
2020-10-28 06:50:56 Epoch 238 | Train L_gate: 0.013427317142486572 | Test L_gate: 0.013227783143520355
2020-10-28 06:50:58 Epoch 239 | Train L_gate: 0.013420037925243378 | Test L_gate: 0.013224669732153416
2020-10-28 06:50:59 Epoch 240 | Train L_gate: 0.013415170833468437 | Test L_gate: 0.013222292065620422
Saving weights to C:/tools/Drone_Racing_Files_v1/zz_model_outputs/bc_improve_on_cmvae_con_50k_deeperResNet
2020-10-28 06:51:01 Epoch 241 | Train L_gate: 0.013408348895609379 | Test L_gate: 0.013219084590673447
2020-10-28 06:51:03 Epoch 242 | Train L_gate: 0.013403483666479588 | Test L_gate: 0.013217547908425331
2020-10-28 06:51:04 Epoch 243 | Train L_gate: 0.013397502712905407 | Test L_gate: 0.01321307010948658
2020-10-28 06:51:06 Epoch 244 | Train L_gate: 0.013392671011388302 | Test L_gate: 0.013208527117967606
2020-10-28 06:51:07 Epoch 245 | Train L_gate: 0.013395764864981174 | Test L_gate: 0.013208962976932526
2020-10-28 06:51:09 Epoch 246 | Train L_gate: 0.013393161818385124 | Test L_gate: 0.013207183219492435
2020-10-28 06:51:11 Epoch 247 | Train L_gate: 0.01338847354054451 | Test L_gate: 0.01320461556315422
2020-10-28 06:51:15 Epoch 248 | Train L_gate: 0.01338234730064869 | Test L_gate: 0.013202568516135216
2020-10-28 06:51:16 Epoch 249 | Train L_gate: 0.013379521667957306 | Test L_gate: 0.013200134038925171
2020-10-28 06:51:18 Epoch 250 | Train L_gate: 0.013372077606618404 | Test L_gate: 0.013200814835727215
Saving weights to C:/tools/Drone_Racing_Files_v1/zz_model_outputs/bc_improve_on_cmvae_con_50k_deeperResNet
2020-10-28 06:51:19 Epoch 251 | Train L_gate: 0.013364584185183048 | Test L_gate: 0.013201171532273293
2020-10-28 06:51:21 Epoch 252 | Train L_gate: 0.013357667252421379 | Test L_gate: 0.013198264874517918
2020-10-28 06:51:23 Epoch 253 | Train L_gate: 0.01335320994257927 | Test L_gate: 0.013197735883295536
2020-10-28 06:51:24 Epoch 254 | Train L_gate: 0.013345574028789997 | Test L_gate: 0.013195918872952461
2020-10-28 06:51:26 Epoch 255 | Train L_gate: 0.01333665195852518 | Test L_gate: 0.013196143321692944
2020-10-28 06:51:28 Epoch 256 | Train L_gate: 0.013335826806724072 | Test L_gate: 0.013199434615671635
2020-10-28 06:51:29 Epoch 257 | Train L_gate: 0.013332512229681015 | Test L_gate: 0.013194623403251171
2020-10-28 06:51:31 Epoch 258 | Train L_gate: 0.013326495885848999 | Test L_gate: 0.013195613399147987
2020-10-28 06:51:32 Epoch 259 | Train L_gate: 0.013318317010998726 | Test L_gate: 0.013193538412451744
2020-10-28 06:51:34 Epoch 260 | Train L_gate: 0.013309953734278679 | Test L_gate: 0.0131929200142622
Saving weights to C:/tools/Drone_Racing_Files_v1/zz_model_outputs/bc_improve_on_cmvae_con_50k_deeperResNet
2020-10-28 06:51:36 Epoch 261 | Train L_gate: 0.013301411643624306 | Test L_gate: 0.013192909769713879
2020-10-28 06:51:37 Epoch 262 | Train L_gate: 0.013297623954713345 | Test L_gate: 0.01319374330341816
2020-10-28 06:51:39 Epoch 263 | Train L_gate: 0.01328878290951252 | Test L_gate: 0.013194088824093342
2020-10-28 06:51:41 Epoch 264 | Train L_gate: 0.013279587961733341 | Test L_gate: 0.013196256011724472
2020-10-28 06:51:42 Epoch 265 | Train L_gate: 0.01327025331556797 | Test L_gate: 0.013196013867855072
2020-10-28 06:51:44 Epoch 266 | Train L_gate: 0.013262116350233555 | Test L_gate: 0.013196426443755627
2020-10-28 06:51:46 Epoch 267 | Train L_gate: 0.013251549564301968 | Test L_gate: 0.013194607570767403
2020-10-28 06:51:47 Epoch 268 | Train L_gate: 0.01324265357106924 | Test L_gate: 0.013192296959459782
2020-10-28 06:51:49 Epoch 269 | Train L_gate: 0.013233435340225697 | Test L_gate: 0.013193524442613125
2020-10-28 06:51:51 Epoch 270 | Train L_gate: 0.013222902081906796 | Test L_gate: 0.013194252736866474
Saving weights to C:/tools/Drone_Racing_Files_v1/zz_model_outputs/bc_improve_on_cmvae_con_50k_deeperResNet
2020-10-28 06:51:52 Epoch 271 | Train L_gate: 0.013212201185524464 | Test L_gate: 0.013195115141570568
2020-10-28 06:51:54 Epoch 272 | Train L_gate: 0.013203741982579231 | Test L_gate: 0.013195977546274662
2020-10-28 06:51:55 Epoch 273 | Train L_gate: 0.013196364045143127 | Test L_gate: 0.013195499777793884
2020-10-28 06:51:57 Epoch 274 | Train L_gate: 0.013186491094529629 | Test L_gate: 0.013196335174143314
2020-10-28 06:51:59 Epoch 275 | Train L_gate: 0.013180752284824848 | Test L_gate: 0.013197340071201324
2020-10-28 06:52:00 Epoch 276 | Train L_gate: 0.013172788545489311 | Test L_gate: 0.013196603395044804
2020-10-28 06:52:02 Epoch 277 | Train L_gate: 0.013166525401175022 | Test L_gate: 0.01319615077227354
2020-10-28 06:52:03 Epoch 278 | Train L_gate: 0.013157366774976254 | Test L_gate: 0.013196323066949844
2020-10-28 06:52:05 Epoch 279 | Train L_gate: 0.013145890086889267 | Test L_gate: 0.013195229694247246
2020-10-28 06:52:07 Epoch 280 | Train L_gate: 0.013134225271642208 | Test L_gate: 0.013195768930017948
Saving weights to C:/tools/Drone_Racing_Files_v1/zz_model_outputs/bc_improve_on_cmvae_con_50k_deeperResNet
2020-10-28 06:52:08 Epoch 281 | Train L_gate: 0.013122725300490856 | Test L_gate: 0.013196169398725033
2020-10-28 06:52:10 Epoch 282 | Train L_gate: 0.013115943409502506 | Test L_gate: 0.013197368942201138
2020-10-28 06:52:11 Epoch 283 | Train L_gate: 0.013110151514410973 | Test L_gate: 0.013200828805565834
2020-10-28 06:52:13 Epoch 284 | Train L_gate: 0.013105696998536587 | Test L_gate: 0.013204766437411308
2020-10-28 06:52:15 Epoch 285 | Train L_gate: 0.01310085691511631 | Test L_gate: 0.013205341063439846
2020-10-28 06:52:16 Epoch 286 | Train L_gate: 0.013093370944261551 | Test L_gate: 0.013204904273152351
2020-10-28 06:52:18 Epoch 287 | Train L_gate: 0.01308616902679205 | Test L_gate: 0.013204110786318779
2020-10-28 06:52:20 Epoch 288 | Train L_gate: 0.013078661635518074 | Test L_gate: 0.013202590867877007
2020-10-28 06:52:21 Epoch 289 | Train L_gate: 0.01307679433375597 | Test L_gate: 0.0132010318338871
2020-10-28 06:52:23 Epoch 290 | Train L_gate: 0.01306958682835102 | Test L_gate: 0.01320047490298748
Saving weights to C:/tools/Drone_Racing_Files_v1/zz_model_outputs/bc_improve_on_cmvae_con_50k_deeperResNet
2020-10-28 06:52:26 Epoch 291 | Train L_gate: 0.013060796074569225 | Test L_gate: 0.013199017383158207
2020-10-28 06:52:28 Epoch 292 | Train L_gate: 0.013050929643213749 | Test L_gate: 0.013199043460190296
2020-10-28 06:52:30 Epoch 293 | Train L_gate: 0.013041527941823006 | Test L_gate: 0.013199804350733757
2020-10-28 06:52:32 Epoch 294 | Train L_gate: 0.013030370697379112 | Test L_gate: 0.013199897482991219
2020-10-28 06:52:33 Epoch 295 | Train L_gate: 0.013026200234889984 | Test L_gate: 0.01320102158933878
2020-10-28 06:52:35 Epoch 296 | Train L_gate: 0.013017760589718819 | Test L_gate: 0.013201597146689892
2020-10-28 06:52:37 Epoch 297 | Train L_gate: 0.013009469956159592 | Test L_gate: 0.013204003684222698
2020-10-28 06:52:39 Epoch 298 | Train L_gate: 0.013000693172216415 | Test L_gate: 0.01320370938628912
2020-10-28 06:52:41 Epoch 299 | Train L_gate: 0.012991652823984623 | Test L_gate: 0.013203215785324574
2020-10-28 06:52:42 Epoch 300 | Train L_gate: 0.012982543557882309 | Test L_gate: 0.013201987370848656
Saving weights to C:/tools/Drone_Racing_Files_v1/zz_model_outputs/bc_improve_on_cmvae_con_50k_deeperResNet
2020-10-28 06:52:44 Epoch 301 | Train L_gate: 0.012971905991435051 | Test L_gate: 0.01320075523108244
2020-10-28 06:52:46 Epoch 302 | Train L_gate: 0.012961264699697495 | Test L_gate: 0.01320050098001957
2020-10-28 06:52:48 Epoch 303 | Train L_gate: 0.012950468808412552 | Test L_gate: 0.013198676519095898
2020-10-28 06:52:49 Epoch 304 | Train L_gate: 0.012946701608598232 | Test L_gate: 0.013203969225287437
2020-10-28 06:52:51 Epoch 305 | Train L_gate: 0.01294318214058876 | Test L_gate: 0.01320404652506113
2020-10-28 06:52:53 Epoch 306 | Train L_gate: 0.012937285006046295 | Test L_gate: 0.013205043971538544
2020-10-28 06:52:54 Epoch 307 | Train L_gate: 0.012935671955347061 | Test L_gate: 0.013209262862801552
2020-10-28 06:52:56 Epoch 308 | Train L_gate: 0.012933842837810516 | Test L_gate: 0.013210427016019821
2020-10-28 06:53:01 Epoch 309 | Train L_gate: 0.01293318159878254 | Test L_gate: 0.01320870965719223
2020-10-28 06:53:03 Epoch 310 | Train L_gate: 0.012935972772538662 | Test L_gate: 0.013207495212554932
Saving weights to C:/tools/Drone_Racing_Files_v1/zz_model_outputs/bc_improve_on_cmvae_con_50k_deeperResNet
2020-10-28 06:53:05 Epoch 311 | Train L_gate: 0.012931985780596733 | Test L_gate: 0.013208089396357536
2020-10-28 06:53:06 Epoch 312 | Train L_gate: 0.012925287708640099 | Test L_gate: 0.013209115713834763
2020-10-28 06:53:08 Epoch 313 | Train L_gate: 0.01292006578296423 | Test L_gate: 0.01321006566286087
2020-10-28 06:53:10 Epoch 314 | Train L_gate: 0.012912568636238575 | Test L_gate: 0.0132116274908185
2020-10-28 06:53:12 Epoch 315 | Train L_gate: 0.012904456816613674 | Test L_gate: 0.013214665465056896
2020-10-28 06:53:13 Epoch 316 | Train L_gate: 0.012896176427602768 | Test L_gate: 0.013215814717113972
2020-10-28 06:53:15 Epoch 317 | Train L_gate: 0.012887206859886646 | Test L_gate: 0.013216620311141014
2020-10-28 06:53:17 Epoch 318 | Train L_gate: 0.012877301312983036 | Test L_gate: 0.013218715786933899
2020-10-28 06:53:19 Epoch 319 | Train L_gate: 0.0128665491938591 | Test L_gate: 0.013218025676906109
2020-10-28 06:53:21 Epoch 320 | Train L_gate: 0.01285691000521183 | Test L_gate: 0.013215409591794014
Saving weights to C:/tools/Drone_Racing_Files_v1/zz_model_outputs/bc_improve_on_cmvae_con_50k_deeperResNet
2020-10-28 06:53:23 Epoch 321 | Train L_gate: 0.01284682098776102 | Test L_gate: 0.01321649644523859
2020-10-28 06:53:25 Epoch 322 | Train L_gate: 0.012836280278861523 | Test L_gate: 0.013214703649282455
2020-10-28 06:53:26 Epoch 323 | Train L_gate: 0.012827993370592594 | Test L_gate: 0.01321250107139349
2020-10-28 06:53:28 Epoch 324 | Train L_gate: 0.012818682007491589 | Test L_gate: 0.013213180005550385
2020-10-28 06:53:30 Epoch 325 | Train L_gate: 0.012808462604880333 | Test L_gate: 0.01321323774755001
2020-10-28 06:53:32 Epoch 326 | Train L_gate: 0.012798063457012177 | Test L_gate: 0.013212260790169239
2020-10-28 06:53:34 Epoch 327 | Train L_gate: 0.012788376770913601 | Test L_gate: 0.01321348175406456
2020-10-28 06:53:36 Epoch 328 | Train L_gate: 0.012778997421264648 | Test L_gate: 0.013213886879384518
2020-10-28 06:53:38 Epoch 329 | Train L_gate: 0.012770330533385277 | Test L_gate: 0.013210346922278404
2020-10-28 06:53:40 Epoch 330 | Train L_gate: 0.012771736830472946 | Test L_gate: 0.013219110667705536
Saving weights to C:/tools/Drone_Racing_Files_v1/zz_model_outputs/bc_improve_on_cmvae_con_50k_deeperResNet
2020-10-28 06:53:42 Epoch 331 | Train L_gate: 0.01276945136487484 | Test L_gate: 0.013215805403888226
2020-10-28 06:53:44 Epoch 332 | Train L_gate: 0.012762868776917458 | Test L_gate: 0.013217641972005367
2020-10-28 06:53:46 Epoch 333 | Train L_gate: 0.012756247073411942 | Test L_gate: 0.013217377476394176
2020-10-28 06:53:48 Epoch 334 | Train L_gate: 0.012747550383210182 | Test L_gate: 0.013214165344834328
2020-10-28 06:53:49 Epoch 335 | Train L_gate: 0.012740877456963062 | Test L_gate: 0.01321377232670784
2020-10-28 06:53:51 Epoch 336 | Train L_gate: 0.012732842937111855 | Test L_gate: 0.013212374411523342
2020-10-28 06:53:53 Epoch 337 | Train L_gate: 0.012724095955491066 | Test L_gate: 0.013211672194302082
2020-10-28 06:53:55 Epoch 338 | Train L_gate: 0.012715824879705906 | Test L_gate: 0.013209732249379158
2020-10-28 06:53:57 Epoch 339 | Train L_gate: 0.012706966139376163 | Test L_gate: 0.013207238167524338
2020-10-28 06:53:59 Epoch 340 | Train L_gate: 0.01269781868904829 | Test L_gate: 0.013206788338720798
Saving weights to C:/tools/Drone_Racing_Files_v1/zz_model_outputs/bc_improve_on_cmvae_con_50k_deeperResNet
2020-10-28 06:54:00 Epoch 341 | Train L_gate: 0.012688606046140194 | Test L_gate: 0.013205167837440968
2020-10-28 06:54:02 Epoch 342 | Train L_gate: 0.012679796665906906 | Test L_gate: 0.013205882161855698
2020-10-28 06:54:04 Epoch 343 | Train L_gate: 0.012681601569056511 | Test L_gate: 0.013218021020293236
2020-10-28 06:54:06 Epoch 344 | Train L_gate: 0.012678327038884163 | Test L_gate: 0.0132195008918643
2020-10-28 06:54:08 Epoch 345 | Train L_gate: 0.01267089881002903 | Test L_gate: 0.01322055421769619
2020-10-28 06:54:09 Epoch 346 | Train L_gate: 0.012665112502872944 | Test L_gate: 0.013224106281995773
2020-10-28 06:54:11 Epoch 347 | Train L_gate: 0.012659714557230473 | Test L_gate: 0.013224605470895767
2020-10-28 06:54:13 Epoch 348 | Train L_gate: 0.012657332234084606 | Test L_gate: 0.013223745860159397
2020-10-28 06:54:15 Epoch 349 | Train L_gate: 0.01265026070177555 | Test L_gate: 0.013223296962678432
2020-10-28 06:54:16 Epoch 350 | Train L_gate: 0.01264210231602192 | Test L_gate: 0.01322129275649786
Saving weights to C:/tools/Drone_Racing_Files_v1/zz_model_outputs/bc_improve_on_cmvae_con_50k_deeperResNet
2020-10-28 06:54:18 Epoch 351 | Train L_gate: 0.012635931372642517 | Test L_gate: 0.013221328146755695
2020-10-28 06:54:20 Epoch 352 | Train L_gate: 0.012628784403204918 | Test L_gate: 0.013219797052443027
2020-10-28 06:54:22 Epoch 353 | Train L_gate: 0.012622579000890255 | Test L_gate: 0.013216431252658367
2020-10-28 06:54:23 Epoch 354 | Train L_gate: 0.012614725157618523 | Test L_gate: 0.013213788159191608
2020-10-28 06:54:25 Epoch 355 | Train L_gate: 0.012607477605342865 | Test L_gate: 0.013212105259299278
2020-10-28 06:54:27 Epoch 356 | Train L_gate: 0.012599611654877663 | Test L_gate: 0.013212712481617928
2020-10-28 06:54:29 Epoch 357 | Train L_gate: 0.012590593658387661 | Test L_gate: 0.01321287639439106
2020-10-28 06:54:31 Epoch 358 | Train L_gate: 0.012582147493958473 | Test L_gate: 0.01321179699152708
2020-10-28 06:54:32 Epoch 359 | Train L_gate: 0.012572911567986012 | Test L_gate: 0.013212135061621666
2020-10-28 06:54:34 Epoch 360 | Train L_gate: 0.012563897296786308 | Test L_gate: 0.013212147168815136
Saving weights to C:/tools/Drone_Racing_Files_v1/zz_model_outputs/bc_improve_on_cmvae_con_50k_deeperResNet
2020-10-28 06:54:36 Epoch 361 | Train L_gate: 0.012555239722132683 | Test L_gate: 0.01321069709956646
2020-10-28 06:54:38 Epoch 362 | Train L_gate: 0.012549314647912979 | Test L_gate: 0.013210094533860683
2020-10-28 06:54:40 Epoch 363 | Train L_gate: 0.012540817260742188 | Test L_gate: 0.013208475895226002
2020-10-28 06:54:42 Epoch 364 | Train L_gate: 0.01253228448331356 | Test L_gate: 0.013207781128585339
2020-10-28 06:54:44 Epoch 365 | Train L_gate: 0.012522858567535877 | Test L_gate: 0.01320781372487545
2020-10-28 06:54:46 Epoch 366 | Train L_gate: 0.012513487599790096 | Test L_gate: 0.013208809308707714
2020-10-28 06:54:48 Epoch 367 | Train L_gate: 0.01250451523810625 | Test L_gate: 0.013209160417318344
2020-10-28 06:54:50 Epoch 368 | Train L_gate: 0.01249520480632782 | Test L_gate: 0.013210175558924675
2020-10-28 06:54:52 Epoch 369 | Train L_gate: 0.012493004091084003 | Test L_gate: 0.013226733542978764
2020-10-28 06:54:54 Epoch 370 | Train L_gate: 0.012493939138948917 | Test L_gate: 0.013227702118456364
Saving weights to C:/tools/Drone_Racing_Files_v1/zz_model_outputs/bc_improve_on_cmvae_con_50k_deeperResNet
2020-10-28 06:54:56 Epoch 371 | Train L_gate: 0.012490794993937016 | Test L_gate: 0.013230488635599613
2020-10-28 06:54:58 Epoch 372 | Train L_gate: 0.012487583793699741 | Test L_gate: 0.013231252320110798
2020-10-28 06:55:00 Epoch 373 | Train L_gate: 0.012484194710850716 | Test L_gate: 0.013231007382273674
2020-10-28 06:55:02 Epoch 374 | Train L_gate: 0.012479088269174099 | Test L_gate: 0.013231843709945679
2020-10-28 06:55:04 Epoch 375 | Train L_gate: 0.012473585084080696 | Test L_gate: 0.013230494223535061
2020-10-28 06:55:05 Epoch 376 | Train L_gate: 0.012466655112802982 | Test L_gate: 0.01322876289486885
2020-10-28 06:55:07 Epoch 377 | Train L_gate: 0.012459587305784225 | Test L_gate: 0.013228688389062881
2020-10-28 06:55:09 Epoch 378 | Train L_gate: 0.01245271135121584 | Test L_gate: 0.013229696080088615
2020-10-28 06:55:11 Epoch 379 | Train L_gate: 0.012445640750229359 | Test L_gate: 0.013230177573859692
2020-10-28 06:55:13 Epoch 380 | Train L_gate: 0.012438084930181503 | Test L_gate: 0.013231638818979263
Saving weights to C:/tools/Drone_Racing_Files_v1/zz_model_outputs/bc_improve_on_cmvae_con_50k_deeperResNet
2020-10-28 06:55:15 Epoch 381 | Train L_gate: 0.012430804781615734 | Test L_gate: 0.013230644166469574
2020-10-28 06:55:16 Epoch 382 | Train L_gate: 0.012423647567629814 | Test L_gate: 0.013230706565082073
2020-10-28 06:55:23 Epoch 383 | Train L_gate: 0.012416592799127102 | Test L_gate: 0.013231996446847916
2020-10-28 06:55:25 Epoch 384 | Train L_gate: 0.01240918692201376 | Test L_gate: 0.01323246955871582
2020-10-28 06:55:26 Epoch 385 | Train L_gate: 0.012402565218508244 | Test L_gate: 0.013232395052909851
2020-10-28 06:55:28 Epoch 386 | Train L_gate: 0.012395115569233894 | Test L_gate: 0.013231814838945866
2020-10-28 06:55:30 Epoch 387 | Train L_gate: 0.012387626804411411 | Test L_gate: 0.013231205753982067
2020-10-28 06:55:31 Epoch 388 | Train L_gate: 0.012380043976008892 | Test L_gate: 0.013231318444013596
2020-10-28 06:55:33 Epoch 389 | Train L_gate: 0.012372070923447609 | Test L_gate: 0.013229213654994965
2020-10-28 06:55:35 Epoch 390 | Train L_gate: 0.012363852001726627 | Test L_gate: 0.01322837546467781
Saving weights to C:/tools/Drone_Racing_Files_v1/zz_model_outputs/bc_improve_on_cmvae_con_50k_deeperResNet
2020-10-28 06:55:37 Epoch 391 | Train L_gate: 0.012355196289718151 | Test L_gate: 0.013227720744907856
2020-10-28 06:55:38 Epoch 392 | Train L_gate: 0.012347130104899406 | Test L_gate: 0.013229827396571636
2020-10-28 06:55:40 Epoch 393 | Train L_gate: 0.012338895350694656 | Test L_gate: 0.013229613192379475
2020-10-28 06:55:42 Epoch 394 | Train L_gate: 0.012330343015491962 | Test L_gate: 0.01323116198182106
2020-10-28 06:55:44 Epoch 395 | Train L_gate: 0.012322110123932362 | Test L_gate: 0.013233213685452938
2020-10-28 06:55:46 Epoch 396 | Train L_gate: 0.012314213439822197 | Test L_gate: 0.013233655132353306
2020-10-28 06:55:48 Epoch 397 | Train L_gate: 0.012307382188737392 | Test L_gate: 0.013235153630375862
2020-10-28 06:55:50 Epoch 398 | Train L_gate: 0.012299684807658195 | Test L_gate: 0.013236372731626034
2020-10-28 06:55:51 Epoch 399 | Train L_gate: 0.012293078936636448 | Test L_gate: 0.0132366344332695
Saving weights to C:/tools/Drone_Racing_Files_v1/zz_model_outputs/bc_improve_on_cmvae_con_50k_deeperResNet
bla

Process finished with exit code 0
