C:\Users\gary\.conda\envs\AirSim-Drone-VAE-PY3\python.exe C:/code_repo/AirSim-Drone-Racing-VAE-Imitation/imitation_learning/train_bc.py
Starting dataset
Done. Going to read images.
image idx = 0 out of 4148 images
image idx = 1000 out of 4148 images
image idx = 2000 out of 4148 images
image idx = 3000 out of 4148 images
image idx = 4000 out of 4148 images
Num samples: 4148
Average vx: 1.5326639413833618
Average vy: 0.3606027662754059
Average vz: -0.005232726223766804
Average vyaw: 0.1923598200082779
Done. Going to read images.
image idx = 0 out of 4489 images
image idx = 1000 out of 4489 images
image idx = 2000 out of 4489 images
image idx = 3000 out of 4489 images
image idx = 4000 out of 4489 images
Num samples: 4489
Average vx: 1.5535471439361572
Average vy: 0.35645145177841187
Average vz: -0.007793074008077383
Average vyaw: 0.18977417051792145
Done. Going to read images.
image idx = 0 out of 4747 images
image idx = 1000 out of 4747 images
image idx = 2000 out of 4747 images
image idx = 3000 out of 4747 images
image idx = 4000 out of 4747 images
Num samples: 4747
Average vx: 1.5798687934875488
Average vy: 0.38534224033355713
Average vz: -0.002544626360759139
Average vyaw: 0.19529101252555847
Done. Going to read images.
image idx = 0 out of 4471 images
image idx = 1000 out of 4471 images
image idx = 2000 out of 4471 images
image idx = 3000 out of 4471 images
image idx = 4000 out of 4471 images
Num samples: 4471
Average vx: 2.200140953063965
Average vy: 0.5045695900917053
Average vz: -0.016868380829691887
Average vyaw: 0.19239918887615204
2020-10-31 21:32:50.862877: W tensorflow/core/common_runtime/gpu/gpu_bfc_allocator.cc:39] Overriding allow_growth setting because the TF_FORCE_GPU_ALLOW_GROWTH environment variable is set. Original config value was 0.
Done with dataset
[Dronet] Starting dronet with MobileNetV2
[Dronet] Done with dronet with MobileNetV2
[ImgDecoder] Starting create_model
[ImgDecoder] Done with create_model
[NonLinearTransformer] Starting create_model
[NonLinearTransformer] Done with create_model
[NonLinearTransformer] Starting create_model
[NonLinearTransformer] Done with create_model
[NonLinearTransformer] Starting create_model
[NonLinearTransformer] Done with create_model
[NonLinearTransformer] Starting create_model
[NonLinearTransformer] Done with create_model
[BcLatent-Improve] Starting create_model
[BcLatent-Improve] Done with create_model
Start training ...
Model: "bc_latent"
_________________________________________________________________
Layer (type)                 Output Shape              Param #
=================================================================
bc_dense (Sequential)        multiple                  20372
=================================================================
Total params: 20,372
Trainable params: 20,372
Non-trainable params: 0
_________________________________________________________________
2020-10-31 21:33:01 Epoch 0 | Train L_gate: 0.03655672445893288 | Test L_gate: 0.028111279010772705
2020-10-31 21:33:04 Epoch 1 | Train L_gate: 0.030683688819408417 | Test L_gate: 0.026837727054953575
2020-10-31 21:33:07 Epoch 2 | Train L_gate: 0.030451886355876923 | Test L_gate: 0.026657648384571075
2020-10-31 21:33:10 Epoch 3 | Train L_gate: 0.030331561341881752 | Test L_gate: 0.026595674455165863
2020-10-31 21:33:13 Epoch 4 | Train L_gate: 0.030255118384957314 | Test L_gate: 0.02660466730594635
2020-10-31 21:33:16 Epoch 5 | Train L_gate: 0.030209867283701897 | Test L_gate: 0.026547111570835114
2020-10-31 21:33:19 Epoch 6 | Train L_gate: 0.030176205560564995 | Test L_gate: 0.02652716636657715
2020-10-31 21:33:22 Epoch 7 | Train L_gate: 0.030152587220072746 | Test L_gate: 0.026524577289819717
2020-10-31 21:33:26 Epoch 8 | Train L_gate: 0.030130283907055855 | Test L_gate: 0.02651507966220379
2020-10-31 21:33:29 Epoch 9 | Train L_gate: 0.030115628615021706 | Test L_gate: 0.026507234200835228
2020-10-31 21:33:32 Epoch 10 | Train L_gate: 0.030102545395493507 | Test L_gate: 0.026504861190915108
Saving weights to C:/tools/Drone_Racing_Files_v1/zz_model_outputs/bc_improve_on_cmvae_con_50k_mobileNet_dropout
2020-10-31 21:33:35 Epoch 11 | Train L_gate: 0.03009212017059326 | Test L_gate: 0.026500115171074867
2020-10-31 21:33:38 Epoch 12 | Train L_gate: 0.030083781108260155 | Test L_gate: 0.026496611535549164
2020-10-31 21:33:41 Epoch 13 | Train L_gate: 0.030076459050178528 | Test L_gate: 0.02649390697479248
2020-10-31 21:33:45 Epoch 14 | Train L_gate: 0.030070165172219276 | Test L_gate: 0.02649148926138878
2020-10-31 21:33:48 Epoch 15 | Train L_gate: 0.030064793303608894 | Test L_gate: 0.026489578187465668
2020-10-31 21:33:50 Epoch 16 | Train L_gate: 0.03006020002067089 | Test L_gate: 0.02648795396089554
2020-10-31 21:33:53 Epoch 17 | Train L_gate: 0.030056213960051537 | Test L_gate: 0.026486562564969063
2020-10-31 21:33:57 Epoch 18 | Train L_gate: 0.030052658170461655 | Test L_gate: 0.026485171169042587
2020-10-31 21:34:00 Epoch 19 | Train L_gate: 0.03004954755306244 | Test L_gate: 0.026483973488211632
2020-10-31 21:34:03 Epoch 20 | Train L_gate: 0.030046742409467697 | Test L_gate: 0.026482893154025078
Saving weights to C:/tools/Drone_Racing_Files_v1/zz_model_outputs/bc_improve_on_cmvae_con_50k_mobileNet_dropout
2020-10-31 21:34:07 Epoch 21 | Train L_gate: 0.03004421666264534 | Test L_gate: 0.02648196928203106
2020-10-31 21:34:10 Epoch 22 | Train L_gate: 0.030041992664337158 | Test L_gate: 0.026481173932552338
2020-10-31 21:34:13 Epoch 23 | Train L_gate: 0.03003999963402748 | Test L_gate: 0.026480302214622498
2020-10-31 21:34:16 Epoch 24 | Train L_gate: 0.03003818914294243 | Test L_gate: 0.026479564607143402
2020-10-31 21:34:19 Epoch 25 | Train L_gate: 0.030036481097340584 | Test L_gate: 0.026478949934244156
2020-10-31 21:34:22 Epoch 26 | Train L_gate: 0.030034909024834633 | Test L_gate: 0.02647826075553894
2020-10-31 21:34:25 Epoch 27 | Train L_gate: 0.0300335381180048 | Test L_gate: 0.02647770568728447
2020-10-31 21:34:28 Epoch 28 | Train L_gate: 0.030032237991690636 | Test L_gate: 0.026477158069610596
2020-10-31 21:34:31 Epoch 29 | Train L_gate: 0.030031030997633934 | Test L_gate: 0.0264766626060009
2020-10-31 21:34:35 Epoch 30 | Train L_gate: 0.030029917135834694 | Test L_gate: 0.026476208120584488
Saving weights to C:/tools/Drone_Racing_Files_v1/zz_model_outputs/bc_improve_on_cmvae_con_50k_mobileNet_dropout
2020-10-31 21:34:38 Epoch 31 | Train L_gate: 0.030028879642486572 | Test L_gate: 0.02647577039897442
2020-10-31 21:34:42 Epoch 32 | Train L_gate: 0.030027905479073524 | Test L_gate: 0.026475360617041588
2020-10-31 21:34:45 Epoch 33 | Train L_gate: 0.03002709522843361 | Test L_gate: 0.026475025340914726
2020-10-31 21:34:48 Epoch 34 | Train L_gate: 0.030026249587535858 | Test L_gate: 0.026474641636013985
2020-10-31 21:34:51 Epoch 35 | Train L_gate: 0.030025456100702286 | Test L_gate: 0.02647428959608078
2020-10-31 21:34:54 Epoch 36 | Train L_gate: 0.030024705454707146 | Test L_gate: 0.026473963633179665
2020-10-31 21:34:58 Epoch 37 | Train L_gate: 0.03002401627600193 | Test L_gate: 0.026473676785826683
2020-10-31 21:35:02 Epoch 38 | Train L_gate: 0.030023356899619102 | Test L_gate: 0.026473384350538254
2020-10-31 21:35:06 Epoch 39 | Train L_gate: 0.03002272918820381 | Test L_gate: 0.02647312544286251
2020-10-31 21:35:09 Epoch 40 | Train L_gate: 0.030022140592336655 | Test L_gate: 0.02647286280989647
Saving weights to C:/tools/Drone_Racing_Files_v1/zz_model_outputs/bc_improve_on_cmvae_con_50k_mobileNet_dropout
2020-10-31 21:35:13 Epoch 41 | Train L_gate: 0.030021583661437035 | Test L_gate: 0.026472611352801323
2020-10-31 21:35:16 Epoch 42 | Train L_gate: 0.030021047219634056 | Test L_gate: 0.02647237479686737
2020-10-31 21:35:20 Epoch 43 | Train L_gate: 0.030020536854863167 | Test L_gate: 0.026472149416804314
2020-10-31 21:35:23 Epoch 44 | Train L_gate: 0.030020056292414665 | Test L_gate: 0.026471933349967003
2020-10-31 21:35:27 Epoch 45 | Train L_gate: 0.030019599944353104 | Test L_gate: 0.026471726596355438
2020-10-31 21:35:30 Epoch 46 | Train L_gate: 0.030019164085388184 | Test L_gate: 0.02647153101861477
2020-10-31 21:35:34 Epoch 47 | Train L_gate: 0.030018743127584457 | Test L_gate: 0.026471341028809547
2020-10-31 21:35:38 Epoch 48 | Train L_gate: 0.030018338933587074 | Test L_gate: 0.026471158489584923
2020-10-31 21:35:42 Epoch 49 | Train L_gate: 0.03001796081662178 | Test L_gate: 0.026470983400940895
2020-10-31 21:35:46 Epoch 50 | Train L_gate: 0.03001759573817253 | Test L_gate: 0.026470817625522614
Saving weights to C:/tools/Drone_Racing_Files_v1/zz_model_outputs/bc_improve_on_cmvae_con_50k_mobileNet_dropout
2020-10-31 21:35:49 Epoch 51 | Train L_gate: 0.030017243698239326 | Test L_gate: 0.02647065557539463
2020-10-31 21:35:52 Epoch 52 | Train L_gate: 0.030016902834177017 | Test L_gate: 0.026470499113202095
2020-10-31 21:35:55 Epoch 53 | Train L_gate: 0.030016575008630753 | Test L_gate: 0.026470350101590157
2020-10-31 21:35:59 Epoch 54 | Train L_gate: 0.030016614124178886 | Test L_gate: 0.02647017315030098
2020-10-31 21:36:02 Epoch 55 | Train L_gate: 0.03001629374921322 | Test L_gate: 0.026470031589269638
2020-10-31 21:36:05 Epoch 56 | Train L_gate: 0.030015995725989342 | Test L_gate: 0.026469901204109192
2020-10-31 21:36:09 Epoch 57 | Train L_gate: 0.03001570701599121 | Test L_gate: 0.026469774544239044
2020-10-31 21:36:12 Epoch 58 | Train L_gate: 0.030015427619218826 | Test L_gate: 0.026469653472304344
2020-10-31 21:36:15 Epoch 59 | Train L_gate: 0.030015161260962486 | Test L_gate: 0.026469534263014793
2020-10-31 21:36:19 Epoch 60 | Train L_gate: 0.030014902353286743 | Test L_gate: 0.02646942064166069
Saving weights to C:/tools/Drone_Racing_Files_v1/zz_model_outputs/bc_improve_on_cmvae_con_50k_mobileNet_dropout
2020-10-31 21:36:24 Epoch 61 | Train L_gate: 0.030014658346772194 | Test L_gate: 0.026469310745596886
2020-10-31 21:36:27 Epoch 62 | Train L_gate: 0.03001442179083824 | Test L_gate: 0.02646920457482338
2020-10-31 21:36:30 Epoch 63 | Train L_gate: 0.030014192685484886 | Test L_gate: 0.026469102129340172
2020-10-31 21:36:34 Epoch 64 | Train L_gate: 0.030013972893357277 | Test L_gate: 0.026469001546502113
2020-10-31 21:36:37 Epoch 65 | Train L_gate: 0.030013758689165115 | Test L_gate: 0.026468904688954353
2020-10-31 21:36:41 Epoch 66 | Train L_gate: 0.0300135537981987 | Test L_gate: 0.026468811556696892
2020-10-31 21:36:44 Epoch 67 | Train L_gate: 0.030013352632522583 | Test L_gate: 0.02646872028708458
2020-10-31 21:36:48 Epoch 68 | Train L_gate: 0.030013158917427063 | Test L_gate: 0.026468632742762566
2020-10-31 21:36:51 Epoch 69 | Train L_gate: 0.030012967064976692 | Test L_gate: 0.0264685470610857
2020-10-31 21:36:54 Epoch 70 | Train L_gate: 0.03001278080046177 | Test L_gate: 0.026468463242053986
Saving weights to C:/tools/Drone_Racing_Files_v1/zz_model_outputs/bc_improve_on_cmvae_con_50k_mobileNet_dropout
2020-10-31 21:36:58 Epoch 71 | Train L_gate: 0.030012601986527443 | Test L_gate: 0.02646838128566742
2020-10-31 21:37:01 Epoch 72 | Train L_gate: 0.030012425035238266 | Test L_gate: 0.026468291878700256
2020-10-31 21:37:04 Epoch 73 | Train L_gate: 0.030012255534529686 | Test L_gate: 0.026468215510249138
2020-10-31 21:37:08 Epoch 74 | Train L_gate: 0.030012089759111404 | Test L_gate: 0.02646814100444317
2020-10-31 21:37:11 Epoch 75 | Train L_gate: 0.03001192770898342 | Test L_gate: 0.02646806836128235
2020-10-31 21:37:15 Epoch 76 | Train L_gate: 0.030011771246790886 | Test L_gate: 0.026467999443411827
2020-10-31 21:37:20 Epoch 77 | Train L_gate: 0.0300116166472435 | Test L_gate: 0.026467930525541306
2020-10-31 21:37:24 Epoch 78 | Train L_gate: 0.03001146763563156 | Test L_gate: 0.026467863470315933
2020-10-31 21:37:27 Epoch 79 | Train L_gate: 0.03001132234930992 | Test L_gate: 0.02646779827773571
2020-10-31 21:37:31 Epoch 80 | Train L_gate: 0.03001118078827858 | Test L_gate: 0.026467734947800636
Saving weights to C:/tools/Drone_Racing_Files_v1/zz_model_outputs/bc_improve_on_cmvae_con_50k_mobileNet_dropout
2020-10-31 21:37:34 Epoch 81 | Train L_gate: 0.030011042952537537 | Test L_gate: 0.02646767348051071
2020-10-31 21:37:38 Epoch 82 | Train L_gate: 0.030010906979441643 | Test L_gate: 0.026467612013220787
2020-10-31 21:37:41 Epoch 83 | Train L_gate: 0.030010776594281197 | Test L_gate: 0.02646755240857601
2020-10-31 21:37:45 Epoch 84 | Train L_gate: 0.0300106443464756 | Test L_gate: 0.026467494666576385
2020-10-31 21:37:48 Epoch 85 | Train L_gate: 0.030010532587766647 | Test L_gate: 0.02646743878722191
2020-10-31 21:37:51 Epoch 86 | Train L_gate: 0.030010422691702843 | Test L_gate: 0.02646738477051258
2020-10-31 21:37:55 Epoch 87 | Train L_gate: 0.030010316520929337 | Test L_gate: 0.026467330753803253
2020-10-31 21:37:58 Epoch 88 | Train L_gate: 0.03001021407544613 | Test L_gate: 0.026467278599739075
2020-10-31 21:38:02 Epoch 89 | Train L_gate: 0.03001011162996292 | Test L_gate: 0.026467226445674896
2020-10-31 21:38:05 Epoch 90 | Train L_gate: 0.030010012909770012 | Test L_gate: 0.026467176154255867
Saving weights to C:/tools/Drone_Racing_Files_v1/zz_model_outputs/bc_improve_on_cmvae_con_50k_mobileNet_dropout
2020-10-31 21:38:09 Epoch 91 | Train L_gate: 0.0300099179148674 | Test L_gate: 0.026467127725481987
2020-10-31 21:38:12 Epoch 92 | Train L_gate: 0.03000982291996479 | Test L_gate: 0.026467079296708107
2020-10-31 21:38:16 Epoch 93 | Train L_gate: 0.03000972978770733 | Test L_gate: 0.026467032730579376
2020-10-31 21:38:20 Epoch 94 | Train L_gate: 0.030009638518095016 | Test L_gate: 0.026466986164450645
2020-10-31 21:38:23 Epoch 95 | Train L_gate: 0.030009550973773003 | Test L_gate: 0.026466941460967064
2020-10-31 21:38:29 Epoch 96 | Train L_gate: 0.03000946342945099 | Test L_gate: 0.02646689862012863
2020-10-31 21:38:33 Epoch 97 | Train L_gate: 0.030009377747774124 | Test L_gate: 0.02646685391664505
2020-10-31 21:38:36 Epoch 98 | Train L_gate: 0.03000929392874241 | Test L_gate: 0.026466812938451767
2020-10-31 21:38:40 Epoch 99 | Train L_gate: 0.030009211972355843 | Test L_gate: 0.026466770097613335
2020-10-31 21:38:43 Epoch 100 | Train L_gate: 0.030009131878614426 | Test L_gate: 0.0264667309820652
Saving weights to C:/tools/Drone_Racing_Files_v1/zz_model_outputs/bc_improve_on_cmvae_con_50k_mobileNet_dropout
2020-10-31 21:38:47 Epoch 101 | Train L_gate: 0.03000905178487301 | Test L_gate: 0.026466690003871918
2020-10-31 21:38:50 Epoch 102 | Train L_gate: 0.03000897541642189 | Test L_gate: 0.026466650888323784
2020-10-31 21:38:54 Epoch 103 | Train L_gate: 0.030008899047970772 | Test L_gate: 0.0264666099101305
2020-10-31 21:38:57 Epoch 104 | Train L_gate: 0.030008824542164803 | Test L_gate: 0.026466570794582367
2020-10-31 21:39:01 Epoch 105 | Train L_gate: 0.030008751899003983 | Test L_gate: 0.026466533541679382
2020-10-31 21:39:04 Epoch 106 | Train L_gate: 0.030008681118488312 | Test L_gate: 0.026466496288776398
2020-10-31 21:39:08 Epoch 107 | Train L_gate: 0.03000861033797264 | Test L_gate: 0.026466459035873413
2020-10-31 21:39:11 Epoch 108 | Train L_gate: 0.03000854142010212 | Test L_gate: 0.02646642178297043
2020-10-31 21:39:15 Epoch 109 | Train L_gate: 0.030008474364876747 | Test L_gate: 0.026466386392712593
2020-10-31 21:39:19 Epoch 110 | Train L_gate: 0.030008407309651375 | Test L_gate: 0.026466352865099907
Saving weights to C:/tools/Drone_Racing_Files_v1/zz_model_outputs/bc_improve_on_cmvae_con_50k_mobileNet_dropout
2020-10-31 21:39:22 Epoch 111 | Train L_gate: 0.03000834211707115 | Test L_gate: 0.02646631747484207
2020-10-31 21:39:26 Epoch 112 | Train L_gate: 0.030008278787136078 | Test L_gate: 0.026466283947229385
2020-10-31 21:39:30 Epoch 113 | Train L_gate: 0.030008215457201004 | Test L_gate: 0.02646625228226185
2020-10-31 21:39:33 Epoch 114 | Train L_gate: 0.03000815398991108 | Test L_gate: 0.026466218754649162
2020-10-31 21:39:37 Epoch 115 | Train L_gate: 0.030008092522621155 | Test L_gate: 0.026466187089681625
2020-10-31 21:39:40 Epoch 116 | Train L_gate: 0.03000803291797638 | Test L_gate: 0.02646615542471409
2020-10-31 21:39:44 Epoch 117 | Train L_gate: 0.030007975175976753 | Test L_gate: 0.0264661256223917
2020-10-31 21:39:48 Epoch 118 | Train L_gate: 0.030007917433977127 | Test L_gate: 0.026466093957424164
2020-10-31 21:39:51 Epoch 119 | Train L_gate: 0.03000786155462265 | Test L_gate: 0.026466066017746925
2020-10-31 21:39:58 Epoch 120 | Train L_gate: 0.030007805675268173 | Test L_gate: 0.026466036215424538
Saving weights to C:/tools/Drone_Racing_Files_v1/zz_model_outputs/bc_improve_on_cmvae_con_50k_mobileNet_dropout
2020-10-31 21:40:01 Epoch 121 | Train L_gate: 0.030007749795913696 | Test L_gate: 0.02646600641310215
2020-10-31 21:40:05 Epoch 122 | Train L_gate: 0.03000769577920437 | Test L_gate: 0.02646597847342491
2020-10-31 21:40:09 Epoch 123 | Train L_gate: 0.03000764362514019 | Test L_gate: 0.026465950533747673
2020-10-31 21:40:12 Epoch 124 | Train L_gate: 0.03000759147107601 | Test L_gate: 0.026465924456715584
2020-10-31 21:40:16 Epoch 125 | Train L_gate: 0.030007539317011833 | Test L_gate: 0.026465896517038345
2020-10-31 21:40:19 Epoch 126 | Train L_gate: 0.030007489025592804 | Test L_gate: 0.026465870440006256
2020-10-31 21:40:23 Epoch 127 | Train L_gate: 0.030007438734173775 | Test L_gate: 0.026465844362974167
2020-10-31 21:40:26 Epoch 128 | Train L_gate: 0.030007390305399895 | Test L_gate: 0.026465818285942078
2020-10-31 21:40:30 Epoch 129 | Train L_gate: 0.030007341876626015 | Test L_gate: 0.02646579220890999
2020-10-31 21:40:33 Epoch 130 | Train L_gate: 0.030007295310497284 | Test L_gate: 0.02646576799452305
Saving weights to C:/tools/Drone_Racing_Files_v1/zz_model_outputs/bc_improve_on_cmvae_con_50k_mobileNet_dropout
2020-10-31 21:40:37 Epoch 131 | Train L_gate: 0.030007248744368553 | Test L_gate: 0.02646574378013611
2020-10-31 21:40:41 Epoch 132 | Train L_gate: 0.030007202178239822 | Test L_gate: 0.02646571956574917
2020-10-31 21:40:45 Epoch 133 | Train L_gate: 0.03000715747475624 | Test L_gate: 0.02646569535136223
2020-10-31 21:40:48 Epoch 134 | Train L_gate: 0.03000711277127266 | Test L_gate: 0.026465672999620438
2020-10-31 21:40:52 Epoch 135 | Train L_gate: 0.030007068067789078 | Test L_gate: 0.026465648785233498
2020-10-31 21:40:55 Epoch 136 | Train L_gate: 0.030007025226950645 | Test L_gate: 0.026465626433491707
2020-10-31 21:40:59 Epoch 137 | Train L_gate: 0.030006982386112213 | Test L_gate: 0.026465604081749916
2020-10-31 21:41:03 Epoch 138 | Train L_gate: 0.03000693954527378 | Test L_gate: 0.026465581730008125
2020-10-31 21:41:06 Epoch 139 | Train L_gate: 0.030006898567080498 | Test L_gate: 0.026465559378266335
2020-10-31 21:41:09 Epoch 140 | Train L_gate: 0.030006857588887215 | Test L_gate: 0.026465538889169693
Saving weights to C:/tools/Drone_Racing_Files_v1/zz_model_outputs/bc_improve_on_cmvae_con_50k_mobileNet_dropout
2020-10-31 21:41:13 Epoch 141 | Train L_gate: 0.03000681661069393 | Test L_gate: 0.026465516537427902
2020-10-31 21:41:16 Epoch 142 | Train L_gate: 0.030006777495145798 | Test L_gate: 0.02646549604833126
2020-10-31 21:41:20 Epoch 143 | Train L_gate: 0.030006738379597664 | Test L_gate: 0.02646547555923462
2020-10-31 21:41:23 Epoch 144 | Train L_gate: 0.03000669926404953 | Test L_gate: 0.026465455070137978
2020-10-31 21:41:28 Epoch 145 | Train L_gate: 0.030006662011146545 | Test L_gate: 0.026465436443686485
2020-10-31 21:41:31 Epoch 146 | Train L_gate: 0.03000662475824356 | Test L_gate: 0.026465415954589844
2020-10-31 21:41:35 Epoch 147 | Train L_gate: 0.030006587505340576 | Test L_gate: 0.02646539732813835
2020-10-31 21:41:38 Epoch 148 | Train L_gate: 0.03000655025243759 | Test L_gate: 0.02646537683904171
2020-10-31 21:41:42 Epoch 149 | Train L_gate: 0.030006514862179756 | Test L_gate: 0.026465358212590218
2020-10-31 21:41:49 Epoch 150 | Train L_gate: 0.03000647760927677 | Test L_gate: 0.026465339586138725
Saving weights to C:/tools/Drone_Racing_Files_v1/zz_model_outputs/bc_improve_on_cmvae_con_50k_mobileNet_dropout
2020-10-31 21:41:53 Epoch 151 | Train L_gate: 0.030006444081664085 | Test L_gate: 0.026465320959687233
2020-10-31 21:41:57 Epoch 152 | Train L_gate: 0.03000640869140625 | Test L_gate: 0.02646530233323574
2020-10-31 21:42:01 Epoch 153 | Train L_gate: 0.030006375163793564 | Test L_gate: 0.026465285569429398
2020-10-31 21:42:04 Epoch 154 | Train L_gate: 0.03000633977353573 | Test L_gate: 0.026465266942977905
2020-10-31 21:42:08 Epoch 155 | Train L_gate: 0.03000630810856819 | Test L_gate: 0.026465250179171562
2020-10-31 21:42:12 Epoch 156 | Train L_gate: 0.030006274580955505 | Test L_gate: 0.02646523341536522
2020-10-31 21:42:15 Epoch 157 | Train L_gate: 0.03000624105334282 | Test L_gate: 0.026465214788913727
2020-10-31 21:42:19 Epoch 158 | Train L_gate: 0.030006209388375282 | Test L_gate: 0.026465198025107384
2020-10-31 21:42:22 Epoch 159 | Train L_gate: 0.030006177723407745 | Test L_gate: 0.02646518126130104
2020-10-31 21:42:26 Epoch 160 | Train L_gate: 0.03000614605844021 | Test L_gate: 0.026465166360139847
Saving weights to C:/tools/Drone_Racing_Files_v1/zz_model_outputs/bc_improve_on_cmvae_con_50k_mobileNet_dropout
2020-10-31 21:42:29 Epoch 161 | Train L_gate: 0.03000611625611782 | Test L_gate: 0.026465149596333504
2020-10-31 21:42:33 Epoch 162 | Train L_gate: 0.030006084591150284 | Test L_gate: 0.02646513283252716
2020-10-31 21:42:36 Epoch 163 | Train L_gate: 0.030006054788827896 | Test L_gate: 0.026465117931365967
2020-10-31 21:42:40 Epoch 164 | Train L_gate: 0.03000602498650551 | Test L_gate: 0.026465101167559624
2020-10-31 21:42:44 Epoch 165 | Train L_gate: 0.03000599704682827 | Test L_gate: 0.02646508626639843
2020-10-31 21:42:47 Epoch 166 | Train L_gate: 0.030005967244505882 | Test L_gate: 0.026465071365237236
2020-10-31 21:42:51 Epoch 167 | Train L_gate: 0.030005939304828644 | Test L_gate: 0.026465056464076042
2020-10-31 21:42:55 Epoch 168 | Train L_gate: 0.03000590205192566 | Test L_gate: 0.02646504156291485
2020-10-31 21:42:58 Epoch 169 | Train L_gate: 0.030005864799022675 | Test L_gate: 0.026465026661753654
2020-10-31 21:43:02 Epoch 170 | Train L_gate: 0.03000582568347454 | Test L_gate: 0.02646501176059246
Saving weights to C:/tools/Drone_Racing_Files_v1/zz_model_outputs/bc_improve_on_cmvae_con_50k_mobileNet_dropout
2020-10-31 21:43:05 Epoch 171 | Train L_gate: 0.030005788430571556 | Test L_gate: 0.026464996859431267
2020-10-31 21:43:09 Epoch 172 | Train L_gate: 0.03000575117766857 | Test L_gate: 0.026464983820915222
2020-10-31 21:43:12 Epoch 173 | Train L_gate: 0.030005713924765587 | Test L_gate: 0.02646496891975403
2020-10-31 21:43:16 Epoch 174 | Train L_gate: 0.03000567853450775 | Test L_gate: 0.026464955881237984
2020-10-31 21:43:19 Epoch 175 | Train L_gate: 0.030005641281604767 | Test L_gate: 0.02646494098007679
2020-10-31 21:43:23 Epoch 176 | Train L_gate: 0.03000560589134693 | Test L_gate: 0.026464927941560745
2020-10-31 21:43:27 Epoch 177 | Train L_gate: 0.030005570501089096 | Test L_gate: 0.0264649149030447
2020-10-31 21:43:30 Epoch 178 | Train L_gate: 0.03000553697347641 | Test L_gate: 0.026464901864528656
2020-10-31 21:43:34 Epoch 179 | Train L_gate: 0.030005501583218575 | Test L_gate: 0.02646488882601261
2020-10-31 21:43:37 Epoch 180 | Train L_gate: 0.03000546805560589 | Test L_gate: 0.026464875787496567
Saving weights to C:/tools/Drone_Racing_Files_v1/zz_model_outputs/bc_improve_on_cmvae_con_50k_mobileNet_dropout
2020-10-31 21:43:41 Epoch 181 | Train L_gate: 0.030005434527993202 | Test L_gate: 0.026464862748980522
2020-10-31 21:43:45 Epoch 182 | Train L_gate: 0.030005401000380516 | Test L_gate: 0.026464849710464478
2020-10-31 21:43:49 Epoch 183 | Train L_gate: 0.03000536747276783 | Test L_gate: 0.026464836671948433
2020-10-31 21:43:52 Epoch 184 | Train L_gate: 0.030005335807800293 | Test L_gate: 0.026464825496077538
2020-10-31 21:43:56 Epoch 185 | Train L_gate: 0.030005304142832756 | Test L_gate: 0.026464812457561493
2020-10-31 21:44:05 Epoch 186 | Train L_gate: 0.03000527061522007 | Test L_gate: 0.026464801281690598
2020-10-31 21:44:08 Epoch 187 | Train L_gate: 0.030005240812897682 | Test L_gate: 0.026464788243174553
2020-10-31 21:44:12 Epoch 188 | Train L_gate: 0.030005209147930145 | Test L_gate: 0.026464777067303658
2020-10-31 21:44:15 Epoch 189 | Train L_gate: 0.03000517748296261 | Test L_gate: 0.026464765891432762
2020-10-31 21:44:19 Epoch 190 | Train L_gate: 0.03000514768064022 | Test L_gate: 0.026464752852916718
Saving weights to C:/tools/Drone_Racing_Files_v1/zz_model_outputs/bc_improve_on_cmvae_con_50k_mobileNet_dropout
2020-10-31 21:44:22 Epoch 191 | Train L_gate: 0.030005117878317833 | Test L_gate: 0.026464741677045822
2020-10-31 21:44:26 Epoch 192 | Train L_gate: 0.030005088075995445 | Test L_gate: 0.026464730501174927
2020-10-31 21:44:30 Epoch 193 | Train L_gate: 0.030005058273673058 | Test L_gate: 0.02646471932530403
2020-10-31 21:44:34 Epoch 194 | Train L_gate: 0.03000502847135067 | Test L_gate: 0.026464708149433136
2020-10-31 21:44:37 Epoch 195 | Train L_gate: 0.030004998669028282 | Test L_gate: 0.02646469697356224
2020-10-31 21:44:41 Epoch 196 | Train L_gate: 0.030004970729351044 | Test L_gate: 0.026464685797691345
2020-10-31 21:44:45 Epoch 197 | Train L_gate: 0.030004942789673805 | Test L_gate: 0.02646467462182045
2020-10-31 21:44:49 Epoch 198 | Train L_gate: 0.030004914849996567 | Test L_gate: 0.026464665308594704
2020-10-31 21:44:52 Epoch 199 | Train L_gate: 0.03000488691031933 | Test L_gate: 0.02646465413272381
2020-10-31 21:44:56 Epoch 200 | Train L_gate: 0.03000485897064209 | Test L_gate: 0.026464642956852913
Saving weights to C:/tools/Drone_Racing_Files_v1/zz_model_outputs/bc_improve_on_cmvae_con_50k_mobileNet_dropout
2020-10-31 21:45:00 Epoch 201 | Train L_gate: 0.03000483103096485 | Test L_gate: 0.026464633643627167
2020-10-31 21:45:04 Epoch 202 | Train L_gate: 0.030004804953932762 | Test L_gate: 0.02646462246775627
2020-10-31 21:45:08 Epoch 203 | Train L_gate: 0.030004777014255524 | Test L_gate: 0.026464615017175674
2020-10-31 21:45:11 Epoch 204 | Train L_gate: 0.030004750937223434 | Test L_gate: 0.026464609429240227
2020-10-31 21:45:15 Epoch 205 | Train L_gate: 0.030004724860191345 | Test L_gate: 0.02646460197865963
2020-10-31 21:45:19 Epoch 206 | Train L_gate: 0.030004698783159256 | Test L_gate: 0.026464594528079033
2020-10-31 21:45:23 Epoch 207 | Train L_gate: 0.030004672706127167 | Test L_gate: 0.026464588940143585
2020-10-31 21:45:27 Epoch 208 | Train L_gate: 0.030004648491740227 | Test L_gate: 0.02646458148956299
2020-10-31 21:45:31 Epoch 209 | Train L_gate: 0.030004622414708138 | Test L_gate: 0.02646457403898239
2020-10-31 21:45:36 Epoch 210 | Train L_gate: 0.030004598200321198 | Test L_gate: 0.026464568451046944
Saving weights to C:/tools/Drone_Racing_Files_v1/zz_model_outputs/bc_improve_on_cmvae_con_50k_mobileNet_dropout
2020-10-31 21:45:40 Epoch 211 | Train L_gate: 0.030004573985934258 | Test L_gate: 0.026464561000466347
2020-10-31 21:45:44 Epoch 212 | Train L_gate: 0.03000454790890217 | Test L_gate: 0.0264645554125309
2020-10-31 21:45:48 Epoch 213 | Train L_gate: 0.03000452369451523 | Test L_gate: 0.026464547961950302
2020-10-31 21:45:52 Epoch 214 | Train L_gate: 0.03000449948012829 | Test L_gate: 0.026464542374014854
2020-10-31 21:45:56 Epoch 215 | Train L_gate: 0.030004477128386497 | Test L_gate: 0.026464536786079407
2020-10-31 21:45:59 Epoch 216 | Train L_gate: 0.030004452913999557 | Test L_gate: 0.02646452933549881
2020-10-31 21:46:03 Epoch 217 | Train L_gate: 0.030004428699612617 | Test L_gate: 0.026464523747563362
2020-10-31 21:46:07 Epoch 218 | Train L_gate: 0.030004406347870827 | Test L_gate: 0.026464518159627914
2020-10-31 21:46:11 Epoch 219 | Train L_gate: 0.030004383996129036 | Test L_gate: 0.026464510709047318
2020-10-31 21:46:15 Epoch 220 | Train L_gate: 0.030004359781742096 | Test L_gate: 0.02646450512111187
Saving weights to C:/tools/Drone_Racing_Files_v1/zz_model_outputs/bc_improve_on_cmvae_con_50k_mobileNet_dropout
2020-10-31 21:46:19 Epoch 221 | Train L_gate: 0.030004337430000305 | Test L_gate: 0.026464499533176422
2020-10-31 21:46:23 Epoch 222 | Train L_gate: 0.030004315078258514 | Test L_gate: 0.026464493945240974
2020-10-31 21:46:27 Epoch 223 | Train L_gate: 0.030004292726516724 | Test L_gate: 0.026464488357305527
2020-10-31 21:46:31 Epoch 224 | Train L_gate: 0.030004272237420082 | Test L_gate: 0.02646448276937008
2020-10-31 21:46:35 Epoch 225 | Train L_gate: 0.03000424988567829 | Test L_gate: 0.02646447718143463
2020-10-31 21:46:39 Epoch 226 | Train L_gate: 0.0300042275339365 | Test L_gate: 0.026464471593499184
2020-10-31 21:46:43 Epoch 227 | Train L_gate: 0.03000420704483986 | Test L_gate: 0.026464466005563736
2020-10-31 21:46:47 Epoch 228 | Train L_gate: 0.030004186555743217 | Test L_gate: 0.02646446041762829
2020-10-31 21:46:51 Epoch 229 | Train L_gate: 0.030004164204001427 | Test L_gate: 0.02646445482969284
2020-10-31 21:46:54 Epoch 230 | Train L_gate: 0.030004143714904785 | Test L_gate: 0.026464449241757393
Saving weights to C:/tools/Drone_Racing_Files_v1/zz_model_outputs/bc_improve_on_cmvae_con_50k_mobileNet_dropout
2020-10-31 21:46:59 Epoch 231 | Train L_gate: 0.030004123225808144 | Test L_gate: 0.026464443653821945
2020-10-31 21:47:13 Epoch 232 | Train L_gate: 0.030004102736711502 | Test L_gate: 0.026464438065886497
2020-10-31 21:47:18 Epoch 233 | Train L_gate: 0.03000408224761486 | Test L_gate: 0.02646443247795105
2020-10-31 21:47:24 Epoch 234 | Train L_gate: 0.03000406175851822 | Test L_gate: 0.026464426890015602
2020-10-31 21:47:31 Epoch 235 | Train L_gate: 0.030004043132066727 | Test L_gate: 0.026464421302080154
2020-10-31 21:47:38 Epoch 236 | Train L_gate: 0.030004022642970085 | Test L_gate: 0.026464415714144707
2020-10-31 21:47:50 Epoch 237 | Train L_gate: 0.030004004016518593 | Test L_gate: 0.026464411988854408
2020-10-31 21:47:57 Epoch 238 | Train L_gate: 0.03000398352742195 | Test L_gate: 0.02646440640091896
2020-10-31 21:48:01 Epoch 239 | Train L_gate: 0.03000396490097046 | Test L_gate: 0.026464400812983513
2020-10-31 21:48:06 Epoch 240 | Train L_gate: 0.030003946274518967 | Test L_gate: 0.026464395225048065
Saving weights to C:/tools/Drone_Racing_Files_v1/zz_model_outputs/bc_improve_on_cmvae_con_50k_mobileNet_dropout
2020-10-31 21:48:11 Epoch 241 | Train L_gate: 0.030003925785422325 | Test L_gate: 0.026464391499757767
2020-10-31 21:48:16 Epoch 242 | Train L_gate: 0.030003907158970833 | Test L_gate: 0.02646438591182232
2020-10-31 21:48:21 Epoch 243 | Train L_gate: 0.03000388853251934 | Test L_gate: 0.02646438032388687
2020-10-31 21:48:27 Epoch 244 | Train L_gate: 0.030003869906067848 | Test L_gate: 0.026464376598596573
2020-10-31 21:48:32 Epoch 245 | Train L_gate: 0.030003851279616356 | Test L_gate: 0.026464371010661125
2020-10-31 21:48:38 Epoch 246 | Train L_gate: 0.030003834515810013 | Test L_gate: 0.026464367285370827
2020-10-31 21:48:43 Epoch 247 | Train L_gate: 0.03000381588935852 | Test L_gate: 0.02646436169743538
2020-10-31 21:48:48 Epoch 248 | Train L_gate: 0.030003797262907028 | Test L_gate: 0.02646435797214508
2020-10-31 21:48:54 Epoch 249 | Train L_gate: 0.030003780499100685 | Test L_gate: 0.026464352384209633
2020-10-31 21:49:03 Epoch 250 | Train L_gate: 0.030003761872649193 | Test L_gate: 0.026464348658919334
Saving weights to C:/tools/Drone_Racing_Files_v1/zz_model_outputs/bc_improve_on_cmvae_con_50k_mobileNet_dropout
2020-10-31 21:49:08 Epoch 251 | Train L_gate: 0.03000374510884285 | Test L_gate: 0.026464343070983887
2020-10-31 21:49:17 Epoch 252 | Train L_gate: 0.030003728345036507 | Test L_gate: 0.026464339345693588
2020-10-31 21:49:22 Epoch 253 | Train L_gate: 0.030003709718585014 | Test L_gate: 0.02646433375775814
2020-10-31 21:49:30 Epoch 254 | Train L_gate: 0.03000369295477867 | Test L_gate: 0.026464330032467842
2020-10-31 21:49:35 Epoch 255 | Train L_gate: 0.030003676190972328 | Test L_gate: 0.026464324444532394
2020-10-31 21:49:42 Epoch 256 | Train L_gate: 0.030003659427165985 | Test L_gate: 0.026464320719242096
2020-10-31 21:49:48 Epoch 257 | Train L_gate: 0.030003642663359642 | Test L_gate: 0.026464316993951797
2020-10-31 21:49:55 Epoch 258 | Train L_gate: 0.0300036258995533 | Test L_gate: 0.02646431140601635
2020-10-31 21:50:01 Epoch 259 | Train L_gate: 0.030003610998392105 | Test L_gate: 0.02646430768072605
2020-10-31 21:50:08 Epoch 260 | Train L_gate: 0.030003594234585762 | Test L_gate: 0.026464303955435753
Saving weights to C:/tools/Drone_Racing_Files_v1/zz_model_outputs/bc_improve_on_cmvae_con_50k_mobileNet_dropout
2020-10-31 21:50:15 Epoch 261 | Train L_gate: 0.03000357747077942 | Test L_gate: 0.026464298367500305
2020-10-31 21:50:21 Epoch 262 | Train L_gate: 0.030003562569618225 | Test L_gate: 0.026464294642210007
2020-10-31 21:50:26 Epoch 263 | Train L_gate: 0.030003545805811882 | Test L_gate: 0.026464290916919708
2020-10-31 21:50:31 Epoch 264 | Train L_gate: 0.030003530904650688 | Test L_gate: 0.02646428719162941
2020-10-31 21:50:36 Epoch 265 | Train L_gate: 0.030003514140844345 | Test L_gate: 0.026464281603693962
2020-10-31 21:50:43 Epoch 266 | Train L_gate: 0.03000349923968315 | Test L_gate: 0.026464277878403664
2020-10-31 21:50:49 Epoch 267 | Train L_gate: 0.030003484338521957 | Test L_gate: 0.026464274153113365
2020-10-31 21:50:55 Epoch 268 | Train L_gate: 0.030003467574715614 | Test L_gate: 0.026464270427823067
2020-10-31 21:51:03 Epoch 269 | Train L_gate: 0.03000345267355442 | Test L_gate: 0.026464266702532768
2020-10-31 21:51:08 Epoch 270 | Train L_gate: 0.030003437772393227 | Test L_gate: 0.02646426297724247
Saving weights to C:/tools/Drone_Racing_Files_v1/zz_model_outputs/bc_improve_on_cmvae_con_50k_mobileNet_dropout
2020-10-31 21:51:14 Epoch 271 | Train L_gate: 0.030003422871232033 | Test L_gate: 0.026464257389307022
2020-10-31 21:51:22 Epoch 272 | Train L_gate: 0.03000340797007084 | Test L_gate: 0.026464253664016724
2020-10-31 21:51:28 Epoch 273 | Train L_gate: 0.030003393068909645 | Test L_gate: 0.026464249938726425
2020-10-31 21:51:33 Epoch 274 | Train L_gate: 0.03000337816774845 | Test L_gate: 0.026464246213436127
2020-10-31 21:51:39 Epoch 275 | Train L_gate: 0.030003363266587257 | Test L_gate: 0.026464242488145828
2020-10-31 21:51:43 Epoch 276 | Train L_gate: 0.030003350228071213 | Test L_gate: 0.02646423876285553
2020-10-31 21:51:49 Epoch 277 | Train L_gate: 0.03000333532691002 | Test L_gate: 0.02646423503756523
2020-10-31 21:51:54 Epoch 278 | Train L_gate: 0.030003320425748825 | Test L_gate: 0.026464231312274933
2020-10-31 21:52:02 Epoch 279 | Train L_gate: 0.03000330738723278 | Test L_gate: 0.026464227586984634
2020-10-31 21:52:09 Epoch 280 | Train L_gate: 0.030003292486071587 | Test L_gate: 0.026464223861694336
Saving weights to C:/tools/Drone_Racing_Files_v1/zz_model_outputs/bc_improve_on_cmvae_con_50k_mobileNet_dropout
2020-10-31 21:52:16 Epoch 281 | Train L_gate: 0.030003279447555542 | Test L_gate: 0.026464220136404037
2020-10-31 21:52:22 Epoch 282 | Train L_gate: 0.030003264546394348 | Test L_gate: 0.02646421641111374
2020-10-31 21:52:28 Epoch 283 | Train L_gate: 0.030003251507878304 | Test L_gate: 0.02646421268582344
2020-10-31 21:52:34 Epoch 284 | Train L_gate: 0.03000323846936226 | Test L_gate: 0.026464208960533142
2020-10-31 21:52:39 Epoch 285 | Train L_gate: 0.030003223568201065 | Test L_gate: 0.026464205235242844
2020-10-31 21:52:45 Epoch 286 | Train L_gate: 0.03000321052968502 | Test L_gate: 0.026464201509952545
2020-10-31 21:52:51 Epoch 287 | Train L_gate: 0.030003197491168976 | Test L_gate: 0.026464197784662247
2020-10-31 21:53:05 Epoch 288 | Train L_gate: 0.03000318445265293 | Test L_gate: 0.026464195922017097
2020-10-31 21:53:10 Epoch 289 | Train L_gate: 0.030003171414136887 | Test L_gate: 0.0264641921967268
2020-10-31 21:53:16 Epoch 290 | Train L_gate: 0.030003158375620842 | Test L_gate: 0.0264641884714365
Saving weights to C:/tools/Drone_Racing_Files_v1/zz_model_outputs/bc_improve_on_cmvae_con_50k_mobileNet_dropout
2020-10-31 21:53:22 Epoch 291 | Train L_gate: 0.030003145337104797 | Test L_gate: 0.026464184746146202
2020-10-31 21:53:28 Epoch 292 | Train L_gate: 0.030003132298588753 | Test L_gate: 0.026464181020855904
2020-10-31 21:53:35 Epoch 293 | Train L_gate: 0.030003119260072708 | Test L_gate: 0.026464177295565605
2020-10-31 21:53:42 Epoch 294 | Train L_gate: 0.030003106221556664 | Test L_gate: 0.026464175432920456
2020-10-31 21:53:49 Epoch 295 | Train L_gate: 0.03000309318304062 | Test L_gate: 0.026464171707630157
2020-10-31 21:53:54 Epoch 296 | Train L_gate: 0.030003082007169724 | Test L_gate: 0.02646416798233986
2020-10-31 21:53:59 Epoch 297 | Train L_gate: 0.03000306896865368 | Test L_gate: 0.02646416425704956
2020-10-31 21:54:05 Epoch 298 | Train L_gate: 0.030003055930137634 | Test L_gate: 0.026464160531759262
2020-10-31 21:54:09 Epoch 299 | Train L_gate: 0.03000304475426674 | Test L_gate: 0.026464158669114113
2020-10-31 21:54:14 Epoch 300 | Train L_gate: 0.030003031715750694 | Test L_gate: 0.026464154943823814
Saving weights to C:/tools/Drone_Racing_Files_v1/zz_model_outputs/bc_improve_on_cmvae_con_50k_mobileNet_dropout
2020-10-31 21:54:19 Epoch 301 | Train L_gate: 0.0300030205398798 | Test L_gate: 0.026464151218533516
2020-10-31 21:54:24 Epoch 302 | Train L_gate: 0.030003007501363754 | Test L_gate: 0.026464149355888367
2020-10-31 21:54:29 Epoch 303 | Train L_gate: 0.03000299632549286 | Test L_gate: 0.026464145630598068
2020-10-31 21:54:35 Epoch 304 | Train L_gate: 0.030002983286976814 | Test L_gate: 0.02646414190530777
2020-10-31 21:54:42 Epoch 305 | Train L_gate: 0.03000297211110592 | Test L_gate: 0.02646414004266262
2020-10-31 21:54:50 Epoch 306 | Train L_gate: 0.030002960935235023 | Test L_gate: 0.026464136317372322
2020-10-31 21:54:56 Epoch 307 | Train L_gate: 0.03000294789671898 | Test L_gate: 0.026464132592082024
2020-10-31 21:55:01 Epoch 308 | Train L_gate: 0.030002936720848083 | Test L_gate: 0.026464130729436874
2020-10-31 21:55:08 Epoch 309 | Train L_gate: 0.030002925544977188 | Test L_gate: 0.026464127004146576
2020-10-31 21:55:14 Epoch 310 | Train L_gate: 0.030002914369106293 | Test L_gate: 0.026464123278856277
Saving weights to C:/tools/Drone_Racing_Files_v1/zz_model_outputs/bc_improve_on_cmvae_con_50k_mobileNet_dropout
2020-10-31 21:55:19 Epoch 311 | Train L_gate: 0.030002903193235397 | Test L_gate: 0.026464121416211128
2020-10-31 21:55:26 Epoch 312 | Train L_gate: 0.030002892017364502 | Test L_gate: 0.02646411769092083
2020-10-31 21:55:31 Epoch 313 | Train L_gate: 0.030002880841493607 | Test L_gate: 0.02646411582827568
2020-10-31 21:55:36 Epoch 314 | Train L_gate: 0.03000286966562271 | Test L_gate: 0.026464112102985382
2020-10-31 21:55:41 Epoch 315 | Train L_gate: 0.030002858489751816 | Test L_gate: 0.026464108377695084
2020-10-31 21:55:46 Epoch 316 | Train L_gate: 0.03000284731388092 | Test L_gate: 0.026464106515049934
2020-10-31 21:55:53 Epoch 317 | Train L_gate: 0.030002836138010025 | Test L_gate: 0.026464102789759636
2020-10-31 21:55:58 Epoch 318 | Train L_gate: 0.03000282496213913 | Test L_gate: 0.026464100927114487
2020-10-31 21:56:05 Epoch 319 | Train L_gate: 0.030002813786268234 | Test L_gate: 0.026464097201824188
2020-10-31 21:56:12 Epoch 320 | Train L_gate: 0.03000280261039734 | Test L_gate: 0.02646409533917904
Saving weights to C:/tools/Drone_Racing_Files_v1/zz_model_outputs/bc_improve_on_cmvae_con_50k_mobileNet_dropout
2020-10-31 21:56:18 Epoch 321 | Train L_gate: 0.030002793297171593 | Test L_gate: 0.02646409161388874
2020-10-31 21:56:24 Epoch 322 | Train L_gate: 0.030002782121300697 | Test L_gate: 0.02646408975124359
2020-10-31 21:56:29 Epoch 323 | Train L_gate: 0.030002770945429802 | Test L_gate: 0.026464086025953293
2020-10-31 21:56:35 Epoch 324 | Train L_gate: 0.030002761632204056 | Test L_gate: 0.026464084163308144
2020-10-31 21:56:40 Epoch 325 | Train L_gate: 0.03000275045633316 | Test L_gate: 0.026464080438017845
2020-10-31 21:56:48 Epoch 326 | Train L_gate: 0.030002741143107414 | Test L_gate: 0.026464078575372696
2020-10-31 21:56:55 Epoch 327 | Train L_gate: 0.03000272996723652 | Test L_gate: 0.026464074850082397
2020-10-31 21:57:02 Epoch 328 | Train L_gate: 0.030002720654010773 | Test L_gate: 0.026464072987437248
2020-10-31 21:57:07 Epoch 329 | Train L_gate: 0.030002709478139877 | Test L_gate: 0.02646406926214695
2020-10-31 21:57:12 Epoch 330 | Train L_gate: 0.03000270016491413 | Test L_gate: 0.0264640673995018
Saving weights to C:/tools/Drone_Racing_Files_v1/zz_model_outputs/bc_improve_on_cmvae_con_50k_mobileNet_dropout
2020-10-31 21:57:17 Epoch 331 | Train L_gate: 0.030002688989043236 | Test L_gate: 0.02646406553685665
2020-10-31 21:57:23 Epoch 332 | Train L_gate: 0.03000267967581749 | Test L_gate: 0.026464061811566353
2020-10-31 21:57:31 Epoch 333 | Train L_gate: 0.030002670362591743 | Test L_gate: 0.026464059948921204
2020-10-31 21:57:38 Epoch 334 | Train L_gate: 0.030002659186720848 | Test L_gate: 0.026464056223630905
2020-10-31 21:57:44 Epoch 335 | Train L_gate: 0.030002646148204803 | Test L_gate: 0.026464054360985756
2020-10-31 21:57:50 Epoch 336 | Train L_gate: 0.030002644285559654 | Test L_gate: 0.026464052498340607
2020-10-31 21:57:56 Epoch 337 | Train L_gate: 0.030002640560269356 | Test L_gate: 0.026464048773050308
2020-10-31 21:58:02 Epoch 338 | Train L_gate: 0.030002638697624207 | Test L_gate: 0.02646404691040516
2020-10-31 21:58:08 Epoch 339 | Train L_gate: 0.030002636834979057 | Test L_gate: 0.02646404318511486
2020-10-31 21:58:13 Epoch 340 | Train L_gate: 0.03000263310968876 | Test L_gate: 0.02646404132246971
Saving weights to C:/tools/Drone_Racing_Files_v1/zz_model_outputs/bc_improve_on_cmvae_con_50k_mobileNet_dropout
2020-10-31 21:58:18 Epoch 341 | Train L_gate: 0.03000263124704361 | Test L_gate: 0.026464039459824562
2020-10-31 21:58:22 Epoch 342 | Train L_gate: 0.03000262938439846 | Test L_gate: 0.026464035734534264
2020-10-31 21:58:28 Epoch 343 | Train L_gate: 0.030002625659108162 | Test L_gate: 0.026464033871889114
2020-10-31 21:58:32 Epoch 344 | Train L_gate: 0.030002623796463013 | Test L_gate: 0.026464032009243965
2020-10-31 21:58:37 Epoch 345 | Train L_gate: 0.030002621933817863 | Test L_gate: 0.026464028283953667
2020-10-31 21:58:43 Epoch 346 | Train L_gate: 0.030002618208527565 | Test L_gate: 0.026464026421308517
2020-10-31 21:58:47 Epoch 347 | Train L_gate: 0.030002616345882416 | Test L_gate: 0.026464024558663368
2020-10-31 21:58:52 Epoch 348 | Train L_gate: 0.030002614483237267 | Test L_gate: 0.02646402269601822
2020-10-31 21:58:58 Epoch 349 | Train L_gate: 0.030002610757946968 | Test L_gate: 0.02646401897072792
2020-10-31 21:59:04 Epoch 350 | Train L_gate: 0.03000260889530182 | Test L_gate: 0.02646401710808277
Saving weights to C:/tools/Drone_Racing_Files_v1/zz_model_outputs/bc_improve_on_cmvae_con_50k_mobileNet_dropout
2020-10-31 21:59:10 Epoch 351 | Train L_gate: 0.03000260703265667 | Test L_gate: 0.026464015245437622
2020-10-31 21:59:15 Epoch 352 | Train L_gate: 0.03000260330736637 | Test L_gate: 0.026464013382792473
2020-10-31 21:59:21 Epoch 353 | Train L_gate: 0.030002601444721222 | Test L_gate: 0.026464009657502174
2020-10-31 21:59:28 Epoch 354 | Train L_gate: 0.030002599582076073 | Test L_gate: 0.026464007794857025
2020-10-31 21:59:34 Epoch 355 | Train L_gate: 0.030002597719430923 | Test L_gate: 0.026464005932211876
2020-10-31 21:59:40 Epoch 356 | Train L_gate: 0.030002593994140625 | Test L_gate: 0.026464004069566727
2020-10-31 21:59:45 Epoch 357 | Train L_gate: 0.030002592131495476 | Test L_gate: 0.026464000344276428
2020-10-31 22:00:01 Epoch 358 | Train L_gate: 0.030002590268850327 | Test L_gate: 0.02646399848163128
2020-10-31 22:00:08 Epoch 359 | Train L_gate: 0.030002588406205177 | Test L_gate: 0.02646399661898613
2020-10-31 22:00:13 Epoch 360 | Train L_gate: 0.030002586543560028 | Test L_gate: 0.02646399475634098
Saving weights to C:/tools/Drone_Racing_Files_v1/zz_model_outputs/bc_improve_on_cmvae_con_50k_mobileNet_dropout
2020-10-31 22:00:19 Epoch 361 | Train L_gate: 0.03000258281826973 | Test L_gate: 0.02646399289369583
2020-10-31 22:00:24 Epoch 362 | Train L_gate: 0.03000258095562458 | Test L_gate: 0.026463989168405533
2020-10-31 22:00:29 Epoch 363 | Train L_gate: 0.03000257909297943 | Test L_gate: 0.026463987305760384
2020-10-31 22:00:35 Epoch 364 | Train L_gate: 0.030002577230334282 | Test L_gate: 0.026463985443115234
2020-10-31 22:00:39 Epoch 365 | Train L_gate: 0.030002575367689133 | Test L_gate: 0.026463983580470085
2020-10-31 22:00:45 Epoch 366 | Train L_gate: 0.030002571642398834 | Test L_gate: 0.026463981717824936
2020-10-31 22:00:49 Epoch 367 | Train L_gate: 0.030002569779753685 | Test L_gate: 0.026463979855179787
2020-10-31 22:00:54 Epoch 368 | Train L_gate: 0.030002567917108536 | Test L_gate: 0.026463976129889488
2020-10-31 22:01:00 Epoch 369 | Train L_gate: 0.030002566054463387 | Test L_gate: 0.02646397426724434
2020-10-31 22:01:06 Epoch 370 | Train L_gate: 0.030002564191818237 | Test L_gate: 0.02646397240459919
Saving weights to C:/tools/Drone_Racing_Files_v1/zz_model_outputs/bc_improve_on_cmvae_con_50k_mobileNet_dropout
2020-10-31 22:01:11 Epoch 371 | Train L_gate: 0.030002562329173088 | Test L_gate: 0.02646397054195404
2020-10-31 22:01:16 Epoch 372 | Train L_gate: 0.03000255860388279 | Test L_gate: 0.02646396867930889
2020-10-31 22:01:21 Epoch 373 | Train L_gate: 0.03000255674123764 | Test L_gate: 0.026463966816663742
2020-10-31 22:01:28 Epoch 374 | Train L_gate: 0.03000255487859249 | Test L_gate: 0.026463964954018593
2020-10-31 22:01:35 Epoch 375 | Train L_gate: 0.030002553015947342 | Test L_gate: 0.026463961228728294
2020-10-31 22:01:40 Epoch 376 | Train L_gate: 0.030002551153302193 | Test L_gate: 0.026463959366083145
2020-10-31 22:01:46 Epoch 377 | Train L_gate: 0.030002549290657043 | Test L_gate: 0.026463957503437996
2020-10-31 22:01:52 Epoch 378 | Train L_gate: 0.030002547428011894 | Test L_gate: 0.026463955640792847
2020-10-31 22:01:57 Epoch 379 | Train L_gate: 0.030002545565366745 | Test L_gate: 0.026463953778147697
2020-10-31 22:02:02 Epoch 380 | Train L_gate: 0.030002543702721596 | Test L_gate: 0.026463951915502548
Saving weights to C:/tools/Drone_Racing_Files_v1/zz_model_outputs/bc_improve_on_cmvae_con_50k_mobileNet_dropout
2020-10-31 22:02:07 Epoch 381 | Train L_gate: 0.030002539977431297 | Test L_gate: 0.0264639500528574
2020-10-31 22:02:12 Epoch 382 | Train L_gate: 0.030002538114786148 | Test L_gate: 0.02646394819021225
2020-10-31 22:02:18 Epoch 383 | Train L_gate: 0.030002536252141 | Test L_gate: 0.0264639463275671
2020-10-31 22:02:24 Epoch 384 | Train L_gate: 0.03000253438949585 | Test L_gate: 0.02646394446492195
2020-10-31 22:02:29 Epoch 385 | Train L_gate: 0.0300025325268507 | Test L_gate: 0.026463942602276802
2020-10-31 22:02:34 Epoch 386 | Train L_gate: 0.03000253066420555 | Test L_gate: 0.026463940739631653
2020-10-31 22:02:39 Epoch 387 | Train L_gate: 0.030002528801560402 | Test L_gate: 0.026463938876986504
2020-10-31 22:02:46 Epoch 388 | Train L_gate: 0.030002526938915253 | Test L_gate: 0.026463937014341354
2020-10-31 22:02:51 Epoch 389 | Train L_gate: 0.030002525076270103 | Test L_gate: 0.026463935151696205
2020-10-31 22:02:57 Epoch 390 | Train L_gate: 0.030002523213624954 | Test L_gate: 0.026463933289051056
Saving weights to C:/tools/Drone_Racing_Files_v1/zz_model_outputs/bc_improve_on_cmvae_con_50k_mobileNet_dropout
2020-10-31 22:03:05 Epoch 391 | Train L_gate: 0.030002521350979805 | Test L_gate: 0.026463931426405907
2020-10-31 22:03:10 Epoch 392 | Train L_gate: 0.030002519488334656 | Test L_gate: 0.026463929563760757
2020-10-31 22:03:15 Epoch 393 | Train L_gate: 0.030002517625689507 | Test L_gate: 0.026463927701115608
2020-10-31 22:03:20 Epoch 394 | Train L_gate: 0.030002515763044357 | Test L_gate: 0.02646392583847046
2020-10-31 22:03:25 Epoch 395 | Train L_gate: 0.030002513900399208 | Test L_gate: 0.02646392397582531
2020-10-31 22:03:30 Epoch 396 | Train L_gate: 0.03000251203775406 | Test L_gate: 0.02646392211318016
2020-10-31 22:03:36 Epoch 397 | Train L_gate: 0.03000251017510891 | Test L_gate: 0.02646392025053501
2020-10-31 22:03:41 Epoch 398 | Train L_gate: 0.03000250831246376 | Test L_gate: 0.026463918387889862
2020-10-31 22:03:46 Epoch 399 | Train L_gate: 0.03000250644981861 | Test L_gate: 0.026463916525244713
2020-10-31 22:03:52 Epoch 400 | Train L_gate: 0.030002504587173462 | Test L_gate: 0.026463914662599564
Saving weights to C:/tools/Drone_Racing_Files_v1/zz_model_outputs/bc_improve_on_cmvae_con_50k_mobileNet_dropout
bla

Process finished with exit code 0
